[0.028s] Invoking command in '/home/abanoub/delivery_bot_ws/build/delivery_bot_slam': CMAKE_PREFIX_PATH=${CMAKE_PREFIX_PATH}:/home/abanoub/delivery_bot_ws/install/twist_to_stamped:/opt/ros/jazzy DEBUGINFOD_URLS=https://debuginfod.ubuntu.com /usr/bin/cmake --build /home/abanoub/delivery_bot_ws/build/delivery_bot_slam -- -j20 -l20
[0.084s] Invoked command in '/home/abanoub/delivery_bot_ws/build/delivery_bot_slam' returned '0': CMAKE_PREFIX_PATH=${CMAKE_PREFIX_PATH}:/home/abanoub/delivery_bot_ws/install/twist_to_stamped:/opt/ros/jazzy DEBUGINFOD_URLS=https://debuginfod.ubuntu.com /usr/bin/cmake --build /home/abanoub/delivery_bot_ws/build/delivery_bot_slam -- -j20 -l20
[0.085s] Invoking command in '/home/abanoub/delivery_bot_ws/build/delivery_bot_slam': CMAKE_PREFIX_PATH=${CMAKE_PREFIX_PATH}:/home/abanoub/delivery_bot_ws/install/twist_to_stamped:/opt/ros/jazzy DEBUGINFOD_URLS=https://debuginfod.ubuntu.com /usr/bin/cmake --install /home/abanoub/delivery_bot_ws/build/delivery_bot_slam
[0.105s] -- Install configuration: ""
[0.107s] -- Up-to-date: /home/abanoub/delivery_bot_ws/install/delivery_bot_slam/share/delivery_bot_slam/config
[0.107s] -- Up-to-date: /home/abanoub/delivery_bot_ws/install/delivery_bot_slam/share/delivery_bot_slam/config/slam_params.yaml
[0.108s] -- Up-to-date: /home/abanoub/delivery_bot_ws/install/delivery_bot_slam/share/delivery_bot_slam/launch
[0.108s] -- Up-to-date: /home/abanoub/delivery_bot_ws/install/delivery_bot_slam/share/delivery_bot_slam/launch/slam.launch.py
[0.108s] -- Up-to-date: /home/abanoub/delivery_bot_ws/install/delivery_bot_slam/share/ament_index/resource_index/package_run_dependencies/delivery_bot_slam
[0.109s] -- Up-to-date: /home/abanoub/delivery_bot_ws/install/delivery_bot_slam/share/ament_index/resource_index/parent_prefix_path/delivery_bot_slam
[0.109s] -- Up-to-date: /home/abanoub/delivery_bot_ws/install/delivery_bot_slam/share/delivery_bot_slam/environment/ament_prefix_path.sh
[0.109s] -- Up-to-date: /home/abanoub/delivery_bot_ws/install/delivery_bot_slam/share/delivery_bot_slam/environment/ament_prefix_path.dsv
[0.109s] -- Up-to-date: /home/abanoub/delivery_bot_ws/install/delivery_bot_slam/share/delivery_bot_slam/environment/path.sh
[0.109s] -- Up-to-date: /home/abanoub/delivery_bot_ws/install/delivery_bot_slam/share/delivery_bot_slam/environment/path.dsv
[0.109s] -- Up-to-date: /home/abanoub/delivery_bot_ws/install/delivery_bot_slam/share/delivery_bot_slam/local_setup.bash
[0.109s] -- Up-to-date: /home/abanoub/delivery_bot_ws/install/delivery_bot_slam/share/delivery_bot_slam/local_setup.sh
[0.110s] -- Up-to-date: /home/abanoub/delivery_bot_ws/install/delivery_bot_slam/share/delivery_bot_slam/local_setup.zsh
[0.110s] -- Up-to-date: /home/abanoub/delivery_bot_ws/install/delivery_bot_slam/share/delivery_bot_slam/local_setup.dsv
[0.110s] -- Installing: /home/abanoub/delivery_bot_ws/install/delivery_bot_slam/share/delivery_bot_slam/package.dsv
[0.110s] -- Up-to-date: /home/abanoub/delivery_bot_ws/install/delivery_bot_slam/share/ament_index/resource_index/packages/delivery_bot_slam
[0.111s] -- Up-to-date: /home/abanoub/delivery_bot_ws/install/delivery_bot_slam/share/delivery_bot_slam/cmake/delivery_bot_slamConfig.cmake
[0.111s] -- Up-to-date: /home/abanoub/delivery_bot_ws/install/delivery_bot_slam/share/delivery_bot_slam/cmake/delivery_bot_slamConfig-version.cmake
[0.111s] -- Up-to-date: /home/abanoub/delivery_bot_ws/install/delivery_bot_slam/share/delivery_bot_slam/package.xml
[0.112s] Invoked command in '/home/abanoub/delivery_bot_ws/build/delivery_bot_slam' returned '0': CMAKE_PREFIX_PATH=${CMAKE_PREFIX_PATH}:/home/abanoub/delivery_bot_ws/install/twist_to_stamped:/opt/ros/jazzy DEBUGINFOD_URLS=https://debuginfod.ubuntu.com /usr/bin/cmake --install /home/abanoub/delivery_bot_ws/build/delivery_bot_slam
