[0.012s] Invoking command in '/home/abanoub/delivery_bot_ws/build/my_robot_description': CMAKE_PREFIX_PATH=${CMAKE_PREFIX_PATH}:/opt/ros/humble /usr/bin/cmake --build /home/abanoub/delivery_bot_ws/build/my_robot_description -- -j20 -l20
[0.111s] -- Found robot_localization: 3.5.3 (/opt/ros/humble/share/robot_localization/cmake)
[0.213s] -- Override CMake install command with custom implementation using symlinks instead of copying resources
[0.385s] -- Found rosidl_generator_c: 3.1.7 (/opt/ros/humble/share/rosidl_generator_c/cmake)
[0.403s] -- Found rosidl_adapter: 3.1.7 (/opt/ros/humble/share/rosidl_adapter/cmake)
[0.412s] -- Found rosidl_generator_cpp: 3.1.7 (/opt/ros/humble/share/rosidl_generator_cpp/cmake)
[0.435s] -- Using all available rosidl_typesupport_c: rosidl_typesupport_fastrtps_c;rosidl_typesupport_introspection_c
[0.464s] -- Using all available rosidl_typesupport_cpp: rosidl_typesupport_fastrtps_cpp;rosidl_typesupport_introspection_cpp
[0.736s] -- Configuring done
[0.768s] -- Generating done
[0.771s] -- Build files have been written to: /home/abanoub/delivery_bot_ws/build/my_robot_description
[0.807s] Invoked command in '/home/abanoub/delivery_bot_ws/build/my_robot_description' returned '0': CMAKE_PREFIX_PATH=${CMAKE_PREFIX_PATH}:/opt/ros/humble /usr/bin/cmake --build /home/abanoub/delivery_bot_ws/build/my_robot_description -- -j20 -l20
[0.809s] Invoking command in '/home/abanoub/delivery_bot_ws/build/my_robot_description': CMAKE_PREFIX_PATH=${CMAKE_PREFIX_PATH}:/opt/ros/humble /usr/bin/cmake --install /home/abanoub/delivery_bot_ws/build/my_robot_description
[0.816s] -- Install configuration: ""
[0.816s] -- Execute custom install script
[0.817s] -- Up-to-date symlink: /home/abanoub/delivery_bot_ws/install/my_robot_description/share/my_robot_description/models/delivery_bot/meshes/base_link.part
[0.817s] -- Up-to-date symlink: /home/abanoub/delivery_bot_ws/install/my_robot_description/share/my_robot_description/models/delivery_bot/meshes/base_link.stl
[0.817s] -- Up-to-date symlink: /home/abanoub/delivery_bot_ws/install/my_robot_description/share/my_robot_description/models/delivery_bot/meshes/column_support.part
[0.817s] -- Up-to-date symlink: /home/abanoub/delivery_bot_ws/install/my_robot_description/share/my_robot_description/models/delivery_bot/meshes/column_support.stl
[0.817s] -- Up-to-date symlink: /home/abanoub/delivery_bot_ws/install/my_robot_description/share/my_robot_description/models/delivery_bot/meshes/geared_dc_motor_with_encoder___ts_25ga370h.part
[0.817s] -- Up-to-date symlink: /home/abanoub/delivery_bot_ws/install/my_robot_description/share/my_robot_description/models/delivery_bot/meshes/geared_dc_motor_with_encoder___ts_25ga370h.stl
[0.817s] -- Up-to-date symlink: /home/abanoub/delivery_bot_ws/install/my_robot_description/share/my_robot_description/models/delivery_bot/meshes/motor_mount.part
[0.818s] -- Up-to-date symlink: /home/abanoub/delivery_bot_ws/install/my_robot_description/share/my_robot_description/models/delivery_bot/meshes/motor_mount.stl
[0.818s] -- Up-to-date symlink: /home/abanoub/delivery_bot_ws/install/my_robot_description/share/my_robot_description/models/delivery_bot/meshes/part_1.part
[0.818s] -- Up-to-date symlink: /home/abanoub/delivery_bot_ws/install/my_robot_description/share/my_robot_description/models/delivery_bot/meshes/part_1.stl
[0.818s] -- Up-to-date symlink: /home/abanoub/delivery_bot_ws/install/my_robot_description/share/my_robot_description/models/delivery_bot/meshes/part_10.part
[0.818s] -- Up-to-date symlink: /home/abanoub/delivery_bot_ws/install/my_robot_description/share/my_robot_description/models/delivery_bot/meshes/part_10.stl
[0.818s] -- Up-to-date symlink: /home/abanoub/delivery_bot_ws/install/my_robot_description/share/my_robot_description/models/delivery_bot/meshes/part_11.part
[0.818s] -- Up-to-date symlink: /home/abanoub/delivery_bot_ws/install/my_robot_description/share/my_robot_description/models/delivery_bot/meshes/part_11.stl
[0.818s] -- Up-to-date symlink: /home/abanoub/delivery_bot_ws/install/my_robot_description/share/my_robot_description/models/delivery_bot/meshes/part_12.part
[0.818s] -- Up-to-date symlink: /home/abanoub/delivery_bot_ws/install/my_robot_description/share/my_robot_description/models/delivery_bot/meshes/part_12.stl
[0.818s] -- Up-to-date symlink: /home/abanoub/delivery_bot_ws/install/my_robot_description/share/my_robot_description/models/delivery_bot/meshes/part_13.part
[0.818s] -- Up-to-date symlink: /home/abanoub/delivery_bot_ws/install/my_robot_description/share/my_robot_description/models/delivery_bot/meshes/part_13.stl
[0.818s] -- Up-to-date symlink: /home/abanoub/delivery_bot_ws/install/my_robot_description/share/my_robot_description/models/delivery_bot/meshes/part_14.part
[0.818s] -- Up-to-date symlink: /home/abanoub/delivery_bot_ws/install/my_robot_description/share/my_robot_description/models/delivery_bot/meshes/part_14.stl
[0.818s] -- Up-to-date symlink: /home/abanoub/delivery_bot_ws/install/my_robot_description/share/my_robot_description/models/delivery_bot/meshes/part_15.part
[0.818s] -- Up-to-date symlink: /home/abanoub/delivery_bot_ws/install/my_robot_description/share/my_robot_description/models/delivery_bot/meshes/part_15.stl
[0.818s] -- Up-to-date symlink: /home/abanoub/delivery_bot_ws/install/my_robot_description/share/my_robot_description/models/delivery_bot/meshes/part_16.part
[0.818s] -- Up-to-date symlink: /home/abanoub/delivery_bot_ws/install/my_robot_description/share/my_robot_description/models/delivery_bot/meshes/part_16.stl
[0.818s] -- Up-to-date symlink: /home/abanoub/delivery_bot_ws/install/my_robot_description/share/my_robot_description/models/delivery_bot/meshes/part_17.part
[0.818s] -- Up-to-date symlink: /home/abanoub/delivery_bot_ws/install/my_robot_description/share/my_robot_description/models/delivery_bot/meshes/part_17.stl
[0.818s] -- Up-to-date symlink: /home/abanoub/delivery_bot_ws/install/my_robot_description/share/my_robot_description/models/delivery_bot/meshes/part_18.part
[0.818s] -- Up-to-date symlink: /home/abanoub/delivery_bot_ws/install/my_robot_description/share/my_robot_description/models/delivery_bot/meshes/part_18.stl
[0.819s] -- Up-to-date symlink: /home/abanoub/delivery_bot_ws/install/my_robot_description/share/my_robot_description/models/delivery_bot/meshes/part_19.part
[0.819s] -- Up-to-date symlink: /home/abanoub/delivery_bot_ws/install/my_robot_description/share/my_robot_description/models/delivery_bot/meshes/part_19.stl
[0.819s] -- Up-to-date symlink: /home/abanoub/delivery_bot_ws/install/my_robot_description/share/my_robot_description/models/delivery_bot/meshes/part_1__2.part
[0.819s] -- Up-to-date symlink: /home/abanoub/delivery_bot_ws/install/my_robot_description/share/my_robot_description/models/delivery_bot/meshes/part_1__2.stl
[0.819s] -- Up-to-date symlink: /home/abanoub/delivery_bot_ws/install/my_robot_description/share/my_robot_description/models/delivery_bot/meshes/part_2.part
[0.819s] -- Up-to-date symlink: /home/abanoub/delivery_bot_ws/install/my_robot_description/share/my_robot_description/models/delivery_bot/meshes/part_2.stl
[0.819s] -- Up-to-date symlink: /home/abanoub/delivery_bot_ws/install/my_robot_description/share/my_robot_description/models/delivery_bot/meshes/part_20.part
[0.819s] -- Up-to-date symlink: /home/abanoub/delivery_bot_ws/install/my_robot_description/share/my_robot_description/models/delivery_bot/meshes/part_20.stl
[0.819s] -- Up-to-date symlink: /home/abanoub/delivery_bot_ws/install/my_robot_description/share/my_robot_description/models/delivery_bot/meshes/part_3.part
[0.819s] -- Up-to-date symlink: /home/abanoub/delivery_bot_ws/install/my_robot_description/share/my_robot_description/models/delivery_bot/meshes/part_3.stl
[0.819s] -- Up-to-date symlink: /home/abanoub/delivery_bot_ws/install/my_robot_description/share/my_robot_description/models/delivery_bot/meshes/part_4.part
[0.819s] -- Up-to-date symlink: /home/abanoub/delivery_bot_ws/install/my_robot_description/share/my_robot_description/models/delivery_bot/meshes/part_4.stl
[0.819s] -- Up-to-date symlink: /home/abanoub/delivery_bot_ws/install/my_robot_description/share/my_robot_description/models/delivery_bot/meshes/part_5.part
[0.819s] -- Up-to-date symlink: /home/abanoub/delivery_bot_ws/install/my_robot_description/share/my_robot_description/models/delivery_bot/meshes/part_5.stl
[0.819s] -- Up-to-date symlink: /home/abanoub/delivery_bot_ws/install/my_robot_description/share/my_robot_description/models/delivery_bot/meshes/part_6.part
[0.819s] -- Up-to-date symlink: /home/abanoub/delivery_bot_ws/install/my_robot_description/share/my_robot_description/models/delivery_bot/meshes/part_6.stl
[0.819s] -- Up-to-date symlink: /home/abanoub/delivery_bot_ws/install/my_robot_description/share/my_robot_description/models/delivery_bot/meshes/part_7.part
[0.819s] -- Up-to-date symlink: /home/abanoub/delivery_bot_ws/install/my_robot_description/share/my_robot_description/models/delivery_bot/meshes/part_7.stl
[0.819s] -- Up-to-date symlink: /home/abanoub/delivery_bot_ws/install/my_robot_description/share/my_robot_description/models/delivery_bot/meshes/part_8.part
[0.819s] -- Up-to-date symlink: /home/abanoub/delivery_bot_ws/install/my_robot_description/share/my_robot_description/models/delivery_bot/meshes/part_8.stl
[0.820s] -- Up-to-date symlink: /home/abanoub/delivery_bot_ws/install/my_robot_description/share/my_robot_description/models/delivery_bot/meshes/part_9.part
[0.820s] -- Up-to-date symlink: /home/abanoub/delivery_bot_ws/install/my_robot_description/share/my_robot_description/models/delivery_bot/meshes/part_9.stl
[0.820s] -- Up-to-date symlink: /home/abanoub/delivery_bot_ws/install/my_robot_description/share/my_robot_description/models/delivery_bot/meshes/top_plate.part
[0.820s] -- Up-to-date symlink: /home/abanoub/delivery_bot_ws/install/my_robot_description/share/my_robot_description/models/delivery_bot/meshes/top_plate.stl
[0.820s] -- Up-to-date symlink: /home/abanoub/delivery_bot_ws/install/my_robot_description/share/my_robot_description/models/delivery_bot/meshes/wheel.part
[0.820s] -- Up-to-date symlink: /home/abanoub/delivery_bot_ws/install/my_robot_description/share/my_robot_description/models/delivery_bot/meshes/wheel.stl
[0.820s] -- Up-to-date symlink: /home/abanoub/delivery_bot_ws/install/my_robot_description/share/my_robot_description/models/delivery_bot/model.config
[0.820s] -- Up-to-date symlink: /home/abanoub/delivery_bot_ws/install/my_robot_description/share/my_robot_description/urdf/config.json
[0.820s] -- Up-to-date symlink: /home/abanoub/delivery_bot_ws/install/my_robot_description/share/my_robot_description/urdf/robot_v2.xacro
[0.820s] -- Up-to-date symlink: /home/abanoub/delivery_bot_ws/install/my_robot_description/share/my_robot_description/urdf/robot_v3.xacro
[0.820s] -- Up-to-date symlink: /home/abanoub/delivery_bot_ws/install/my_robot_description/share/my_robot_description/launch/gazebo.launch.py
[0.820s] -- Up-to-date symlink: /home/abanoub/delivery_bot_ws/install/my_robot_description/share/my_robot_description/launch/gazebo_v2.launch.py
[0.820s] -- Up-to-date symlink: /home/abanoub/delivery_bot_ws/install/my_robot_description/share/ament_index/resource_index/package_run_dependencies/my_robot_description
[0.820s] -- Up-to-date symlink: /home/abanoub/delivery_bot_ws/install/my_robot_description/share/ament_index/resource_index/parent_prefix_path/my_robot_description
[0.820s] -- Up-to-date symlink: /home/abanoub/delivery_bot_ws/install/my_robot_description/share/my_robot_description/environment/ament_prefix_path.sh
[0.820s] -- Up-to-date symlink: /home/abanoub/delivery_bot_ws/install/my_robot_description/share/my_robot_description/environment/ament_prefix_path.dsv
[0.820s] -- Up-to-date symlink: /home/abanoub/delivery_bot_ws/install/my_robot_description/share/my_robot_description/environment/path.sh
[0.821s] -- Up-to-date symlink: /home/abanoub/delivery_bot_ws/install/my_robot_description/share/my_robot_description/environment/path.dsv
[0.821s] -- Up-to-date symlink: /home/abanoub/delivery_bot_ws/install/my_robot_description/share/my_robot_description/local_setup.bash
[0.821s] -- Up-to-date symlink: /home/abanoub/delivery_bot_ws/install/my_robot_description/share/my_robot_description/local_setup.sh
[0.821s] -- Up-to-date symlink: /home/abanoub/delivery_bot_ws/install/my_robot_description/share/my_robot_description/local_setup.zsh
[0.821s] -- Up-to-date symlink: /home/abanoub/delivery_bot_ws/install/my_robot_description/share/my_robot_description/local_setup.dsv
[0.821s] -- Symlinking: /home/abanoub/delivery_bot_ws/install/my_robot_description/share/my_robot_description/package.dsv
[0.827s] -- Up-to-date symlink: /home/abanoub/delivery_bot_ws/install/my_robot_description/share/ament_index/resource_index/packages/my_robot_description
[0.827s] -- Up-to-date symlink: /home/abanoub/delivery_bot_ws/install/my_robot_description/share/my_robot_description/cmake/my_robot_descriptionConfig.cmake
[0.827s] -- Up-to-date symlink: /home/abanoub/delivery_bot_ws/install/my_robot_description/share/my_robot_description/cmake/my_robot_descriptionConfig-version.cmake
[0.827s] -- Up-to-date symlink: /home/abanoub/delivery_bot_ws/install/my_robot_description/share/my_robot_description/package.xml
[0.829s] Invoked command in '/home/abanoub/delivery_bot_ws/build/my_robot_description' returned '0': CMAKE_PREFIX_PATH=${CMAKE_PREFIX_PATH}:/opt/ros/humble /usr/bin/cmake --install /home/abanoub/delivery_bot_ws/build/my_robot_description
