[0.472s] DEBUG:colcon:Command line arguments: ['/usr/bin/colcon', 'build']
[0.472s] DEBUG:colcon:Parsed command line arguments: Namespace(log_base=None, log_level=None, verb_name='build', build_base='build', install_base='install', merge_install=False, symlink_install=False, test_result_base=None, continue_on_error=False, executor='parallel', parallel_workers=20, event_handlers=None, ignore_user_meta=False, metas=['./colcon.meta'], base_paths=['.'], packages_ignore=None, packages_ignore_regex=None, paths=None, packages_up_to=None, packages_up_to_regex=None, packages_above=None, packages_above_and_dependencies=None, packages_above_depth=None, packages_select_by_dep=None, packages_skip_by_dep=None, packages_skip_up_to=None, packages_select_build_failed=False, packages_skip_build_finished=False, packages_select_test_failures=False, packages_skip_test_passed=False, packages_select=None, packages_skip=None, packages_select_regex=None, packages_skip_regex=None, packages_start=None, packages_end=None, allow_overriding=[], cmake_args=None, cmake_target=None, cmake_target_skip_unavailable=False, cmake_clean_cache=False, cmake_clean_first=False, cmake_force_configure=False, ament_cmake_args=None, catkin_cmake_args=None, catkin_skip_building_tests=False, mixin_files=None, mixin=None, verb_parser=<colcon_mixin.mixin.mixin_argument.MixinArgumentDecorator object at 0x712a815947a0>, verb_extension=<colcon_core.verb.build.BuildVerb object at 0x712a81573e90>, main=<bound method BuildVerb.main of <colcon_core.verb.build.BuildVerb object at 0x712a81573e90>>, mixin_verb=('build',))
[0.566s] Level 1:colcon.colcon_core.package_discovery:discover_packages(colcon_meta) check parameters
[0.566s] Level 1:colcon.colcon_core.package_discovery:discover_packages(recursive) check parameters
[0.566s] Level 1:colcon.colcon_core.package_discovery:discover_packages(ignore) check parameters
[0.566s] Level 1:colcon.colcon_core.package_discovery:discover_packages(path) check parameters
[0.566s] Level 1:colcon.colcon_core.package_discovery:discover_packages(colcon_meta) discover
[0.566s] Level 1:colcon.colcon_core.package_discovery:discover_packages(recursive) discover
[0.567s] INFO:colcon.colcon_core.package_discovery:Crawling recursively for packages in '/home/abanoub/delivery_bot_ws'
[0.567s] Level 1:colcon.colcon_core.package_identification:_identify(.) by extensions ['ignore', 'ignore_ament_install']
[0.567s] Level 1:colcon.colcon_core.package_identification:_identify(.) by extension 'ignore'
[0.567s] Level 1:colcon.colcon_core.package_identification:_identify(.) by extension 'ignore_ament_install'
[0.568s] Level 1:colcon.colcon_core.package_identification:_identify(.) by extensions ['colcon_pkg']
[0.568s] Level 1:colcon.colcon_core.package_identification:_identify(.) by extension 'colcon_pkg'
[0.568s] Level 1:colcon.colcon_core.package_identification:_identify(.) by extensions ['colcon_meta']
[0.568s] Level 1:colcon.colcon_core.package_identification:_identify(.) by extension 'colcon_meta'
[0.568s] Level 1:colcon.colcon_core.package_identification:_identify(.) by extensions ['ros']
[0.568s] Level 1:colcon.colcon_core.package_identification:_identify(.) by extension 'ros'
[0.607s] Level 1:colcon.colcon_core.package_identification:_identify(.) by extensions ['cmake', 'python']
[0.607s] Level 1:colcon.colcon_core.package_identification:_identify(.) by extension 'cmake'
[0.608s] Level 1:colcon.colcon_core.package_identification:_identify(.) by extension 'python'
[0.608s] Level 1:colcon.colcon_core.package_identification:_identify(.) by extensions ['python_setup_py']
[0.608s] Level 1:colcon.colcon_core.package_identification:_identify(.) by extension 'python_setup_py'
[0.608s] Level 1:colcon.colcon_core.package_identification:_identify(build) by extensions ['ignore', 'ignore_ament_install']
[0.608s] Level 1:colcon.colcon_core.package_identification:_identify(build) by extension 'ignore'
[0.608s] Level 1:colcon.colcon_core.package_identification:_identify(build) ignored
[0.609s] Level 1:colcon.colcon_core.package_identification:_identify(install) by extensions ['ignore', 'ignore_ament_install']
[0.609s] Level 1:colcon.colcon_core.package_identification:_identify(install) by extension 'ignore'
[0.609s] Level 1:colcon.colcon_core.package_identification:_identify(install) ignored
[0.610s] Level 1:colcon.colcon_core.package_identification:_identify(log) by extensions ['ignore', 'ignore_ament_install']
[0.611s] Level 1:colcon.colcon_core.package_identification:_identify(log) by extension 'ignore'
[0.611s] Level 1:colcon.colcon_core.package_identification:_identify(log) ignored
[0.612s] Level 1:colcon.colcon_core.package_identification:_identify(src) by extensions ['ignore', 'ignore_ament_install']
[0.612s] Level 1:colcon.colcon_core.package_identification:_identify(src) by extension 'ignore'
[0.612s] Level 1:colcon.colcon_core.package_identification:_identify(src) by extension 'ignore_ament_install'
[0.613s] Level 1:colcon.colcon_core.package_identification:_identify(src) by extensions ['colcon_pkg']
[0.613s] Level 1:colcon.colcon_core.package_identification:_identify(src) by extension 'colcon_pkg'
[0.613s] Level 1:colcon.colcon_core.package_identification:_identify(src) by extensions ['colcon_meta']
[0.613s] Level 1:colcon.colcon_core.package_identification:_identify(src) by extension 'colcon_meta'
[0.613s] Level 1:colcon.colcon_core.package_identification:_identify(src) by extensions ['ros']
[0.613s] Level 1:colcon.colcon_core.package_identification:_identify(src) by extension 'ros'
[0.613s] Level 1:colcon.colcon_core.package_identification:_identify(src) by extensions ['cmake', 'python']
[0.614s] Level 1:colcon.colcon_core.package_identification:_identify(src) by extension 'cmake'
[0.614s] Level 1:colcon.colcon_core.package_identification:_identify(src) by extension 'python'
[0.614s] Level 1:colcon.colcon_core.package_identification:_identify(src) by extensions ['python_setup_py']
[0.614s] Level 1:colcon.colcon_core.package_identification:_identify(src) by extension 'python_setup_py'
[0.614s] Level 1:colcon.colcon_core.package_identification:_identify(src/delivery_bot_control) by extensions ['ignore', 'ignore_ament_install']
[0.614s] Level 1:colcon.colcon_core.package_identification:_identify(src/delivery_bot_control) by extension 'ignore'
[0.615s] Level 1:colcon.colcon_core.package_identification:_identify(src/delivery_bot_control) by extension 'ignore_ament_install'
[0.615s] Level 1:colcon.colcon_core.package_identification:_identify(src/delivery_bot_control) by extensions ['colcon_pkg']
[0.615s] Level 1:colcon.colcon_core.package_identification:_identify(src/delivery_bot_control) by extension 'colcon_pkg'
[0.615s] Level 1:colcon.colcon_core.package_identification:_identify(src/delivery_bot_control) by extensions ['colcon_meta']
[0.615s] Level 1:colcon.colcon_core.package_identification:_identify(src/delivery_bot_control) by extension 'colcon_meta'
[0.615s] Level 1:colcon.colcon_core.package_identification:_identify(src/delivery_bot_control) by extensions ['ros']
[0.615s] Level 1:colcon.colcon_core.package_identification:_identify(src/delivery_bot_control) by extension 'ros'
[0.624s] DEBUG:colcon.colcon_core.package_identification:Package 'src/delivery_bot_control' with type 'ros.ament_cmake' and name 'delivery_bot_control'
[0.625s] Level 1:colcon.colcon_core.package_identification:_identify(src/delivery_bot_description) by extensions ['ignore', 'ignore_ament_install']
[0.625s] Level 1:colcon.colcon_core.package_identification:_identify(src/delivery_bot_description) by extension 'ignore'
[0.625s] Level 1:colcon.colcon_core.package_identification:_identify(src/delivery_bot_description) by extension 'ignore_ament_install'
[0.625s] Level 1:colcon.colcon_core.package_identification:_identify(src/delivery_bot_description) by extensions ['colcon_pkg']
[0.625s] Level 1:colcon.colcon_core.package_identification:_identify(src/delivery_bot_description) by extension 'colcon_pkg'
[0.625s] Level 1:colcon.colcon_core.package_identification:_identify(src/delivery_bot_description) by extensions ['colcon_meta']
[0.625s] Level 1:colcon.colcon_core.package_identification:_identify(src/delivery_bot_description) by extension 'colcon_meta'
[0.625s] Level 1:colcon.colcon_core.package_identification:_identify(src/delivery_bot_description) by extensions ['ros']
[0.625s] Level 1:colcon.colcon_core.package_identification:_identify(src/delivery_bot_description) by extension 'ros'
[0.626s] DEBUG:colcon.colcon_core.package_identification:Package 'src/delivery_bot_description' with type 'ros.ament_cmake' and name 'delivery_bot_description'
[0.626s] Level 1:colcon.colcon_core.package_identification:_identify(src/delivery_bot_nav) by extensions ['ignore', 'ignore_ament_install']
[0.626s] Level 1:colcon.colcon_core.package_identification:_identify(src/delivery_bot_nav) by extension 'ignore'
[0.627s] Level 1:colcon.colcon_core.package_identification:_identify(src/delivery_bot_nav) by extension 'ignore_ament_install'
[0.627s] Level 1:colcon.colcon_core.package_identification:_identify(src/delivery_bot_nav) by extensions ['colcon_pkg']
[0.627s] Level 1:colcon.colcon_core.package_identification:_identify(src/delivery_bot_nav) by extension 'colcon_pkg'
[0.627s] Level 1:colcon.colcon_core.package_identification:_identify(src/delivery_bot_nav) by extensions ['colcon_meta']
[0.627s] Level 1:colcon.colcon_core.package_identification:_identify(src/delivery_bot_nav) by extension 'colcon_meta'
[0.627s] Level 1:colcon.colcon_core.package_identification:_identify(src/delivery_bot_nav) by extensions ['ros']
[0.627s] Level 1:colcon.colcon_core.package_identification:_identify(src/delivery_bot_nav) by extension 'ros'
[0.629s] DEBUG:colcon.colcon_core.package_identification:Package 'src/delivery_bot_nav' with type 'ros.ament_cmake' and name 'delivery_bot_nav'
[0.629s] Level 1:colcon.colcon_core.package_identification:_identify(src/delivery_bot_slam) by extensions ['ignore', 'ignore_ament_install']
[0.630s] Level 1:colcon.colcon_core.package_identification:_identify(src/delivery_bot_slam) by extension 'ignore'
[0.630s] Level 1:colcon.colcon_core.package_identification:_identify(src/delivery_bot_slam) by extension 'ignore_ament_install'
[0.630s] Level 1:colcon.colcon_core.package_identification:_identify(src/delivery_bot_slam) by extensions ['colcon_pkg']
[0.630s] Level 1:colcon.colcon_core.package_identification:_identify(src/delivery_bot_slam) by extension 'colcon_pkg'
[0.630s] Level 1:colcon.colcon_core.package_identification:_identify(src/delivery_bot_slam) by extensions ['colcon_meta']
[0.630s] Level 1:colcon.colcon_core.package_identification:_identify(src/delivery_bot_slam) by extension 'colcon_meta'
[0.630s] Level 1:colcon.colcon_core.package_identification:_identify(src/delivery_bot_slam) by extensions ['ros']
[0.630s] Level 1:colcon.colcon_core.package_identification:_identify(src/delivery_bot_slam) by extension 'ros'
[0.632s] DEBUG:colcon.colcon_core.package_identification:Package 'src/delivery_bot_slam' with type 'ros.ament_cmake' and name 'delivery_bot_slam'
[0.633s] Level 1:colcon.colcon_core.package_identification:_identify(src/my_worlds) by extensions ['ignore', 'ignore_ament_install']
[0.633s] Level 1:colcon.colcon_core.package_identification:_identify(src/my_worlds) by extension 'ignore'
[0.633s] Level 1:colcon.colcon_core.package_identification:_identify(src/my_worlds) by extension 'ignore_ament_install'
[0.634s] Level 1:colcon.colcon_core.package_identification:_identify(src/my_worlds) by extensions ['colcon_pkg']
[0.634s] Level 1:colcon.colcon_core.package_identification:_identify(src/my_worlds) by extension 'colcon_pkg'
[0.634s] Level 1:colcon.colcon_core.package_identification:_identify(src/my_worlds) by extensions ['colcon_meta']
[0.634s] Level 1:colcon.colcon_core.package_identification:_identify(src/my_worlds) by extension 'colcon_meta'
[0.634s] Level 1:colcon.colcon_core.package_identification:_identify(src/my_worlds) by extensions ['ros']
[0.634s] Level 1:colcon.colcon_core.package_identification:_identify(src/my_worlds) by extension 'ros'
[0.634s] Level 1:colcon.colcon_core.package_identification:_identify(src/my_worlds) by extensions ['cmake', 'python']
[0.634s] Level 1:colcon.colcon_core.package_identification:_identify(src/my_worlds) by extension 'cmake'
[0.634s] Level 1:colcon.colcon_core.package_identification:_identify(src/my_worlds) by extension 'python'
[0.635s] Level 1:colcon.colcon_core.package_identification:_identify(src/my_worlds) by extensions ['python_setup_py']
[0.635s] Level 1:colcon.colcon_core.package_identification:_identify(src/my_worlds) by extension 'python_setup_py'
[0.635s] Level 1:colcon.colcon_core.package_identification:_identify(src/my_worlds/worlds) by extensions ['ignore', 'ignore_ament_install']
[0.635s] Level 1:colcon.colcon_core.package_identification:_identify(src/my_worlds/worlds) by extension 'ignore'
[0.635s] Level 1:colcon.colcon_core.package_identification:_identify(src/my_worlds/worlds) by extension 'ignore_ament_install'
[0.635s] Level 1:colcon.colcon_core.package_identification:_identify(src/my_worlds/worlds) by extensions ['colcon_pkg']
[0.636s] Level 1:colcon.colcon_core.package_identification:_identify(src/my_worlds/worlds) by extension 'colcon_pkg'
[0.636s] Level 1:colcon.colcon_core.package_identification:_identify(src/my_worlds/worlds) by extensions ['colcon_meta']
[0.636s] Level 1:colcon.colcon_core.package_identification:_identify(src/my_worlds/worlds) by extension 'colcon_meta'
[0.636s] Level 1:colcon.colcon_core.package_identification:_identify(src/my_worlds/worlds) by extensions ['ros']
[0.636s] Level 1:colcon.colcon_core.package_identification:_identify(src/my_worlds/worlds) by extension 'ros'
[0.636s] Level 1:colcon.colcon_core.package_identification:_identify(src/my_worlds/worlds) by extensions ['cmake', 'python']
[0.636s] Level 1:colcon.colcon_core.package_identification:_identify(src/my_worlds/worlds) by extension 'cmake'
[0.636s] Level 1:colcon.colcon_core.package_identification:_identify(src/my_worlds/worlds) by extension 'python'
[0.636s] Level 1:colcon.colcon_core.package_identification:_identify(src/my_worlds/worlds) by extensions ['python_setup_py']
[0.636s] Level 1:colcon.colcon_core.package_identification:_identify(src/my_worlds/worlds) by extension 'python_setup_py'
[0.636s] Level 1:colcon.colcon_core.package_discovery:discover_packages(recursive) using defaults
[0.637s] Level 1:colcon.colcon_core.package_discovery:discover_packages(ignore) discover
[0.637s] Level 1:colcon.colcon_core.package_discovery:discover_packages(ignore) using defaults
[0.637s] Level 1:colcon.colcon_core.package_discovery:discover_packages(path) discover
[0.637s] Level 1:colcon.colcon_core.package_discovery:discover_packages(path) using defaults
[0.706s] Level 1:colcon.colcon_core.package_discovery:discover_packages(prefix_path) check parameters
[0.707s] Level 1:colcon.colcon_core.package_discovery:discover_packages(prefix_path) discover
[0.711s] DEBUG:colcon.colcon_installed_package_information.package_discovery:Found 6 installed packages in /home/abanoub/delivery_bot_ws/install
[0.718s] DEBUG:colcon.colcon_installed_package_information.package_discovery:Found 422 installed packages in /opt/ros/jazzy
[0.724s] Level 1:colcon.colcon_core.package_discovery:discover_packages(prefix_path) using defaults
[0.851s] Level 5:colcon.colcon_core.verb:set package 'delivery_bot_control' build argument 'cmake_args' from command line to 'None'
[0.851s] Level 5:colcon.colcon_core.verb:set package 'delivery_bot_control' build argument 'cmake_target' from command line to 'None'
[0.851s] Level 5:colcon.colcon_core.verb:set package 'delivery_bot_control' build argument 'cmake_target_skip_unavailable' from command line to 'False'
[0.851s] Level 5:colcon.colcon_core.verb:set package 'delivery_bot_control' build argument 'cmake_clean_cache' from command line to 'False'
[0.851s] Level 5:colcon.colcon_core.verb:set package 'delivery_bot_control' build argument 'cmake_clean_first' from command line to 'False'
[0.851s] Level 5:colcon.colcon_core.verb:set package 'delivery_bot_control' build argument 'cmake_force_configure' from command line to 'False'
[0.851s] Level 5:colcon.colcon_core.verb:set package 'delivery_bot_control' build argument 'ament_cmake_args' from command line to 'None'
[0.851s] Level 5:colcon.colcon_core.verb:set package 'delivery_bot_control' build argument 'catkin_cmake_args' from command line to 'None'
[0.851s] Level 5:colcon.colcon_core.verb:set package 'delivery_bot_control' build argument 'catkin_skip_building_tests' from command line to 'False'
[0.851s] DEBUG:colcon.colcon_core.verb:Building package 'delivery_bot_control' with the following arguments: {'ament_cmake_args': None, 'build_base': '/home/abanoub/delivery_bot_ws/build/delivery_bot_control', 'catkin_cmake_args': None, 'catkin_skip_building_tests': False, 'cmake_args': None, 'cmake_clean_cache': False, 'cmake_clean_first': False, 'cmake_force_configure': False, 'cmake_target': None, 'cmake_target_skip_unavailable': False, 'install_base': '/home/abanoub/delivery_bot_ws/install/delivery_bot_control', 'merge_install': False, 'path': '/home/abanoub/delivery_bot_ws/src/delivery_bot_control', 'symlink_install': False, 'test_result_base': None}
[0.852s] Level 5:colcon.colcon_core.verb:set package 'delivery_bot_description' build argument 'cmake_args' from command line to 'None'
[0.852s] Level 5:colcon.colcon_core.verb:set package 'delivery_bot_description' build argument 'cmake_target' from command line to 'None'
[0.852s] Level 5:colcon.colcon_core.verb:set package 'delivery_bot_description' build argument 'cmake_target_skip_unavailable' from command line to 'False'
[0.852s] Level 5:colcon.colcon_core.verb:set package 'delivery_bot_description' build argument 'cmake_clean_cache' from command line to 'False'
[0.852s] Level 5:colcon.colcon_core.verb:set package 'delivery_bot_description' build argument 'cmake_clean_first' from command line to 'False'
[0.852s] Level 5:colcon.colcon_core.verb:set package 'delivery_bot_description' build argument 'cmake_force_configure' from command line to 'False'
[0.852s] Level 5:colcon.colcon_core.verb:set package 'delivery_bot_description' build argument 'ament_cmake_args' from command line to 'None'
[0.852s] Level 5:colcon.colcon_core.verb:set package 'delivery_bot_description' build argument 'catkin_cmake_args' from command line to 'None'
[0.852s] Level 5:colcon.colcon_core.verb:set package 'delivery_bot_description' build argument 'catkin_skip_building_tests' from command line to 'False'
[0.852s] DEBUG:colcon.colcon_core.verb:Building package 'delivery_bot_description' with the following arguments: {'ament_cmake_args': None, 'build_base': '/home/abanoub/delivery_bot_ws/build/delivery_bot_description', 'catkin_cmake_args': None, 'catkin_skip_building_tests': False, 'cmake_args': None, 'cmake_clean_cache': False, 'cmake_clean_first': False, 'cmake_force_configure': False, 'cmake_target': None, 'cmake_target_skip_unavailable': False, 'install_base': '/home/abanoub/delivery_bot_ws/install/delivery_bot_description', 'merge_install': False, 'path': '/home/abanoub/delivery_bot_ws/src/delivery_bot_description', 'symlink_install': False, 'test_result_base': None}
[0.852s] Level 5:colcon.colcon_core.verb:set package 'delivery_bot_nav' build argument 'cmake_args' from command line to 'None'
[0.852s] Level 5:colcon.colcon_core.verb:set package 'delivery_bot_nav' build argument 'cmake_target' from command line to 'None'
[0.852s] Level 5:colcon.colcon_core.verb:set package 'delivery_bot_nav' build argument 'cmake_target_skip_unavailable' from command line to 'False'
[0.852s] Level 5:colcon.colcon_core.verb:set package 'delivery_bot_nav' build argument 'cmake_clean_cache' from command line to 'False'
[0.852s] Level 5:colcon.colcon_core.verb:set package 'delivery_bot_nav' build argument 'cmake_clean_first' from command line to 'False'
[0.853s] Level 5:colcon.colcon_core.verb:set package 'delivery_bot_nav' build argument 'cmake_force_configure' from command line to 'False'
[0.853s] Level 5:colcon.colcon_core.verb:set package 'delivery_bot_nav' build argument 'ament_cmake_args' from command line to 'None'
[0.853s] Level 5:colcon.colcon_core.verb:set package 'delivery_bot_nav' build argument 'catkin_cmake_args' from command line to 'None'
[0.853s] Level 5:colcon.colcon_core.verb:set package 'delivery_bot_nav' build argument 'catkin_skip_building_tests' from command line to 'False'
[0.853s] DEBUG:colcon.colcon_core.verb:Building package 'delivery_bot_nav' with the following arguments: {'ament_cmake_args': None, 'build_base': '/home/abanoub/delivery_bot_ws/build/delivery_bot_nav', 'catkin_cmake_args': None, 'catkin_skip_building_tests': False, 'cmake_args': None, 'cmake_clean_cache': False, 'cmake_clean_first': False, 'cmake_force_configure': False, 'cmake_target': None, 'cmake_target_skip_unavailable': False, 'install_base': '/home/abanoub/delivery_bot_ws/install/delivery_bot_nav', 'merge_install': False, 'path': '/home/abanoub/delivery_bot_ws/src/delivery_bot_nav', 'symlink_install': False, 'test_result_base': None}
[0.853s] Level 5:colcon.colcon_core.verb:set package 'delivery_bot_slam' build argument 'cmake_args' from command line to 'None'
[0.853s] Level 5:colcon.colcon_core.verb:set package 'delivery_bot_slam' build argument 'cmake_target' from command line to 'None'
[0.853s] Level 5:colcon.colcon_core.verb:set package 'delivery_bot_slam' build argument 'cmake_target_skip_unavailable' from command line to 'False'
[0.853s] Level 5:colcon.colcon_core.verb:set package 'delivery_bot_slam' build argument 'cmake_clean_cache' from command line to 'False'
[0.853s] Level 5:colcon.colcon_core.verb:set package 'delivery_bot_slam' build argument 'cmake_clean_first' from command line to 'False'
[0.853s] Level 5:colcon.colcon_core.verb:set package 'delivery_bot_slam' build argument 'cmake_force_configure' from command line to 'False'
[0.853s] Level 5:colcon.colcon_core.verb:set package 'delivery_bot_slam' build argument 'ament_cmake_args' from command line to 'None'
[0.853s] Level 5:colcon.colcon_core.verb:set package 'delivery_bot_slam' build argument 'catkin_cmake_args' from command line to 'None'
[0.853s] Level 5:colcon.colcon_core.verb:set package 'delivery_bot_slam' build argument 'catkin_skip_building_tests' from command line to 'False'
[0.853s] DEBUG:colcon.colcon_core.verb:Building package 'delivery_bot_slam' with the following arguments: {'ament_cmake_args': None, 'build_base': '/home/abanoub/delivery_bot_ws/build/delivery_bot_slam', 'catkin_cmake_args': None, 'catkin_skip_building_tests': False, 'cmake_args': None, 'cmake_clean_cache': False, 'cmake_clean_first': False, 'cmake_force_configure': False, 'cmake_target': None, 'cmake_target_skip_unavailable': False, 'install_base': '/home/abanoub/delivery_bot_ws/install/delivery_bot_slam', 'merge_install': False, 'path': '/home/abanoub/delivery_bot_ws/src/delivery_bot_slam', 'symlink_install': False, 'test_result_base': None}
[0.853s] INFO:colcon.colcon_core.executor:Executing jobs using 'parallel' executor
[0.854s] DEBUG:colcon.colcon_parallel_executor.executor.parallel:run_until_complete
[0.855s] INFO:colcon.colcon_ros.task.ament_cmake.build:Building ROS package in '/home/abanoub/delivery_bot_ws/src/delivery_bot_control' with build type 'ament_cmake'
[0.855s] INFO:colcon.colcon_cmake.task.cmake.build:Building CMake package in '/home/abanoub/delivery_bot_ws/src/delivery_bot_control'
[0.857s] INFO:colcon.colcon_core.plugin_system:Skipping extension 'colcon_core.shell.bat': Not used on non-Windows systems
[0.858s] INFO:colcon.colcon_core.shell:Skip shell extension 'powershell' for command environment: Not usable outside of PowerShell
[0.858s] DEBUG:colcon.colcon_core.shell:Skip shell extension 'dsv' for command environment
[0.865s] INFO:colcon.colcon_ros.task.ament_cmake.build:Building ROS package in '/home/abanoub/delivery_bot_ws/src/delivery_bot_description' with build type 'ament_cmake'
[0.865s] INFO:colcon.colcon_cmake.task.cmake.build:Building CMake package in '/home/abanoub/delivery_bot_ws/src/delivery_bot_description'
[0.865s] INFO:colcon.colcon_core.shell:Skip shell extension 'powershell' for command environment: Not usable outside of PowerShell
[0.865s] DEBUG:colcon.colcon_core.shell:Skip shell extension 'dsv' for command environment
[0.873s] INFO:colcon.colcon_ros.task.ament_cmake.build:Building ROS package in '/home/abanoub/delivery_bot_ws/src/delivery_bot_nav' with build type 'ament_cmake'
[0.874s] INFO:colcon.colcon_cmake.task.cmake.build:Building CMake package in '/home/abanoub/delivery_bot_ws/src/delivery_bot_nav'
[0.874s] INFO:colcon.colcon_core.shell:Skip shell extension 'powershell' for command environment: Not usable outside of PowerShell
[0.874s] DEBUG:colcon.colcon_core.shell:Skip shell extension 'dsv' for command environment
[0.882s] INFO:colcon.colcon_ros.task.ament_cmake.build:Building ROS package in '/home/abanoub/delivery_bot_ws/src/delivery_bot_slam' with build type 'ament_cmake'
[0.883s] INFO:colcon.colcon_cmake.task.cmake.build:Building CMake package in '/home/abanoub/delivery_bot_ws/src/delivery_bot_slam'
[0.883s] INFO:colcon.colcon_core.shell:Skip shell extension 'powershell' for command environment: Not usable outside of PowerShell
[0.883s] DEBUG:colcon.colcon_core.shell:Skip shell extension 'dsv' for command environment
[0.903s] DEBUG:colcon.colcon_core.event_handler.log_command:Invoking command in '/home/abanoub/delivery_bot_ws/build/delivery_bot_control': CMAKE_PREFIX_PATH=${CMAKE_PREFIX_PATH}:/opt/ros/jazzy DEBUGINFOD_URLS=https://debuginfod.ubuntu.com /usr/bin/cmake --build /home/abanoub/delivery_bot_ws/build/delivery_bot_control -- -j20 -l20
[0.906s] DEBUG:colcon.colcon_core.event_handler.log_command:Invoking command in '/home/abanoub/delivery_bot_ws/build/delivery_bot_description': CMAKE_PREFIX_PATH=${CMAKE_PREFIX_PATH}:/opt/ros/jazzy DEBUGINFOD_URLS=https://debuginfod.ubuntu.com /usr/bin/cmake --build /home/abanoub/delivery_bot_ws/build/delivery_bot_description -- -j20 -l20
[0.910s] DEBUG:colcon.colcon_core.event_handler.log_command:Invoking command in '/home/abanoub/delivery_bot_ws/build/delivery_bot_nav': CMAKE_PREFIX_PATH=${CMAKE_PREFIX_PATH}:/opt/ros/jazzy DEBUGINFOD_URLS=https://debuginfod.ubuntu.com /usr/bin/cmake --build /home/abanoub/delivery_bot_ws/build/delivery_bot_nav -- -j20 -l20
[0.917s] DEBUG:colcon.colcon_core.event_handler.log_command:Invoking command in '/home/abanoub/delivery_bot_ws/build/delivery_bot_slam': CMAKE_PREFIX_PATH=${CMAKE_PREFIX_PATH}:/opt/ros/jazzy DEBUGINFOD_URLS=https://debuginfod.ubuntu.com /usr/bin/cmake --build /home/abanoub/delivery_bot_ws/build/delivery_bot_slam -- -j20 -l20
[0.995s] DEBUG:colcon.colcon_core.event_handler.log_command:Invoked command in '/home/abanoub/delivery_bot_ws/build/delivery_bot_description' returned '0': CMAKE_PREFIX_PATH=${CMAKE_PREFIX_PATH}:/opt/ros/jazzy DEBUGINFOD_URLS=https://debuginfod.ubuntu.com /usr/bin/cmake --build /home/abanoub/delivery_bot_ws/build/delivery_bot_description -- -j20 -l20
[1.011s] DEBUG:colcon.colcon_core.event_handler.log_command:Invoking command in '/home/abanoub/delivery_bot_ws/build/delivery_bot_description': CMAKE_PREFIX_PATH=${CMAKE_PREFIX_PATH}:/opt/ros/jazzy DEBUGINFOD_URLS=https://debuginfod.ubuntu.com /usr/bin/cmake --install /home/abanoub/delivery_bot_ws/build/delivery_bot_description
[1.014s] DEBUG:colcon.colcon_core.event_handler.log_command:Invoked command in '/home/abanoub/delivery_bot_ws/build/delivery_bot_slam' returned '0': CMAKE_PREFIX_PATH=${CMAKE_PREFIX_PATH}:/opt/ros/jazzy DEBUGINFOD_URLS=https://debuginfod.ubuntu.com /usr/bin/cmake --build /home/abanoub/delivery_bot_ws/build/delivery_bot_slam -- -j20 -l20
[1.016s] DEBUG:colcon.colcon_core.event_handler.log_command:Invoking command in '/home/abanoub/delivery_bot_ws/build/delivery_bot_slam': CMAKE_PREFIX_PATH=${CMAKE_PREFIX_PATH}:/opt/ros/jazzy DEBUGINFOD_URLS=https://debuginfod.ubuntu.com /usr/bin/cmake --install /home/abanoub/delivery_bot_ws/build/delivery_bot_slam
[1.028s] Level 1:colcon.colcon_core.environment:create_environment_scripts_only(delivery_bot_description)
[1.036s] DEBUG:colcon.colcon_core.event_handler.log_command:Invoked command in '/home/abanoub/delivery_bot_ws/build/delivery_bot_description' returned '0': CMAKE_PREFIX_PATH=${CMAKE_PREFIX_PATH}:/opt/ros/jazzy DEBUGINFOD_URLS=https://debuginfod.ubuntu.com /usr/bin/cmake --install /home/abanoub/delivery_bot_ws/build/delivery_bot_description
[1.069s] Level 1:colcon.colcon_core.environment:checking '/home/abanoub/delivery_bot_ws/install/delivery_bot_description' for CMake module files
[1.070s] Level 1:colcon.colcon_core.environment:checking '/home/abanoub/delivery_bot_ws/install/delivery_bot_description' for CMake config files
[1.070s] Level 1:colcon.colcon_core.shell:create_environment_hook('delivery_bot_description', 'cmake_prefix_path')
[1.071s] INFO:colcon.colcon_core.shell:Creating environment hook '/home/abanoub/delivery_bot_ws/install/delivery_bot_description/share/delivery_bot_description/hook/cmake_prefix_path.ps1'
[1.071s] INFO:colcon.colcon_core.shell:Creating environment descriptor '/home/abanoub/delivery_bot_ws/install/delivery_bot_description/share/delivery_bot_description/hook/cmake_prefix_path.dsv'
[1.072s] INFO:colcon.colcon_core.shell:Creating environment hook '/home/abanoub/delivery_bot_ws/install/delivery_bot_description/share/delivery_bot_description/hook/cmake_prefix_path.sh'
[1.072s] Level 1:colcon.colcon_core.environment:checking '/home/abanoub/delivery_bot_ws/install/delivery_bot_description/bin'
[1.072s] Level 1:colcon.colcon_core.environment:checking '/home/abanoub/delivery_bot_ws/install/delivery_bot_description/lib/pkgconfig/delivery_bot_description.pc'
[1.073s] Level 1:colcon.colcon_core.environment:checking '/home/abanoub/delivery_bot_ws/install/delivery_bot_description/lib/python3.12/site-packages'
[1.073s] Level 1:colcon.colcon_core.environment:checking '/home/abanoub/delivery_bot_ws/install/delivery_bot_description/bin'
[1.073s] INFO:colcon.colcon_core.shell:Creating package script '/home/abanoub/delivery_bot_ws/install/delivery_bot_description/share/delivery_bot_description/package.ps1'
[1.073s] INFO:colcon.colcon_core.shell:Creating package descriptor '/home/abanoub/delivery_bot_ws/install/delivery_bot_description/share/delivery_bot_description/package.dsv'
[1.074s] INFO:colcon.colcon_core.shell:Creating package script '/home/abanoub/delivery_bot_ws/install/delivery_bot_description/share/delivery_bot_description/package.sh'
[1.074s] INFO:colcon.colcon_core.shell:Creating package script '/home/abanoub/delivery_bot_ws/install/delivery_bot_description/share/delivery_bot_description/package.bash'
[1.084s] INFO:colcon.colcon_core.shell:Creating package script '/home/abanoub/delivery_bot_ws/install/delivery_bot_description/share/delivery_bot_description/package.zsh'
[1.085s] Level 1:colcon.colcon_core.environment:create_file_with_runtime_dependencies(/home/abanoub/delivery_bot_ws/install/delivery_bot_description/share/colcon-core/packages/delivery_bot_description)
[1.085s] Level 1:colcon.colcon_core.environment:create_environment_scripts_only(delivery_bot_description)
[1.086s] Level 1:colcon.colcon_core.environment:checking '/home/abanoub/delivery_bot_ws/install/delivery_bot_description' for CMake module files
[1.086s] Level 1:colcon.colcon_core.environment:checking '/home/abanoub/delivery_bot_ws/install/delivery_bot_description' for CMake config files
[1.086s] Level 1:colcon.colcon_core.shell:create_environment_hook('delivery_bot_description', 'cmake_prefix_path')
[1.086s] INFO:colcon.colcon_core.shell:Creating environment hook '/home/abanoub/delivery_bot_ws/install/delivery_bot_description/share/delivery_bot_description/hook/cmake_prefix_path.ps1'
[1.087s] INFO:colcon.colcon_core.shell:Creating environment descriptor '/home/abanoub/delivery_bot_ws/install/delivery_bot_description/share/delivery_bot_description/hook/cmake_prefix_path.dsv'
[1.087s] INFO:colcon.colcon_core.shell:Creating environment hook '/home/abanoub/delivery_bot_ws/install/delivery_bot_description/share/delivery_bot_description/hook/cmake_prefix_path.sh'
[1.088s] Level 1:colcon.colcon_core.environment:checking '/home/abanoub/delivery_bot_ws/install/delivery_bot_description/bin'
[1.088s] Level 1:colcon.colcon_core.environment:checking '/home/abanoub/delivery_bot_ws/install/delivery_bot_description/lib/pkgconfig/delivery_bot_description.pc'
[1.088s] Level 1:colcon.colcon_core.environment:checking '/home/abanoub/delivery_bot_ws/install/delivery_bot_description/lib/python3.12/site-packages'
[1.088s] Level 1:colcon.colcon_core.environment:checking '/home/abanoub/delivery_bot_ws/install/delivery_bot_description/bin'
[1.088s] INFO:colcon.colcon_core.shell:Creating package script '/home/abanoub/delivery_bot_ws/install/delivery_bot_description/share/delivery_bot_description/package.ps1'
[1.089s] INFO:colcon.colcon_core.shell:Creating package descriptor '/home/abanoub/delivery_bot_ws/install/delivery_bot_description/share/delivery_bot_description/package.dsv'
[1.096s] INFO:colcon.colcon_core.shell:Creating package script '/home/abanoub/delivery_bot_ws/install/delivery_bot_description/share/delivery_bot_description/package.sh'
[1.099s] INFO:colcon.colcon_core.shell:Creating package script '/home/abanoub/delivery_bot_ws/install/delivery_bot_description/share/delivery_bot_description/package.bash'
[1.102s] INFO:colcon.colcon_core.shell:Creating package script '/home/abanoub/delivery_bot_ws/install/delivery_bot_description/share/delivery_bot_description/package.zsh'
[1.102s] Level 1:colcon.colcon_core.environment:create_file_with_runtime_dependencies(/home/abanoub/delivery_bot_ws/install/delivery_bot_description/share/colcon-core/packages/delivery_bot_description)
[1.103s] Level 1:colcon.colcon_core.environment:create_environment_scripts_only(delivery_bot_slam)
[1.103s] Level 1:colcon.colcon_core.environment:checking '/home/abanoub/delivery_bot_ws/install/delivery_bot_slam' for CMake module files
[1.104s] Level 1:colcon.colcon_core.environment:checking '/home/abanoub/delivery_bot_ws/install/delivery_bot_slam' for CMake config files
[1.104s] DEBUG:colcon.colcon_core.event_handler.log_command:Invoked command in '/home/abanoub/delivery_bot_ws/build/delivery_bot_slam' returned '0': CMAKE_PREFIX_PATH=${CMAKE_PREFIX_PATH}:/opt/ros/jazzy DEBUGINFOD_URLS=https://debuginfod.ubuntu.com /usr/bin/cmake --install /home/abanoub/delivery_bot_ws/build/delivery_bot_slam
[1.105s] Level 1:colcon.colcon_core.shell:create_environment_hook('delivery_bot_slam', 'cmake_prefix_path')
[1.105s] INFO:colcon.colcon_core.shell:Creating environment hook '/home/abanoub/delivery_bot_ws/install/delivery_bot_slam/share/delivery_bot_slam/hook/cmake_prefix_path.ps1'
[1.105s] INFO:colcon.colcon_core.shell:Creating environment descriptor '/home/abanoub/delivery_bot_ws/install/delivery_bot_slam/share/delivery_bot_slam/hook/cmake_prefix_path.dsv'
[1.111s] INFO:colcon.colcon_core.shell:Creating environment hook '/home/abanoub/delivery_bot_ws/install/delivery_bot_slam/share/delivery_bot_slam/hook/cmake_prefix_path.sh'
[1.112s] Level 1:colcon.colcon_core.environment:checking '/home/abanoub/delivery_bot_ws/install/delivery_bot_slam/bin'
[1.113s] Level 1:colcon.colcon_core.environment:checking '/home/abanoub/delivery_bot_ws/install/delivery_bot_slam/lib/pkgconfig/delivery_bot_slam.pc'
[1.113s] Level 1:colcon.colcon_core.environment:checking '/home/abanoub/delivery_bot_ws/install/delivery_bot_slam/lib/python3.12/site-packages'
[1.114s] Level 1:colcon.colcon_core.environment:checking '/home/abanoub/delivery_bot_ws/install/delivery_bot_slam/bin'
[1.115s] INFO:colcon.colcon_core.shell:Creating package script '/home/abanoub/delivery_bot_ws/install/delivery_bot_slam/share/delivery_bot_slam/package.ps1'
[1.116s] INFO:colcon.colcon_core.shell:Creating package descriptor '/home/abanoub/delivery_bot_ws/install/delivery_bot_slam/share/delivery_bot_slam/package.dsv'
[1.118s] INFO:colcon.colcon_core.shell:Creating package script '/home/abanoub/delivery_bot_ws/install/delivery_bot_slam/share/delivery_bot_slam/package.sh'
[1.119s] INFO:colcon.colcon_core.shell:Creating package script '/home/abanoub/delivery_bot_ws/install/delivery_bot_slam/share/delivery_bot_slam/package.bash'
[1.120s] INFO:colcon.colcon_core.shell:Creating package script '/home/abanoub/delivery_bot_ws/install/delivery_bot_slam/share/delivery_bot_slam/package.zsh'
[1.121s] Level 1:colcon.colcon_core.environment:create_file_with_runtime_dependencies(/home/abanoub/delivery_bot_ws/install/delivery_bot_slam/share/colcon-core/packages/delivery_bot_slam)
[1.124s] Level 1:colcon.colcon_core.environment:create_environment_scripts_only(delivery_bot_slam)
[1.125s] Level 1:colcon.colcon_core.environment:checking '/home/abanoub/delivery_bot_ws/install/delivery_bot_slam' for CMake module files
[1.125s] Level 1:colcon.colcon_core.environment:checking '/home/abanoub/delivery_bot_ws/install/delivery_bot_slam' for CMake config files
[1.126s] Level 1:colcon.colcon_core.shell:create_environment_hook('delivery_bot_slam', 'cmake_prefix_path')
[1.126s] INFO:colcon.colcon_core.shell:Creating environment hook '/home/abanoub/delivery_bot_ws/install/delivery_bot_slam/share/delivery_bot_slam/hook/cmake_prefix_path.ps1'
[1.127s] INFO:colcon.colcon_core.shell:Creating environment descriptor '/home/abanoub/delivery_bot_ws/install/delivery_bot_slam/share/delivery_bot_slam/hook/cmake_prefix_path.dsv'
[1.128s] INFO:colcon.colcon_core.shell:Creating environment hook '/home/abanoub/delivery_bot_ws/install/delivery_bot_slam/share/delivery_bot_slam/hook/cmake_prefix_path.sh'
[1.129s] Level 1:colcon.colcon_core.environment:checking '/home/abanoub/delivery_bot_ws/install/delivery_bot_slam/bin'
[1.129s] Level 1:colcon.colcon_core.environment:checking '/home/abanoub/delivery_bot_ws/install/delivery_bot_slam/lib/pkgconfig/delivery_bot_slam.pc'
[1.129s] Level 1:colcon.colcon_core.environment:checking '/home/abanoub/delivery_bot_ws/install/delivery_bot_slam/lib/python3.12/site-packages'
[1.130s] Level 1:colcon.colcon_core.environment:checking '/home/abanoub/delivery_bot_ws/install/delivery_bot_slam/bin'
[1.130s] INFO:colcon.colcon_core.shell:Creating package script '/home/abanoub/delivery_bot_ws/install/delivery_bot_slam/share/delivery_bot_slam/package.ps1'
[1.131s] INFO:colcon.colcon_core.shell:Creating package descriptor '/home/abanoub/delivery_bot_ws/install/delivery_bot_slam/share/delivery_bot_slam/package.dsv'
[1.132s] INFO:colcon.colcon_core.shell:Creating package script '/home/abanoub/delivery_bot_ws/install/delivery_bot_slam/share/delivery_bot_slam/package.sh'
[1.132s] INFO:colcon.colcon_core.shell:Creating package script '/home/abanoub/delivery_bot_ws/install/delivery_bot_slam/share/delivery_bot_slam/package.bash'
[1.139s] INFO:colcon.colcon_core.shell:Creating package script '/home/abanoub/delivery_bot_ws/install/delivery_bot_slam/share/delivery_bot_slam/package.zsh'
[1.140s] Level 1:colcon.colcon_core.environment:create_file_with_runtime_dependencies(/home/abanoub/delivery_bot_ws/install/delivery_bot_slam/share/colcon-core/packages/delivery_bot_slam)
[1.143s] DEBUG:colcon.colcon_core.event_handler.log_command:Invoked command in '/home/abanoub/delivery_bot_ws/build/delivery_bot_control' returned '0': CMAKE_PREFIX_PATH=${CMAKE_PREFIX_PATH}:/opt/ros/jazzy DEBUGINFOD_URLS=https://debuginfod.ubuntu.com /usr/bin/cmake --build /home/abanoub/delivery_bot_ws/build/delivery_bot_control -- -j20 -l20
[1.144s] DEBUG:colcon.colcon_core.event_handler.log_command:Invoking command in '/home/abanoub/delivery_bot_ws/build/delivery_bot_control': CMAKE_PREFIX_PATH=${CMAKE_PREFIX_PATH}:/opt/ros/jazzy DEBUGINFOD_URLS=https://debuginfod.ubuntu.com /usr/bin/cmake --install /home/abanoub/delivery_bot_ws/build/delivery_bot_control
[1.162s] Level 1:colcon.colcon_core.environment:create_environment_scripts_only(delivery_bot_control)
[1.163s] Level 1:colcon.colcon_core.environment:checking '/home/abanoub/delivery_bot_ws/install/delivery_bot_control' for CMake module files
[1.165s] DEBUG:colcon.colcon_core.event_handler.log_command:Invoked command in '/home/abanoub/delivery_bot_ws/build/delivery_bot_control' returned '0': CMAKE_PREFIX_PATH=${CMAKE_PREFIX_PATH}:/opt/ros/jazzy DEBUGINFOD_URLS=https://debuginfod.ubuntu.com /usr/bin/cmake --install /home/abanoub/delivery_bot_ws/build/delivery_bot_control
[1.167s] Level 1:colcon.colcon_core.environment:checking '/home/abanoub/delivery_bot_ws/install/delivery_bot_control' for CMake config files
[1.167s] Level 1:colcon.colcon_core.shell:create_environment_hook('delivery_bot_control', 'cmake_prefix_path')
[1.168s] INFO:colcon.colcon_core.shell:Creating environment hook '/home/abanoub/delivery_bot_ws/install/delivery_bot_control/share/delivery_bot_control/hook/cmake_prefix_path.ps1'
[1.169s] INFO:colcon.colcon_core.shell:Creating environment descriptor '/home/abanoub/delivery_bot_ws/install/delivery_bot_control/share/delivery_bot_control/hook/cmake_prefix_path.dsv'
[1.169s] INFO:colcon.colcon_core.shell:Creating environment hook '/home/abanoub/delivery_bot_ws/install/delivery_bot_control/share/delivery_bot_control/hook/cmake_prefix_path.sh'
[1.170s] Level 1:colcon.colcon_core.environment:checking '/home/abanoub/delivery_bot_ws/install/delivery_bot_control/lib'
[1.170s] Level 1:colcon.colcon_core.environment:checking '/home/abanoub/delivery_bot_ws/install/delivery_bot_control/bin'
[1.171s] Level 1:colcon.colcon_core.environment:checking '/home/abanoub/delivery_bot_ws/install/delivery_bot_control/lib/pkgconfig/delivery_bot_control.pc'
[1.171s] Level 1:colcon.colcon_core.environment:checking '/home/abanoub/delivery_bot_ws/install/delivery_bot_control/lib/python3.12/site-packages'
[1.171s] Level 1:colcon.colcon_core.environment:checking '/home/abanoub/delivery_bot_ws/install/delivery_bot_control/bin'
[1.172s] INFO:colcon.colcon_core.shell:Creating package script '/home/abanoub/delivery_bot_ws/install/delivery_bot_control/share/delivery_bot_control/package.ps1'
[1.173s] INFO:colcon.colcon_core.shell:Creating package descriptor '/home/abanoub/delivery_bot_ws/install/delivery_bot_control/share/delivery_bot_control/package.dsv'
[1.173s] INFO:colcon.colcon_core.shell:Creating package script '/home/abanoub/delivery_bot_ws/install/delivery_bot_control/share/delivery_bot_control/package.sh'
[1.174s] INFO:colcon.colcon_core.shell:Creating package script '/home/abanoub/delivery_bot_ws/install/delivery_bot_control/share/delivery_bot_control/package.bash'
[1.174s] INFO:colcon.colcon_core.shell:Creating package script '/home/abanoub/delivery_bot_ws/install/delivery_bot_control/share/delivery_bot_control/package.zsh'
[1.174s] Level 1:colcon.colcon_core.environment:create_file_with_runtime_dependencies(/home/abanoub/delivery_bot_ws/install/delivery_bot_control/share/colcon-core/packages/delivery_bot_control)
[1.175s] Level 1:colcon.colcon_core.environment:create_environment_scripts_only(delivery_bot_control)
[1.176s] Level 1:colcon.colcon_core.environment:checking '/home/abanoub/delivery_bot_ws/install/delivery_bot_control' for CMake module files
[1.176s] Level 1:colcon.colcon_core.environment:checking '/home/abanoub/delivery_bot_ws/install/delivery_bot_control' for CMake config files
[1.176s] Level 1:colcon.colcon_core.shell:create_environment_hook('delivery_bot_control', 'cmake_prefix_path')
[1.177s] INFO:colcon.colcon_core.shell:Creating environment hook '/home/abanoub/delivery_bot_ws/install/delivery_bot_control/share/delivery_bot_control/hook/cmake_prefix_path.ps1'
[1.178s] INFO:colcon.colcon_core.shell:Creating environment descriptor '/home/abanoub/delivery_bot_ws/install/delivery_bot_control/share/delivery_bot_control/hook/cmake_prefix_path.dsv'
[1.178s] INFO:colcon.colcon_core.shell:Creating environment hook '/home/abanoub/delivery_bot_ws/install/delivery_bot_control/share/delivery_bot_control/hook/cmake_prefix_path.sh'
[1.179s] Level 1:colcon.colcon_core.environment:checking '/home/abanoub/delivery_bot_ws/install/delivery_bot_control/lib'
[1.179s] Level 1:colcon.colcon_core.environment:checking '/home/abanoub/delivery_bot_ws/install/delivery_bot_control/bin'
[1.179s] Level 1:colcon.colcon_core.environment:checking '/home/abanoub/delivery_bot_ws/install/delivery_bot_control/lib/pkgconfig/delivery_bot_control.pc'
[1.180s] Level 1:colcon.colcon_core.environment:checking '/home/abanoub/delivery_bot_ws/install/delivery_bot_control/lib/python3.12/site-packages'
[1.180s] Level 1:colcon.colcon_core.environment:checking '/home/abanoub/delivery_bot_ws/install/delivery_bot_control/bin'
[1.180s] INFO:colcon.colcon_core.shell:Creating package script '/home/abanoub/delivery_bot_ws/install/delivery_bot_control/share/delivery_bot_control/package.ps1'
[1.183s] INFO:colcon.colcon_core.shell:Creating package descriptor '/home/abanoub/delivery_bot_ws/install/delivery_bot_control/share/delivery_bot_control/package.dsv'
[1.184s] INFO:colcon.colcon_core.shell:Creating package script '/home/abanoub/delivery_bot_ws/install/delivery_bot_control/share/delivery_bot_control/package.sh'
[1.184s] INFO:colcon.colcon_core.shell:Creating package script '/home/abanoub/delivery_bot_ws/install/delivery_bot_control/share/delivery_bot_control/package.bash'
[1.185s] INFO:colcon.colcon_core.shell:Creating package script '/home/abanoub/delivery_bot_ws/install/delivery_bot_control/share/delivery_bot_control/package.zsh'
[1.185s] Level 1:colcon.colcon_core.environment:create_file_with_runtime_dependencies(/home/abanoub/delivery_bot_ws/install/delivery_bot_control/share/colcon-core/packages/delivery_bot_control)
[1.589s] DEBUG:colcon.colcon_core.event_handler.log_command:Invoked command in '/home/abanoub/delivery_bot_ws/build/delivery_bot_nav' returned '0': CMAKE_PREFIX_PATH=${CMAKE_PREFIX_PATH}:/opt/ros/jazzy DEBUGINFOD_URLS=https://debuginfod.ubuntu.com /usr/bin/cmake --build /home/abanoub/delivery_bot_ws/build/delivery_bot_nav -- -j20 -l20
[1.592s] DEBUG:colcon.colcon_core.event_handler.log_command:Invoking command in '/home/abanoub/delivery_bot_ws/build/delivery_bot_nav': CMAKE_PREFIX_PATH=${CMAKE_PREFIX_PATH}:/opt/ros/jazzy DEBUGINFOD_URLS=https://debuginfod.ubuntu.com /usr/bin/cmake --install /home/abanoub/delivery_bot_ws/build/delivery_bot_nav
[1.643s] Level 1:colcon.colcon_core.environment:create_environment_scripts_only(delivery_bot_nav)
[1.643s] Level 1:colcon.colcon_core.environment:checking '/home/abanoub/delivery_bot_ws/install/delivery_bot_nav' for CMake module files
[1.644s] DEBUG:colcon.colcon_core.event_handler.log_command:Invoked command in '/home/abanoub/delivery_bot_ws/build/delivery_bot_nav' returned '0': CMAKE_PREFIX_PATH=${CMAKE_PREFIX_PATH}:/opt/ros/jazzy DEBUGINFOD_URLS=https://debuginfod.ubuntu.com /usr/bin/cmake --install /home/abanoub/delivery_bot_ws/build/delivery_bot_nav
[1.646s] Level 1:colcon.colcon_core.environment:checking '/home/abanoub/delivery_bot_ws/install/delivery_bot_nav' for CMake config files
[1.648s] Level 1:colcon.colcon_core.shell:create_environment_hook('delivery_bot_nav', 'cmake_prefix_path')
[1.649s] INFO:colcon.colcon_core.shell:Creating environment hook '/home/abanoub/delivery_bot_ws/install/delivery_bot_nav/share/delivery_bot_nav/hook/cmake_prefix_path.ps1'
[1.651s] INFO:colcon.colcon_core.shell:Creating environment descriptor '/home/abanoub/delivery_bot_ws/install/delivery_bot_nav/share/delivery_bot_nav/hook/cmake_prefix_path.dsv'
[1.652s] INFO:colcon.colcon_core.shell:Creating environment hook '/home/abanoub/delivery_bot_ws/install/delivery_bot_nav/share/delivery_bot_nav/hook/cmake_prefix_path.sh'
[1.652s] Level 1:colcon.colcon_core.environment:checking '/home/abanoub/delivery_bot_ws/install/delivery_bot_nav/bin'
[1.652s] Level 1:colcon.colcon_core.environment:checking '/home/abanoub/delivery_bot_ws/install/delivery_bot_nav/lib/pkgconfig/delivery_bot_nav.pc'
[1.653s] Level 1:colcon.colcon_core.environment:checking '/home/abanoub/delivery_bot_ws/install/delivery_bot_nav/lib/python3.12/site-packages'
[1.653s] Level 1:colcon.colcon_core.environment:checking '/home/abanoub/delivery_bot_ws/install/delivery_bot_nav/bin'
[1.653s] INFO:colcon.colcon_core.shell:Creating package script '/home/abanoub/delivery_bot_ws/install/delivery_bot_nav/share/delivery_bot_nav/package.ps1'
[1.654s] INFO:colcon.colcon_core.shell:Creating package descriptor '/home/abanoub/delivery_bot_ws/install/delivery_bot_nav/share/delivery_bot_nav/package.dsv'
[1.654s] INFO:colcon.colcon_core.shell:Creating package script '/home/abanoub/delivery_bot_ws/install/delivery_bot_nav/share/delivery_bot_nav/package.sh'
[1.655s] INFO:colcon.colcon_core.shell:Creating package script '/home/abanoub/delivery_bot_ws/install/delivery_bot_nav/share/delivery_bot_nav/package.bash'
[1.655s] INFO:colcon.colcon_core.shell:Creating package script '/home/abanoub/delivery_bot_ws/install/delivery_bot_nav/share/delivery_bot_nav/package.zsh'
[1.663s] Level 1:colcon.colcon_core.environment:create_file_with_runtime_dependencies(/home/abanoub/delivery_bot_ws/install/delivery_bot_nav/share/colcon-core/packages/delivery_bot_nav)
[1.665s] Level 1:colcon.colcon_core.environment:create_environment_scripts_only(delivery_bot_nav)
[1.665s] Level 1:colcon.colcon_core.environment:checking '/home/abanoub/delivery_bot_ws/install/delivery_bot_nav' for CMake module files
[1.667s] Level 1:colcon.colcon_core.environment:checking '/home/abanoub/delivery_bot_ws/install/delivery_bot_nav' for CMake config files
[1.668s] Level 1:colcon.colcon_core.shell:create_environment_hook('delivery_bot_nav', 'cmake_prefix_path')
[1.668s] INFO:colcon.colcon_core.shell:Creating environment hook '/home/abanoub/delivery_bot_ws/install/delivery_bot_nav/share/delivery_bot_nav/hook/cmake_prefix_path.ps1'
[1.669s] INFO:colcon.colcon_core.shell:Creating environment descriptor '/home/abanoub/delivery_bot_ws/install/delivery_bot_nav/share/delivery_bot_nav/hook/cmake_prefix_path.dsv'
[1.669s] INFO:colcon.colcon_core.shell:Creating environment hook '/home/abanoub/delivery_bot_ws/install/delivery_bot_nav/share/delivery_bot_nav/hook/cmake_prefix_path.sh'
[1.670s] Level 1:colcon.colcon_core.environment:checking '/home/abanoub/delivery_bot_ws/install/delivery_bot_nav/bin'
[1.670s] Level 1:colcon.colcon_core.environment:checking '/home/abanoub/delivery_bot_ws/install/delivery_bot_nav/lib/pkgconfig/delivery_bot_nav.pc'
[1.670s] Level 1:colcon.colcon_core.environment:checking '/home/abanoub/delivery_bot_ws/install/delivery_bot_nav/lib/python3.12/site-packages'
[1.670s] Level 1:colcon.colcon_core.environment:checking '/home/abanoub/delivery_bot_ws/install/delivery_bot_nav/bin'
[1.670s] INFO:colcon.colcon_core.shell:Creating package script '/home/abanoub/delivery_bot_ws/install/delivery_bot_nav/share/delivery_bot_nav/package.ps1'
[1.671s] INFO:colcon.colcon_core.shell:Creating package descriptor '/home/abanoub/delivery_bot_ws/install/delivery_bot_nav/share/delivery_bot_nav/package.dsv'
[1.671s] INFO:colcon.colcon_core.shell:Creating package script '/home/abanoub/delivery_bot_ws/install/delivery_bot_nav/share/delivery_bot_nav/package.sh'
[1.671s] INFO:colcon.colcon_core.shell:Creating package script '/home/abanoub/delivery_bot_ws/install/delivery_bot_nav/share/delivery_bot_nav/package.bash'
[1.681s] INFO:colcon.colcon_core.shell:Creating package script '/home/abanoub/delivery_bot_ws/install/delivery_bot_nav/share/delivery_bot_nav/package.zsh'
[1.682s] Level 1:colcon.colcon_core.environment:create_file_with_runtime_dependencies(/home/abanoub/delivery_bot_ws/install/delivery_bot_nav/share/colcon-core/packages/delivery_bot_nav)
[1.683s] DEBUG:colcon.colcon_parallel_executor.executor.parallel:closing loop
[1.684s] DEBUG:colcon.colcon_parallel_executor.executor.parallel:loop closed
[1.684s] DEBUG:colcon.colcon_parallel_executor.executor.parallel:run_until_complete finished with '0'
[1.684s] DEBUG:colcon.colcon_core.event_reactor:joining thread
[1.694s] INFO:colcon.colcon_core.plugin_system:Skipping extension 'colcon_notification.desktop_notification.terminal_notifier': Not used on non-Darwin systems
[1.694s] INFO:colcon.colcon_core.plugin_system:Skipping extension 'colcon_notification.desktop_notification.win32': Not used on non-Windows systems
[1.694s] INFO:colcon.colcon_notification.desktop_notification:Sending desktop notification using 'notify2'
[1.740s] DEBUG:colcon.colcon_core.event_reactor:joined thread
[1.741s] INFO:colcon.colcon_core.shell:Creating prefix script '/home/abanoub/delivery_bot_ws/install/local_setup.ps1'
[1.742s] INFO:colcon.colcon_core.shell:Creating prefix util module '/home/abanoub/delivery_bot_ws/install/_local_setup_util_ps1.py'
[1.743s] INFO:colcon.colcon_core.shell:Creating prefix chain script '/home/abanoub/delivery_bot_ws/install/setup.ps1'
[1.746s] INFO:colcon.colcon_core.shell:Creating prefix script '/home/abanoub/delivery_bot_ws/install/local_setup.sh'
[1.748s] INFO:colcon.colcon_core.shell:Creating prefix util module '/home/abanoub/delivery_bot_ws/install/_local_setup_util_sh.py'
[1.749s] INFO:colcon.colcon_core.shell:Creating prefix chain script '/home/abanoub/delivery_bot_ws/install/setup.sh'
[1.752s] INFO:colcon.colcon_core.shell:Creating prefix script '/home/abanoub/delivery_bot_ws/install/local_setup.bash'
[1.753s] INFO:colcon.colcon_core.shell:Creating prefix chain script '/home/abanoub/delivery_bot_ws/install/setup.bash'
[1.754s] INFO:colcon.colcon_core.shell:Creating prefix script '/home/abanoub/delivery_bot_ws/install/local_setup.zsh'
[1.755s] INFO:colcon.colcon_core.shell:Creating prefix chain script '/home/abanoub/delivery_bot_ws/install/setup.zsh'
