[0.063s] Invoking command in '/home/abanoub/delivery_bot_ws/build/servo_control': CMAKE_PREFIX_PATH=${CMAKE_PREFIX_PATH}:/opt/ros/humble /usr/bin/cmake --build /home/abanoub/delivery_bot_ws/build/servo_control -- -j20 -l20
[0.203s] Invoked command in '/home/abanoub/delivery_bot_ws/build/servo_control' returned '0': CMAKE_PREFIX_PATH=${CMAKE_PREFIX_PATH}:/opt/ros/humble /usr/bin/cmake --build /home/abanoub/delivery_bot_ws/build/servo_control -- -j20 -l20
[0.204s] Invoking command in '/home/abanoub/delivery_bot_ws/build/servo_control': CMAKE_PREFIX_PATH=${CMAKE_PREFIX_PATH}:/opt/ros/humble /usr/bin/cmake --install /home/abanoub/delivery_bot_ws/build/servo_control
[0.260s] -- Install configuration: ""
[0.260s] -- Up-to-date: /home/abanoub/delivery_bot_ws/install/servo_control/share/ament_index/resource_index/package_run_dependencies/servo_control
[0.261s] -- Up-to-date: /home/abanoub/delivery_bot_ws/install/servo_control/share/ament_index/resource_index/parent_prefix_path/servo_control
[0.261s] -- Up-to-date: /home/abanoub/delivery_bot_ws/install/servo_control/share/servo_control/environment/ament_prefix_path.sh
[0.261s] -- Up-to-date: /home/abanoub/delivery_bot_ws/install/servo_control/share/servo_control/environment/ament_prefix_path.dsv
[0.261s] -- Up-to-date: /home/abanoub/delivery_bot_ws/install/servo_control/share/servo_control/environment/path.sh
[0.261s] -- Up-to-date: /home/abanoub/delivery_bot_ws/install/servo_control/share/servo_control/environment/path.dsv
[0.261s] -- Up-to-date: /home/abanoub/delivery_bot_ws/install/servo_control/share/servo_control/local_setup.bash
[0.261s] -- Up-to-date: /home/abanoub/delivery_bot_ws/install/servo_control/share/servo_control/local_setup.sh
[0.262s] -- Up-to-date: /home/abanoub/delivery_bot_ws/install/servo_control/share/servo_control/local_setup.zsh
[0.263s] -- Up-to-date: /home/abanoub/delivery_bot_ws/install/servo_control/share/servo_control/local_setup.dsv
[0.263s] -- Installing: /home/abanoub/delivery_bot_ws/install/servo_control/share/servo_control/package.dsv
[0.263s] -- Up-to-date: /home/abanoub/delivery_bot_ws/install/servo_control/share/ament_index/resource_index/packages/servo_control
[0.263s] -- Up-to-date: /home/abanoub/delivery_bot_ws/install/servo_control/share/servo_control/cmake/servo_controlConfig.cmake
[0.265s] -- Up-to-date: /home/abanoub/delivery_bot_ws/install/servo_control/share/servo_control/cmake/servo_controlConfig-version.cmake
[0.265s] -- Up-to-date: /home/abanoub/delivery_bot_ws/install/servo_control/share/servo_control/package.xml
[0.315s] Invoked command in '/home/abanoub/delivery_bot_ws/build/servo_control' returned '0': CMAKE_PREFIX_PATH=${CMAKE_PREFIX_PATH}:/opt/ros/humble /usr/bin/cmake --install /home/abanoub/delivery_bot_ws/build/servo_control
