[0.093s] Invoking command in '/home/abanoub/delivery_bot_ws/build/robot_description': CMAKE_PREFIX_PATH=${CMAKE_PREFIX_PATH}:/opt/ros/humble /usr/bin/cmake --build /home/abanoub/delivery_bot_ws/build/robot_description -- -j20 -l20
[0.214s] Invoked command in '/home/abanoub/delivery_bot_ws/build/robot_description' returned '0': CMAKE_PREFIX_PATH=${CMAKE_PREFIX_PATH}:/opt/ros/humble /usr/bin/cmake --build /home/abanoub/delivery_bot_ws/build/robot_description -- -j20 -l20
[0.225s] Invoking command in '/home/abanoub/delivery_bot_ws/build/robot_description': CMAKE_PREFIX_PATH=${CMAKE_PREFIX_PATH}:/opt/ros/humble /usr/bin/cmake --install /home/abanoub/delivery_bot_ws/build/robot_description
[0.296s] -- Install configuration: ""
[0.297s] -- Up-to-date: /home/abanoub/delivery_bot_ws/install/robot_description/share/robot_description/launch
[0.297s] -- Installing: /home/abanoub/delivery_bot_ws/install/robot_description/share/robot_description/launch/spawn_and_rviz.launch.py
[0.297s] -- Up-to-date: /home/abanoub/delivery_bot_ws/install/robot_description/share/robot_description/urdf
[0.298s] -- Up-to-date: /home/abanoub/delivery_bot_ws/install/robot_description/share/robot_description/urdf/delivery_bot.xacro
[0.298s] -- Up-to-date: /home/abanoub/delivery_bot_ws/install/robot_description/share/robot_description/config
[0.299s] -- Up-to-date: /home/abanoub/delivery_bot_ws/install/robot_description/share/robot_description/config/controller_config.yaml
[0.302s] -- Up-to-date: /home/abanoub/delivery_bot_ws/install/robot_description/share/ament_index/resource_index/package_run_dependencies/robot_description
[0.304s] -- Up-to-date: /home/abanoub/delivery_bot_ws/install/robot_description/share/ament_index/resource_index/parent_prefix_path/robot_description
[0.304s] -- Up-to-date: /home/abanoub/delivery_bot_ws/install/robot_description/share/robot_description/environment/ament_prefix_path.sh
[0.304s] -- Up-to-date: /home/abanoub/delivery_bot_ws/install/robot_description/share/robot_description/environment/ament_prefix_path.dsv
[0.305s] -- Up-to-date: /home/abanoub/delivery_bot_ws/install/robot_description/share/robot_description/environment/path.sh
[0.306s] -- Up-to-date: /home/abanoub/delivery_bot_ws/install/robot_description/share/robot_description/environment/path.dsv
[0.306s] -- Up-to-date: /home/abanoub/delivery_bot_ws/install/robot_description/share/robot_description/local_setup.bash
[0.306s] -- Up-to-date: /home/abanoub/delivery_bot_ws/install/robot_description/share/robot_description/local_setup.sh
[0.307s] -- Up-to-date: /home/abanoub/delivery_bot_ws/install/robot_description/share/robot_description/local_setup.zsh
[0.311s] -- Up-to-date: /home/abanoub/delivery_bot_ws/install/robot_description/share/robot_description/local_setup.dsv
[0.315s] -- Up-to-date: /home/abanoub/delivery_bot_ws/install/robot_description/share/robot_description/package.dsv
[0.315s] -- Up-to-date: /home/abanoub/delivery_bot_ws/install/robot_description/share/ament_index/resource_index/packages/robot_description
[0.316s] -- Up-to-date: /home/abanoub/delivery_bot_ws/install/robot_description/share/robot_description/cmake/robot_descriptionConfig.cmake
[0.317s] -- Up-to-date: /home/abanoub/delivery_bot_ws/install/robot_description/share/robot_description/cmake/robot_descriptionConfig-version.cmake
[0.318s] -- Up-to-date: /home/abanoub/delivery_bot_ws/install/robot_description/share/robot_description/package.xml
[0.559s] Invoked command in '/home/abanoub/delivery_bot_ws/build/robot_description' returned '0': CMAKE_PREFIX_PATH=${CMAKE_PREFIX_PATH}:/opt/ros/humble /usr/bin/cmake --install /home/abanoub/delivery_bot_ws/build/robot_description
