[0.091s] Invoking command in '/home/abanoub/delivery_bot_ws/build/delivery_bot_nav': CMAKE_PREFIX_PATH=${CMAKE_PREFIX_PATH}:/opt/ros/humble /usr/bin/cmake --build /home/abanoub/delivery_bot_ws/build/delivery_bot_nav -- -j20 -l20
[0.223s] Invoked command in '/home/abanoub/delivery_bot_ws/build/delivery_bot_nav' returned '0': CMAKE_PREFIX_PATH=${CMAKE_PREFIX_PATH}:/opt/ros/humble /usr/bin/cmake --build /home/abanoub/delivery_bot_ws/build/delivery_bot_nav -- -j20 -l20
[0.257s] Invoking command in '/home/abanoub/delivery_bot_ws/build/delivery_bot_nav': CMAKE_PREFIX_PATH=${CMAKE_PREFIX_PATH}:/opt/ros/humble /usr/bin/cmake --install /home/abanoub/delivery_bot_ws/build/delivery_bot_nav
[0.289s] -- Install configuration: ""
[0.290s] -- Execute custom install script
[0.293s] -- Up-to-date symlink: /home/abanoub/delivery_bot_ws/install/delivery_bot_nav/share/delivery_bot_nav/config/amcl_params.yaml
[0.293s] -- Up-to-date symlink: /home/abanoub/delivery_bot_ws/install/delivery_bot_nav/share/delivery_bot_nav/config/behaviour_trees/navigate_through_poses_w_replanning_and_recovery.xml
[0.293s] -- Up-to-date symlink: /home/abanoub/delivery_bot_ws/install/delivery_bot_nav/share/delivery_bot_nav/config/behaviour_trees/navigate_to_pose_w_replanning_and_recovery.xml
[0.294s] -- Up-to-date symlink: /home/abanoub/delivery_bot_ws/install/delivery_bot_nav/share/delivery_bot_nav/config/costmap_common.yaml
[0.294s] -- Up-to-date symlink: /home/abanoub/delivery_bot_ws/install/delivery_bot_nav/share/delivery_bot_nav/config/global_costmap.yaml
[0.294s] -- Up-to-date symlink: /home/abanoub/delivery_bot_ws/install/delivery_bot_nav/share/delivery_bot_nav/config/local_costmap.yaml
[0.295s] -- Up-to-date symlink: /home/abanoub/delivery_bot_ws/install/delivery_bot_nav/share/delivery_bot_nav/config/nav2_params.yaml
[0.296s] -- Up-to-date symlink: /home/abanoub/delivery_bot_ws/install/delivery_bot_nav/share/delivery_bot_nav/config/slam_params.yaml
[0.297s] [33mCMake Warning (dev) at ament_cmake_symlink_install/ament_cmake_symlink_install.cmake:62 (file):
[0.297s]   Policy CMP0009 is not set: FILE GLOB_RECURSE calls should not follow
[0.298s]   symlinks by default.  Run "cmake --help-policy CMP0009" for policy details.
[0.298s]   Use the cmake_policy command to set the policy and suppress this warning.
[0.298s] Call Stack (most recent call first):
[0.298s]   ament_cmake_symlink_install/ament_cmake_symlink_install.cmake:314 (ament_cmake_symlink_install_directory)
[0.299s]   cmake_install.cmake:46 (include)
[0.301s] This warning is for project developers.  Use -Wno-dev to suppress it.
[0.301s] [0m
[0.301s] -- Up-to-date symlink: /home/abanoub/delivery_bot_ws/install/delivery_bot_nav/share/delivery_bot_nav/launch/build/.built_by
[0.303s] -- Up-to-date symlink: /home/abanoub/delivery_bot_ws/install/delivery_bot_nav/share/delivery_bot_nav/launch/build/COLCON_IGNORE
[0.306s] -- Up-to-date symlink: /home/abanoub/delivery_bot_ws/install/delivery_bot_nav/share/delivery_bot_nav/launch/install/.colcon_install_layout
[0.307s] -- Up-to-date symlink: /home/abanoub/delivery_bot_ws/install/delivery_bot_nav/share/delivery_bot_nav/launch/install/COLCON_IGNORE
[0.307s] -- Up-to-date symlink: /home/abanoub/delivery_bot_ws/install/delivery_bot_nav/share/delivery_bot_nav/launch/install/_local_setup_util_ps1.py
[0.308s] -- Up-to-date symlink: /home/abanoub/delivery_bot_ws/install/delivery_bot_nav/share/delivery_bot_nav/launch/install/_local_setup_util_sh.py
[0.309s] -- Up-to-date symlink: /home/abanoub/delivery_bot_ws/install/delivery_bot_nav/share/delivery_bot_nav/launch/install/local_setup.bash
[0.309s] -- Up-to-date symlink: /home/abanoub/delivery_bot_ws/install/delivery_bot_nav/share/delivery_bot_nav/launch/install/local_setup.ps1
[0.313s] -- Up-to-date symlink: /home/abanoub/delivery_bot_ws/install/delivery_bot_nav/share/delivery_bot_nav/launch/install/local_setup.sh
[0.314s] -- Up-to-date symlink: /home/abanoub/delivery_bot_ws/install/delivery_bot_nav/share/delivery_bot_nav/launch/install/local_setup.zsh
[0.315s] -- Up-to-date symlink: /home/abanoub/delivery_bot_ws/install/delivery_bot_nav/share/delivery_bot_nav/launch/install/setup.bash
[0.321s] -- Up-to-date symlink: /home/abanoub/delivery_bot_ws/install/delivery_bot_nav/share/delivery_bot_nav/launch/install/setup.ps1
[0.325s] -- Up-to-date symlink: /home/abanoub/delivery_bot_ws/install/delivery_bot_nav/share/delivery_bot_nav/launch/install/setup.sh
[0.325s] -- Up-to-date symlink: /home/abanoub/delivery_bot_ws/install/delivery_bot_nav/share/delivery_bot_nav/launch/install/setup.zsh
[0.326s] -- Up-to-date symlink: /home/abanoub/delivery_bot_ws/install/delivery_bot_nav/share/delivery_bot_nav/launch/localization.launch.py
[0.327s] -- Up-to-date symlink: /home/abanoub/delivery_bot_ws/install/delivery_bot_nav/share/delivery_bot_nav/launch/log/COLCON_IGNORE
[0.328s] -- Up-to-date symlink: /home/abanoub/delivery_bot_ws/install/delivery_bot_nav/share/delivery_bot_nav/launch/log/build_2025-07-19_12-27-53/events.log
[0.328s] -- Up-to-date symlink: /home/abanoub/delivery_bot_ws/install/delivery_bot_nav/share/delivery_bot_nav/launch/log/build_2025-07-19_12-27-53/logger_all.log
[0.329s] -- Up-to-date symlink: /home/abanoub/delivery_bot_ws/install/delivery_bot_nav/share/delivery_bot_nav/launch/log/latest/events.log
[0.329s] -- Up-to-date symlink: /home/abanoub/delivery_bot_ws/install/delivery_bot_nav/share/delivery_bot_nav/launch/log/latest/logger_all.log
[0.331s] -- Up-to-date symlink: /home/abanoub/delivery_bot_ws/install/delivery_bot_nav/share/delivery_bot_nav/launch/log/latest_build/events.log
[0.333s] -- Up-to-date symlink: /home/abanoub/delivery_bot_ws/install/delivery_bot_nav/share/delivery_bot_nav/launch/log/latest_build/logger_all.log
[0.333s] -- Up-to-date symlink: /home/abanoub/delivery_bot_ws/install/delivery_bot_nav/share/delivery_bot_nav/launch/nav2_bringup.launch.py
[0.333s] -- Up-to-date symlink: /home/abanoub/delivery_bot_ws/install/delivery_bot_nav/share/delivery_bot_nav/launch/nav2_bt_navigator.launch.py
[0.334s] -- Up-to-date symlink: /home/abanoub/delivery_bot_ws/install/delivery_bot_nav/share/ament_index/resource_index/package_run_dependencies/delivery_bot_nav
[0.334s] -- Up-to-date symlink: /home/abanoub/delivery_bot_ws/install/delivery_bot_nav/share/ament_index/resource_index/parent_prefix_path/delivery_bot_nav
[0.335s] -- Up-to-date symlink: /home/abanoub/delivery_bot_ws/install/delivery_bot_nav/share/delivery_bot_nav/environment/ament_prefix_path.sh
[0.335s] -- Up-to-date symlink: /home/abanoub/delivery_bot_ws/install/delivery_bot_nav/share/delivery_bot_nav/environment/ament_prefix_path.dsv
[0.335s] -- Up-to-date symlink: /home/abanoub/delivery_bot_ws/install/delivery_bot_nav/share/delivery_bot_nav/environment/path.sh
[0.336s] -- Up-to-date symlink: /home/abanoub/delivery_bot_ws/install/delivery_bot_nav/share/delivery_bot_nav/environment/path.dsv
[0.337s] -- Up-to-date symlink: /home/abanoub/delivery_bot_ws/install/delivery_bot_nav/share/delivery_bot_nav/local_setup.bash
[0.337s] -- Up-to-date symlink: /home/abanoub/delivery_bot_ws/install/delivery_bot_nav/share/delivery_bot_nav/local_setup.sh
[0.337s] -- Up-to-date symlink: /home/abanoub/delivery_bot_ws/install/delivery_bot_nav/share/delivery_bot_nav/local_setup.zsh
[0.337s] -- Up-to-date symlink: /home/abanoub/delivery_bot_ws/install/delivery_bot_nav/share/delivery_bot_nav/local_setup.dsv
[0.337s] -- Symlinking: /home/abanoub/delivery_bot_ws/install/delivery_bot_nav/share/delivery_bot_nav/package.dsv
[0.371s] -- Up-to-date symlink: /home/abanoub/delivery_bot_ws/install/delivery_bot_nav/share/ament_index/resource_index/packages/delivery_bot_nav
[0.371s] -- Up-to-date symlink: /home/abanoub/delivery_bot_ws/install/delivery_bot_nav/share/delivery_bot_nav/cmake/delivery_bot_navConfig.cmake
[0.371s] -- Up-to-date symlink: /home/abanoub/delivery_bot_ws/install/delivery_bot_nav/share/delivery_bot_nav/cmake/delivery_bot_navConfig-version.cmake
[0.371s] -- Up-to-date symlink: /home/abanoub/delivery_bot_ws/install/delivery_bot_nav/share/delivery_bot_nav/package.xml
[0.379s] Invoked command in '/home/abanoub/delivery_bot_ws/build/delivery_bot_nav' returned '0': CMAKE_PREFIX_PATH=${CMAKE_PREFIX_PATH}:/opt/ros/humble /usr/bin/cmake --install /home/abanoub/delivery_bot_ws/build/delivery_bot_nav
