[0.064s] Invoking command in '/home/abanoub/delivery_bot_ws/build/robot_description': CMAKE_PREFIX_PATH=${CMAKE_PREFIX_PATH}:/opt/ros/humble /usr/bin/cmake --build /home/abanoub/delivery_bot_ws/build/robot_description -- -j20 -l20
[0.128s] Invoked command in '/home/abanoub/delivery_bot_ws/build/robot_description' returned '0': CMAKE_PREFIX_PATH=${CMAKE_PREFIX_PATH}:/opt/ros/humble /usr/bin/cmake --build /home/abanoub/delivery_bot_ws/build/robot_description -- -j20 -l20
[0.156s] Invoking command in '/home/abanoub/delivery_bot_ws/build/robot_description': CMAKE_PREFIX_PATH=${CMAKE_PREFIX_PATH}:/opt/ros/humble /usr/bin/cmake --install /home/abanoub/delivery_bot_ws/build/robot_description
[0.165s] -- Install configuration: ""
[0.166s] -- Up-to-date: /home/abanoub/delivery_bot_ws/install/robot_description/share/robot_description/launch
[0.167s] -- Installing: /home/abanoub/delivery_bot_ws/install/robot_description/share/robot_description/launch/spawn_and_rviz.launch.py
[0.167s] -- Up-to-date: /home/abanoub/delivery_bot_ws/install/robot_description/share/robot_description/urdf
[0.167s] -- Up-to-date: /home/abanoub/delivery_bot_ws/install/robot_description/share/robot_description/urdf/delivery_bot.xacro
[0.168s] -- Up-to-date: /home/abanoub/delivery_bot_ws/install/robot_description/share/robot_description/config
[0.168s] -- Up-to-date: /home/abanoub/delivery_bot_ws/install/robot_description/share/robot_description/config/controller_config.yaml
[0.168s] -- Up-to-date: /home/abanoub/delivery_bot_ws/install/robot_description/share/ament_index/resource_index/package_run_dependencies/robot_description
[0.168s] -- Up-to-date: /home/abanoub/delivery_bot_ws/install/robot_description/share/ament_index/resource_index/parent_prefix_path/robot_description
[0.169s] -- Up-to-date: /home/abanoub/delivery_bot_ws/install/robot_description/share/robot_description/environment/ament_prefix_path.sh
[0.169s] -- Up-to-date: /home/abanoub/delivery_bot_ws/install/robot_description/share/robot_description/environment/ament_prefix_path.dsv
[0.169s] -- Up-to-date: /home/abanoub/delivery_bot_ws/install/robot_description/share/robot_description/environment/path.sh
[0.169s] -- Up-to-date: /home/abanoub/delivery_bot_ws/install/robot_description/share/robot_description/environment/path.dsv
[0.169s] -- Up-to-date: /home/abanoub/delivery_bot_ws/install/robot_description/share/robot_description/local_setup.bash
[0.169s] -- Up-to-date: /home/abanoub/delivery_bot_ws/install/robot_description/share/robot_description/local_setup.sh
[0.169s] -- Up-to-date: /home/abanoub/delivery_bot_ws/install/robot_description/share/robot_description/local_setup.zsh
[0.170s] -- Up-to-date: /home/abanoub/delivery_bot_ws/install/robot_description/share/robot_description/local_setup.dsv
[0.170s] -- Installing: /home/abanoub/delivery_bot_ws/install/robot_description/share/robot_description/package.dsv
[0.170s] -- Up-to-date: /home/abanoub/delivery_bot_ws/install/robot_description/share/ament_index/resource_index/packages/robot_description
[0.170s] -- Up-to-date: /home/abanoub/delivery_bot_ws/install/robot_description/share/robot_description/cmake/robot_descriptionConfig.cmake
[0.170s] -- Up-to-date: /home/abanoub/delivery_bot_ws/install/robot_description/share/robot_description/cmake/robot_descriptionConfig-version.cmake
[0.170s] -- Up-to-date: /home/abanoub/delivery_bot_ws/install/robot_description/share/robot_description/package.xml
[0.237s] Invoked command in '/home/abanoub/delivery_bot_ws/build/robot_description' returned '0': CMAKE_PREFIX_PATH=${CMAKE_PREFIX_PATH}:/opt/ros/humble /usr/bin/cmake --install /home/abanoub/delivery_bot_ws/build/robot_description
