-- Found ament_cmake: 2.5.4 (/opt/ros/jazzy/share/ament_cmake/cmake)
-- Override CMake install command with custom implementation using symlinks instead of copying resources
-- Found rclcpp: 28.1.11 (/opt/ros/jazzy/share/rclcpp/cmake)
-- Found rosidl_generator_c: 4.6.6 (/opt/ros/jazzy/share/rosidl_generator_c/cmake)
-- Found rosidl_generator_cpp: 4.6.6 (/opt/ros/jazzy/share/rosidl_generator_cpp/cmake)
-- Using all available rosidl_typesupport_c: rosidl_typesupport_fastrtps_c;rosidl_typesupport_introspection_c
-- Using all available rosidl_typesupport_cpp: rosidl_typesupport_fastrtps_cpp;rosidl_typesupport_introspection_cpp
-- Found rmw_implementation_cmake: 7.3.2 (/opt/ros/jazzy/share/rmw_implementation_cmake/cmake)
-- Found rmw_fastrtps_cpp: 8.4.3 (/opt/ros/jazzy/share/rmw_fastrtps_cpp/cmake)
-- Using RMW implementation 'rmw_fastrtps_cpp' as default
-- Found rclcpp_components: 28.1.11 (/opt/ros/jazzy/share/rclcpp_components/cmake)
-- Found sensor_msgs: 5.3.6 (/opt/ros/jazzy/share/sensor_msgs/cmake)
-- Found trajectory_msgs: 5.3.6 (/opt/ros/jazzy/share/trajectory_msgs/cmake)
-- Found nav_msgs: 5.3.6 (/opt/ros/jazzy/share/nav_msgs/cmake)
-- Found tf2_ros: 0.36.14 (/opt/ros/jazzy/share/tf2_ros/cmake)
-- Found control_msgs: 5.5.0 (/opt/ros/jazzy/share/control_msgs/cmake)
-- Found pluginlib: 5.4.2 (/opt/ros/jazzy/share/pluginlib/cmake)
-- Found hardware_interface: 4.35.0 (/opt/ros/jazzy/share/hardware_interface/cmake)
-- Found ros2_control: 4.35.0 (/opt/ros/jazzy/share/ros2_control/cmake)
-- Found controller_manager: 4.35.0 (/opt/ros/jazzy/share/controller_manager/cmake)
-- Found ros2_controllers: 4.30.1 (/opt/ros/jazzy/share/ros2_controllers/cmake)
-- Found gz_ros2_control: 1.2.14 (/opt/ros/jazzy/share/gz_ros2_control/cmake)
-- Configuring done (0.8s)
-- Generating done (0.0s)
-- Build files have been written to: /home/abanoub/delivery_bot_ws/build/my_robot_description
-- Install configuration: ""
-- Execute custom install script
-- Up-to-date symlink: /home/abanoub/delivery_bot_ws/install/my_robot_description/share/my_robot_description/models/delivery_bot/meshes/base_link.part
-- Up-to-date symlink: /home/abanoub/delivery_bot_ws/install/my_robot_description/share/my_robot_description/models/delivery_bot/meshes/base_link.stl
-- Up-to-date symlink: /home/abanoub/delivery_bot_ws/install/my_robot_description/share/my_robot_description/models/delivery_bot/meshes/column_support.part
-- Up-to-date symlink: /home/abanoub/delivery_bot_ws/install/my_robot_description/share/my_robot_description/models/delivery_bot/meshes/column_support.stl
-- Up-to-date symlink: /home/abanoub/delivery_bot_ws/install/my_robot_description/share/my_robot_description/models/delivery_bot/meshes/geared_dc_motor_with_encoder___ts_25ga370h.part
-- Up-to-date symlink: /home/abanoub/delivery_bot_ws/install/my_robot_description/share/my_robot_description/models/delivery_bot/meshes/geared_dc_motor_with_encoder___ts_25ga370h.stl
-- Up-to-date symlink: /home/abanoub/delivery_bot_ws/install/my_robot_description/share/my_robot_description/models/delivery_bot/meshes/motor_mount.part
-- Up-to-date symlink: /home/abanoub/delivery_bot_ws/install/my_robot_description/share/my_robot_description/models/delivery_bot/meshes/motor_mount.stl
-- Up-to-date symlink: /home/abanoub/delivery_bot_ws/install/my_robot_description/share/my_robot_description/models/delivery_bot/meshes/part_1.part
-- Up-to-date symlink: /home/abanoub/delivery_bot_ws/install/my_robot_description/share/my_robot_description/models/delivery_bot/meshes/part_1.stl
-- Up-to-date symlink: /home/abanoub/delivery_bot_ws/install/my_robot_description/share/my_robot_description/models/delivery_bot/meshes/part_10.part
-- Up-to-date symlink: /home/abanoub/delivery_bot_ws/install/my_robot_description/share/my_robot_description/models/delivery_bot/meshes/part_10.stl
-- Up-to-date symlink: /home/abanoub/delivery_bot_ws/install/my_robot_description/share/my_robot_description/models/delivery_bot/meshes/part_11.part
-- Up-to-date symlink: /home/abanoub/delivery_bot_ws/install/my_robot_description/share/my_robot_description/models/delivery_bot/meshes/part_11.stl
-- Up-to-date symlink: /home/abanoub/delivery_bot_ws/install/my_robot_description/share/my_robot_description/models/delivery_bot/meshes/part_12.part
-- Up-to-date symlink: /home/abanoub/delivery_bot_ws/install/my_robot_description/share/my_robot_description/models/delivery_bot/meshes/part_12.stl
-- Up-to-date symlink: /home/abanoub/delivery_bot_ws/install/my_robot_description/share/my_robot_description/models/delivery_bot/meshes/part_13.part
-- Up-to-date symlink: /home/abanoub/delivery_bot_ws/install/my_robot_description/share/my_robot_description/models/delivery_bot/meshes/part_13.stl
-- Up-to-date symlink: /home/abanoub/delivery_bot_ws/install/my_robot_description/share/my_robot_description/models/delivery_bot/meshes/part_14.part
-- Up-to-date symlink: /home/abanoub/delivery_bot_ws/install/my_robot_description/share/my_robot_description/models/delivery_bot/meshes/part_14.stl
-- Up-to-date symlink: /home/abanoub/delivery_bot_ws/install/my_robot_description/share/my_robot_description/models/delivery_bot/meshes/part_15.part
-- Up-to-date symlink: /home/abanoub/delivery_bot_ws/install/my_robot_description/share/my_robot_description/models/delivery_bot/meshes/part_15.stl
-- Up-to-date symlink: /home/abanoub/delivery_bot_ws/install/my_robot_description/share/my_robot_description/models/delivery_bot/meshes/part_16.part
-- Up-to-date symlink: /home/abanoub/delivery_bot_ws/install/my_robot_description/share/my_robot_description/models/delivery_bot/meshes/part_16.stl
-- Up-to-date symlink: /home/abanoub/delivery_bot_ws/install/my_robot_description/share/my_robot_description/models/delivery_bot/meshes/part_17.part
-- Up-to-date symlink: /home/abanoub/delivery_bot_ws/install/my_robot_description/share/my_robot_description/models/delivery_bot/meshes/part_17.stl
-- Up-to-date symlink: /home/abanoub/delivery_bot_ws/install/my_robot_description/share/my_robot_description/models/delivery_bot/meshes/part_18.part
-- Up-to-date symlink: /home/abanoub/delivery_bot_ws/install/my_robot_description/share/my_robot_description/models/delivery_bot/meshes/part_18.stl
-- Up-to-date symlink: /home/abanoub/delivery_bot_ws/install/my_robot_description/share/my_robot_description/models/delivery_bot/meshes/part_19.part
-- Up-to-date symlink: /home/abanoub/delivery_bot_ws/install/my_robot_description/share/my_robot_description/models/delivery_bot/meshes/part_19.stl
-- Up-to-date symlink: /home/abanoub/delivery_bot_ws/install/my_robot_description/share/my_robot_description/models/delivery_bot/meshes/part_1__2.part
-- Up-to-date symlink: /home/abanoub/delivery_bot_ws/install/my_robot_description/share/my_robot_description/models/delivery_bot/meshes/part_1__2.stl
-- Up-to-date symlink: /home/abanoub/delivery_bot_ws/install/my_robot_description/share/my_robot_description/models/delivery_bot/meshes/part_2.part
-- Up-to-date symlink: /home/abanoub/delivery_bot_ws/install/my_robot_description/share/my_robot_description/models/delivery_bot/meshes/part_2.stl
-- Up-to-date symlink: /home/abanoub/delivery_bot_ws/install/my_robot_description/share/my_robot_description/models/delivery_bot/meshes/part_20.part
-- Up-to-date symlink: /home/abanoub/delivery_bot_ws/install/my_robot_description/share/my_robot_description/models/delivery_bot/meshes/part_20.stl
-- Up-to-date symlink: /home/abanoub/delivery_bot_ws/install/my_robot_description/share/my_robot_description/models/delivery_bot/meshes/part_3.part
-- Up-to-date symlink: /home/abanoub/delivery_bot_ws/install/my_robot_description/share/my_robot_description/models/delivery_bot/meshes/part_3.stl
-- Up-to-date symlink: /home/abanoub/delivery_bot_ws/install/my_robot_description/share/my_robot_description/models/delivery_bot/meshes/part_4.part
-- Up-to-date symlink: /home/abanoub/delivery_bot_ws/install/my_robot_description/share/my_robot_description/models/delivery_bot/meshes/part_4.stl
-- Up-to-date symlink: /home/abanoub/delivery_bot_ws/install/my_robot_description/share/my_robot_description/models/delivery_bot/meshes/part_5.part
-- Up-to-date symlink: /home/abanoub/delivery_bot_ws/install/my_robot_description/share/my_robot_description/models/delivery_bot/meshes/part_5.stl
-- Up-to-date symlink: /home/abanoub/delivery_bot_ws/install/my_robot_description/share/my_robot_description/models/delivery_bot/meshes/part_6.part
-- Up-to-date symlink: /home/abanoub/delivery_bot_ws/install/my_robot_description/share/my_robot_description/models/delivery_bot/meshes/part_6.stl
-- Up-to-date symlink: /home/abanoub/delivery_bot_ws/install/my_robot_description/share/my_robot_description/models/delivery_bot/meshes/part_7.part
-- Up-to-date symlink: /home/abanoub/delivery_bot_ws/install/my_robot_description/share/my_robot_description/models/delivery_bot/meshes/part_7.stl
-- Up-to-date symlink: /home/abanoub/delivery_bot_ws/install/my_robot_description/share/my_robot_description/models/delivery_bot/meshes/part_8.part
-- Up-to-date symlink: /home/abanoub/delivery_bot_ws/install/my_robot_description/share/my_robot_description/models/delivery_bot/meshes/part_8.stl
-- Up-to-date symlink: /home/abanoub/delivery_bot_ws/install/my_robot_description/share/my_robot_description/models/delivery_bot/meshes/part_9.part
-- Up-to-date symlink: /home/abanoub/delivery_bot_ws/install/my_robot_description/share/my_robot_description/models/delivery_bot/meshes/part_9.stl
-- Up-to-date symlink: /home/abanoub/delivery_bot_ws/install/my_robot_description/share/my_robot_description/models/delivery_bot/meshes/top_plate.part
-- Up-to-date symlink: /home/abanoub/delivery_bot_ws/install/my_robot_description/share/my_robot_description/models/delivery_bot/meshes/top_plate.stl
-- Up-to-date symlink: /home/abanoub/delivery_bot_ws/install/my_robot_description/share/my_robot_description/models/delivery_bot/meshes/wheel.part
-- Up-to-date symlink: /home/abanoub/delivery_bot_ws/install/my_robot_description/share/my_robot_description/models/delivery_bot/meshes/wheel.stl
-- Up-to-date symlink: /home/abanoub/delivery_bot_ws/install/my_robot_description/share/my_robot_description/models/delivery_bot/model.config
-- Up-to-date symlink: /home/abanoub/delivery_bot_ws/install/my_robot_description/share/my_robot_description/urdf/config.json
-- Up-to-date symlink: /home/abanoub/delivery_bot_ws/install/my_robot_description/share/my_robot_description/urdf/robot_v3.xacro
-- Up-to-date symlink: /home/abanoub/delivery_bot_ws/install/my_robot_description/share/my_robot_description/launch/gazebo.launch.py
-- Up-to-date symlink: /home/abanoub/delivery_bot_ws/install/my_robot_description/share/my_robot_description/launch/slam.launch.py
-- Up-to-date symlink: /home/abanoub/delivery_bot_ws/install/my_robot_description/share/ament_index/resource_index/package_run_dependencies/my_robot_description
-- Up-to-date symlink: /home/abanoub/delivery_bot_ws/install/my_robot_description/share/ament_index/resource_index/parent_prefix_path/my_robot_description
-- Up-to-date symlink: /home/abanoub/delivery_bot_ws/install/my_robot_description/share/my_robot_description/environment/ament_prefix_path.sh
-- Up-to-date symlink: /home/abanoub/delivery_bot_ws/install/my_robot_description/share/my_robot_description/environment/ament_prefix_path.dsv
-- Up-to-date symlink: /home/abanoub/delivery_bot_ws/install/my_robot_description/share/my_robot_description/environment/path.sh
-- Up-to-date symlink: /home/abanoub/delivery_bot_ws/install/my_robot_description/share/my_robot_description/environment/path.dsv
-- Up-to-date symlink: /home/abanoub/delivery_bot_ws/install/my_robot_description/share/my_robot_description/local_setup.bash
-- Up-to-date symlink: /home/abanoub/delivery_bot_ws/install/my_robot_description/share/my_robot_description/local_setup.sh
-- Up-to-date symlink: /home/abanoub/delivery_bot_ws/install/my_robot_description/share/my_robot_description/local_setup.zsh
-- Up-to-date symlink: /home/abanoub/delivery_bot_ws/install/my_robot_description/share/my_robot_description/local_setup.dsv
-- Symlinking: /home/abanoub/delivery_bot_ws/install/my_robot_description/share/my_robot_description/package.dsv
-- Up-to-date symlink: /home/abanoub/delivery_bot_ws/install/my_robot_description/share/ament_index/resource_index/packages/my_robot_description
-- Up-to-date symlink: /home/abanoub/delivery_bot_ws/install/my_robot_description/share/my_robot_description/cmake/my_robot_descriptionConfig.cmake
-- Up-to-date symlink: /home/abanoub/delivery_bot_ws/install/my_robot_description/share/my_robot_description/cmake/my_robot_descriptionConfig-version.cmake
-- Up-to-date symlink: /home/abanoub/delivery_bot_ws/install/my_robot_description/share/my_robot_description/package.xml
