[7.853s] Invoking command in '/home/abanoub/delivery_bot_ws/src/twist_to_stamped': DEBUGINFOD_URLS=https://debuginfod.ubuntu.com PYTHONPATH=/home/abanoub/delivery_bot_ws/build/twist_to_stamped/prefix_override:/usr/lib/python3/dist-packages/colcon_core/task/python/colcon_distutils_commands:/home/abanoub/delivery_bot_ws/install/twist_to_stamped/lib/python3.12/site-packages:${PYTHONPATH} /usr/bin/python3 -W ignore:setup.py install is deprecated -W ignore:easy_install command is deprecated setup.py egg_info --egg-base ../../build/twist_to_stamped build --build-base /home/abanoub/delivery_bot_ws/build/twist_to_stamped/build install --record /home/abanoub/delivery_bot_ws/build/twist_to_stamped/install.log --single-version-externally-managed
[7.976s] running egg_info
[7.976s] creating ../../build/twist_to_stamped/twist_to_stamped.egg-info
[7.985s] writing ../../build/twist_to_stamped/twist_to_stamped.egg-info/PKG-INFO
[7.985s] writing dependency_links to ../../build/twist_to_stamped/twist_to_stamped.egg-info/dependency_links.txt
[7.985s] writing entry points to ../../build/twist_to_stamped/twist_to_stamped.egg-info/entry_points.txt
[7.985s] writing requirements to ../../build/twist_to_stamped/twist_to_stamped.egg-info/requires.txt
[7.985s] writing top-level names to ../../build/twist_to_stamped/twist_to_stamped.egg-info/top_level.txt
[7.985s] writing manifest file '../../build/twist_to_stamped/twist_to_stamped.egg-info/SOURCES.txt'
[8.003s] reading manifest file '../../build/twist_to_stamped/twist_to_stamped.egg-info/SOURCES.txt'
[8.003s] writing manifest file '../../build/twist_to_stamped/twist_to_stamped.egg-info/SOURCES.txt'
[8.003s] running build
[8.003s] running build_py
[8.003s] creating /home/abanoub/delivery_bot_ws/build/twist_to_stamped/build
[8.003s] creating /home/abanoub/delivery_bot_ws/build/twist_to_stamped/build/lib
[8.003s] copying twist_to_stamped_node.py -> /home/abanoub/delivery_bot_ws/build/twist_to_stamped/build/lib
[8.003s] running install
[8.007s] running install_lib
[8.016s] copying /home/abanoub/delivery_bot_ws/build/twist_to_stamped/build/lib/twist_to_stamped_node.py -> /home/abanoub/delivery_bot_ws/install/twist_to_stamped/lib/python3.12/site-packages
[8.017s] byte-compiling /home/abanoub/delivery_bot_ws/install/twist_to_stamped/lib/python3.12/site-packages/twist_to_stamped_node.py to twist_to_stamped_node.cpython-312.pyc
[8.017s] running install_egg_info
[8.027s] Copying ../../build/twist_to_stamped/twist_to_stamped.egg-info to /home/abanoub/delivery_bot_ws/install/twist_to_stamped/lib/python3.12/site-packages/twist_to_stamped-0.0.1-py3.12.egg-info
[8.027s] running install_scripts
[8.093s] Installing twist_to_stamped script to /home/abanoub/delivery_bot_ws/install/twist_to_stamped/bin
[8.093s] writing list of installed files to '/home/abanoub/delivery_bot_ws/build/twist_to_stamped/install.log'
[8.107s] Invoked command in '/home/abanoub/delivery_bot_ws/src/twist_to_stamped' returned '0': DEBUGINFOD_URLS=https://debuginfod.ubuntu.com PYTHONPATH=/home/abanoub/delivery_bot_ws/build/twist_to_stamped/prefix_override:/usr/lib/python3/dist-packages/colcon_core/task/python/colcon_distutils_commands:/home/abanoub/delivery_bot_ws/install/twist_to_stamped/lib/python3.12/site-packages:${PYTHONPATH} /usr/bin/python3 -W ignore:setup.py install is deprecated -W ignore:easy_install command is deprecated setup.py egg_info --egg-base ../../build/twist_to_stamped build --build-base /home/abanoub/delivery_bot_ws/build/twist_to_stamped/build install --record /home/abanoub/delivery_bot_ws/build/twist_to_stamped/install.log --single-version-externally-managed
