[0.018s] Invoking command in '/home/abanoub/delivery_bot_ws/build/delivery_bot_nav': CMAKE_PREFIX_PATH=${CMAKE_PREFIX_PATH}:/opt/ros/jazzy DEBUGINFOD_URLS=https://debuginfod.ubuntu.com /usr/bin/cmake --build /home/abanoub/delivery_bot_ws/build/delivery_bot_nav -- -j20 -l20
[0.038s] -- Found ament_cmake: 2.5.4 (/opt/ros/jazzy/share/ament_cmake/cmake)
[0.175s] -- Override CMake install command with custom implementation using symlinks instead of copying resources
[0.261s] -- Configuring done (0.2s)
[0.263s] -- Generating done (0.0s)
[0.301s] -- Build files have been written to: /home/abanoub/delivery_bot_ws/build/delivery_bot_nav
[0.316s] Invoked command in '/home/abanoub/delivery_bot_ws/build/delivery_bot_nav' returned '0': CMAKE_PREFIX_PATH=${CMAKE_PREFIX_PATH}:/opt/ros/jazzy DEBUGINFOD_URLS=https://debuginfod.ubuntu.com /usr/bin/cmake --build /home/abanoub/delivery_bot_ws/build/delivery_bot_nav -- -j20 -l20
[0.317s] Invoking command in '/home/abanoub/delivery_bot_ws/build/delivery_bot_nav': CMAKE_PREFIX_PATH=${CMAKE_PREFIX_PATH}:/opt/ros/jazzy DEBUGINFOD_URLS=https://debuginfod.ubuntu.com /usr/bin/cmake --install /home/abanoub/delivery_bot_ws/build/delivery_bot_nav
[0.323s] -- Install configuration: ""
[0.323s] -- Execute custom install script
[0.323s] -- Up-to-date symlink: /home/abanoub/delivery_bot_ws/install/delivery_bot_nav/lib/delivery_bot_nav/twist_to_stamped_node.py
[0.323s] -- Up-to-date symlink: /home/abanoub/delivery_bot_ws/install/delivery_bot_nav/share/delivery_bot_nav/src/twist_to_stamped_node.py
[0.324s] -- Up-to-date symlink: /home/abanoub/delivery_bot_ws/install/delivery_bot_nav/share/delivery_bot_nav/config/nav2_params.yaml
[0.324s] -- Up-to-date symlink: /home/abanoub/delivery_bot_ws/install/delivery_bot_nav/share/delivery_bot_nav/config/nav_config/amcl_params.yaml
[0.324s] -- Up-to-date symlink: /home/abanoub/delivery_bot_ws/install/delivery_bot_nav/share/delivery_bot_nav/config/nav_config/controller_params.yaml
[0.324s] -- Up-to-date symlink: /home/abanoub/delivery_bot_ws/install/delivery_bot_nav/share/delivery_bot_nav/config/nav_config/costmap_params.yaml
[0.324s] -- Up-to-date symlink: /home/abanoub/delivery_bot_ws/install/delivery_bot_nav/share/delivery_bot_nav/config/nav_config/nav2_params.yaml
[0.324s] -- Up-to-date symlink: /home/abanoub/delivery_bot_ws/install/delivery_bot_nav/share/delivery_bot_nav/config/nav_config/planner_params.yaml
[0.324s] -- Up-to-date symlink: /home/abanoub/delivery_bot_ws/install/delivery_bot_nav/share/delivery_bot_nav/config/nav_config/recovery_params.yaml
[0.324s] -- Up-to-date symlink: /home/abanoub/delivery_bot_ws/install/delivery_bot_nav/share/delivery_bot_nav/config/voice_interface/speech_params.yaml
[0.324s] -- Up-to-date symlink: /home/abanoub/delivery_bot_ws/install/delivery_bot_nav/share/delivery_bot_nav/config/voice_interface/voice_commands.yaml
[0.324s] -- Up-to-date symlink: /home/abanoub/delivery_bot_ws/install/delivery_bot_nav/share/delivery_bot_nav/config/waypoint_mng/waypoint_manager_params.yaml
[0.324s] -- Up-to-date symlink: /home/abanoub/delivery_bot_ws/install/delivery_bot_nav/share/delivery_bot_nav/config/waypoint_mng/waypoints.yaml
[0.324s] -- Up-to-date symlink: /home/abanoub/delivery_bot_ws/install/delivery_bot_nav/share/delivery_bot_nav/launch/delivery_system.launch.py
[0.324s] -- Up-to-date symlink: /home/abanoub/delivery_bot_ws/install/delivery_bot_nav/share/delivery_bot_nav/launch/localization.launch.py
[0.324s] -- Up-to-date symlink: /home/abanoub/delivery_bot_ws/install/delivery_bot_nav/share/delivery_bot_nav/launch/navigation.launch.py
[0.324s] -- Up-to-date symlink: /home/abanoub/delivery_bot_ws/install/delivery_bot_nav/share/delivery_bot_nav/launch/voice_navigation.launch.py
[0.324s] -- Up-to-date symlink: /home/abanoub/delivery_bot_ws/install/delivery_bot_nav/share/delivery_bot_nav/launch/waypoint_manager.launch.py
[0.324s] -- Up-to-date symlink: /home/abanoub/delivery_bot_ws/install/delivery_bot_nav/share/delivery_bot_nav/maps/my_map.data
[0.324s] -- Up-to-date symlink: /home/abanoub/delivery_bot_ws/install/delivery_bot_nav/share/delivery_bot_nav/maps/my_map.pgm
[0.325s] -- Up-to-date symlink: /home/abanoub/delivery_bot_ws/install/delivery_bot_nav/share/delivery_bot_nav/maps/my_map.posegraph
[0.325s] -- Up-to-date symlink: /home/abanoub/delivery_bot_ws/install/delivery_bot_nav/share/delivery_bot_nav/maps/my_map.yaml
[0.325s] -- Up-to-date symlink: /home/abanoub/delivery_bot_ws/install/delivery_bot_nav/share/delivery_bot_nav/behaviour_trees/delivery_sequence.xml
[0.325s] -- Up-to-date symlink: /home/abanoub/delivery_bot_ws/install/delivery_bot_nav/share/delivery_bot_nav/behaviour_trees/localization_recovery.xml
[0.325s] -- Up-to-date symlink: /home/abanoub/delivery_bot_ws/install/delivery_bot_nav/share/delivery_bot_nav/behaviour_trees/navigate_to_waypoint.xml
[0.325s] -- Up-to-date symlink: /home/abanoub/delivery_bot_ws/install/delivery_bot_nav/share/delivery_bot_nav/behaviour_trees/patrol_mode.xml
[0.325s] -- Up-to-date symlink: /home/abanoub/delivery_bot_ws/install/delivery_bot_nav/share/delivery_bot_nav/behaviour_trees/retry_navigation.xml
[0.325s] -- Up-to-date symlink: /home/abanoub/delivery_bot_ws/install/delivery_bot_nav/share/delivery_bot_nav/behaviour_trees/stuck_recovery.xml
[0.325s] -- Up-to-date symlink: /home/abanoub/delivery_bot_ws/install/delivery_bot_nav/share/delivery_bot_nav/behaviour_trees/voice_triggered_nav.xml
[0.325s] -- Up-to-date symlink: /home/abanoub/delivery_bot_ws/install/delivery_bot_nav/share/delivery_bot_nav/rviz/nav.rviz
[0.325s] -- Up-to-date symlink: /home/abanoub/delivery_bot_ws/install/delivery_bot_nav/share/delivery_bot_nav/rviz/slam.rviz
[0.325s] -- Up-to-date symlink: /home/abanoub/delivery_bot_ws/install/delivery_bot_nav/share/ament_index/resource_index/package_run_dependencies/delivery_bot_nav
[0.325s] -- Up-to-date symlink: /home/abanoub/delivery_bot_ws/install/delivery_bot_nav/share/ament_index/resource_index/parent_prefix_path/delivery_bot_nav
[0.325s] -- Up-to-date symlink: /home/abanoub/delivery_bot_ws/install/delivery_bot_nav/share/delivery_bot_nav/environment/ament_prefix_path.sh
[0.325s] -- Up-to-date symlink: /home/abanoub/delivery_bot_ws/install/delivery_bot_nav/share/delivery_bot_nav/environment/ament_prefix_path.dsv
[0.325s] -- Up-to-date symlink: /home/abanoub/delivery_bot_ws/install/delivery_bot_nav/share/delivery_bot_nav/environment/path.sh
[0.325s] -- Up-to-date symlink: /home/abanoub/delivery_bot_ws/install/delivery_bot_nav/share/delivery_bot_nav/environment/path.dsv
[0.326s] -- Up-to-date symlink: /home/abanoub/delivery_bot_ws/install/delivery_bot_nav/share/delivery_bot_nav/local_setup.bash
[0.326s] -- Up-to-date symlink: /home/abanoub/delivery_bot_ws/install/delivery_bot_nav/share/delivery_bot_nav/local_setup.sh
[0.326s] -- Up-to-date symlink: /home/abanoub/delivery_bot_ws/install/delivery_bot_nav/share/delivery_bot_nav/local_setup.zsh
[0.326s] -- Up-to-date symlink: /home/abanoub/delivery_bot_ws/install/delivery_bot_nav/share/delivery_bot_nav/local_setup.dsv
[0.326s] -- Symlinking: /home/abanoub/delivery_bot_ws/install/delivery_bot_nav/share/delivery_bot_nav/package.dsv
[0.332s] -- Up-to-date symlink: /home/abanoub/delivery_bot_ws/install/delivery_bot_nav/share/ament_index/resource_index/packages/delivery_bot_nav
[0.332s] -- Up-to-date symlink: /home/abanoub/delivery_bot_ws/install/delivery_bot_nav/share/delivery_bot_nav/cmake/delivery_bot_navConfig.cmake
[0.332s] -- Up-to-date symlink: /home/abanoub/delivery_bot_ws/install/delivery_bot_nav/share/delivery_bot_nav/cmake/delivery_bot_navConfig-version.cmake
[0.332s] -- Up-to-date symlink: /home/abanoub/delivery_bot_ws/install/delivery_bot_nav/share/delivery_bot_nav/package.xml
[0.333s] Invoked command in '/home/abanoub/delivery_bot_ws/build/delivery_bot_nav' returned '0': CMAKE_PREFIX_PATH=${CMAKE_PREFIX_PATH}:/opt/ros/jazzy DEBUGINFOD_URLS=https://debuginfod.ubuntu.com /usr/bin/cmake --install /home/abanoub/delivery_bot_ws/build/delivery_bot_nav
