[0.153s] Invoking command in '/home/abanoub/delivery_bot_ws/build/delivery_bot_description': CMAKE_PREFIX_PATH=${CMAKE_PREFIX_PATH}:/opt/ros/jazzy DEBUGINFOD_URLS=https://debuginfod.ubuntu.com /usr/bin/cmake --build /home/abanoub/delivery_bot_ws/build/delivery_bot_description -- -j20 -l20
[1.261s] Invoked command in '/home/abanoub/delivery_bot_ws/build/delivery_bot_description' returned '0': CMAKE_PREFIX_PATH=${CMAKE_PREFIX_PATH}:/opt/ros/jazzy DEBUGINFOD_URLS=https://debuginfod.ubuntu.com /usr/bin/cmake --build /home/abanoub/delivery_bot_ws/build/delivery_bot_description -- -j20 -l20
[1.297s] Invoking command in '/home/abanoub/delivery_bot_ws/build/delivery_bot_description': CMAKE_PREFIX_PATH=${CMAKE_PREFIX_PATH}:/opt/ros/jazzy DEBUGINFOD_URLS=https://debuginfod.ubuntu.com /usr/bin/cmake --install /home/abanoub/delivery_bot_ws/build/delivery_bot_description
[1.339s] -- Install configuration: ""
[1.340s] -- Up-to-date: /home/abanoub/delivery_bot_ws/install/delivery_bot_description/share/delivery_bot_description/models
[1.340s] -- Up-to-date: /home/abanoub/delivery_bot_ws/install/delivery_bot_description/share/delivery_bot_description/models/delivery_bot_v2
[1.341s] -- Up-to-date: /home/abanoub/delivery_bot_ws/install/delivery_bot_description/share/delivery_bot_description/models/delivery_bot_v2/meshes
[1.342s] -- Up-to-date: /home/abanoub/delivery_bot_ws/install/delivery_bot_description/share/delivery_bot_description/models/delivery_bot_v2/meshes/part_19.stl
[1.342s] -- Up-to-date: /home/abanoub/delivery_bot_ws/install/delivery_bot_description/share/delivery_bot_description/models/delivery_bot_v2/meshes/part_12.stl
[1.342s] -- Up-to-date: /home/abanoub/delivery_bot_ws/install/delivery_bot_description/share/delivery_bot_description/models/delivery_bot_v2/meshes/middle_plate.part
[1.342s] -- Up-to-date: /home/abanoub/delivery_bot_ws/install/delivery_bot_description/share/delivery_bot_description/models/delivery_bot_v2/meshes/middle_plate.stl
[1.343s] -- Up-to-date: /home/abanoub/delivery_bot_ws/install/delivery_bot_description/share/delivery_bot_description/models/delivery_bot_v2/meshes/base_link.part
[1.343s] -- Up-to-date: /home/abanoub/delivery_bot_ws/install/delivery_bot_description/share/delivery_bot_description/models/delivery_bot_v2/meshes/part_2.stl
[1.343s] -- Up-to-date: /home/abanoub/delivery_bot_ws/install/delivery_bot_description/share/delivery_bot_description/models/delivery_bot_v2/meshes/part_9.part
[1.343s] -- Up-to-date: /home/abanoub/delivery_bot_ws/install/delivery_bot_description/share/delivery_bot_description/models/delivery_bot_v2/meshes/part_1__2.stl
[1.343s] -- Up-to-date: /home/abanoub/delivery_bot_ws/install/delivery_bot_description/share/delivery_bot_description/models/delivery_bot_v2/meshes/geared_dc_motor_with_encoder___ts_25ga370h.part
[1.343s] -- Up-to-date: /home/abanoub/delivery_bot_ws/install/delivery_bot_description/share/delivery_bot_description/models/delivery_bot_v2/meshes/part_14.part
[1.344s] -- Up-to-date: /home/abanoub/delivery_bot_ws/install/delivery_bot_description/share/delivery_bot_description/models/delivery_bot_v2/meshes/part_5.part
[1.344s] -- Up-to-date: /home/abanoub/delivery_bot_ws/install/delivery_bot_description/share/delivery_bot_description/models/delivery_bot_v2/meshes/part_20.stl
[1.344s] -- Up-to-date: /home/abanoub/delivery_bot_ws/install/delivery_bot_description/share/delivery_bot_description/models/delivery_bot_v2/meshes/part_12.part
[1.344s] -- Up-to-date: /home/abanoub/delivery_bot_ws/install/delivery_bot_description/share/delivery_bot_description/models/delivery_bot_v2/meshes/part_9.stl
[1.344s] -- Up-to-date: /home/abanoub/delivery_bot_ws/install/delivery_bot_description/share/delivery_bot_description/models/delivery_bot_v2/meshes/part_1__2.part
[1.345s] -- Up-to-date: /home/abanoub/delivery_bot_ws/install/delivery_bot_description/share/delivery_bot_description/models/delivery_bot_v2/meshes/part_1.part
[1.345s] -- Up-to-date: /home/abanoub/delivery_bot_ws/install/delivery_bot_description/share/delivery_bot_description/models/delivery_bot_v2/meshes/part_17.stl
[1.345s] -- Up-to-date: /home/abanoub/delivery_bot_ws/install/delivery_bot_description/share/delivery_bot_description/models/delivery_bot_v2/meshes/part_4.part
[1.345s] -- Up-to-date: /home/abanoub/delivery_bot_ws/install/delivery_bot_description/share/delivery_bot_description/models/delivery_bot_v2/meshes/part_1.stl
[1.345s] -- Up-to-date: /home/abanoub/delivery_bot_ws/install/delivery_bot_description/share/delivery_bot_description/models/delivery_bot_v2/meshes/part_4.stl
[1.346s] -- Up-to-date: /home/abanoub/delivery_bot_ws/install/delivery_bot_description/share/delivery_bot_description/models/delivery_bot_v2/meshes/part_19.part
[1.346s] -- Up-to-date: /home/abanoub/delivery_bot_ws/install/delivery_bot_description/share/delivery_bot_description/models/delivery_bot_v2/meshes/motor_mount.stl
[1.346s] -- Up-to-date: /home/abanoub/delivery_bot_ws/install/delivery_bot_description/share/delivery_bot_description/models/delivery_bot_v2/meshes/part_18.part
[1.346s] -- Up-to-date: /home/abanoub/delivery_bot_ws/install/delivery_bot_description/share/delivery_bot_description/models/delivery_bot_v2/meshes/top_plate.stl
[1.347s] -- Up-to-date: /home/abanoub/delivery_bot_ws/install/delivery_bot_description/share/delivery_bot_description/models/delivery_bot_v2/meshes/part_7.stl
[1.347s] -- Up-to-date: /home/abanoub/delivery_bot_ws/install/delivery_bot_description/share/delivery_bot_description/models/delivery_bot_v2/meshes/part_20.part
[1.347s] -- Up-to-date: /home/abanoub/delivery_bot_ws/install/delivery_bot_description/share/delivery_bot_description/models/delivery_bot_v2/meshes/part_14.stl
[1.348s] -- Up-to-date: /home/abanoub/delivery_bot_ws/install/delivery_bot_description/share/delivery_bot_description/models/delivery_bot_v2/meshes/part_10.part
[1.348s] -- Up-to-date: /home/abanoub/delivery_bot_ws/install/delivery_bot_description/share/delivery_bot_description/models/delivery_bot_v2/meshes/part_11.stl
[1.348s] -- Up-to-date: /home/abanoub/delivery_bot_ws/install/delivery_bot_description/share/delivery_bot_description/models/delivery_bot_v2/meshes/part_16.stl
[1.348s] -- Up-to-date: /home/abanoub/delivery_bot_ws/install/delivery_bot_description/share/delivery_bot_description/models/delivery_bot_v2/meshes/part_11.part
[1.348s] -- Up-to-date: /home/abanoub/delivery_bot_ws/install/delivery_bot_description/share/delivery_bot_description/models/delivery_bot_v2/meshes/part_18.stl
[1.349s] -- Up-to-date: /home/abanoub/delivery_bot_ws/install/delivery_bot_description/share/delivery_bot_description/models/delivery_bot_v2/meshes/part_5.stl
[1.349s] -- Up-to-date: /home/abanoub/delivery_bot_ws/install/delivery_bot_description/share/delivery_bot_description/models/delivery_bot_v2/meshes/base_link.stl
[1.349s] -- Up-to-date: /home/abanoub/delivery_bot_ws/install/delivery_bot_description/share/delivery_bot_description/models/delivery_bot_v2/meshes/motor_mount.part
[1.349s] -- Up-to-date: /home/abanoub/delivery_bot_ws/install/delivery_bot_description/share/delivery_bot_description/models/delivery_bot_v2/meshes/geared_dc_motor_with_encoder___ts_25ga370h.stl
[1.349s] -- Up-to-date: /home/abanoub/delivery_bot_ws/install/delivery_bot_description/share/delivery_bot_description/models/delivery_bot_v2/meshes/part_13.part
[1.349s] -- Up-to-date: /home/abanoub/delivery_bot_ws/install/delivery_bot_description/share/delivery_bot_description/models/delivery_bot_v2/meshes/part_2.part
[1.350s] -- Up-to-date: /home/abanoub/delivery_bot_ws/install/delivery_bot_description/share/delivery_bot_description/models/delivery_bot_v2/meshes/part_3.stl
[1.350s] -- Up-to-date: /home/abanoub/delivery_bot_ws/install/delivery_bot_description/share/delivery_bot_description/models/delivery_bot_v2/meshes/omni_wheel.part
[1.350s] -- Up-to-date: /home/abanoub/delivery_bot_ws/install/delivery_bot_description/share/delivery_bot_description/models/delivery_bot_v2/meshes/column_support.stl
[1.350s] -- Up-to-date: /home/abanoub/delivery_bot_ws/install/delivery_bot_description/share/delivery_bot_description/models/delivery_bot_v2/meshes/part_8.part
[1.350s] -- Up-to-date: /home/abanoub/delivery_bot_ws/install/delivery_bot_description/share/delivery_bot_description/models/delivery_bot_v2/meshes/part_13.stl
[1.350s] -- Up-to-date: /home/abanoub/delivery_bot_ws/install/delivery_bot_description/share/delivery_bot_description/models/delivery_bot_v2/meshes/top_plate.part
[1.351s] -- Up-to-date: /home/abanoub/delivery_bot_ws/install/delivery_bot_description/share/delivery_bot_description/models/delivery_bot_v2/meshes/part_17.part
[1.351s] -- Up-to-date: /home/abanoub/delivery_bot_ws/install/delivery_bot_description/share/delivery_bot_description/models/delivery_bot_v2/meshes/part_16.part
[1.351s] -- Up-to-date: /home/abanoub/delivery_bot_ws/install/delivery_bot_description/share/delivery_bot_description/models/delivery_bot_v2/meshes/column_support.part
[1.351s] -- Up-to-date: /home/abanoub/delivery_bot_ws/install/delivery_bot_description/share/delivery_bot_description/models/delivery_bot_v2/meshes/part_15.stl
[1.351s] -- Up-to-date: /home/abanoub/delivery_bot_ws/install/delivery_bot_description/share/delivery_bot_description/models/delivery_bot_v2/meshes/part_15.part
[1.351s] -- Up-to-date: /home/abanoub/delivery_bot_ws/install/delivery_bot_description/share/delivery_bot_description/models/delivery_bot_v2/meshes/part_10.stl
[1.352s] -- Up-to-date: /home/abanoub/delivery_bot_ws/install/delivery_bot_description/share/delivery_bot_description/models/delivery_bot_v2/meshes/part_7.part
[1.352s] -- Up-to-date: /home/abanoub/delivery_bot_ws/install/delivery_bot_description/share/delivery_bot_description/models/delivery_bot_v2/meshes/part_6.part
[1.352s] -- Up-to-date: /home/abanoub/delivery_bot_ws/install/delivery_bot_description/share/delivery_bot_description/models/delivery_bot_v2/meshes/part_6.stl
[1.352s] -- Up-to-date: /home/abanoub/delivery_bot_ws/install/delivery_bot_description/share/delivery_bot_description/models/delivery_bot_v2/meshes/omni_wheel.stl
[1.352s] -- Up-to-date: /home/abanoub/delivery_bot_ws/install/delivery_bot_description/share/delivery_bot_description/models/delivery_bot_v2/meshes/part_8.stl
[1.353s] -- Up-to-date: /home/abanoub/delivery_bot_ws/install/delivery_bot_description/share/delivery_bot_description/models/delivery_bot_v2/meshes/part_3.part
[1.353s] -- Up-to-date: /home/abanoub/delivery_bot_ws/install/delivery_bot_description/share/delivery_bot_description/models/delivery_bot_v2/model.config
[1.353s] -- Up-to-date: /home/abanoub/delivery_bot_ws/install/delivery_bot_description/share/delivery_bot_description/models/delivery_bot
[1.353s] -- Up-to-date: /home/abanoub/delivery_bot_ws/install/delivery_bot_description/share/delivery_bot_description/models/delivery_bot/meshes
[1.353s] -- Up-to-date: /home/abanoub/delivery_bot_ws/install/delivery_bot_description/share/delivery_bot_description/models/delivery_bot/meshes/part_19.stl
[1.354s] -- Up-to-date: /home/abanoub/delivery_bot_ws/install/delivery_bot_description/share/delivery_bot_description/models/delivery_bot/meshes/part_12.stl
[1.354s] -- Up-to-date: /home/abanoub/delivery_bot_ws/install/delivery_bot_description/share/delivery_bot_description/models/delivery_bot/meshes/base_link.part
[1.354s] -- Up-to-date: /home/abanoub/delivery_bot_ws/install/delivery_bot_description/share/delivery_bot_description/models/delivery_bot/meshes/part_2.stl
[1.354s] -- Up-to-date: /home/abanoub/delivery_bot_ws/install/delivery_bot_description/share/delivery_bot_description/models/delivery_bot/meshes/part_9.part
[1.355s] -- Up-to-date: /home/abanoub/delivery_bot_ws/install/delivery_bot_description/share/delivery_bot_description/models/delivery_bot/meshes/part_1__2.stl
[1.355s] -- Up-to-date: /home/abanoub/delivery_bot_ws/install/delivery_bot_description/share/delivery_bot_description/models/delivery_bot/meshes/geared_dc_motor_with_encoder___ts_25ga370h.part
[1.355s] -- Up-to-date: /home/abanoub/delivery_bot_ws/install/delivery_bot_description/share/delivery_bot_description/models/delivery_bot/meshes/part_14.part
[1.355s] -- Up-to-date: /home/abanoub/delivery_bot_ws/install/delivery_bot_description/share/delivery_bot_description/models/delivery_bot/meshes/wheel.stl
[1.356s] -- Up-to-date: /home/abanoub/delivery_bot_ws/install/delivery_bot_description/share/delivery_bot_description/models/delivery_bot/meshes/part_5.part
[1.356s] -- Up-to-date: /home/abanoub/delivery_bot_ws/install/delivery_bot_description/share/delivery_bot_description/models/delivery_bot/meshes/part_20.stl
[1.356s] -- Up-to-date: /home/abanoub/delivery_bot_ws/install/delivery_bot_description/share/delivery_bot_description/models/delivery_bot/meshes/part_12.part
[1.356s] -- Up-to-date: /home/abanoub/delivery_bot_ws/install/delivery_bot_description/share/delivery_bot_description/models/delivery_bot/meshes/part_9.stl
[1.356s] -- Up-to-date: /home/abanoub/delivery_bot_ws/install/delivery_bot_description/share/delivery_bot_description/models/delivery_bot/meshes/part_1__2.part
[1.357s] -- Up-to-date: /home/abanoub/delivery_bot_ws/install/delivery_bot_description/share/delivery_bot_description/models/delivery_bot/meshes/part_1.part
[1.357s] -- Up-to-date: /home/abanoub/delivery_bot_ws/install/delivery_bot_description/share/delivery_bot_description/models/delivery_bot/meshes/part_17.stl
[1.357s] -- Up-to-date: /home/abanoub/delivery_bot_ws/install/delivery_bot_description/share/delivery_bot_description/models/delivery_bot/meshes/part_4.part
[1.357s] -- Up-to-date: /home/abanoub/delivery_bot_ws/install/delivery_bot_description/share/delivery_bot_description/models/delivery_bot/meshes/part_1.stl
[1.358s] -- Up-to-date: /home/abanoub/delivery_bot_ws/install/delivery_bot_description/share/delivery_bot_description/models/delivery_bot/meshes/part_4.stl
[1.358s] -- Up-to-date: /home/abanoub/delivery_bot_ws/install/delivery_bot_description/share/delivery_bot_description/models/delivery_bot/meshes/part_19.part
[1.358s] -- Up-to-date: /home/abanoub/delivery_bot_ws/install/delivery_bot_description/share/delivery_bot_description/models/delivery_bot/meshes/motor_mount.stl
[1.358s] -- Up-to-date: /home/abanoub/delivery_bot_ws/install/delivery_bot_description/share/delivery_bot_description/models/delivery_bot/meshes/wheel.part
[1.358s] -- Up-to-date: /home/abanoub/delivery_bot_ws/install/delivery_bot_description/share/delivery_bot_description/models/delivery_bot/meshes/part_18.part
[1.359s] -- Up-to-date: /home/abanoub/delivery_bot_ws/install/delivery_bot_description/share/delivery_bot_description/models/delivery_bot/meshes/top_plate.stl
[1.359s] -- Up-to-date: /home/abanoub/delivery_bot_ws/install/delivery_bot_description/share/delivery_bot_description/models/delivery_bot/meshes/part_7.stl
[1.359s] -- Up-to-date: /home/abanoub/delivery_bot_ws/install/delivery_bot_description/share/delivery_bot_description/models/delivery_bot/meshes/part_20.part
[1.359s] -- Up-to-date: /home/abanoub/delivery_bot_ws/install/delivery_bot_description/share/delivery_bot_description/models/delivery_bot/meshes/part_14.stl
[1.359s] -- Up-to-date: /home/abanoub/delivery_bot_ws/install/delivery_bot_description/share/delivery_bot_description/models/delivery_bot/meshes/part_10.part
[1.360s] -- Up-to-date: /home/abanoub/delivery_bot_ws/install/delivery_bot_description/share/delivery_bot_description/models/delivery_bot/meshes/part_11.stl
[1.360s] -- Up-to-date: /home/abanoub/delivery_bot_ws/install/delivery_bot_description/share/delivery_bot_description/models/delivery_bot/meshes/part_16.stl
[1.360s] -- Up-to-date: /home/abanoub/delivery_bot_ws/install/delivery_bot_description/share/delivery_bot_description/models/delivery_bot/meshes/part_11.part
[1.360s] -- Up-to-date: /home/abanoub/delivery_bot_ws/install/delivery_bot_description/share/delivery_bot_description/models/delivery_bot/meshes/part_18.stl
[1.360s] -- Up-to-date: /home/abanoub/delivery_bot_ws/install/delivery_bot_description/share/delivery_bot_description/models/delivery_bot/meshes/part_5.stl
[1.361s] -- Up-to-date: /home/abanoub/delivery_bot_ws/install/delivery_bot_description/share/delivery_bot_description/models/delivery_bot/meshes/base_link.stl
[1.361s] -- Up-to-date: /home/abanoub/delivery_bot_ws/install/delivery_bot_description/share/delivery_bot_description/models/delivery_bot/meshes/motor_mount.part
[1.361s] -- Up-to-date: /home/abanoub/delivery_bot_ws/install/delivery_bot_description/share/delivery_bot_description/models/delivery_bot/meshes/geared_dc_motor_with_encoder___ts_25ga370h.stl
[1.361s] -- Up-to-date: /home/abanoub/delivery_bot_ws/install/delivery_bot_description/share/delivery_bot_description/models/delivery_bot/meshes/part_13.part
[1.361s] -- Up-to-date: /home/abanoub/delivery_bot_ws/install/delivery_bot_description/share/delivery_bot_description/models/delivery_bot/meshes/part_2.part
[1.361s] -- Up-to-date: /home/abanoub/delivery_bot_ws/install/delivery_bot_description/share/delivery_bot_description/models/delivery_bot/meshes/part_3.stl
[1.362s] -- Up-to-date: /home/abanoub/delivery_bot_ws/install/delivery_bot_description/share/delivery_bot_description/models/delivery_bot/meshes/column_support.stl
[1.362s] -- Up-to-date: /home/abanoub/delivery_bot_ws/install/delivery_bot_description/share/delivery_bot_description/models/delivery_bot/meshes/part_8.part
[1.362s] -- Up-to-date: /home/abanoub/delivery_bot_ws/install/delivery_bot_description/share/delivery_bot_description/models/delivery_bot/meshes/part_13.stl
[1.362s] -- Up-to-date: /home/abanoub/delivery_bot_ws/install/delivery_bot_description/share/delivery_bot_description/models/delivery_bot/meshes/top_plate.part
[1.362s] -- Up-to-date: /home/abanoub/delivery_bot_ws/install/delivery_bot_description/share/delivery_bot_description/models/delivery_bot/meshes/part_17.part
[1.362s] -- Up-to-date: /home/abanoub/delivery_bot_ws/install/delivery_bot_description/share/delivery_bot_description/models/delivery_bot/meshes/part_16.part
[1.363s] -- Up-to-date: /home/abanoub/delivery_bot_ws/install/delivery_bot_description/share/delivery_bot_description/models/delivery_bot/meshes/column_support.part
[1.363s] -- Up-to-date: /home/abanoub/delivery_bot_ws/install/delivery_bot_description/share/delivery_bot_description/models/delivery_bot/meshes/part_15.stl
[1.364s] -- Up-to-date: /home/abanoub/delivery_bot_ws/install/delivery_bot_description/share/delivery_bot_description/models/delivery_bot/meshes/part_15.part
[1.364s] -- Up-to-date: /home/abanoub/delivery_bot_ws/install/delivery_bot_description/share/delivery_bot_description/models/delivery_bot/meshes/part_10.stl
[1.365s] -- Up-to-date: /home/abanoub/delivery_bot_ws/install/delivery_bot_description/share/delivery_bot_description/models/delivery_bot/meshes/part_7.part
[1.366s] -- Up-to-date: /home/abanoub/delivery_bot_ws/install/delivery_bot_description/share/delivery_bot_description/models/delivery_bot/meshes/part_6.part
[1.367s] -- Up-to-date: /home/abanoub/delivery_bot_ws/install/delivery_bot_description/share/delivery_bot_description/models/delivery_bot/meshes/part_6.stl
[1.368s] -- Up-to-date: /home/abanoub/delivery_bot_ws/install/delivery_bot_description/share/delivery_bot_description/models/delivery_bot/meshes/part_8.stl
[1.368s] -- Up-to-date: /home/abanoub/delivery_bot_ws/install/delivery_bot_description/share/delivery_bot_description/models/delivery_bot/meshes/part_3.part
[1.369s] -- Up-to-date: /home/abanoub/delivery_bot_ws/install/delivery_bot_description/share/delivery_bot_description/models/delivery_bot/model.config
[1.369s] -- Up-to-date: /home/abanoub/delivery_bot_ws/install/delivery_bot_description/share/delivery_bot_description/urdf
[1.370s] -- Up-to-date: /home/abanoub/delivery_bot_ws/install/delivery_bot_description/share/delivery_bot_description/urdf/robot_v3.xacro
[1.370s] -- Up-to-date: /home/abanoub/delivery_bot_ws/install/delivery_bot_description/share/delivery_bot_description/urdf/config.json
[1.370s] -- Up-to-date: /home/abanoub/delivery_bot_ws/install/delivery_bot_description/share/delivery_bot_description/urdf/robot_v4.xacro
[1.371s] -- Up-to-date: /home/abanoub/delivery_bot_ws/install/delivery_bot_description/share/delivery_bot_description/launch
[1.371s] -- Up-to-date: /home/abanoub/delivery_bot_ws/install/delivery_bot_description/share/delivery_bot_description/launch/gazebo.launch.py
[1.371s] -- Up-to-date: /home/abanoub/delivery_bot_ws/install/delivery_bot_description/share/ament_index/resource_index/package_run_dependencies/delivery_bot_description
[1.372s] -- Up-to-date: /home/abanoub/delivery_bot_ws/install/delivery_bot_description/share/ament_index/resource_index/parent_prefix_path/delivery_bot_description
[1.372s] -- Up-to-date: /home/abanoub/delivery_bot_ws/install/delivery_bot_description/share/delivery_bot_description/environment/ament_prefix_path.sh
[1.372s] -- Up-to-date: /home/abanoub/delivery_bot_ws/install/delivery_bot_description/share/delivery_bot_description/environment/ament_prefix_path.dsv
[1.372s] -- Up-to-date: /home/abanoub/delivery_bot_ws/install/delivery_bot_description/share/delivery_bot_description/environment/path.sh
[1.373s] -- Up-to-date: /home/abanoub/delivery_bot_ws/install/delivery_bot_description/share/delivery_bot_description/environment/path.dsv
[1.373s] -- Up-to-date: /home/abanoub/delivery_bot_ws/install/delivery_bot_description/share/delivery_bot_description/local_setup.bash
[1.374s] -- Up-to-date: /home/abanoub/delivery_bot_ws/install/delivery_bot_description/share/delivery_bot_description/local_setup.sh
[1.374s] -- Up-to-date: /home/abanoub/delivery_bot_ws/install/delivery_bot_description/share/delivery_bot_description/local_setup.zsh
[1.374s] -- Up-to-date: /home/abanoub/delivery_bot_ws/install/delivery_bot_description/share/delivery_bot_description/local_setup.dsv
[1.375s] -- Installing: /home/abanoub/delivery_bot_ws/install/delivery_bot_description/share/delivery_bot_description/package.dsv
[1.375s] -- Up-to-date: /home/abanoub/delivery_bot_ws/install/delivery_bot_description/share/ament_index/resource_index/packages/delivery_bot_description
[1.375s] -- Up-to-date: /home/abanoub/delivery_bot_ws/install/delivery_bot_description/share/delivery_bot_description/cmake/delivery_bot_descriptionConfig.cmake
[1.376s] -- Up-to-date: /home/abanoub/delivery_bot_ws/install/delivery_bot_description/share/delivery_bot_description/cmake/delivery_bot_descriptionConfig-version.cmake
[1.376s] -- Up-to-date: /home/abanoub/delivery_bot_ws/install/delivery_bot_description/share/delivery_bot_description/package.xml
[1.377s] Invoked command in '/home/abanoub/delivery_bot_ws/build/delivery_bot_description' returned '0': CMAKE_PREFIX_PATH=${CMAKE_PREFIX_PATH}:/opt/ros/jazzy DEBUGINFOD_URLS=https://debuginfod.ubuntu.com /usr/bin/cmake --install /home/abanoub/delivery_bot_ws/build/delivery_bot_description
