[0.170s] Invoking command in '/home/abanoub/delivery_bot_ws/build/robot_description': CMAKE_PREFIX_PATH=${CMAKE_PREFIX_PATH}:/opt/ros/humble /usr/bin/cmake --build /home/abanoub/delivery_bot_ws/build/robot_description -- -j20 -l20
[0.318s] Invoked command in '/home/abanoub/delivery_bot_ws/build/robot_description' returned '0': CMAKE_PREFIX_PATH=${CMAKE_PREFIX_PATH}:/opt/ros/humble /usr/bin/cmake --build /home/abanoub/delivery_bot_ws/build/robot_description -- -j20 -l20
[0.340s] Invoking command in '/home/abanoub/delivery_bot_ws/build/robot_description': CMAKE_PREFIX_PATH=${CMAKE_PREFIX_PATH}:/opt/ros/humble /usr/bin/cmake --install /home/abanoub/delivery_bot_ws/build/robot_description
[0.365s] -- Install configuration: ""
[0.367s] -- Up-to-date: /home/abanoub/delivery_bot_ws/install/robot_description/share/robot_description/launch
[0.367s] -- Up-to-date: /home/abanoub/delivery_bot_ws/install/robot_description/share/robot_description/launch/spawn_and_rviz.launch.py
[0.367s] -- Up-to-date: /home/abanoub/delivery_bot_ws/install/robot_description/share/robot_description/urdf
[0.368s] -- Up-to-date: /home/abanoub/delivery_bot_ws/install/robot_description/share/robot_description/urdf/delivery_bot.xacro
[0.368s] -- Up-to-date: /home/abanoub/delivery_bot_ws/install/robot_description/share/ament_index/resource_index/package_run_dependencies/robot_description
[0.368s] -- Up-to-date: /home/abanoub/delivery_bot_ws/install/robot_description/share/ament_index/resource_index/parent_prefix_path/robot_description
[0.369s] -- Up-to-date: /home/abanoub/delivery_bot_ws/install/robot_description/share/robot_description/environment/ament_prefix_path.sh
[0.370s] -- Up-to-date: /home/abanoub/delivery_bot_ws/install/robot_description/share/robot_description/environment/ament_prefix_path.dsv
[0.370s] -- Up-to-date: /home/abanoub/delivery_bot_ws/install/robot_description/share/robot_description/environment/path.sh
[0.370s] -- Up-to-date: /home/abanoub/delivery_bot_ws/install/robot_description/share/robot_description/environment/path.dsv
[0.371s] -- Up-to-date: /home/abanoub/delivery_bot_ws/install/robot_description/share/robot_description/local_setup.bash
[0.371s] -- Up-to-date: /home/abanoub/delivery_bot_ws/install/robot_description/share/robot_description/local_setup.sh
[0.372s] -- Up-to-date: /home/abanoub/delivery_bot_ws/install/robot_description/share/robot_description/local_setup.zsh
[0.372s] -- Up-to-date: /home/abanoub/delivery_bot_ws/install/robot_description/share/robot_description/local_setup.dsv
[0.372s] -- Installing: /home/abanoub/delivery_bot_ws/install/robot_description/share/robot_description/package.dsv
[0.373s] -- Up-to-date: /home/abanoub/delivery_bot_ws/install/robot_description/share/ament_index/resource_index/packages/robot_description
[0.374s] -- Up-to-date: /home/abanoub/delivery_bot_ws/install/robot_description/share/robot_description/cmake/robot_descriptionConfig.cmake
[0.374s] -- Up-to-date: /home/abanoub/delivery_bot_ws/install/robot_description/share/robot_description/cmake/robot_descriptionConfig-version.cmake
[0.375s] -- Up-to-date: /home/abanoub/delivery_bot_ws/install/robot_description/share/robot_description/package.xml
[0.521s] Invoked command in '/home/abanoub/delivery_bot_ws/build/robot_description' returned '0': CMAKE_PREFIX_PATH=${CMAKE_PREFIX_PATH}:/opt/ros/humble /usr/bin/cmake --install /home/abanoub/delivery_bot_ws/build/robot_description
