[0.076s] Invoking command in '/home/abanoub/delivery_bot_ws/build/nav_system': CMAKE_PREFIX_PATH=/opt/ros/humble /usr/bin/cmake /home/abanoub/delivery_bot_ws/src/nav_system -DCMAKE_INSTALL_PREFIX=/home/abanoub/delivery_bot_ws/install/nav_system
[0.442s] -- The C compiler identification is GNU 11.4.0
[1.180s] -- The CXX compiler identification is GNU 11.4.0
[1.619s] -- Detecting C compiler ABI info
[1.830s] -- Detecting C compiler ABI info - done
[1.838s] -- Check for working C compiler: /usr/bin/cc - skipped
[1.839s] -- Detecting C compile features
[1.839s] -- Detecting C compile features - done
[1.844s] -- Detecting CXX compiler ABI info
[2.164s] -- Detecting CXX compiler ABI info - done
[2.177s] -- Check for working CXX compiler: /usr/bin/c++ - skipped
[2.177s] -- Detecting CXX compile features
[2.178s] -- Detecting CXX compile features - done
[2.193s] -- Found ament_cmake: 1.3.11 (/opt/ros/humble/share/ament_cmake/cmake)
[2.380s] -- Found Python3: /usr/bin/python3 (found version "3.10.12") found components: Interpreter 
[2.529s] -- Found rclcpp: 16.0.12 (/opt/ros/humble/share/rclcpp/cmake)
[2.846s] -- Found rosidl_generator_c: 3.1.6 (/opt/ros/humble/share/rosidl_generator_c/cmake)
[2.853s] -- Found rosidl_adapter: 3.1.6 (/opt/ros/humble/share/rosidl_adapter/cmake)
[2.869s] -- Found rosidl_generator_cpp: 3.1.6 (/opt/ros/humble/share/rosidl_generator_cpp/cmake)
[2.897s] -- Using all available rosidl_typesupport_c: rosidl_typesupport_fastrtps_c;rosidl_typesupport_introspection_c
[2.923s] -- Using all available rosidl_typesupport_cpp: rosidl_typesupport_fastrtps_cpp;rosidl_typesupport_introspection_cpp
[3.022s] -- Found rmw_implementation_cmake: 6.1.2 (/opt/ros/humble/share/rmw_implementation_cmake/cmake)
[3.033s] -- Found rmw_fastrtps_cpp: 6.2.7 (/opt/ros/humble/share/rmw_fastrtps_cpp/cmake)
[4.925s] -- Found OpenSSL: /usr/lib/x86_64-linux-gnu/libcrypto.so (found version "3.0.2")  
[6.971s] -- Found FastRTPS: /opt/ros/humble/include  
[12.738s] -- Using RMW implementation 'rmw_fastrtps_cpp' as default
[12.751s] -- Looking for pthread.h
[12.940s] -- Looking for pthread.h - found
[12.940s] -- Performing Test CMAKE_HAVE_LIBC_PTHREAD
[13.092s] -- Performing Test CMAKE_HAVE_LIBC_PTHREAD - Success
[13.094s] -- Found Threads: TRUE  
[13.167s] -- Found sensor_msgs: 4.9.0 (/opt/ros/humble/share/sensor_msgs/cmake)
[13.210s] -- Found nav_msgs: 4.9.0 (/opt/ros/humble/share/nav_msgs/cmake)
[13.232s] -- Found ament_lint_auto: 0.12.12 (/opt/ros/humble/share/ament_lint_auto/cmake)
[13.300s] -- Added test 'lint_cmake' to check CMake code style
[13.301s] -- Added test 'xmllint' to check XML markup files
[13.302s] -- Configuring done
[13.309s] -- Generating done
[13.311s] -- Build files have been written to: /home/abanoub/delivery_bot_ws/build/nav_system
[13.319s] Invoked command in '/home/abanoub/delivery_bot_ws/build/nav_system' returned '0': CMAKE_PREFIX_PATH=/opt/ros/humble /usr/bin/cmake /home/abanoub/delivery_bot_ws/src/nav_system -DCMAKE_INSTALL_PREFIX=/home/abanoub/delivery_bot_ws/install/nav_system
[13.321s] Invoking command in '/home/abanoub/delivery_bot_ws/build/nav_system': CMAKE_PREFIX_PATH=/opt/ros/humble /usr/bin/cmake --build /home/abanoub/delivery_bot_ws/build/nav_system -- -j20 -l20
[13.358s] Invoked command in '/home/abanoub/delivery_bot_ws/build/nav_system' returned '0': CMAKE_PREFIX_PATH=/opt/ros/humble /usr/bin/cmake --build /home/abanoub/delivery_bot_ws/build/nav_system -- -j20 -l20
[13.360s] Invoking command in '/home/abanoub/delivery_bot_ws/build/nav_system': CMAKE_PREFIX_PATH=/opt/ros/humble /usr/bin/cmake --install /home/abanoub/delivery_bot_ws/build/nav_system
[13.366s] -- Install configuration: ""
[13.367s] -- Installing: /home/abanoub/delivery_bot_ws/install/nav_system/share/ament_index/resource_index/package_run_dependencies/nav_system
[13.368s] -- Installing: /home/abanoub/delivery_bot_ws/install/nav_system/share/ament_index/resource_index/parent_prefix_path/nav_system
[13.368s] -- Installing: /home/abanoub/delivery_bot_ws/install/nav_system/share/nav_system/environment/ament_prefix_path.sh
[13.369s] -- Installing: /home/abanoub/delivery_bot_ws/install/nav_system/share/nav_system/environment/ament_prefix_path.dsv
[13.370s] -- Installing: /home/abanoub/delivery_bot_ws/install/nav_system/share/nav_system/environment/path.sh
[13.370s] -- Installing: /home/abanoub/delivery_bot_ws/install/nav_system/share/nav_system/environment/path.dsv
[13.371s] -- Installing: /home/abanoub/delivery_bot_ws/install/nav_system/share/nav_system/local_setup.bash
[13.371s] -- Installing: /home/abanoub/delivery_bot_ws/install/nav_system/share/nav_system/local_setup.sh
[13.371s] -- Installing: /home/abanoub/delivery_bot_ws/install/nav_system/share/nav_system/local_setup.zsh
[13.371s] -- Installing: /home/abanoub/delivery_bot_ws/install/nav_system/share/nav_system/local_setup.dsv
[13.373s] -- Installing: /home/abanoub/delivery_bot_ws/install/nav_system/share/nav_system/package.dsv
[13.373s] -- Installing: /home/abanoub/delivery_bot_ws/install/nav_system/share/ament_index/resource_index/packages/nav_system
[13.373s] -- Installing: /home/abanoub/delivery_bot_ws/install/nav_system/share/nav_system/cmake/nav_systemConfig.cmake
[13.374s] -- Installing: /home/abanoub/delivery_bot_ws/install/nav_system/share/nav_system/cmake/nav_systemConfig-version.cmake
[13.375s] -- Installing: /home/abanoub/delivery_bot_ws/install/nav_system/share/nav_system/package.xml
[13.379s] Invoked command in '/home/abanoub/delivery_bot_ws/build/nav_system' returned '0': CMAKE_PREFIX_PATH=/opt/ros/humble /usr/bin/cmake --install /home/abanoub/delivery_bot_ws/build/nav_system
