[0.066s] Invoking command in '/home/abanoub/delivery_bot_ws/build/face_recognition': CMAKE_PREFIX_PATH=${CMAKE_PREFIX_PATH}:/opt/ros/humble /usr/bin/cmake --build /home/abanoub/delivery_bot_ws/build/face_recognition -- -j20 -l20
[0.183s] Invoked command in '/home/abanoub/delivery_bot_ws/build/face_recognition' returned '0': CMAKE_PREFIX_PATH=${CMAKE_PREFIX_PATH}:/opt/ros/humble /usr/bin/cmake --build /home/abanoub/delivery_bot_ws/build/face_recognition -- -j20 -l20
[0.191s] Invoking command in '/home/abanoub/delivery_bot_ws/build/face_recognition': CMAKE_PREFIX_PATH=${CMAKE_PREFIX_PATH}:/opt/ros/humble /usr/bin/cmake --install /home/abanoub/delivery_bot_ws/build/face_recognition
[0.231s] -- Install configuration: ""
[0.232s] -- Up-to-date: /home/abanoub/delivery_bot_ws/install/face_recognition/share/ament_index/resource_index/package_run_dependencies/face_recognition
[0.232s] -- Up-to-date: /home/abanoub/delivery_bot_ws/install/face_recognition/share/ament_index/resource_index/parent_prefix_path/face_recognition
[0.233s] -- Up-to-date: /home/abanoub/delivery_bot_ws/install/face_recognition/share/face_recognition/environment/ament_prefix_path.sh
[0.234s] -- Up-to-date: /home/abanoub/delivery_bot_ws/install/face_recognition/share/face_recognition/environment/ament_prefix_path.dsv
[0.235s] -- Up-to-date: /home/abanoub/delivery_bot_ws/install/face_recognition/share/face_recognition/environment/path.sh
[0.236s] -- Up-to-date: /home/abanoub/delivery_bot_ws/install/face_recognition/share/face_recognition/environment/path.dsv
[0.236s] -- Up-to-date: /home/abanoub/delivery_bot_ws/install/face_recognition/share/face_recognition/local_setup.bash
[0.243s] -- Up-to-date: /home/abanoub/delivery_bot_ws/install/face_recognition/share/face_recognition/local_setup.sh
[0.245s] -- Up-to-date: /home/abanoub/delivery_bot_ws/install/face_recognition/share/face_recognition/local_setup.zsh
[0.247s] -- Up-to-date: /home/abanoub/delivery_bot_ws/install/face_recognition/share/face_recognition/local_setup.dsv
[0.248s] -- Installing: /home/abanoub/delivery_bot_ws/install/face_recognition/share/face_recognition/package.dsv
[0.249s] -- Up-to-date: /home/abanoub/delivery_bot_ws/install/face_recognition/share/ament_index/resource_index/packages/face_recognition
[0.252s] -- Up-to-date: /home/abanoub/delivery_bot_ws/install/face_recognition/share/face_recognition/cmake/face_recognitionConfig.cmake
[0.252s] -- Up-to-date: /home/abanoub/delivery_bot_ws/install/face_recognition/share/face_recognition/cmake/face_recognitionConfig-version.cmake
[0.253s] -- Up-to-date: /home/abanoub/delivery_bot_ws/install/face_recognition/share/face_recognition/package.xml
[0.465s] Invoked command in '/home/abanoub/delivery_bot_ws/build/face_recognition' returned '0': CMAKE_PREFIX_PATH=${CMAKE_PREFIX_PATH}:/opt/ros/humble /usr/bin/cmake --install /home/abanoub/delivery_bot_ws/build/face_recognition
