[0.023s] Invoking command in '/home/abanoub/delivery_bot_ws/build/delivery_bot_description': CMAKE_PREFIX_PATH=${CMAKE_PREFIX_PATH}:/opt/ros/jazzy DEBUGINFOD_URLS=https://debuginfod.ubuntu.com /usr/bin/cmake --build /home/abanoub/delivery_bot_ws/build/delivery_bot_description -- -j20 -l20
[0.087s] Invoked command in '/home/abanoub/delivery_bot_ws/build/delivery_bot_description' returned '0': CMAKE_PREFIX_PATH=${CMAKE_PREFIX_PATH}:/opt/ros/jazzy DEBUGINFOD_URLS=https://debuginfod.ubuntu.com /usr/bin/cmake --build /home/abanoub/delivery_bot_ws/build/delivery_bot_description -- -j20 -l20
[0.104s] Invoking command in '/home/abanoub/delivery_bot_ws/build/delivery_bot_description': CMAKE_PREFIX_PATH=${CMAKE_PREFIX_PATH}:/opt/ros/jazzy DEBUGINFOD_URLS=https://debuginfod.ubuntu.com /usr/bin/cmake --install /home/abanoub/delivery_bot_ws/build/delivery_bot_description
[0.133s] -- Install configuration: ""
[0.134s] -- Up-to-date: /home/abanoub/delivery_bot_ws/install/delivery_bot_description/share/delivery_bot_description/models
[0.134s] -- Up-to-date: /home/abanoub/delivery_bot_ws/install/delivery_bot_description/share/delivery_bot_description/models/delivery_bot_v2
[0.134s] -- Up-to-date: /home/abanoub/delivery_bot_ws/install/delivery_bot_description/share/delivery_bot_description/models/delivery_bot_v2/meshes
[0.134s] -- Up-to-date: /home/abanoub/delivery_bot_ws/install/delivery_bot_description/share/delivery_bot_description/models/delivery_bot_v2/meshes/part_19.stl
[0.134s] -- Up-to-date: /home/abanoub/delivery_bot_ws/install/delivery_bot_description/share/delivery_bot_description/models/delivery_bot_v2/meshes/part_12.stl
[0.134s] -- Up-to-date: /home/abanoub/delivery_bot_ws/install/delivery_bot_description/share/delivery_bot_description/models/delivery_bot_v2/meshes/middle_plate.part
[0.134s] -- Up-to-date: /home/abanoub/delivery_bot_ws/install/delivery_bot_description/share/delivery_bot_description/models/delivery_bot_v2/meshes/middle_plate.stl
[0.134s] -- Up-to-date: /home/abanoub/delivery_bot_ws/install/delivery_bot_description/share/delivery_bot_description/models/delivery_bot_v2/meshes/base_link.part
[0.135s] -- Up-to-date: /home/abanoub/delivery_bot_ws/install/delivery_bot_description/share/delivery_bot_description/models/delivery_bot_v2/meshes/part_2.stl
[0.135s] -- Up-to-date: /home/abanoub/delivery_bot_ws/install/delivery_bot_description/share/delivery_bot_description/models/delivery_bot_v2/meshes/part_9.part
[0.135s] -- Up-to-date: /home/abanoub/delivery_bot_ws/install/delivery_bot_description/share/delivery_bot_description/models/delivery_bot_v2/meshes/part_1__2.stl
[0.135s] -- Up-to-date: /home/abanoub/delivery_bot_ws/install/delivery_bot_description/share/delivery_bot_description/models/delivery_bot_v2/meshes/geared_dc_motor_with_encoder___ts_25ga370h.part
[0.136s] -- Up-to-date: /home/abanoub/delivery_bot_ws/install/delivery_bot_description/share/delivery_bot_description/models/delivery_bot_v2/meshes/part_14.part
[0.137s] -- Up-to-date: /home/abanoub/delivery_bot_ws/install/delivery_bot_description/share/delivery_bot_description/models/delivery_bot_v2/meshes/part_5.part
[0.137s] -- Up-to-date: /home/abanoub/delivery_bot_ws/install/delivery_bot_description/share/delivery_bot_description/models/delivery_bot_v2/meshes/part_20.stl
[0.137s] -- Up-to-date: /home/abanoub/delivery_bot_ws/install/delivery_bot_description/share/delivery_bot_description/models/delivery_bot_v2/meshes/part_12.part
[0.137s] -- Up-to-date: /home/abanoub/delivery_bot_ws/install/delivery_bot_description/share/delivery_bot_description/models/delivery_bot_v2/meshes/part_9.stl
[0.138s] -- Up-to-date: /home/abanoub/delivery_bot_ws/install/delivery_bot_description/share/delivery_bot_description/models/delivery_bot_v2/meshes/part_1__2.part
[0.138s] -- Up-to-date: /home/abanoub/delivery_bot_ws/install/delivery_bot_description/share/delivery_bot_description/models/delivery_bot_v2/meshes/part_1.part
[0.138s] -- Up-to-date: /home/abanoub/delivery_bot_ws/install/delivery_bot_description/share/delivery_bot_description/models/delivery_bot_v2/meshes/part_17.stl
[0.139s] -- Up-to-date: /home/abanoub/delivery_bot_ws/install/delivery_bot_description/share/delivery_bot_description/models/delivery_bot_v2/meshes/part_4.part
[0.139s] -- Up-to-date: /home/abanoub/delivery_bot_ws/install/delivery_bot_description/share/delivery_bot_description/models/delivery_bot_v2/meshes/part_1.stl
[0.139s] -- Up-to-date: /home/abanoub/delivery_bot_ws/install/delivery_bot_description/share/delivery_bot_description/models/delivery_bot_v2/meshes/part_4.stl
[0.139s] -- Up-to-date: /home/abanoub/delivery_bot_ws/install/delivery_bot_description/share/delivery_bot_description/models/delivery_bot_v2/meshes/part_19.part
[0.139s] -- Up-to-date: /home/abanoub/delivery_bot_ws/install/delivery_bot_description/share/delivery_bot_description/models/delivery_bot_v2/meshes/motor_mount.stl
[0.140s] -- Up-to-date: /home/abanoub/delivery_bot_ws/install/delivery_bot_description/share/delivery_bot_description/models/delivery_bot_v2/meshes/part_18.part
[0.140s] -- Up-to-date: /home/abanoub/delivery_bot_ws/install/delivery_bot_description/share/delivery_bot_description/models/delivery_bot_v2/meshes/top_plate.stl
[0.141s] -- Up-to-date: /home/abanoub/delivery_bot_ws/install/delivery_bot_description/share/delivery_bot_description/models/delivery_bot_v2/meshes/part_7.stl
[0.141s] -- Up-to-date: /home/abanoub/delivery_bot_ws/install/delivery_bot_description/share/delivery_bot_description/models/delivery_bot_v2/meshes/part_20.part
[0.142s] -- Up-to-date: /home/abanoub/delivery_bot_ws/install/delivery_bot_description/share/delivery_bot_description/models/delivery_bot_v2/meshes/part_14.stl
[0.142s] -- Up-to-date: /home/abanoub/delivery_bot_ws/install/delivery_bot_description/share/delivery_bot_description/models/delivery_bot_v2/meshes/part_10.part
[0.142s] -- Up-to-date: /home/abanoub/delivery_bot_ws/install/delivery_bot_description/share/delivery_bot_description/models/delivery_bot_v2/meshes/part_11.stl
[0.142s] -- Up-to-date: /home/abanoub/delivery_bot_ws/install/delivery_bot_description/share/delivery_bot_description/models/delivery_bot_v2/meshes/part_16.stl
[0.143s] -- Up-to-date: /home/abanoub/delivery_bot_ws/install/delivery_bot_description/share/delivery_bot_description/models/delivery_bot_v2/meshes/part_11.part
[0.144s] -- Up-to-date: /home/abanoub/delivery_bot_ws/install/delivery_bot_description/share/delivery_bot_description/models/delivery_bot_v2/meshes/part_18.stl
[0.144s] -- Up-to-date: /home/abanoub/delivery_bot_ws/install/delivery_bot_description/share/delivery_bot_description/models/delivery_bot_v2/meshes/part_5.stl
[0.145s] -- Up-to-date: /home/abanoub/delivery_bot_ws/install/delivery_bot_description/share/delivery_bot_description/models/delivery_bot_v2/meshes/base_link.stl
[0.145s] -- Up-to-date: /home/abanoub/delivery_bot_ws/install/delivery_bot_description/share/delivery_bot_description/models/delivery_bot_v2/meshes/motor_mount.part
[0.147s] -- Up-to-date: /home/abanoub/delivery_bot_ws/install/delivery_bot_description/share/delivery_bot_description/models/delivery_bot_v2/meshes/geared_dc_motor_with_encoder___ts_25ga370h.stl
[0.147s] -- Up-to-date: /home/abanoub/delivery_bot_ws/install/delivery_bot_description/share/delivery_bot_description/models/delivery_bot_v2/meshes/part_13.part
[0.148s] -- Up-to-date: /home/abanoub/delivery_bot_ws/install/delivery_bot_description/share/delivery_bot_description/models/delivery_bot_v2/meshes/part_2.part
[0.149s] -- Up-to-date: /home/abanoub/delivery_bot_ws/install/delivery_bot_description/share/delivery_bot_description/models/delivery_bot_v2/meshes/part_3.stl
[0.149s] -- Up-to-date: /home/abanoub/delivery_bot_ws/install/delivery_bot_description/share/delivery_bot_description/models/delivery_bot_v2/meshes/omni_wheel.part
[0.149s] -- Up-to-date: /home/abanoub/delivery_bot_ws/install/delivery_bot_description/share/delivery_bot_description/models/delivery_bot_v2/meshes/column_support.stl
[0.149s] -- Up-to-date: /home/abanoub/delivery_bot_ws/install/delivery_bot_description/share/delivery_bot_description/models/delivery_bot_v2/meshes/part_8.part
[0.149s] -- Up-to-date: /home/abanoub/delivery_bot_ws/install/delivery_bot_description/share/delivery_bot_description/models/delivery_bot_v2/meshes/part_13.stl
[0.149s] -- Up-to-date: /home/abanoub/delivery_bot_ws/install/delivery_bot_description/share/delivery_bot_description/models/delivery_bot_v2/meshes/top_plate.part
[0.149s] -- Up-to-date: /home/abanoub/delivery_bot_ws/install/delivery_bot_description/share/delivery_bot_description/models/delivery_bot_v2/meshes/part_17.part
[0.149s] -- Up-to-date: /home/abanoub/delivery_bot_ws/install/delivery_bot_description/share/delivery_bot_description/models/delivery_bot_v2/meshes/part_16.part
[0.149s] -- Up-to-date: /home/abanoub/delivery_bot_ws/install/delivery_bot_description/share/delivery_bot_description/models/delivery_bot_v2/meshes/column_support.part
[0.149s] -- Up-to-date: /home/abanoub/delivery_bot_ws/install/delivery_bot_description/share/delivery_bot_description/models/delivery_bot_v2/meshes/part_15.stl
[0.149s] -- Up-to-date: /home/abanoub/delivery_bot_ws/install/delivery_bot_description/share/delivery_bot_description/models/delivery_bot_v2/meshes/part_15.part
[0.150s] -- Up-to-date: /home/abanoub/delivery_bot_ws/install/delivery_bot_description/share/delivery_bot_description/models/delivery_bot_v2/meshes/part_10.stl
[0.150s] -- Up-to-date: /home/abanoub/delivery_bot_ws/install/delivery_bot_description/share/delivery_bot_description/models/delivery_bot_v2/meshes/part_7.part
[0.150s] -- Up-to-date: /home/abanoub/delivery_bot_ws/install/delivery_bot_description/share/delivery_bot_description/models/delivery_bot_v2/meshes/part_6.part
[0.150s] -- Up-to-date: /home/abanoub/delivery_bot_ws/install/delivery_bot_description/share/delivery_bot_description/models/delivery_bot_v2/meshes/part_6.stl
[0.150s] -- Up-to-date: /home/abanoub/delivery_bot_ws/install/delivery_bot_description/share/delivery_bot_description/models/delivery_bot_v2/meshes/omni_wheel.stl
[0.150s] -- Up-to-date: /home/abanoub/delivery_bot_ws/install/delivery_bot_description/share/delivery_bot_description/models/delivery_bot_v2/meshes/part_8.stl
[0.150s] -- Up-to-date: /home/abanoub/delivery_bot_ws/install/delivery_bot_description/share/delivery_bot_description/models/delivery_bot_v2/meshes/part_3.part
[0.150s] -- Up-to-date: /home/abanoub/delivery_bot_ws/install/delivery_bot_description/share/delivery_bot_description/models/delivery_bot_v2/model.config
[0.150s] -- Up-to-date: /home/abanoub/delivery_bot_ws/install/delivery_bot_description/share/delivery_bot_description/models/delivery_bot
[0.150s] -- Up-to-date: /home/abanoub/delivery_bot_ws/install/delivery_bot_description/share/delivery_bot_description/models/delivery_bot/meshes
[0.150s] -- Up-to-date: /home/abanoub/delivery_bot_ws/install/delivery_bot_description/share/delivery_bot_description/models/delivery_bot/meshes/part_19.stl
[0.150s] -- Up-to-date: /home/abanoub/delivery_bot_ws/install/delivery_bot_description/share/delivery_bot_description/models/delivery_bot/meshes/part_12.stl
[0.151s] -- Up-to-date: /home/abanoub/delivery_bot_ws/install/delivery_bot_description/share/delivery_bot_description/models/delivery_bot/meshes/base_link.part
[0.151s] -- Up-to-date: /home/abanoub/delivery_bot_ws/install/delivery_bot_description/share/delivery_bot_description/models/delivery_bot/meshes/part_2.stl
[0.151s] -- Up-to-date: /home/abanoub/delivery_bot_ws/install/delivery_bot_description/share/delivery_bot_description/models/delivery_bot/meshes/part_9.part
[0.151s] -- Up-to-date: /home/abanoub/delivery_bot_ws/install/delivery_bot_description/share/delivery_bot_description/models/delivery_bot/meshes/part_1__2.stl
[0.151s] -- Up-to-date: /home/abanoub/delivery_bot_ws/install/delivery_bot_description/share/delivery_bot_description/models/delivery_bot/meshes/geared_dc_motor_with_encoder___ts_25ga370h.part
[0.151s] -- Up-to-date: /home/abanoub/delivery_bot_ws/install/delivery_bot_description/share/delivery_bot_description/models/delivery_bot/meshes/part_14.part
[0.151s] -- Up-to-date: /home/abanoub/delivery_bot_ws/install/delivery_bot_description/share/delivery_bot_description/models/delivery_bot/meshes/wheel.stl
[0.152s] -- Up-to-date: /home/abanoub/delivery_bot_ws/install/delivery_bot_description/share/delivery_bot_description/models/delivery_bot/meshes/part_5.part
[0.152s] -- Up-to-date: /home/abanoub/delivery_bot_ws/install/delivery_bot_description/share/delivery_bot_description/models/delivery_bot/meshes/part_20.stl
[0.152s] -- Up-to-date: /home/abanoub/delivery_bot_ws/install/delivery_bot_description/share/delivery_bot_description/models/delivery_bot/meshes/part_12.part
[0.152s] -- Up-to-date: /home/abanoub/delivery_bot_ws/install/delivery_bot_description/share/delivery_bot_description/models/delivery_bot/meshes/part_9.stl
[0.152s] -- Up-to-date: /home/abanoub/delivery_bot_ws/install/delivery_bot_description/share/delivery_bot_description/models/delivery_bot/meshes/part_1__2.part
[0.153s] -- Up-to-date: /home/abanoub/delivery_bot_ws/install/delivery_bot_description/share/delivery_bot_description/models/delivery_bot/meshes/part_1.part
[0.153s] -- Up-to-date: /home/abanoub/delivery_bot_ws/install/delivery_bot_description/share/delivery_bot_description/models/delivery_bot/meshes/part_17.stl
[0.153s] -- Up-to-date: /home/abanoub/delivery_bot_ws/install/delivery_bot_description/share/delivery_bot_description/models/delivery_bot/meshes/part_4.part
[0.153s] -- Up-to-date: /home/abanoub/delivery_bot_ws/install/delivery_bot_description/share/delivery_bot_description/models/delivery_bot/meshes/part_1.stl
[0.153s] -- Up-to-date: /home/abanoub/delivery_bot_ws/install/delivery_bot_description/share/delivery_bot_description/models/delivery_bot/meshes/part_4.stl
[0.153s] -- Up-to-date: /home/abanoub/delivery_bot_ws/install/delivery_bot_description/share/delivery_bot_description/models/delivery_bot/meshes/part_19.part
[0.153s] -- Up-to-date: /home/abanoub/delivery_bot_ws/install/delivery_bot_description/share/delivery_bot_description/models/delivery_bot/meshes/motor_mount.stl
[0.154s] -- Up-to-date: /home/abanoub/delivery_bot_ws/install/delivery_bot_description/share/delivery_bot_description/models/delivery_bot/meshes/wheel.part
[0.154s] -- Up-to-date: /home/abanoub/delivery_bot_ws/install/delivery_bot_description/share/delivery_bot_description/models/delivery_bot/meshes/part_18.part
[0.154s] -- Up-to-date: /home/abanoub/delivery_bot_ws/install/delivery_bot_description/share/delivery_bot_description/models/delivery_bot/meshes/top_plate.stl
[0.154s] -- Up-to-date: /home/abanoub/delivery_bot_ws/install/delivery_bot_description/share/delivery_bot_description/models/delivery_bot/meshes/part_7.stl
[0.154s] -- Up-to-date: /home/abanoub/delivery_bot_ws/install/delivery_bot_description/share/delivery_bot_description/models/delivery_bot/meshes/part_20.part
[0.154s] -- Up-to-date: /home/abanoub/delivery_bot_ws/install/delivery_bot_description/share/delivery_bot_description/models/delivery_bot/meshes/part_14.stl
[0.154s] -- Up-to-date: /home/abanoub/delivery_bot_ws/install/delivery_bot_description/share/delivery_bot_description/models/delivery_bot/meshes/part_10.part
[0.155s] -- Up-to-date: /home/abanoub/delivery_bot_ws/install/delivery_bot_description/share/delivery_bot_description/models/delivery_bot/meshes/part_11.stl
[0.156s] -- Up-to-date: /home/abanoub/delivery_bot_ws/install/delivery_bot_description/share/delivery_bot_description/models/delivery_bot/meshes/part_16.stl
[0.156s] -- Up-to-date: /home/abanoub/delivery_bot_ws/install/delivery_bot_description/share/delivery_bot_description/models/delivery_bot/meshes/part_11.part
[0.156s] -- Up-to-date: /home/abanoub/delivery_bot_ws/install/delivery_bot_description/share/delivery_bot_description/models/delivery_bot/meshes/part_18.stl
[0.156s] -- Up-to-date: /home/abanoub/delivery_bot_ws/install/delivery_bot_description/share/delivery_bot_description/models/delivery_bot/meshes/part_5.stl
[0.156s] -- Up-to-date: /home/abanoub/delivery_bot_ws/install/delivery_bot_description/share/delivery_bot_description/models/delivery_bot/meshes/base_link.stl
[0.156s] -- Up-to-date: /home/abanoub/delivery_bot_ws/install/delivery_bot_description/share/delivery_bot_description/models/delivery_bot/meshes/motor_mount.part
[0.156s] -- Up-to-date: /home/abanoub/delivery_bot_ws/install/delivery_bot_description/share/delivery_bot_description/models/delivery_bot/meshes/geared_dc_motor_with_encoder___ts_25ga370h.stl
[0.156s] -- Up-to-date: /home/abanoub/delivery_bot_ws/install/delivery_bot_description/share/delivery_bot_description/models/delivery_bot/meshes/part_13.part
[0.156s] -- Up-to-date: /home/abanoub/delivery_bot_ws/install/delivery_bot_description/share/delivery_bot_description/models/delivery_bot/meshes/part_2.part
[0.156s] -- Up-to-date: /home/abanoub/delivery_bot_ws/install/delivery_bot_description/share/delivery_bot_description/models/delivery_bot/meshes/part_3.stl
[0.156s] -- Up-to-date: /home/abanoub/delivery_bot_ws/install/delivery_bot_description/share/delivery_bot_description/models/delivery_bot/meshes/column_support.stl
[0.156s] -- Up-to-date: /home/abanoub/delivery_bot_ws/install/delivery_bot_description/share/delivery_bot_description/models/delivery_bot/meshes/part_8.part
[0.157s] -- Up-to-date: /home/abanoub/delivery_bot_ws/install/delivery_bot_description/share/delivery_bot_description/models/delivery_bot/meshes/part_13.stl
[0.157s] -- Up-to-date: /home/abanoub/delivery_bot_ws/install/delivery_bot_description/share/delivery_bot_description/models/delivery_bot/meshes/top_plate.part
[0.157s] -- Up-to-date: /home/abanoub/delivery_bot_ws/install/delivery_bot_description/share/delivery_bot_description/models/delivery_bot/meshes/part_17.part
[0.157s] -- Up-to-date: /home/abanoub/delivery_bot_ws/install/delivery_bot_description/share/delivery_bot_description/models/delivery_bot/meshes/part_16.part
[0.157s] -- Up-to-date: /home/abanoub/delivery_bot_ws/install/delivery_bot_description/share/delivery_bot_description/models/delivery_bot/meshes/column_support.part
[0.157s] -- Up-to-date: /home/abanoub/delivery_bot_ws/install/delivery_bot_description/share/delivery_bot_description/models/delivery_bot/meshes/part_15.stl
[0.157s] -- Up-to-date: /home/abanoub/delivery_bot_ws/install/delivery_bot_description/share/delivery_bot_description/models/delivery_bot/meshes/part_15.part
[0.157s] -- Up-to-date: /home/abanoub/delivery_bot_ws/install/delivery_bot_description/share/delivery_bot_description/models/delivery_bot/meshes/part_10.stl
[0.157s] -- Up-to-date: /home/abanoub/delivery_bot_ws/install/delivery_bot_description/share/delivery_bot_description/models/delivery_bot/meshes/part_7.part
[0.157s] -- Up-to-date: /home/abanoub/delivery_bot_ws/install/delivery_bot_description/share/delivery_bot_description/models/delivery_bot/meshes/part_6.part
[0.157s] -- Up-to-date: /home/abanoub/delivery_bot_ws/install/delivery_bot_description/share/delivery_bot_description/models/delivery_bot/meshes/part_6.stl
[0.157s] -- Up-to-date: /home/abanoub/delivery_bot_ws/install/delivery_bot_description/share/delivery_bot_description/models/delivery_bot/meshes/part_8.stl
[0.157s] -- Up-to-date: /home/abanoub/delivery_bot_ws/install/delivery_bot_description/share/delivery_bot_description/models/delivery_bot/meshes/part_3.part
[0.157s] -- Up-to-date: /home/abanoub/delivery_bot_ws/install/delivery_bot_description/share/delivery_bot_description/models/delivery_bot/model.config
[0.158s] -- Up-to-date: /home/abanoub/delivery_bot_ws/install/delivery_bot_description/share/delivery_bot_description/urdf
[0.158s] -- Up-to-date: /home/abanoub/delivery_bot_ws/install/delivery_bot_description/share/delivery_bot_description/urdf/robot_v3.xacro
[0.158s] -- Up-to-date: /home/abanoub/delivery_bot_ws/install/delivery_bot_description/share/delivery_bot_description/urdf/config.json
[0.158s] -- Up-to-date: /home/abanoub/delivery_bot_ws/install/delivery_bot_description/share/delivery_bot_description/urdf/robot_v4.xacro
[0.158s] -- Up-to-date: /home/abanoub/delivery_bot_ws/install/delivery_bot_description/share/delivery_bot_description/launch
[0.158s] -- Up-to-date: /home/abanoub/delivery_bot_ws/install/delivery_bot_description/share/delivery_bot_description/launch/gazebo.launch.py
[0.158s] -- Up-to-date: /home/abanoub/delivery_bot_ws/install/delivery_bot_description/share/ament_index/resource_index/package_run_dependencies/delivery_bot_description
[0.158s] -- Up-to-date: /home/abanoub/delivery_bot_ws/install/delivery_bot_description/share/ament_index/resource_index/parent_prefix_path/delivery_bot_description
[0.158s] -- Up-to-date: /home/abanoub/delivery_bot_ws/install/delivery_bot_description/share/delivery_bot_description/environment/ament_prefix_path.sh
[0.158s] -- Up-to-date: /home/abanoub/delivery_bot_ws/install/delivery_bot_description/share/delivery_bot_description/environment/ament_prefix_path.dsv
[0.158s] -- Up-to-date: /home/abanoub/delivery_bot_ws/install/delivery_bot_description/share/delivery_bot_description/environment/path.sh
[0.158s] -- Up-to-date: /home/abanoub/delivery_bot_ws/install/delivery_bot_description/share/delivery_bot_description/environment/path.dsv
[0.158s] -- Up-to-date: /home/abanoub/delivery_bot_ws/install/delivery_bot_description/share/delivery_bot_description/local_setup.bash
[0.158s] -- Up-to-date: /home/abanoub/delivery_bot_ws/install/delivery_bot_description/share/delivery_bot_description/local_setup.sh
[0.159s] -- Up-to-date: /home/abanoub/delivery_bot_ws/install/delivery_bot_description/share/delivery_bot_description/local_setup.zsh
[0.159s] -- Up-to-date: /home/abanoub/delivery_bot_ws/install/delivery_bot_description/share/delivery_bot_description/local_setup.dsv
[0.159s] -- Installing: /home/abanoub/delivery_bot_ws/install/delivery_bot_description/share/delivery_bot_description/package.dsv
[0.159s] -- Up-to-date: /home/abanoub/delivery_bot_ws/install/delivery_bot_description/share/ament_index/resource_index/packages/delivery_bot_description
[0.160s] -- Up-to-date: /home/abanoub/delivery_bot_ws/install/delivery_bot_description/share/delivery_bot_description/cmake/delivery_bot_descriptionConfig.cmake
[0.160s] -- Up-to-date: /home/abanoub/delivery_bot_ws/install/delivery_bot_description/share/delivery_bot_description/cmake/delivery_bot_descriptionConfig-version.cmake
[0.160s] -- Up-to-date: /home/abanoub/delivery_bot_ws/install/delivery_bot_description/share/delivery_bot_description/package.xml
[0.199s] Invoked command in '/home/abanoub/delivery_bot_ws/build/delivery_bot_description' returned '0': CMAKE_PREFIX_PATH=${CMAKE_PREFIX_PATH}:/opt/ros/jazzy DEBUGINFOD_URLS=https://debuginfod.ubuntu.com /usr/bin/cmake --install /home/abanoub/delivery_bot_ws/build/delivery_bot_description
