[0.022s] Invoking command in '/home/abanoub/delivery_bot_ws/build/my_robot_description': CMAKE_PREFIX_PATH=${CMAKE_PREFIX_PATH}:/opt/ros/jazzy DEBUGINFOD_URLS=https://debuginfod.ubuntu.com /usr/bin/cmake --build /home/abanoub/delivery_bot_ws/build/my_robot_description -- -j20 -l20
[0.052s] Invoked command in '/home/abanoub/delivery_bot_ws/build/my_robot_description' returned '0': CMAKE_PREFIX_PATH=${CMAKE_PREFIX_PATH}:/opt/ros/jazzy DEBUGINFOD_URLS=https://debuginfod.ubuntu.com /usr/bin/cmake --build /home/abanoub/delivery_bot_ws/build/my_robot_description -- -j20 -l20
[0.053s] Invoking command in '/home/abanoub/delivery_bot_ws/build/my_robot_description': CMAKE_PREFIX_PATH=${CMAKE_PREFIX_PATH}:/opt/ros/jazzy DEBUGINFOD_URLS=https://debuginfod.ubuntu.com /usr/bin/cmake --install /home/abanoub/delivery_bot_ws/build/my_robot_description
[0.057s] -- Install configuration: ""
[0.057s] -- Execute custom install script
[0.058s] -- Up-to-date symlink: /home/abanoub/delivery_bot_ws/install/my_robot_description/share/my_robot_description/models/delivery_bot/meshes/base_link.part
[0.058s] -- Up-to-date symlink: /home/abanoub/delivery_bot_ws/install/my_robot_description/share/my_robot_description/models/delivery_bot/meshes/base_link.stl
[0.058s] -- Up-to-date symlink: /home/abanoub/delivery_bot_ws/install/my_robot_description/share/my_robot_description/models/delivery_bot/meshes/column_support.part
[0.058s] -- Up-to-date symlink: /home/abanoub/delivery_bot_ws/install/my_robot_description/share/my_robot_description/models/delivery_bot/meshes/column_support.stl
[0.059s] -- Up-to-date symlink: /home/abanoub/delivery_bot_ws/install/my_robot_description/share/my_robot_description/models/delivery_bot/meshes/geared_dc_motor_with_encoder___ts_25ga370h.part
[0.059s] -- Up-to-date symlink: /home/abanoub/delivery_bot_ws/install/my_robot_description/share/my_robot_description/models/delivery_bot/meshes/geared_dc_motor_with_encoder___ts_25ga370h.stl
[0.059s] -- Up-to-date symlink: /home/abanoub/delivery_bot_ws/install/my_robot_description/share/my_robot_description/models/delivery_bot/meshes/motor_mount.part
[0.059s] -- Up-to-date symlink: /home/abanoub/delivery_bot_ws/install/my_robot_description/share/my_robot_description/models/delivery_bot/meshes/motor_mount.stl
[0.059s] -- Up-to-date symlink: /home/abanoub/delivery_bot_ws/install/my_robot_description/share/my_robot_description/models/delivery_bot/meshes/part_1.part
[0.059s] -- Up-to-date symlink: /home/abanoub/delivery_bot_ws/install/my_robot_description/share/my_robot_description/models/delivery_bot/meshes/part_1.stl
[0.059s] -- Up-to-date symlink: /home/abanoub/delivery_bot_ws/install/my_robot_description/share/my_robot_description/models/delivery_bot/meshes/part_10.part
[0.059s] -- Up-to-date symlink: /home/abanoub/delivery_bot_ws/install/my_robot_description/share/my_robot_description/models/delivery_bot/meshes/part_10.stl
[0.059s] -- Up-to-date symlink: /home/abanoub/delivery_bot_ws/install/my_robot_description/share/my_robot_description/models/delivery_bot/meshes/part_11.part
[0.059s] -- Up-to-date symlink: /home/abanoub/delivery_bot_ws/install/my_robot_description/share/my_robot_description/models/delivery_bot/meshes/part_11.stl
[0.059s] -- Up-to-date symlink: /home/abanoub/delivery_bot_ws/install/my_robot_description/share/my_robot_description/models/delivery_bot/meshes/part_12.part
[0.059s] -- Up-to-date symlink: /home/abanoub/delivery_bot_ws/install/my_robot_description/share/my_robot_description/models/delivery_bot/meshes/part_12.stl
[0.059s] -- Up-to-date symlink: /home/abanoub/delivery_bot_ws/install/my_robot_description/share/my_robot_description/models/delivery_bot/meshes/part_13.part
[0.059s] -- Up-to-date symlink: /home/abanoub/delivery_bot_ws/install/my_robot_description/share/my_robot_description/models/delivery_bot/meshes/part_13.stl
[0.059s] -- Up-to-date symlink: /home/abanoub/delivery_bot_ws/install/my_robot_description/share/my_robot_description/models/delivery_bot/meshes/part_14.part
[0.059s] -- Up-to-date symlink: /home/abanoub/delivery_bot_ws/install/my_robot_description/share/my_robot_description/models/delivery_bot/meshes/part_14.stl
[0.059s] -- Up-to-date symlink: /home/abanoub/delivery_bot_ws/install/my_robot_description/share/my_robot_description/models/delivery_bot/meshes/part_15.part
[0.059s] -- Up-to-date symlink: /home/abanoub/delivery_bot_ws/install/my_robot_description/share/my_robot_description/models/delivery_bot/meshes/part_15.stl
[0.059s] -- Up-to-date symlink: /home/abanoub/delivery_bot_ws/install/my_robot_description/share/my_robot_description/models/delivery_bot/meshes/part_16.part
[0.059s] -- Up-to-date symlink: /home/abanoub/delivery_bot_ws/install/my_robot_description/share/my_robot_description/models/delivery_bot/meshes/part_16.stl
[0.059s] -- Up-to-date symlink: /home/abanoub/delivery_bot_ws/install/my_robot_description/share/my_robot_description/models/delivery_bot/meshes/part_17.part
[0.059s] -- Up-to-date symlink: /home/abanoub/delivery_bot_ws/install/my_robot_description/share/my_robot_description/models/delivery_bot/meshes/part_17.stl
[0.059s] -- Up-to-date symlink: /home/abanoub/delivery_bot_ws/install/my_robot_description/share/my_robot_description/models/delivery_bot/meshes/part_18.part
[0.060s] -- Up-to-date symlink: /home/abanoub/delivery_bot_ws/install/my_robot_description/share/my_robot_description/models/delivery_bot/meshes/part_18.stl
[0.060s] -- Up-to-date symlink: /home/abanoub/delivery_bot_ws/install/my_robot_description/share/my_robot_description/models/delivery_bot/meshes/part_19.part
[0.060s] -- Up-to-date symlink: /home/abanoub/delivery_bot_ws/install/my_robot_description/share/my_robot_description/models/delivery_bot/meshes/part_19.stl
[0.060s] -- Up-to-date symlink: /home/abanoub/delivery_bot_ws/install/my_robot_description/share/my_robot_description/models/delivery_bot/meshes/part_1__2.part
[0.060s] -- Up-to-date symlink: /home/abanoub/delivery_bot_ws/install/my_robot_description/share/my_robot_description/models/delivery_bot/meshes/part_1__2.stl
[0.060s] -- Up-to-date symlink: /home/abanoub/delivery_bot_ws/install/my_robot_description/share/my_robot_description/models/delivery_bot/meshes/part_2.part
[0.060s] -- Up-to-date symlink: /home/abanoub/delivery_bot_ws/install/my_robot_description/share/my_robot_description/models/delivery_bot/meshes/part_2.stl
[0.060s] -- Up-to-date symlink: /home/abanoub/delivery_bot_ws/install/my_robot_description/share/my_robot_description/models/delivery_bot/meshes/part_20.part
[0.060s] -- Up-to-date symlink: /home/abanoub/delivery_bot_ws/install/my_robot_description/share/my_robot_description/models/delivery_bot/meshes/part_20.stl
[0.060s] -- Up-to-date symlink: /home/abanoub/delivery_bot_ws/install/my_robot_description/share/my_robot_description/models/delivery_bot/meshes/part_3.part
[0.060s] -- Up-to-date symlink: /home/abanoub/delivery_bot_ws/install/my_robot_description/share/my_robot_description/models/delivery_bot/meshes/part_3.stl
[0.060s] -- Up-to-date symlink: /home/abanoub/delivery_bot_ws/install/my_robot_description/share/my_robot_description/models/delivery_bot/meshes/part_4.part
[0.060s] -- Up-to-date symlink: /home/abanoub/delivery_bot_ws/install/my_robot_description/share/my_robot_description/models/delivery_bot/meshes/part_4.stl
[0.060s] -- Up-to-date symlink: /home/abanoub/delivery_bot_ws/install/my_robot_description/share/my_robot_description/models/delivery_bot/meshes/part_5.part
[0.060s] -- Up-to-date symlink: /home/abanoub/delivery_bot_ws/install/my_robot_description/share/my_robot_description/models/delivery_bot/meshes/part_5.stl
[0.060s] -- Up-to-date symlink: /home/abanoub/delivery_bot_ws/install/my_robot_description/share/my_robot_description/models/delivery_bot/meshes/part_6.part
[0.060s] -- Up-to-date symlink: /home/abanoub/delivery_bot_ws/install/my_robot_description/share/my_robot_description/models/delivery_bot/meshes/part_6.stl
[0.060s] -- Up-to-date symlink: /home/abanoub/delivery_bot_ws/install/my_robot_description/share/my_robot_description/models/delivery_bot/meshes/part_7.part
[0.060s] -- Up-to-date symlink: /home/abanoub/delivery_bot_ws/install/my_robot_description/share/my_robot_description/models/delivery_bot/meshes/part_7.stl
[0.060s] -- Up-to-date symlink: /home/abanoub/delivery_bot_ws/install/my_robot_description/share/my_robot_description/models/delivery_bot/meshes/part_8.part
[0.060s] -- Up-to-date symlink: /home/abanoub/delivery_bot_ws/install/my_robot_description/share/my_robot_description/models/delivery_bot/meshes/part_8.stl
[0.060s] -- Up-to-date symlink: /home/abanoub/delivery_bot_ws/install/my_robot_description/share/my_robot_description/models/delivery_bot/meshes/part_9.part
[0.060s] -- Up-to-date symlink: /home/abanoub/delivery_bot_ws/install/my_robot_description/share/my_robot_description/models/delivery_bot/meshes/part_9.stl
[0.060s] -- Up-to-date symlink: /home/abanoub/delivery_bot_ws/install/my_robot_description/share/my_robot_description/models/delivery_bot/meshes/top_plate.part
[0.060s] -- Up-to-date symlink: /home/abanoub/delivery_bot_ws/install/my_robot_description/share/my_robot_description/models/delivery_bot/meshes/top_plate.stl
[0.060s] -- Up-to-date symlink: /home/abanoub/delivery_bot_ws/install/my_robot_description/share/my_robot_description/models/delivery_bot/meshes/wheel.part
[0.060s] -- Up-to-date symlink: /home/abanoub/delivery_bot_ws/install/my_robot_description/share/my_robot_description/models/delivery_bot/meshes/wheel.stl
[0.060s] -- Up-to-date symlink: /home/abanoub/delivery_bot_ws/install/my_robot_description/share/my_robot_description/models/delivery_bot/model.config
[0.060s] -- Up-to-date symlink: /home/abanoub/delivery_bot_ws/install/my_robot_description/share/my_robot_description/models/delivery_bot_v2/meshes/base_link.part
[0.061s] -- Up-to-date symlink: /home/abanoub/delivery_bot_ws/install/my_robot_description/share/my_robot_description/models/delivery_bot_v2/meshes/base_link.stl
[0.061s] -- Up-to-date symlink: /home/abanoub/delivery_bot_ws/install/my_robot_description/share/my_robot_description/models/delivery_bot_v2/meshes/column_support.part
[0.061s] -- Up-to-date symlink: /home/abanoub/delivery_bot_ws/install/my_robot_description/share/my_robot_description/models/delivery_bot_v2/meshes/column_support.stl
[0.061s] -- Up-to-date symlink: /home/abanoub/delivery_bot_ws/install/my_robot_description/share/my_robot_description/models/delivery_bot_v2/meshes/geared_dc_motor_with_encoder___ts_25ga370h.part
[0.061s] -- Up-to-date symlink: /home/abanoub/delivery_bot_ws/install/my_robot_description/share/my_robot_description/models/delivery_bot_v2/meshes/geared_dc_motor_with_encoder___ts_25ga370h.stl
[0.061s] -- Up-to-date symlink: /home/abanoub/delivery_bot_ws/install/my_robot_description/share/my_robot_description/models/delivery_bot_v2/meshes/middle_plate.part
[0.061s] -- Up-to-date symlink: /home/abanoub/delivery_bot_ws/install/my_robot_description/share/my_robot_description/models/delivery_bot_v2/meshes/middle_plate.stl
[0.061s] -- Up-to-date symlink: /home/abanoub/delivery_bot_ws/install/my_robot_description/share/my_robot_description/models/delivery_bot_v2/meshes/motor_mount.part
[0.061s] -- Up-to-date symlink: /home/abanoub/delivery_bot_ws/install/my_robot_description/share/my_robot_description/models/delivery_bot_v2/meshes/motor_mount.stl
[0.061s] -- Up-to-date symlink: /home/abanoub/delivery_bot_ws/install/my_robot_description/share/my_robot_description/models/delivery_bot_v2/meshes/omni_wheel.part
[0.061s] -- Up-to-date symlink: /home/abanoub/delivery_bot_ws/install/my_robot_description/share/my_robot_description/models/delivery_bot_v2/meshes/omni_wheel.stl
[0.061s] -- Up-to-date symlink: /home/abanoub/delivery_bot_ws/install/my_robot_description/share/my_robot_description/models/delivery_bot_v2/meshes/part_1.part
[0.061s] -- Up-to-date symlink: /home/abanoub/delivery_bot_ws/install/my_robot_description/share/my_robot_description/models/delivery_bot_v2/meshes/part_1.stl
[0.061s] -- Up-to-date symlink: /home/abanoub/delivery_bot_ws/install/my_robot_description/share/my_robot_description/models/delivery_bot_v2/meshes/part_10.part
[0.061s] -- Up-to-date symlink: /home/abanoub/delivery_bot_ws/install/my_robot_description/share/my_robot_description/models/delivery_bot_v2/meshes/part_10.stl
[0.061s] -- Up-to-date symlink: /home/abanoub/delivery_bot_ws/install/my_robot_description/share/my_robot_description/models/delivery_bot_v2/meshes/part_11.part
[0.061s] -- Up-to-date symlink: /home/abanoub/delivery_bot_ws/install/my_robot_description/share/my_robot_description/models/delivery_bot_v2/meshes/part_11.stl
[0.061s] -- Up-to-date symlink: /home/abanoub/delivery_bot_ws/install/my_robot_description/share/my_robot_description/models/delivery_bot_v2/meshes/part_12.part
[0.061s] -- Up-to-date symlink: /home/abanoub/delivery_bot_ws/install/my_robot_description/share/my_robot_description/models/delivery_bot_v2/meshes/part_12.stl
[0.061s] -- Up-to-date symlink: /home/abanoub/delivery_bot_ws/install/my_robot_description/share/my_robot_description/models/delivery_bot_v2/meshes/part_13.part
[0.061s] -- Up-to-date symlink: /home/abanoub/delivery_bot_ws/install/my_robot_description/share/my_robot_description/models/delivery_bot_v2/meshes/part_13.stl
[0.061s] -- Up-to-date symlink: /home/abanoub/delivery_bot_ws/install/my_robot_description/share/my_robot_description/models/delivery_bot_v2/meshes/part_14.part
[0.061s] -- Up-to-date symlink: /home/abanoub/delivery_bot_ws/install/my_robot_description/share/my_robot_description/models/delivery_bot_v2/meshes/part_14.stl
[0.061s] -- Up-to-date symlink: /home/abanoub/delivery_bot_ws/install/my_robot_description/share/my_robot_description/models/delivery_bot_v2/meshes/part_15.part
[0.061s] -- Up-to-date symlink: /home/abanoub/delivery_bot_ws/install/my_robot_description/share/my_robot_description/models/delivery_bot_v2/meshes/part_15.stl
[0.061s] -- Up-to-date symlink: /home/abanoub/delivery_bot_ws/install/my_robot_description/share/my_robot_description/models/delivery_bot_v2/meshes/part_16.part
[0.061s] -- Up-to-date symlink: /home/abanoub/delivery_bot_ws/install/my_robot_description/share/my_robot_description/models/delivery_bot_v2/meshes/part_16.stl
[0.062s] -- Up-to-date symlink: /home/abanoub/delivery_bot_ws/install/my_robot_description/share/my_robot_description/models/delivery_bot_v2/meshes/part_17.part
[0.062s] -- Up-to-date symlink: /home/abanoub/delivery_bot_ws/install/my_robot_description/share/my_robot_description/models/delivery_bot_v2/meshes/part_17.stl
[0.062s] -- Up-to-date symlink: /home/abanoub/delivery_bot_ws/install/my_robot_description/share/my_robot_description/models/delivery_bot_v2/meshes/part_18.part
[0.062s] -- Up-to-date symlink: /home/abanoub/delivery_bot_ws/install/my_robot_description/share/my_robot_description/models/delivery_bot_v2/meshes/part_18.stl
[0.062s] -- Up-to-date symlink: /home/abanoub/delivery_bot_ws/install/my_robot_description/share/my_robot_description/models/delivery_bot_v2/meshes/part_19.part
[0.062s] -- Up-to-date symlink: /home/abanoub/delivery_bot_ws/install/my_robot_description/share/my_robot_description/models/delivery_bot_v2/meshes/part_19.stl
[0.062s] -- Up-to-date symlink: /home/abanoub/delivery_bot_ws/install/my_robot_description/share/my_robot_description/models/delivery_bot_v2/meshes/part_1__2.part
[0.062s] -- Up-to-date symlink: /home/abanoub/delivery_bot_ws/install/my_robot_description/share/my_robot_description/models/delivery_bot_v2/meshes/part_1__2.stl
[0.062s] -- Up-to-date symlink: /home/abanoub/delivery_bot_ws/install/my_robot_description/share/my_robot_description/models/delivery_bot_v2/meshes/part_2.part
[0.062s] -- Up-to-date symlink: /home/abanoub/delivery_bot_ws/install/my_robot_description/share/my_robot_description/models/delivery_bot_v2/meshes/part_2.stl
[0.062s] -- Up-to-date symlink: /home/abanoub/delivery_bot_ws/install/my_robot_description/share/my_robot_description/models/delivery_bot_v2/meshes/part_20.part
[0.062s] -- Up-to-date symlink: /home/abanoub/delivery_bot_ws/install/my_robot_description/share/my_robot_description/models/delivery_bot_v2/meshes/part_20.stl
[0.062s] -- Up-to-date symlink: /home/abanoub/delivery_bot_ws/install/my_robot_description/share/my_robot_description/models/delivery_bot_v2/meshes/part_3.part
[0.062s] -- Up-to-date symlink: /home/abanoub/delivery_bot_ws/install/my_robot_description/share/my_robot_description/models/delivery_bot_v2/meshes/part_3.stl
[0.062s] -- Up-to-date symlink: /home/abanoub/delivery_bot_ws/install/my_robot_description/share/my_robot_description/models/delivery_bot_v2/meshes/part_4.part
[0.062s] -- Up-to-date symlink: /home/abanoub/delivery_bot_ws/install/my_robot_description/share/my_robot_description/models/delivery_bot_v2/meshes/part_4.stl
[0.062s] -- Up-to-date symlink: /home/abanoub/delivery_bot_ws/install/my_robot_description/share/my_robot_description/models/delivery_bot_v2/meshes/part_5.part
[0.062s] -- Up-to-date symlink: /home/abanoub/delivery_bot_ws/install/my_robot_description/share/my_robot_description/models/delivery_bot_v2/meshes/part_5.stl
[0.062s] -- Up-to-date symlink: /home/abanoub/delivery_bot_ws/install/my_robot_description/share/my_robot_description/models/delivery_bot_v2/meshes/part_6.part
[0.062s] -- Up-to-date symlink: /home/abanoub/delivery_bot_ws/install/my_robot_description/share/my_robot_description/models/delivery_bot_v2/meshes/part_6.stl
[0.062s] -- Up-to-date symlink: /home/abanoub/delivery_bot_ws/install/my_robot_description/share/my_robot_description/models/delivery_bot_v2/meshes/part_7.part
[0.063s] -- Up-to-date symlink: /home/abanoub/delivery_bot_ws/install/my_robot_description/share/my_robot_description/models/delivery_bot_v2/meshes/part_7.stl
[0.063s] -- Up-to-date symlink: /home/abanoub/delivery_bot_ws/install/my_robot_description/share/my_robot_description/models/delivery_bot_v2/meshes/part_8.part
[0.063s] -- Up-to-date symlink: /home/abanoub/delivery_bot_ws/install/my_robot_description/share/my_robot_description/models/delivery_bot_v2/meshes/part_8.stl
[0.063s] -- Up-to-date symlink: /home/abanoub/delivery_bot_ws/install/my_robot_description/share/my_robot_description/models/delivery_bot_v2/meshes/part_9.part
[0.063s] -- Up-to-date symlink: /home/abanoub/delivery_bot_ws/install/my_robot_description/share/my_robot_description/models/delivery_bot_v2/meshes/part_9.stl
[0.063s] -- Up-to-date symlink: /home/abanoub/delivery_bot_ws/install/my_robot_description/share/my_robot_description/models/delivery_bot_v2/meshes/top_plate.part
[0.063s] -- Up-to-date symlink: /home/abanoub/delivery_bot_ws/install/my_robot_description/share/my_robot_description/models/delivery_bot_v2/meshes/top_plate.stl
[0.063s] -- Up-to-date symlink: /home/abanoub/delivery_bot_ws/install/my_robot_description/share/my_robot_description/models/delivery_bot_v2/model.config
[0.063s] -- Symlinking: /home/abanoub/delivery_bot_ws/install/my_robot_description/share/my_robot_description/urdf/assets/3624_4008_0048_3_piece.part
[0.069s] -- Symlinking: /home/abanoub/delivery_bot_ws/install/my_robot_description/share/my_robot_description/urdf/assets/3624_4008_0048_3_piece.stl
[0.075s] -- Symlinking: /home/abanoub/delivery_bot_ws/install/my_robot_description/share/my_robot_description/urdf/assets/base_link.part
[0.081s] -- Symlinking: /home/abanoub/delivery_bot_ws/install/my_robot_description/share/my_robot_description/urdf/assets/base_link.stl
[0.088s] -- Symlinking: /home/abanoub/delivery_bot_ws/install/my_robot_description/share/my_robot_description/urdf/assets/column_support.part
[0.097s] -- Symlinking: /home/abanoub/delivery_bot_ws/install/my_robot_description/share/my_robot_description/urdf/assets/column_support.stl
[0.102s] -- Symlinking: /home/abanoub/delivery_bot_ws/install/my_robot_description/share/my_robot_description/urdf/assets/geared_dc_motor_with_encoder___ts_25ga370h.part
[0.107s] -- Symlinking: /home/abanoub/delivery_bot_ws/install/my_robot_description/share/my_robot_description/urdf/assets/geared_dc_motor_with_encoder___ts_25ga370h.stl
[0.115s] -- Symlinking: /home/abanoub/delivery_bot_ws/install/my_robot_description/share/my_robot_description/urdf/assets/middle_plate.part
[0.121s] -- Symlinking: /home/abanoub/delivery_bot_ws/install/my_robot_description/share/my_robot_description/urdf/assets/middle_plate.stl
[0.125s] -- Symlinking: /home/abanoub/delivery_bot_ws/install/my_robot_description/share/my_robot_description/urdf/assets/motor_mount.part
[0.130s] -- Symlinking: /home/abanoub/delivery_bot_ws/install/my_robot_description/share/my_robot_description/urdf/assets/motor_mount.stl
[0.138s] -- Symlinking: /home/abanoub/delivery_bot_ws/install/my_robot_description/share/my_robot_description/urdf/assets/part_1.part
[0.142s] -- Symlinking: /home/abanoub/delivery_bot_ws/install/my_robot_description/share/my_robot_description/urdf/assets/part_1.stl
[0.147s] -- Symlinking: /home/abanoub/delivery_bot_ws/install/my_robot_description/share/my_robot_description/urdf/assets/part_10.part
[0.155s] -- Symlinking: /home/abanoub/delivery_bot_ws/install/my_robot_description/share/my_robot_description/urdf/assets/part_10.stl
[0.159s] -- Symlinking: /home/abanoub/delivery_bot_ws/install/my_robot_description/share/my_robot_description/urdf/assets/part_11.part
[0.166s] -- Symlinking: /home/abanoub/delivery_bot_ws/install/my_robot_description/share/my_robot_description/urdf/assets/part_11.stl
[0.173s] -- Symlinking: /home/abanoub/delivery_bot_ws/install/my_robot_description/share/my_robot_description/urdf/assets/part_12.part
[0.180s] -- Symlinking: /home/abanoub/delivery_bot_ws/install/my_robot_description/share/my_robot_description/urdf/assets/part_12.stl
[0.184s] -- Symlinking: /home/abanoub/delivery_bot_ws/install/my_robot_description/share/my_robot_description/urdf/assets/part_13.part
[0.189s] -- Symlinking: /home/abanoub/delivery_bot_ws/install/my_robot_description/share/my_robot_description/urdf/assets/part_13.stl
[0.195s] -- Symlinking: /home/abanoub/delivery_bot_ws/install/my_robot_description/share/my_robot_description/urdf/assets/part_14.part
[0.199s] -- Symlinking: /home/abanoub/delivery_bot_ws/install/my_robot_description/share/my_robot_description/urdf/assets/part_14.stl
[0.204s] -- Symlinking: /home/abanoub/delivery_bot_ws/install/my_robot_description/share/my_robot_description/urdf/assets/part_15.part
[0.209s] -- Symlinking: /home/abanoub/delivery_bot_ws/install/my_robot_description/share/my_robot_description/urdf/assets/part_15.stl
[0.215s] -- Symlinking: /home/abanoub/delivery_bot_ws/install/my_robot_description/share/my_robot_description/urdf/assets/part_16.part
[0.223s] -- Symlinking: /home/abanoub/delivery_bot_ws/install/my_robot_description/share/my_robot_description/urdf/assets/part_16.stl
[0.228s] -- Symlinking: /home/abanoub/delivery_bot_ws/install/my_robot_description/share/my_robot_description/urdf/assets/part_17.part
[0.234s] -- Symlinking: /home/abanoub/delivery_bot_ws/install/my_robot_description/share/my_robot_description/urdf/assets/part_17.stl
[0.239s] -- Symlinking: /home/abanoub/delivery_bot_ws/install/my_robot_description/share/my_robot_description/urdf/assets/part_18.part
[0.243s] -- Symlinking: /home/abanoub/delivery_bot_ws/install/my_robot_description/share/my_robot_description/urdf/assets/part_18.stl
[0.248s] -- Symlinking: /home/abanoub/delivery_bot_ws/install/my_robot_description/share/my_robot_description/urdf/assets/part_19.part
[0.253s] -- Symlinking: /home/abanoub/delivery_bot_ws/install/my_robot_description/share/my_robot_description/urdf/assets/part_19.stl
[0.259s] -- Symlinking: /home/abanoub/delivery_bot_ws/install/my_robot_description/share/my_robot_description/urdf/assets/part_1__2.part
[0.264s] -- Symlinking: /home/abanoub/delivery_bot_ws/install/my_robot_description/share/my_robot_description/urdf/assets/part_1__2.stl
[0.268s] -- Symlinking: /home/abanoub/delivery_bot_ws/install/my_robot_description/share/my_robot_description/urdf/assets/part_2.part
[0.273s] -- Symlinking: /home/abanoub/delivery_bot_ws/install/my_robot_description/share/my_robot_description/urdf/assets/part_2.stl
[0.278s] -- Symlinking: /home/abanoub/delivery_bot_ws/install/my_robot_description/share/my_robot_description/urdf/assets/part_20.part
[0.283s] -- Symlinking: /home/abanoub/delivery_bot_ws/install/my_robot_description/share/my_robot_description/urdf/assets/part_20.stl
[0.288s] -- Symlinking: /home/abanoub/delivery_bot_ws/install/my_robot_description/share/my_robot_description/urdf/assets/part_3.part
[0.295s] -- Symlinking: /home/abanoub/delivery_bot_ws/install/my_robot_description/share/my_robot_description/urdf/assets/part_3.stl
[0.302s] -- Symlinking: /home/abanoub/delivery_bot_ws/install/my_robot_description/share/my_robot_description/urdf/assets/part_4.part
[0.308s] -- Symlinking: /home/abanoub/delivery_bot_ws/install/my_robot_description/share/my_robot_description/urdf/assets/part_4.stl
[0.314s] -- Symlinking: /home/abanoub/delivery_bot_ws/install/my_robot_description/share/my_robot_description/urdf/assets/part_5.part
[0.321s] -- Symlinking: /home/abanoub/delivery_bot_ws/install/my_robot_description/share/my_robot_description/urdf/assets/part_5.stl
[0.327s] -- Symlinking: /home/abanoub/delivery_bot_ws/install/my_robot_description/share/my_robot_description/urdf/assets/part_6.part
[0.333s] -- Symlinking: /home/abanoub/delivery_bot_ws/install/my_robot_description/share/my_robot_description/urdf/assets/part_6.stl
[0.338s] -- Symlinking: /home/abanoub/delivery_bot_ws/install/my_robot_description/share/my_robot_description/urdf/assets/part_7.part
[0.343s] -- Symlinking: /home/abanoub/delivery_bot_ws/install/my_robot_description/share/my_robot_description/urdf/assets/part_7.stl
[0.347s] -- Symlinking: /home/abanoub/delivery_bot_ws/install/my_robot_description/share/my_robot_description/urdf/assets/part_8.part
[0.353s] -- Symlinking: /home/abanoub/delivery_bot_ws/install/my_robot_description/share/my_robot_description/urdf/assets/part_8.stl
[0.359s] -- Symlinking: /home/abanoub/delivery_bot_ws/install/my_robot_description/share/my_robot_description/urdf/assets/part_9.part
[0.364s] -- Symlinking: /home/abanoub/delivery_bot_ws/install/my_robot_description/share/my_robot_description/urdf/assets/part_9.stl
[0.369s] -- Symlinking: /home/abanoub/delivery_bot_ws/install/my_robot_description/share/my_robot_description/urdf/assets/top_plate.part
[0.374s] -- Symlinking: /home/abanoub/delivery_bot_ws/install/my_robot_description/share/my_robot_description/urdf/assets/top_plate.stl
[0.380s] -- Up-to-date symlink: /home/abanoub/delivery_bot_ws/install/my_robot_description/share/my_robot_description/urdf/config.json
[0.380s] -- Up-to-date symlink: /home/abanoub/delivery_bot_ws/install/my_robot_description/share/my_robot_description/urdf/robot_v3.xacro
[0.380s] -- Up-to-date symlink: /home/abanoub/delivery_bot_ws/install/my_robot_description/share/my_robot_description/urdf/robot_v4.xacro
[0.380s] -- Up-to-date symlink: /home/abanoub/delivery_bot_ws/install/my_robot_description/share/my_robot_description/launch/gazebo.launch.py
[0.380s] -- Up-to-date symlink: /home/abanoub/delivery_bot_ws/install/my_robot_description/share/my_robot_description/launch/slam.launch.py
[0.380s] -- Up-to-date symlink: /home/abanoub/delivery_bot_ws/install/my_robot_description/share/ament_index/resource_index/package_run_dependencies/my_robot_description
[0.381s] -- Up-to-date symlink: /home/abanoub/delivery_bot_ws/install/my_robot_description/share/ament_index/resource_index/parent_prefix_path/my_robot_description
[0.381s] -- Up-to-date symlink: /home/abanoub/delivery_bot_ws/install/my_robot_description/share/my_robot_description/environment/ament_prefix_path.sh
[0.381s] -- Up-to-date symlink: /home/abanoub/delivery_bot_ws/install/my_robot_description/share/my_robot_description/environment/ament_prefix_path.dsv
[0.381s] -- Up-to-date symlink: /home/abanoub/delivery_bot_ws/install/my_robot_description/share/my_robot_description/environment/path.sh
[0.381s] -- Up-to-date symlink: /home/abanoub/delivery_bot_ws/install/my_robot_description/share/my_robot_description/environment/path.dsv
[0.381s] -- Up-to-date symlink: /home/abanoub/delivery_bot_ws/install/my_robot_description/share/my_robot_description/local_setup.bash
[0.381s] -- Up-to-date symlink: /home/abanoub/delivery_bot_ws/install/my_robot_description/share/my_robot_description/local_setup.sh
[0.381s] -- Up-to-date symlink: /home/abanoub/delivery_bot_ws/install/my_robot_description/share/my_robot_description/local_setup.zsh
[0.381s] -- Up-to-date symlink: /home/abanoub/delivery_bot_ws/install/my_robot_description/share/my_robot_description/local_setup.dsv
[0.381s] -- Symlinking: /home/abanoub/delivery_bot_ws/install/my_robot_description/share/my_robot_description/package.dsv
[0.386s] -- Up-to-date symlink: /home/abanoub/delivery_bot_ws/install/my_robot_description/share/ament_index/resource_index/packages/my_robot_description
[0.386s] -- Up-to-date symlink: /home/abanoub/delivery_bot_ws/install/my_robot_description/share/my_robot_description/cmake/my_robot_descriptionConfig.cmake
[0.386s] -- Up-to-date symlink: /home/abanoub/delivery_bot_ws/install/my_robot_description/share/my_robot_description/cmake/my_robot_descriptionConfig-version.cmake
[0.386s] -- Up-to-date symlink: /home/abanoub/delivery_bot_ws/install/my_robot_description/share/my_robot_description/package.xml
[0.387s] Invoked command in '/home/abanoub/delivery_bot_ws/build/my_robot_description' returned '0': CMAKE_PREFIX_PATH=${CMAKE_PREFIX_PATH}:/opt/ros/jazzy DEBUGINFOD_URLS=https://debuginfod.ubuntu.com /usr/bin/cmake --install /home/abanoub/delivery_bot_ws/build/my_robot_description
