[0.083s] Invoking command in '/home/abanoub/delivery_bot_ws/build/delivery_bot_nav': CMAKE_PREFIX_PATH=${CMAKE_PREFIX_PATH}:/opt/ros/humble /usr/bin/cmake --build /home/abanoub/delivery_bot_ws/build/delivery_bot_nav -- -j20 -l20
[0.143s] Invoked command in '/home/abanoub/delivery_bot_ws/build/delivery_bot_nav' returned '0': CMAKE_PREFIX_PATH=${CMAKE_PREFIX_PATH}:/opt/ros/humble /usr/bin/cmake --build /home/abanoub/delivery_bot_ws/build/delivery_bot_nav -- -j20 -l20
[0.154s] Invoking command in '/home/abanoub/delivery_bot_ws/build/delivery_bot_nav': CMAKE_PREFIX_PATH=${CMAKE_PREFIX_PATH}:/opt/ros/humble /usr/bin/cmake --install /home/abanoub/delivery_bot_ws/build/delivery_bot_nav
[0.161s] -- Install configuration: ""
[0.161s] -- Up-to-date: /home/abanoub/delivery_bot_ws/install/delivery_bot_nav/share/ament_index/resource_index/package_run_dependencies/delivery_bot_nav
[0.161s] -- Up-to-date: /home/abanoub/delivery_bot_ws/install/delivery_bot_nav/share/ament_index/resource_index/parent_prefix_path/delivery_bot_nav
[0.161s] -- Up-to-date: /home/abanoub/delivery_bot_ws/install/delivery_bot_nav/share/delivery_bot_nav/environment/ament_prefix_path.sh
[0.161s] -- Up-to-date: /home/abanoub/delivery_bot_ws/install/delivery_bot_nav/share/delivery_bot_nav/environment/ament_prefix_path.dsv
[0.161s] -- Up-to-date: /home/abanoub/delivery_bot_ws/install/delivery_bot_nav/share/delivery_bot_nav/environment/path.sh
[0.161s] -- Up-to-date: /home/abanoub/delivery_bot_ws/install/delivery_bot_nav/share/delivery_bot_nav/environment/path.dsv
[0.161s] -- Up-to-date: /home/abanoub/delivery_bot_ws/install/delivery_bot_nav/share/delivery_bot_nav/local_setup.bash
[0.161s] -- Up-to-date: /home/abanoub/delivery_bot_ws/install/delivery_bot_nav/share/delivery_bot_nav/local_setup.sh
[0.161s] -- Up-to-date: /home/abanoub/delivery_bot_ws/install/delivery_bot_nav/share/delivery_bot_nav/local_setup.zsh
[0.161s] -- Up-to-date: /home/abanoub/delivery_bot_ws/install/delivery_bot_nav/share/delivery_bot_nav/local_setup.dsv
[0.161s] -- Installing: /home/abanoub/delivery_bot_ws/install/delivery_bot_nav/share/delivery_bot_nav/package.dsv
[0.161s] -- Up-to-date: /home/abanoub/delivery_bot_ws/install/delivery_bot_nav/share/ament_index/resource_index/packages/delivery_bot_nav
[0.161s] -- Up-to-date: /home/abanoub/delivery_bot_ws/install/delivery_bot_nav/share/delivery_bot_nav/cmake/delivery_bot_navConfig.cmake
[0.161s] -- Up-to-date: /home/abanoub/delivery_bot_ws/install/delivery_bot_nav/share/delivery_bot_nav/cmake/delivery_bot_navConfig-version.cmake
[0.161s] -- Up-to-date: /home/abanoub/delivery_bot_ws/install/delivery_bot_nav/share/delivery_bot_nav/package.xml
[0.434s] Invoked command in '/home/abanoub/delivery_bot_ws/build/delivery_bot_nav' returned '0': CMAKE_PREFIX_PATH=${CMAKE_PREFIX_PATH}:/opt/ros/humble /usr/bin/cmake --install /home/abanoub/delivery_bot_ws/build/delivery_bot_nav
