[0.063s] Invoking command in '/home/abanoub/delivery_bot_ws/build/delivery_bot_control': CMAKE_PREFIX_PATH=${CMAKE_PREFIX_PATH}:/opt/ros/jazzy DEBUGINFOD_URLS=https://debuginfod.ubuntu.com /usr/bin/cmake --build /home/abanoub/delivery_bot_ws/build/delivery_bot_control -- -j20 -l20
[0.149s] -- Found ament_cmake: 2.5.4 (/opt/ros/jazzy/share/ament_cmake/cmake)
[0.832s] -- Found rclcpp: 28.1.11 (/opt/ros/jazzy/share/rclcpp/cmake)
[0.885s] -- Found rosidl_generator_c: 4.6.6 (/opt/ros/jazzy/share/rosidl_generator_c/cmake)
[0.902s] -- Found rosidl_generator_cpp: 4.6.6 (/opt/ros/jazzy/share/rosidl_generator_cpp/cmake)
[0.927s] -- Using all available rosidl_typesupport_c: rosidl_typesupport_fastrtps_c;rosidl_typesupport_introspection_c
[0.957s] -- Using all available rosidl_typesupport_cpp: rosidl_typesupport_fastrtps_cpp;rosidl_typesupport_introspection_cpp
[1.140s] -- Found rmw_implementation_cmake: 7.3.2 (/opt/ros/jazzy/share/rmw_implementation_cmake/cmake)
[1.144s] -- Found rmw_cyclonedds_cpp: 2.2.3 (/opt/ros/jazzy/share/rmw_cyclonedds_cpp/cmake)
[1.209s] -- Using RMW implementation 'rmw_cyclonedds_cpp' as default
[1.318s] -- Found rclcpp_components: 28.1.11 (/opt/ros/jazzy/share/rclcpp_components/cmake)
[1.366s] -- Found sensor_msgs: 5.3.6 (/opt/ros/jazzy/share/sensor_msgs/cmake)
[1.454s] -- Found trajectory_msgs: 5.3.6 (/opt/ros/jazzy/share/trajectory_msgs/cmake)
[1.483s] -- Found nav_msgs: 5.3.6 (/opt/ros/jazzy/share/nav_msgs/cmake)
[1.527s] -- Found tf2_ros: 0.36.14 (/opt/ros/jazzy/share/tf2_ros/cmake)
[1.675s] -- Found control_msgs: 5.5.0 (/opt/ros/jazzy/share/control_msgs/cmake)
[1.738s] -- Found pluginlib: 5.4.2 (/opt/ros/jazzy/share/pluginlib/cmake)
[1.742s] -- Found TinyXML2 via Config file: /usr/lib/x86_64-linux-gnu/cmake/tinyxml2
[1.743s] -- Found hardware_interface: 4.35.0 (/opt/ros/jazzy/share/hardware_interface/cmake)
[1.869s] -- Found ros2_control: 4.35.0 (/opt/ros/jazzy/share/ros2_control/cmake)
[1.869s] -- Found controller_manager: 4.35.0 (/opt/ros/jazzy/share/controller_manager/cmake)
[2.004s] -- Found ros2_controllers: 4.30.1 (/opt/ros/jazzy/share/ros2_controllers/cmake)
[2.004s] -- Found gz_ros2_control: 1.2.14 (/opt/ros/jazzy/share/gz_ros2_control/cmake)
[2.166s] -- Configuring done (2.0s)
[2.330s] -- Generating done (0.1s)
[2.353s] -- Build files have been written to: /home/abanoub/delivery_bot_ws/build/delivery_bot_control
[2.453s] [100%] Built target hardware_bridge_node
[2.474s] Invoked command in '/home/abanoub/delivery_bot_ws/build/delivery_bot_control' returned '0': CMAKE_PREFIX_PATH=${CMAKE_PREFIX_PATH}:/opt/ros/jazzy DEBUGINFOD_URLS=https://debuginfod.ubuntu.com /usr/bin/cmake --build /home/abanoub/delivery_bot_ws/build/delivery_bot_control -- -j20 -l20
[2.477s] Invoking command in '/home/abanoub/delivery_bot_ws/build/delivery_bot_control': CMAKE_PREFIX_PATH=${CMAKE_PREFIX_PATH}:/opt/ros/jazzy DEBUGINFOD_URLS=https://debuginfod.ubuntu.com /usr/bin/cmake --install /home/abanoub/delivery_bot_ws/build/delivery_bot_control
[2.492s] -- Install configuration: ""
[2.492s] -- Up-to-date: /home/abanoub/delivery_bot_ws/install/delivery_bot_control/lib/delivery_bot_control/hardware_bridge_node
[2.493s] -- Up-to-date: /home/abanoub/delivery_bot_ws/install/delivery_bot_control/lib/delivery_bot_control/omni_kinematics_node.py
[2.493s] -- Up-to-date: /home/abanoub/delivery_bot_ws/install/delivery_bot_control/lib/delivery_bot_control/odometry_node.py
[2.493s] -- Up-to-date: /home/abanoub/delivery_bot_ws/install/delivery_bot_control/lib/delivery_bot_control/recommend_fdir1.py
[2.493s] -- Up-to-date: /home/abanoub/delivery_bot_ws/install/delivery_bot_control/lib/delivery_bot_control/wheel_direction_test.py
[2.493s] -- Up-to-date: /home/abanoub/delivery_bot_ws/install/delivery_bot_control/share/delivery_bot_control/config
[2.493s] -- Up-to-date: /home/abanoub/delivery_bot_ws/install/delivery_bot_control/share/delivery_bot_control/config/joy.yaml
[2.493s] -- Up-to-date: /home/abanoub/delivery_bot_ws/install/delivery_bot_control/share/delivery_bot_control/config/omni_drive_controller.params.yaml
[2.493s] -- Up-to-date: /home/abanoub/delivery_bot_ws/install/delivery_bot_control/share/delivery_bot_control/config/teleop.yaml
[2.494s] -- Up-to-date: /home/abanoub/delivery_bot_ws/install/delivery_bot_control/share/delivery_bot_control/config/ekf.yaml
[2.494s] -- Up-to-date: /home/abanoub/delivery_bot_ws/install/delivery_bot_control/share/delivery_bot_control/config/omni_drive_controller.yaml
[2.494s] -- Up-to-date: /home/abanoub/delivery_bot_ws/install/delivery_bot_control/share/delivery_bot_control/launch
[2.494s] -- Up-to-date: /home/abanoub/delivery_bot_ws/install/delivery_bot_control/share/delivery_bot_control/launch/controls.launch.py
[2.494s] -- Up-to-date: /home/abanoub/delivery_bot_ws/install/delivery_bot_control/share/delivery_bot_control/DefaultRobotHWSim.xml
[2.494s] -- Up-to-date: /home/abanoub/delivery_bot_ws/install/delivery_bot_control/share/ament_index/resource_index/package_run_dependencies/delivery_bot_control
[2.494s] -- Installing: /home/abanoub/delivery_bot_ws/install/delivery_bot_control/share/ament_index/resource_index/parent_prefix_path/delivery_bot_control
[2.494s] -- Up-to-date: /home/abanoub/delivery_bot_ws/install/delivery_bot_control/share/delivery_bot_control/environment/ament_prefix_path.sh
[2.494s] -- Up-to-date: /home/abanoub/delivery_bot_ws/install/delivery_bot_control/share/delivery_bot_control/environment/ament_prefix_path.dsv
[2.495s] -- Up-to-date: /home/abanoub/delivery_bot_ws/install/delivery_bot_control/share/delivery_bot_control/environment/path.sh
[2.495s] -- Up-to-date: /home/abanoub/delivery_bot_ws/install/delivery_bot_control/share/delivery_bot_control/environment/path.dsv
[2.495s] -- Up-to-date: /home/abanoub/delivery_bot_ws/install/delivery_bot_control/share/delivery_bot_control/local_setup.bash
[2.495s] -- Up-to-date: /home/abanoub/delivery_bot_ws/install/delivery_bot_control/share/delivery_bot_control/local_setup.sh
[2.495s] -- Up-to-date: /home/abanoub/delivery_bot_ws/install/delivery_bot_control/share/delivery_bot_control/local_setup.zsh
[2.495s] -- Up-to-date: /home/abanoub/delivery_bot_ws/install/delivery_bot_control/share/delivery_bot_control/local_setup.dsv
[2.495s] -- Installing: /home/abanoub/delivery_bot_ws/install/delivery_bot_control/share/delivery_bot_control/package.dsv
[2.495s] -- Up-to-date: /home/abanoub/delivery_bot_ws/install/delivery_bot_control/share/ament_index/resource_index/packages/delivery_bot_control
[2.495s] -- Up-to-date: /home/abanoub/delivery_bot_ws/install/delivery_bot_control/share/ament_index/resource_index/hardware_interface__pluginlib__plugin/delivery_bot_control
[2.495s] -- Up-to-date: /home/abanoub/delivery_bot_ws/install/delivery_bot_control/share/delivery_bot_control/cmake/delivery_bot_controlConfig.cmake
[2.495s] -- Up-to-date: /home/abanoub/delivery_bot_ws/install/delivery_bot_control/share/delivery_bot_control/cmake/delivery_bot_controlConfig-version.cmake
[2.496s] -- Up-to-date: /home/abanoub/delivery_bot_ws/install/delivery_bot_control/share/delivery_bot_control/package.xml
[2.498s] Invoked command in '/home/abanoub/delivery_bot_ws/build/delivery_bot_control' returned '0': CMAKE_PREFIX_PATH=${CMAKE_PREFIX_PATH}:/opt/ros/jazzy DEBUGINFOD_URLS=https://debuginfod.ubuntu.com /usr/bin/cmake --install /home/abanoub/delivery_bot_ws/build/delivery_bot_control
