[0.192s] Invoking command in '/home/abanoub/delivery_bot_ws/build/delivery_bot_control': CMAKE_PREFIX_PATH=${CMAKE_PREFIX_PATH}:/opt/ros/humble /usr/bin/cmake --build /home/abanoub/delivery_bot_ws/build/delivery_bot_control -- -j20 -l20
[2.456s] [100%] Built target hardware_bridge_node
[2.467s] Invoked command in '/home/abanoub/delivery_bot_ws/build/delivery_bot_control' returned '0': CMAKE_PREFIX_PATH=${CMAKE_PREFIX_PATH}:/opt/ros/humble /usr/bin/cmake --build /home/abanoub/delivery_bot_ws/build/delivery_bot_control -- -j20 -l20
[2.489s] Invoking command in '/home/abanoub/delivery_bot_ws/build/delivery_bot_control': CMAKE_PREFIX_PATH=${CMAKE_PREFIX_PATH}:/opt/ros/humble /usr/bin/cmake --install /home/abanoub/delivery_bot_ws/build/delivery_bot_control
[2.516s] -- Install configuration: ""
[2.516s] -- Up-to-date: /home/abanoub/delivery_bot_ws/install/delivery_bot_control/lib/delivery_bot_control/hardware_bridge_node
[2.516s] -- Up-to-date: /home/abanoub/delivery_bot_ws/install/delivery_bot_control/lib/delivery_bot_control/omni_kinematics_node.py
[2.516s] -- Up-to-date: /home/abanoub/delivery_bot_ws/install/delivery_bot_control/lib/delivery_bot_control/odometry_node.py
[2.517s] -- Up-to-date: /home/abanoub/delivery_bot_ws/install/delivery_bot_control/lib/delivery_bot_control/recommend_fdir1.py
[2.517s] -- Up-to-date: /home/abanoub/delivery_bot_ws/install/delivery_bot_control/lib/delivery_bot_control/wheel_direction_test.py
[2.517s] -- Up-to-date: /home/abanoub/delivery_bot_ws/install/delivery_bot_control/share/delivery_bot_control/config
[2.517s] -- Installing: /home/abanoub/delivery_bot_ws/install/delivery_bot_control/share/delivery_bot_control/config/ekf.yaml
[2.517s] -- Up-to-date: /home/abanoub/delivery_bot_ws/install/delivery_bot_control/share/delivery_bot_control/config/omni_drive_controller.params.yaml
[2.517s] -- Up-to-date: /home/abanoub/delivery_bot_ws/install/delivery_bot_control/share/delivery_bot_control/config/teleop_joy.yaml
[2.517s] -- Up-to-date: /home/abanoub/delivery_bot_ws/install/delivery_bot_control/share/delivery_bot_control/launch
[2.518s] -- Up-to-date: /home/abanoub/delivery_bot_ws/install/delivery_bot_control/share/delivery_bot_control/launch/controls.launch.py
[2.518s] -- Up-to-date: /home/abanoub/delivery_bot_ws/install/delivery_bot_control/share/delivery_bot_control/DefaultRobotHWSim.xml
[2.518s] -- Up-to-date: /home/abanoub/delivery_bot_ws/install/delivery_bot_control/share/ament_index/resource_index/package_run_dependencies/delivery_bot_control
[2.518s] -- Up-to-date: /home/abanoub/delivery_bot_ws/install/delivery_bot_control/share/ament_index/resource_index/parent_prefix_path/delivery_bot_control
[2.518s] -- Up-to-date: /home/abanoub/delivery_bot_ws/install/delivery_bot_control/share/delivery_bot_control/environment/ament_prefix_path.sh
[2.518s] -- Up-to-date: /home/abanoub/delivery_bot_ws/install/delivery_bot_control/share/delivery_bot_control/environment/ament_prefix_path.dsv
[2.518s] -- Up-to-date: /home/abanoub/delivery_bot_ws/install/delivery_bot_control/share/delivery_bot_control/environment/path.sh
[2.518s] -- Up-to-date: /home/abanoub/delivery_bot_ws/install/delivery_bot_control/share/delivery_bot_control/environment/path.dsv
[2.518s] -- Up-to-date: /home/abanoub/delivery_bot_ws/install/delivery_bot_control/share/delivery_bot_control/local_setup.bash
[2.518s] -- Up-to-date: /home/abanoub/delivery_bot_ws/install/delivery_bot_control/share/delivery_bot_control/local_setup.sh
[2.518s] -- Up-to-date: /home/abanoub/delivery_bot_ws/install/delivery_bot_control/share/delivery_bot_control/local_setup.zsh
[2.518s] -- Up-to-date: /home/abanoub/delivery_bot_ws/install/delivery_bot_control/share/delivery_bot_control/local_setup.dsv
[2.518s] -- Installing: /home/abanoub/delivery_bot_ws/install/delivery_bot_control/share/delivery_bot_control/package.dsv
[2.518s] -- Up-to-date: /home/abanoub/delivery_bot_ws/install/delivery_bot_control/share/ament_index/resource_index/packages/delivery_bot_control
[2.519s] -- Up-to-date: /home/abanoub/delivery_bot_ws/install/delivery_bot_control/share/ament_index/resource_index/hardware_interface__pluginlib__plugin/delivery_bot_control
[2.519s] -- Up-to-date: /home/abanoub/delivery_bot_ws/install/delivery_bot_control/share/delivery_bot_control/cmake/delivery_bot_controlConfig.cmake
[2.519s] -- Up-to-date: /home/abanoub/delivery_bot_ws/install/delivery_bot_control/share/delivery_bot_control/cmake/delivery_bot_controlConfig-version.cmake
[2.519s] -- Up-to-date: /home/abanoub/delivery_bot_ws/install/delivery_bot_control/share/delivery_bot_control/package.xml
[2.520s] Invoked command in '/home/abanoub/delivery_bot_ws/build/delivery_bot_control' returned '0': CMAKE_PREFIX_PATH=${CMAKE_PREFIX_PATH}:/opt/ros/humble /usr/bin/cmake --install /home/abanoub/delivery_bot_ws/build/delivery_bot_control
