[0.193s] DEBUG:colcon:Command line arguments: ['/usr/bin/colcon', 'build']
[0.193s] DEBUG:colcon:Parsed command line arguments: Namespace(log_base=None, log_level=None, verb_name='build', build_base='build', install_base='install', merge_install=False, symlink_install=False, test_result_base=None, continue_on_error=False, executor='parallel', parallel_workers=20, event_handlers=None, ignore_user_meta=False, metas=['./colcon.meta'], base_paths=['.'], packages_ignore=None, packages_ignore_regex=None, paths=None, packages_up_to=None, packages_up_to_regex=None, packages_above=None, packages_above_and_dependencies=None, packages_above_depth=None, packages_select_by_dep=None, packages_skip_by_dep=None, packages_skip_up_to=None, packages_select_build_failed=False, packages_skip_build_finished=False, packages_select_test_failures=False, packages_skip_test_passed=False, packages_select=None, packages_skip=None, packages_select_regex=None, packages_skip_regex=None, packages_start=None, packages_end=None, allow_overriding=[], cmake_args=None, cmake_target=None, cmake_target_skip_unavailable=False, cmake_clean_cache=False, cmake_clean_first=False, cmake_force_configure=False, ament_cmake_args=None, catkin_cmake_args=None, catkin_skip_building_tests=False, verb_parser=<colcon_defaults.argument_parser.defaults.DefaultArgumentsDecorator object at 0x7c0671e61960>, verb_extension=<colcon_core.verb.build.BuildVerb object at 0x7c0671f62dd0>, main=<bound method BuildVerb.main of <colcon_core.verb.build.BuildVerb object at 0x7c0671f62dd0>>)
[0.471s] Level 1:colcon.colcon_core.package_discovery:discover_packages(colcon_meta) check parameters
[0.471s] Level 1:colcon.colcon_core.package_discovery:discover_packages(recursive) check parameters
[0.471s] Level 1:colcon.colcon_core.package_discovery:discover_packages(ignore) check parameters
[0.471s] Level 1:colcon.colcon_core.package_discovery:discover_packages(path) check parameters
[0.471s] Level 1:colcon.colcon_core.package_discovery:discover_packages(colcon_meta) discover
[0.471s] Level 1:colcon.colcon_core.package_discovery:discover_packages(recursive) discover
[0.471s] INFO:colcon.colcon_core.package_discovery:Crawling recursively for packages in '/home/abanoub/delivery_bot_ws'
[0.471s] Level 1:colcon.colcon_core.package_identification:_identify(.) by extensions ['ignore', 'ignore_ament_install']
[0.471s] Level 1:colcon.colcon_core.package_identification:_identify(.) by extension 'ignore'
[0.472s] Level 1:colcon.colcon_core.package_identification:_identify(.) by extension 'ignore_ament_install'
[0.472s] Level 1:colcon.colcon_core.package_identification:_identify(.) by extensions ['colcon_pkg']
[0.472s] Level 1:colcon.colcon_core.package_identification:_identify(.) by extension 'colcon_pkg'
[0.472s] Level 1:colcon.colcon_core.package_identification:_identify(.) by extensions ['colcon_meta']
[0.472s] Level 1:colcon.colcon_core.package_identification:_identify(.) by extension 'colcon_meta'
[0.472s] Level 1:colcon.colcon_core.package_identification:_identify(.) by extensions ['ros']
[0.472s] Level 1:colcon.colcon_core.package_identification:_identify(.) by extension 'ros'
[0.490s] Level 1:colcon.colcon_core.package_identification:_identify(.) by extensions ['cmake', 'python']
[0.490s] Level 1:colcon.colcon_core.package_identification:_identify(.) by extension 'cmake'
[0.490s] Level 1:colcon.colcon_core.package_identification:_identify(.) by extension 'python'
[0.490s] Level 1:colcon.colcon_core.package_identification:_identify(.) by extensions ['python_setup_py']
[0.490s] Level 1:colcon.colcon_core.package_identification:_identify(.) by extension 'python_setup_py'
[0.490s] Level 1:colcon.colcon_core.package_identification:_identify(build) by extensions ['ignore', 'ignore_ament_install']
[0.490s] Level 1:colcon.colcon_core.package_identification:_identify(build) by extension 'ignore'
[0.490s] Level 1:colcon.colcon_core.package_identification:_identify(build) ignored
[0.491s] Level 1:colcon.colcon_core.package_identification:_identify(install) by extensions ['ignore', 'ignore_ament_install']
[0.491s] Level 1:colcon.colcon_core.package_identification:_identify(install) by extension 'ignore'
[0.491s] Level 1:colcon.colcon_core.package_identification:_identify(install) ignored
[0.491s] Level 1:colcon.colcon_core.package_identification:_identify(log) by extensions ['ignore', 'ignore_ament_install']
[0.491s] Level 1:colcon.colcon_core.package_identification:_identify(log) by extension 'ignore'
[0.491s] Level 1:colcon.colcon_core.package_identification:_identify(log) ignored
[0.492s] Level 1:colcon.colcon_core.package_identification:_identify(src) by extensions ['ignore', 'ignore_ament_install']
[0.492s] Level 1:colcon.colcon_core.package_identification:_identify(src) by extension 'ignore'
[0.492s] Level 1:colcon.colcon_core.package_identification:_identify(src) by extension 'ignore_ament_install'
[0.492s] Level 1:colcon.colcon_core.package_identification:_identify(src) by extensions ['colcon_pkg']
[0.492s] Level 1:colcon.colcon_core.package_identification:_identify(src) by extension 'colcon_pkg'
[0.492s] Level 1:colcon.colcon_core.package_identification:_identify(src) by extensions ['colcon_meta']
[0.492s] Level 1:colcon.colcon_core.package_identification:_identify(src) by extension 'colcon_meta'
[0.492s] Level 1:colcon.colcon_core.package_identification:_identify(src) by extensions ['ros']
[0.492s] Level 1:colcon.colcon_core.package_identification:_identify(src) by extension 'ros'
[0.492s] Level 1:colcon.colcon_core.package_identification:_identify(src) by extensions ['cmake', 'python']
[0.492s] Level 1:colcon.colcon_core.package_identification:_identify(src) by extension 'cmake'
[0.492s] Level 1:colcon.colcon_core.package_identification:_identify(src) by extension 'python'
[0.492s] Level 1:colcon.colcon_core.package_identification:_identify(src) by extensions ['python_setup_py']
[0.492s] Level 1:colcon.colcon_core.package_identification:_identify(src) by extension 'python_setup_py'
[0.492s] Level 1:colcon.colcon_core.package_identification:_identify(src/delivery_bot_behaviours) by extensions ['ignore', 'ignore_ament_install']
[0.493s] Level 1:colcon.colcon_core.package_identification:_identify(src/delivery_bot_behaviours) by extension 'ignore'
[0.493s] Level 1:colcon.colcon_core.package_identification:_identify(src/delivery_bot_behaviours) by extension 'ignore_ament_install'
[0.493s] Level 1:colcon.colcon_core.package_identification:_identify(src/delivery_bot_behaviours) by extensions ['colcon_pkg']
[0.493s] Level 1:colcon.colcon_core.package_identification:_identify(src/delivery_bot_behaviours) by extension 'colcon_pkg'
[0.493s] Level 1:colcon.colcon_core.package_identification:_identify(src/delivery_bot_behaviours) by extensions ['colcon_meta']
[0.493s] Level 1:colcon.colcon_core.package_identification:_identify(src/delivery_bot_behaviours) by extension 'colcon_meta'
[0.493s] Level 1:colcon.colcon_core.package_identification:_identify(src/delivery_bot_behaviours) by extensions ['ros']
[0.493s] Level 1:colcon.colcon_core.package_identification:_identify(src/delivery_bot_behaviours) by extension 'ros'
[0.494s] DEBUG:colcon.colcon_core.package_identification:Failed to parse potential ROS package manifest in'src/delivery_bot_behaviours': Error(s) in package 'src/delivery_bot_behaviours/package.xml':
The manifest contains invalid XML:
no element found: line 1, column 0
[0.495s] Level 1:colcon.colcon_core.package_identification:_identify(src/delivery_bot_behaviours) by extensions ['cmake', 'python']
[0.495s] Level 1:colcon.colcon_core.package_identification:_identify(src/delivery_bot_behaviours) by extension 'cmake'
[0.496s] Level 1:colcon.colcon_core.package_identification:_identify(src/delivery_bot_behaviours) by extension 'python'
[0.497s] DEBUG:colcon.colcon_core.package_identification:Package 'src/delivery_bot_behaviours' with type 'cmake' and name 'delivery_bot_behaviours'
[0.497s] Level 1:colcon.colcon_core.package_identification:_identify(src/delivery_bot_control) by extensions ['ignore', 'ignore_ament_install']
[0.497s] Level 1:colcon.colcon_core.package_identification:_identify(src/delivery_bot_control) by extension 'ignore'
[0.497s] Level 1:colcon.colcon_core.package_identification:_identify(src/delivery_bot_control) by extension 'ignore_ament_install'
[0.497s] Level 1:colcon.colcon_core.package_identification:_identify(src/delivery_bot_control) by extensions ['colcon_pkg']
[0.497s] Level 1:colcon.colcon_core.package_identification:_identify(src/delivery_bot_control) by extension 'colcon_pkg'
[0.497s] Level 1:colcon.colcon_core.package_identification:_identify(src/delivery_bot_control) by extensions ['colcon_meta']
[0.497s] Level 1:colcon.colcon_core.package_identification:_identify(src/delivery_bot_control) by extension 'colcon_meta'
[0.497s] Level 1:colcon.colcon_core.package_identification:_identify(src/delivery_bot_control) by extensions ['ros']
[0.497s] Level 1:colcon.colcon_core.package_identification:_identify(src/delivery_bot_control) by extension 'ros'
[0.502s] DEBUG:colcon.colcon_core.package_identification:Package 'src/delivery_bot_control' with type 'ros.ament_cmake' and name 'delivery_bot_control'
[0.502s] Level 1:colcon.colcon_core.package_identification:_identify(src/delivery_bot_nav) by extensions ['ignore', 'ignore_ament_install']
[0.502s] Level 1:colcon.colcon_core.package_identification:_identify(src/delivery_bot_nav) by extension 'ignore'
[0.502s] Level 1:colcon.colcon_core.package_identification:_identify(src/delivery_bot_nav) by extension 'ignore_ament_install'
[0.502s] Level 1:colcon.colcon_core.package_identification:_identify(src/delivery_bot_nav) by extensions ['colcon_pkg']
[0.502s] Level 1:colcon.colcon_core.package_identification:_identify(src/delivery_bot_nav) by extension 'colcon_pkg'
[0.502s] Level 1:colcon.colcon_core.package_identification:_identify(src/delivery_bot_nav) by extensions ['colcon_meta']
[0.502s] Level 1:colcon.colcon_core.package_identification:_identify(src/delivery_bot_nav) by extension 'colcon_meta'
[0.502s] Level 1:colcon.colcon_core.package_identification:_identify(src/delivery_bot_nav) by extensions ['ros']
[0.502s] Level 1:colcon.colcon_core.package_identification:_identify(src/delivery_bot_nav) by extension 'ros'
[0.505s] DEBUG:colcon.colcon_core.package_identification:Package 'src/delivery_bot_nav' with type 'ros.ament_cmake' and name 'delivery_bot_nav'
[0.505s] Level 1:colcon.colcon_core.package_identification:_identify(src/my_robot_description) by extensions ['ignore', 'ignore_ament_install']
[0.505s] Level 1:colcon.colcon_core.package_identification:_identify(src/my_robot_description) by extension 'ignore'
[0.505s] Level 1:colcon.colcon_core.package_identification:_identify(src/my_robot_description) by extension 'ignore_ament_install'
[0.506s] Level 1:colcon.colcon_core.package_identification:_identify(src/my_robot_description) by extensions ['colcon_pkg']
[0.506s] Level 1:colcon.colcon_core.package_identification:_identify(src/my_robot_description) by extension 'colcon_pkg'
[0.506s] Level 1:colcon.colcon_core.package_identification:_identify(src/my_robot_description) by extensions ['colcon_meta']
[0.506s] Level 1:colcon.colcon_core.package_identification:_identify(src/my_robot_description) by extension 'colcon_meta'
[0.506s] Level 1:colcon.colcon_core.package_identification:_identify(src/my_robot_description) by extensions ['ros']
[0.506s] Level 1:colcon.colcon_core.package_identification:_identify(src/my_robot_description) by extension 'ros'
[0.507s] DEBUG:colcon.colcon_core.package_identification:Package 'src/my_robot_description' with type 'ros.ament_cmake' and name 'my_robot_description'
[0.507s] Level 1:colcon.colcon_core.package_discovery:discover_packages(recursive) using defaults
[0.507s] Level 1:colcon.colcon_core.package_discovery:discover_packages(ignore) discover
[0.507s] Level 1:colcon.colcon_core.package_discovery:discover_packages(ignore) using defaults
[0.507s] Level 1:colcon.colcon_core.package_discovery:discover_packages(path) discover
[0.507s] Level 1:colcon.colcon_core.package_discovery:discover_packages(path) using defaults
[0.555s] Level 1:colcon.colcon_core.package_discovery:discover_packages(prefix_path) check parameters
[0.555s] Level 1:colcon.colcon_core.package_discovery:discover_packages(prefix_path) discover
[0.558s] DEBUG:colcon.colcon_installed_package_information.package_discovery:Found 4 installed packages in /home/abanoub/delivery_bot_ws/install
[0.559s] DEBUG:colcon.colcon_installed_package_information.package_discovery:Found 0 installed packages in /home/abanoub/ros2_ws/install
[0.561s] DEBUG:colcon.colcon_installed_package_information.package_discovery:Found 446 installed packages in /opt/ros/humble
[0.565s] Level 1:colcon.colcon_core.package_discovery:discover_packages(prefix_path) using defaults
[0.642s] Level 5:colcon.colcon_core.verb:set package 'delivery_bot_behaviours' build argument 'cmake_args' from command line to 'None'
[0.642s] Level 5:colcon.colcon_core.verb:set package 'delivery_bot_behaviours' build argument 'cmake_target' from command line to 'None'
[0.642s] Level 5:colcon.colcon_core.verb:set package 'delivery_bot_behaviours' build argument 'cmake_target_skip_unavailable' from command line to 'False'
[0.642s] Level 5:colcon.colcon_core.verb:set package 'delivery_bot_behaviours' build argument 'cmake_clean_cache' from command line to 'False'
[0.642s] Level 5:colcon.colcon_core.verb:set package 'delivery_bot_behaviours' build argument 'cmake_clean_first' from command line to 'False'
[0.642s] Level 5:colcon.colcon_core.verb:set package 'delivery_bot_behaviours' build argument 'cmake_force_configure' from command line to 'False'
[0.642s] Level 5:colcon.colcon_core.verb:set package 'delivery_bot_behaviours' build argument 'ament_cmake_args' from command line to 'None'
[0.642s] Level 5:colcon.colcon_core.verb:set package 'delivery_bot_behaviours' build argument 'catkin_cmake_args' from command line to 'None'
[0.642s] Level 5:colcon.colcon_core.verb:set package 'delivery_bot_behaviours' build argument 'catkin_skip_building_tests' from command line to 'False'
[0.642s] DEBUG:colcon.colcon_core.verb:Building package 'delivery_bot_behaviours' with the following arguments: {'ament_cmake_args': None, 'build_base': '/home/abanoub/delivery_bot_ws/build/delivery_bot_behaviours', 'catkin_cmake_args': None, 'catkin_skip_building_tests': False, 'cmake_args': None, 'cmake_clean_cache': False, 'cmake_clean_first': False, 'cmake_force_configure': False, 'cmake_target': None, 'cmake_target_skip_unavailable': False, 'install_base': '/home/abanoub/delivery_bot_ws/install/delivery_bot_behaviours', 'merge_install': False, 'path': '/home/abanoub/delivery_bot_ws/src/delivery_bot_behaviours', 'symlink_install': False, 'test_result_base': None}
[0.643s] Level 5:colcon.colcon_core.verb:set package 'delivery_bot_control' build argument 'cmake_args' from command line to 'None'
[0.643s] Level 5:colcon.colcon_core.verb:set package 'delivery_bot_control' build argument 'cmake_target' from command line to 'None'
[0.643s] Level 5:colcon.colcon_core.verb:set package 'delivery_bot_control' build argument 'cmake_target_skip_unavailable' from command line to 'False'
[0.643s] Level 5:colcon.colcon_core.verb:set package 'delivery_bot_control' build argument 'cmake_clean_cache' from command line to 'False'
[0.643s] Level 5:colcon.colcon_core.verb:set package 'delivery_bot_control' build argument 'cmake_clean_first' from command line to 'False'
[0.643s] Level 5:colcon.colcon_core.verb:set package 'delivery_bot_control' build argument 'cmake_force_configure' from command line to 'False'
[0.643s] Level 5:colcon.colcon_core.verb:set package 'delivery_bot_control' build argument 'ament_cmake_args' from command line to 'None'
[0.643s] Level 5:colcon.colcon_core.verb:set package 'delivery_bot_control' build argument 'catkin_cmake_args' from command line to 'None'
[0.643s] Level 5:colcon.colcon_core.verb:set package 'delivery_bot_control' build argument 'catkin_skip_building_tests' from command line to 'False'
[0.643s] DEBUG:colcon.colcon_core.verb:Building package 'delivery_bot_control' with the following arguments: {'ament_cmake_args': None, 'build_base': '/home/abanoub/delivery_bot_ws/build/delivery_bot_control', 'catkin_cmake_args': None, 'catkin_skip_building_tests': False, 'cmake_args': None, 'cmake_clean_cache': False, 'cmake_clean_first': False, 'cmake_force_configure': False, 'cmake_target': None, 'cmake_target_skip_unavailable': False, 'install_base': '/home/abanoub/delivery_bot_ws/install/delivery_bot_control', 'merge_install': False, 'path': '/home/abanoub/delivery_bot_ws/src/delivery_bot_control', 'symlink_install': False, 'test_result_base': None}
[0.643s] Level 5:colcon.colcon_core.verb:set package 'delivery_bot_nav' build argument 'cmake_args' from command line to 'None'
[0.644s] Level 5:colcon.colcon_core.verb:set package 'delivery_bot_nav' build argument 'cmake_target' from command line to 'None'
[0.644s] Level 5:colcon.colcon_core.verb:set package 'delivery_bot_nav' build argument 'cmake_target_skip_unavailable' from command line to 'False'
[0.644s] Level 5:colcon.colcon_core.verb:set package 'delivery_bot_nav' build argument 'cmake_clean_cache' from command line to 'False'
[0.644s] Level 5:colcon.colcon_core.verb:set package 'delivery_bot_nav' build argument 'cmake_clean_first' from command line to 'False'
[0.644s] Level 5:colcon.colcon_core.verb:set package 'delivery_bot_nav' build argument 'cmake_force_configure' from command line to 'False'
[0.644s] Level 5:colcon.colcon_core.verb:set package 'delivery_bot_nav' build argument 'ament_cmake_args' from command line to 'None'
[0.644s] Level 5:colcon.colcon_core.verb:set package 'delivery_bot_nav' build argument 'catkin_cmake_args' from command line to 'None'
[0.644s] Level 5:colcon.colcon_core.verb:set package 'delivery_bot_nav' build argument 'catkin_skip_building_tests' from command line to 'False'
[0.644s] DEBUG:colcon.colcon_core.verb:Building package 'delivery_bot_nav' with the following arguments: {'ament_cmake_args': None, 'build_base': '/home/abanoub/delivery_bot_ws/build/delivery_bot_nav', 'catkin_cmake_args': None, 'catkin_skip_building_tests': False, 'cmake_args': None, 'cmake_clean_cache': False, 'cmake_clean_first': False, 'cmake_force_configure': False, 'cmake_target': None, 'cmake_target_skip_unavailable': False, 'install_base': '/home/abanoub/delivery_bot_ws/install/delivery_bot_nav', 'merge_install': False, 'path': '/home/abanoub/delivery_bot_ws/src/delivery_bot_nav', 'symlink_install': False, 'test_result_base': None}
[0.644s] Level 5:colcon.colcon_core.verb:set package 'my_robot_description' build argument 'cmake_args' from command line to 'None'
[0.644s] Level 5:colcon.colcon_core.verb:set package 'my_robot_description' build argument 'cmake_target' from command line to 'None'
[0.644s] Level 5:colcon.colcon_core.verb:set package 'my_robot_description' build argument 'cmake_target_skip_unavailable' from command line to 'False'
[0.644s] Level 5:colcon.colcon_core.verb:set package 'my_robot_description' build argument 'cmake_clean_cache' from command line to 'False'
[0.644s] Level 5:colcon.colcon_core.verb:set package 'my_robot_description' build argument 'cmake_clean_first' from command line to 'False'
[0.644s] Level 5:colcon.colcon_core.verb:set package 'my_robot_description' build argument 'cmake_force_configure' from command line to 'False'
[0.644s] Level 5:colcon.colcon_core.verb:set package 'my_robot_description' build argument 'ament_cmake_args' from command line to 'None'
[0.644s] Level 5:colcon.colcon_core.verb:set package 'my_robot_description' build argument 'catkin_cmake_args' from command line to 'None'
[0.645s] Level 5:colcon.colcon_core.verb:set package 'my_robot_description' build argument 'catkin_skip_building_tests' from command line to 'False'
[0.645s] DEBUG:colcon.colcon_core.verb:Building package 'my_robot_description' with the following arguments: {'ament_cmake_args': None, 'build_base': '/home/abanoub/delivery_bot_ws/build/my_robot_description', 'catkin_cmake_args': None, 'catkin_skip_building_tests': False, 'cmake_args': None, 'cmake_clean_cache': False, 'cmake_clean_first': False, 'cmake_force_configure': False, 'cmake_target': None, 'cmake_target_skip_unavailable': False, 'install_base': '/home/abanoub/delivery_bot_ws/install/my_robot_description', 'merge_install': False, 'path': '/home/abanoub/delivery_bot_ws/src/my_robot_description', 'symlink_install': False, 'test_result_base': None}
[0.645s] INFO:colcon.colcon_core.executor:Executing jobs using 'parallel' executor
[0.646s] DEBUG:colcon.colcon_parallel_executor.executor.parallel:run_until_complete
[0.647s] INFO:colcon.colcon_cmake.task.cmake.build:Building CMake package in '/home/abanoub/delivery_bot_ws/src/delivery_bot_behaviours'
[0.650s] INFO:colcon.colcon_core.plugin_system:Skipping extension 'colcon_core.shell.bat': Not used on non-Windows systems
[0.651s] INFO:colcon.colcon_core.shell:Skip shell extension 'powershell' for command environment: Not usable outside of PowerShell
[0.651s] DEBUG:colcon.colcon_core.shell:Skip shell extension 'dsv' for command environment
[0.658s] INFO:colcon.colcon_ros.task.ament_cmake.build:Building ROS package in '/home/abanoub/delivery_bot_ws/src/delivery_bot_control' with build type 'ament_cmake'
[0.658s] INFO:colcon.colcon_cmake.task.cmake.build:Building CMake package in '/home/abanoub/delivery_bot_ws/src/delivery_bot_control'
[0.659s] INFO:colcon.colcon_core.shell:Skip shell extension 'powershell' for command environment: Not usable outside of PowerShell
[0.659s] DEBUG:colcon.colcon_core.shell:Skip shell extension 'dsv' for command environment
[0.670s] INFO:colcon.colcon_ros.task.ament_cmake.build:Building ROS package in '/home/abanoub/delivery_bot_ws/src/delivery_bot_nav' with build type 'ament_cmake'
[0.671s] INFO:colcon.colcon_cmake.task.cmake.build:Building CMake package in '/home/abanoub/delivery_bot_ws/src/delivery_bot_nav'
[0.671s] INFO:colcon.colcon_core.shell:Skip shell extension 'powershell' for command environment: Not usable outside of PowerShell
[0.672s] DEBUG:colcon.colcon_core.shell:Skip shell extension 'dsv' for command environment
[0.682s] INFO:colcon.colcon_ros.task.ament_cmake.build:Building ROS package in '/home/abanoub/delivery_bot_ws/src/my_robot_description' with build type 'ament_cmake'
[0.682s] INFO:colcon.colcon_cmake.task.cmake.build:Building CMake package in '/home/abanoub/delivery_bot_ws/src/my_robot_description'
[0.682s] INFO:colcon.colcon_core.shell:Skip shell extension 'powershell' for command environment: Not usable outside of PowerShell
[0.683s] DEBUG:colcon.colcon_core.shell:Skip shell extension 'dsv' for command environment
[0.717s] DEBUG:colcon.colcon_core.event_handler.log_command:Invoking command in '/home/abanoub/delivery_bot_ws/build/delivery_bot_behaviours': /usr/bin/cmake --build /home/abanoub/delivery_bot_ws/build/delivery_bot_behaviours -- -j20 -l20
[0.729s] DEBUG:colcon.colcon_core.event_handler.log_command:Invoking command in '/home/abanoub/delivery_bot_ws/build/delivery_bot_control': CMAKE_PREFIX_PATH=${CMAKE_PREFIX_PATH}:/opt/ros/humble /usr/bin/cmake --build /home/abanoub/delivery_bot_ws/build/delivery_bot_control -- -j20 -l20
[0.744s] DEBUG:colcon.colcon_core.event_handler.log_command:Invoking command in '/home/abanoub/delivery_bot_ws/build/delivery_bot_nav': CMAKE_PREFIX_PATH=${CMAKE_PREFIX_PATH}:/opt/ros/humble /usr/bin/cmake --build /home/abanoub/delivery_bot_ws/build/delivery_bot_nav -- -j20 -l20
[0.758s] DEBUG:colcon.colcon_core.event_handler.log_command:Invoking command in '/home/abanoub/delivery_bot_ws/build/my_robot_description': CMAKE_PREFIX_PATH=${CMAKE_PREFIX_PATH}:/opt/ros/humble /usr/bin/cmake --build /home/abanoub/delivery_bot_ws/build/my_robot_description -- -j20 -l20
[0.833s] DEBUG:colcon.colcon_core.event_handler.log_command:Invoked command in '/home/abanoub/delivery_bot_ws/build/delivery_bot_behaviours' returned '0': /usr/bin/cmake --build /home/abanoub/delivery_bot_ws/build/delivery_bot_behaviours -- -j20 -l20
[0.834s] WARNING:colcon.colcon_cmake.task.cmake.build:Could not run installation step for package 'delivery_bot_behaviours' because it has no 'install' target
[0.835s] Level 1:colcon.colcon_core.environment:create_environment_scripts_only(delivery_bot_behaviours)
[0.845s] Level 1:colcon.colcon_core.environment:checking '/home/abanoub/delivery_bot_ws/install/delivery_bot_behaviours' for CMake module files
[0.847s] Level 1:colcon.colcon_core.environment:checking '/home/abanoub/delivery_bot_ws/install/delivery_bot_behaviours' for CMake config files
[0.850s] Level 1:colcon.colcon_core.environment:checking '/home/abanoub/delivery_bot_ws/install/delivery_bot_behaviours/bin'
[0.851s] Level 1:colcon.colcon_core.environment:checking '/home/abanoub/delivery_bot_ws/install/delivery_bot_behaviours/lib/pkgconfig/delivery_bot_behaviours.pc'
[0.852s] Level 1:colcon.colcon_core.environment:checking '/home/abanoub/delivery_bot_ws/install/delivery_bot_behaviours/lib/python3.10/site-packages'
[0.853s] Level 1:colcon.colcon_core.environment:checking '/home/abanoub/delivery_bot_ws/install/delivery_bot_behaviours/bin'
[0.854s] INFO:colcon.colcon_core.shell:Creating package script '/home/abanoub/delivery_bot_ws/install/delivery_bot_behaviours/share/delivery_bot_behaviours/package.ps1'
[0.858s] INFO:colcon.colcon_core.shell:Creating package descriptor '/home/abanoub/delivery_bot_ws/install/delivery_bot_behaviours/share/delivery_bot_behaviours/package.dsv'
[0.860s] INFO:colcon.colcon_core.shell:Creating package script '/home/abanoub/delivery_bot_ws/install/delivery_bot_behaviours/share/delivery_bot_behaviours/package.sh'
[0.863s] INFO:colcon.colcon_core.shell:Creating package script '/home/abanoub/delivery_bot_ws/install/delivery_bot_behaviours/share/delivery_bot_behaviours/package.bash'
[0.867s] INFO:colcon.colcon_core.shell:Creating package script '/home/abanoub/delivery_bot_ws/install/delivery_bot_behaviours/share/delivery_bot_behaviours/package.zsh'
[0.870s] Level 1:colcon.colcon_core.environment:create_file_with_runtime_dependencies(/home/abanoub/delivery_bot_ws/install/delivery_bot_behaviours/share/colcon-core/packages/delivery_bot_behaviours)
[0.878s] DEBUG:colcon.colcon_core.event_handler.log_command:Invoked command in '/home/abanoub/delivery_bot_ws/build/delivery_bot_nav' returned '0': CMAKE_PREFIX_PATH=${CMAKE_PREFIX_PATH}:/opt/ros/humble /usr/bin/cmake --build /home/abanoub/delivery_bot_ws/build/delivery_bot_nav -- -j20 -l20
[0.916s] DEBUG:colcon.colcon_core.event_handler.log_command:Invoking command in '/home/abanoub/delivery_bot_ws/build/delivery_bot_nav': CMAKE_PREFIX_PATH=${CMAKE_PREFIX_PATH}:/opt/ros/humble /usr/bin/cmake --install /home/abanoub/delivery_bot_ws/build/delivery_bot_nav
[0.922s] DEBUG:colcon.colcon_core.event_handler.log_command:Invoked command in '/home/abanoub/delivery_bot_ws/build/my_robot_description' returned '0': CMAKE_PREFIX_PATH=${CMAKE_PREFIX_PATH}:/opt/ros/humble /usr/bin/cmake --build /home/abanoub/delivery_bot_ws/build/my_robot_description -- -j20 -l20
[0.929s] DEBUG:colcon.colcon_core.event_handler.log_command:Invoking command in '/home/abanoub/delivery_bot_ws/build/my_robot_description': CMAKE_PREFIX_PATH=${CMAKE_PREFIX_PATH}:/opt/ros/humble /usr/bin/cmake --install /home/abanoub/delivery_bot_ws/build/my_robot_description
[0.940s] DEBUG:colcon.colcon_core.event_handler.log_command:Invoked command in '/home/abanoub/delivery_bot_ws/build/delivery_bot_control' returned '0': CMAKE_PREFIX_PATH=${CMAKE_PREFIX_PATH}:/opt/ros/humble /usr/bin/cmake --build /home/abanoub/delivery_bot_ws/build/delivery_bot_control -- -j20 -l20
[0.953s] DEBUG:colcon.colcon_core.event_handler.log_command:Invoking command in '/home/abanoub/delivery_bot_ws/build/delivery_bot_control': CMAKE_PREFIX_PATH=${CMAKE_PREFIX_PATH}:/opt/ros/humble /usr/bin/cmake --install /home/abanoub/delivery_bot_ws/build/delivery_bot_control
[0.984s] Level 1:colcon.colcon_core.environment:create_environment_scripts_only(delivery_bot_control)
[0.986s] Level 1:colcon.colcon_core.environment:checking '/home/abanoub/delivery_bot_ws/install/delivery_bot_control' for CMake module files
[1.007s] DEBUG:colcon.colcon_core.event_handler.log_command:Invoked command in '/home/abanoub/delivery_bot_ws/build/delivery_bot_control' returned '0': CMAKE_PREFIX_PATH=${CMAKE_PREFIX_PATH}:/opt/ros/humble /usr/bin/cmake --install /home/abanoub/delivery_bot_ws/build/delivery_bot_control
[1.010s] Level 1:colcon.colcon_core.environment:checking '/home/abanoub/delivery_bot_ws/install/delivery_bot_control' for CMake config files
[1.011s] Level 1:colcon.colcon_core.shell:create_environment_hook('delivery_bot_control', 'cmake_prefix_path')
[1.012s] INFO:colcon.colcon_core.shell:Creating environment hook '/home/abanoub/delivery_bot_ws/install/delivery_bot_control/share/delivery_bot_control/hook/cmake_prefix_path.ps1'
[1.015s] INFO:colcon.colcon_core.shell:Creating environment descriptor '/home/abanoub/delivery_bot_ws/install/delivery_bot_control/share/delivery_bot_control/hook/cmake_prefix_path.dsv'
[1.017s] INFO:colcon.colcon_core.shell:Creating environment hook '/home/abanoub/delivery_bot_ws/install/delivery_bot_control/share/delivery_bot_control/hook/cmake_prefix_path.sh'
[1.022s] Level 1:colcon.colcon_core.environment:checking '/home/abanoub/delivery_bot_ws/install/delivery_bot_control/lib'
[1.023s] Level 1:colcon.colcon_core.environment:checking '/home/abanoub/delivery_bot_ws/install/delivery_bot_control/bin'
[1.023s] Level 1:colcon.colcon_core.environment:checking '/home/abanoub/delivery_bot_ws/install/delivery_bot_control/lib/pkgconfig/delivery_bot_control.pc'
[1.024s] Level 1:colcon.colcon_core.environment:checking '/home/abanoub/delivery_bot_ws/install/delivery_bot_control/lib/python3.10/site-packages'
[1.026s] Level 1:colcon.colcon_core.environment:checking '/home/abanoub/delivery_bot_ws/install/delivery_bot_control/bin'
[1.027s] INFO:colcon.colcon_core.shell:Creating package script '/home/abanoub/delivery_bot_ws/install/delivery_bot_control/share/delivery_bot_control/package.ps1'
[1.030s] INFO:colcon.colcon_core.shell:Creating package descriptor '/home/abanoub/delivery_bot_ws/install/delivery_bot_control/share/delivery_bot_control/package.dsv'
[1.032s] INFO:colcon.colcon_core.shell:Creating package script '/home/abanoub/delivery_bot_ws/install/delivery_bot_control/share/delivery_bot_control/package.sh'
[1.034s] INFO:colcon.colcon_core.shell:Creating package script '/home/abanoub/delivery_bot_ws/install/delivery_bot_control/share/delivery_bot_control/package.bash'
[1.036s] INFO:colcon.colcon_core.shell:Creating package script '/home/abanoub/delivery_bot_ws/install/delivery_bot_control/share/delivery_bot_control/package.zsh'
[1.038s] Level 1:colcon.colcon_core.environment:create_file_with_runtime_dependencies(/home/abanoub/delivery_bot_ws/install/delivery_bot_control/share/colcon-core/packages/delivery_bot_control)
[1.040s] Level 1:colcon.colcon_core.environment:create_environment_scripts_only(delivery_bot_control)
[1.041s] Level 1:colcon.colcon_core.environment:checking '/home/abanoub/delivery_bot_ws/install/delivery_bot_control' for CMake module files
[1.042s] Level 1:colcon.colcon_core.environment:checking '/home/abanoub/delivery_bot_ws/install/delivery_bot_control' for CMake config files
[1.043s] Level 1:colcon.colcon_core.shell:create_environment_hook('delivery_bot_control', 'cmake_prefix_path')
[1.043s] INFO:colcon.colcon_core.shell:Creating environment hook '/home/abanoub/delivery_bot_ws/install/delivery_bot_control/share/delivery_bot_control/hook/cmake_prefix_path.ps1'
[1.045s] INFO:colcon.colcon_core.shell:Creating environment descriptor '/home/abanoub/delivery_bot_ws/install/delivery_bot_control/share/delivery_bot_control/hook/cmake_prefix_path.dsv'
[1.046s] INFO:colcon.colcon_core.shell:Creating environment hook '/home/abanoub/delivery_bot_ws/install/delivery_bot_control/share/delivery_bot_control/hook/cmake_prefix_path.sh'
[1.049s] Level 1:colcon.colcon_core.environment:checking '/home/abanoub/delivery_bot_ws/install/delivery_bot_control/lib'
[1.050s] Level 1:colcon.colcon_core.environment:checking '/home/abanoub/delivery_bot_ws/install/delivery_bot_control/bin'
[1.051s] Level 1:colcon.colcon_core.environment:checking '/home/abanoub/delivery_bot_ws/install/delivery_bot_control/lib/pkgconfig/delivery_bot_control.pc'
[1.052s] Level 1:colcon.colcon_core.environment:checking '/home/abanoub/delivery_bot_ws/install/delivery_bot_control/lib/python3.10/site-packages'
[1.053s] Level 1:colcon.colcon_core.environment:checking '/home/abanoub/delivery_bot_ws/install/delivery_bot_control/bin'
[1.055s] INFO:colcon.colcon_core.shell:Creating package script '/home/abanoub/delivery_bot_ws/install/delivery_bot_control/share/delivery_bot_control/package.ps1'
[1.057s] INFO:colcon.colcon_core.shell:Creating package descriptor '/home/abanoub/delivery_bot_ws/install/delivery_bot_control/share/delivery_bot_control/package.dsv'
[1.059s] INFO:colcon.colcon_core.shell:Creating package script '/home/abanoub/delivery_bot_ws/install/delivery_bot_control/share/delivery_bot_control/package.sh'
[1.062s] INFO:colcon.colcon_core.shell:Creating package script '/home/abanoub/delivery_bot_ws/install/delivery_bot_control/share/delivery_bot_control/package.bash'
[1.064s] INFO:colcon.colcon_core.shell:Creating package script '/home/abanoub/delivery_bot_ws/install/delivery_bot_control/share/delivery_bot_control/package.zsh'
[1.066s] Level 1:colcon.colcon_core.environment:create_file_with_runtime_dependencies(/home/abanoub/delivery_bot_ws/install/delivery_bot_control/share/colcon-core/packages/delivery_bot_control)
[1.071s] Level 1:colcon.colcon_core.environment:create_environment_scripts_only(delivery_bot_nav)
[1.073s] Level 1:colcon.colcon_core.environment:checking '/home/abanoub/delivery_bot_ws/install/delivery_bot_nav' for CMake module files
[1.078s] DEBUG:colcon.colcon_core.event_handler.log_command:Invoked command in '/home/abanoub/delivery_bot_ws/build/delivery_bot_nav' returned '0': CMAKE_PREFIX_PATH=${CMAKE_PREFIX_PATH}:/opt/ros/humble /usr/bin/cmake --install /home/abanoub/delivery_bot_ws/build/delivery_bot_nav
[1.079s] Level 1:colcon.colcon_core.environment:checking '/home/abanoub/delivery_bot_ws/install/delivery_bot_nav' for CMake config files
[1.080s] Level 1:colcon.colcon_core.shell:create_environment_hook('delivery_bot_nav', 'cmake_prefix_path')
[1.081s] INFO:colcon.colcon_core.shell:Creating environment hook '/home/abanoub/delivery_bot_ws/install/delivery_bot_nav/share/delivery_bot_nav/hook/cmake_prefix_path.ps1'
[1.084s] INFO:colcon.colcon_core.shell:Creating environment descriptor '/home/abanoub/delivery_bot_ws/install/delivery_bot_nav/share/delivery_bot_nav/hook/cmake_prefix_path.dsv'
[1.085s] INFO:colcon.colcon_core.shell:Creating environment hook '/home/abanoub/delivery_bot_ws/install/delivery_bot_nav/share/delivery_bot_nav/hook/cmake_prefix_path.sh'
[1.087s] Level 1:colcon.colcon_core.environment:checking '/home/abanoub/delivery_bot_ws/install/delivery_bot_nav/bin'
[1.088s] Level 1:colcon.colcon_core.environment:checking '/home/abanoub/delivery_bot_ws/install/delivery_bot_nav/lib/pkgconfig/delivery_bot_nav.pc'
[1.088s] Level 1:colcon.colcon_core.environment:checking '/home/abanoub/delivery_bot_ws/install/delivery_bot_nav/lib/python3.10/site-packages'
[1.089s] Level 1:colcon.colcon_core.environment:checking '/home/abanoub/delivery_bot_ws/install/delivery_bot_nav/bin'
[1.090s] INFO:colcon.colcon_core.shell:Creating package script '/home/abanoub/delivery_bot_ws/install/delivery_bot_nav/share/delivery_bot_nav/package.ps1'
[1.093s] INFO:colcon.colcon_core.shell:Creating package descriptor '/home/abanoub/delivery_bot_ws/install/delivery_bot_nav/share/delivery_bot_nav/package.dsv'
[1.094s] INFO:colcon.colcon_core.shell:Creating package script '/home/abanoub/delivery_bot_ws/install/delivery_bot_nav/share/delivery_bot_nav/package.sh'
[1.096s] INFO:colcon.colcon_core.shell:Creating package script '/home/abanoub/delivery_bot_ws/install/delivery_bot_nav/share/delivery_bot_nav/package.bash'
[1.098s] INFO:colcon.colcon_core.shell:Creating package script '/home/abanoub/delivery_bot_ws/install/delivery_bot_nav/share/delivery_bot_nav/package.zsh'
[1.100s] Level 1:colcon.colcon_core.environment:create_file_with_runtime_dependencies(/home/abanoub/delivery_bot_ws/install/delivery_bot_nav/share/colcon-core/packages/delivery_bot_nav)
[1.102s] Level 1:colcon.colcon_core.environment:create_environment_scripts_only(delivery_bot_nav)
[1.103s] Level 1:colcon.colcon_core.environment:checking '/home/abanoub/delivery_bot_ws/install/delivery_bot_nav' for CMake module files
[1.105s] Level 1:colcon.colcon_core.environment:checking '/home/abanoub/delivery_bot_ws/install/delivery_bot_nav' for CMake config files
[1.106s] Level 1:colcon.colcon_core.shell:create_environment_hook('delivery_bot_nav', 'cmake_prefix_path')
[1.107s] INFO:colcon.colcon_core.shell:Creating environment hook '/home/abanoub/delivery_bot_ws/install/delivery_bot_nav/share/delivery_bot_nav/hook/cmake_prefix_path.ps1'
[1.109s] INFO:colcon.colcon_core.shell:Creating environment descriptor '/home/abanoub/delivery_bot_ws/install/delivery_bot_nav/share/delivery_bot_nav/hook/cmake_prefix_path.dsv'
[1.110s] INFO:colcon.colcon_core.shell:Creating environment hook '/home/abanoub/delivery_bot_ws/install/delivery_bot_nav/share/delivery_bot_nav/hook/cmake_prefix_path.sh'
[1.113s] Level 1:colcon.colcon_core.environment:checking '/home/abanoub/delivery_bot_ws/install/delivery_bot_nav/bin'
[1.113s] Level 1:colcon.colcon_core.environment:checking '/home/abanoub/delivery_bot_ws/install/delivery_bot_nav/lib/pkgconfig/delivery_bot_nav.pc'
[1.114s] Level 1:colcon.colcon_core.environment:checking '/home/abanoub/delivery_bot_ws/install/delivery_bot_nav/lib/python3.10/site-packages'
[1.115s] Level 1:colcon.colcon_core.environment:checking '/home/abanoub/delivery_bot_ws/install/delivery_bot_nav/bin'
[1.116s] INFO:colcon.colcon_core.shell:Creating package script '/home/abanoub/delivery_bot_ws/install/delivery_bot_nav/share/delivery_bot_nav/package.ps1'
[1.118s] INFO:colcon.colcon_core.shell:Creating package descriptor '/home/abanoub/delivery_bot_ws/install/delivery_bot_nav/share/delivery_bot_nav/package.dsv'
[1.120s] INFO:colcon.colcon_core.shell:Creating package script '/home/abanoub/delivery_bot_ws/install/delivery_bot_nav/share/delivery_bot_nav/package.sh'
[1.122s] INFO:colcon.colcon_core.shell:Creating package script '/home/abanoub/delivery_bot_ws/install/delivery_bot_nav/share/delivery_bot_nav/package.bash'
[1.123s] INFO:colcon.colcon_core.shell:Creating package script '/home/abanoub/delivery_bot_ws/install/delivery_bot_nav/share/delivery_bot_nav/package.zsh'
[1.125s] Level 1:colcon.colcon_core.environment:create_file_with_runtime_dependencies(/home/abanoub/delivery_bot_ws/install/delivery_bot_nav/share/colcon-core/packages/delivery_bot_nav)
[1.127s] Level 1:colcon.colcon_core.environment:create_environment_scripts_only(my_robot_description)
[1.128s] Level 1:colcon.colcon_core.environment:checking '/home/abanoub/delivery_bot_ws/install/my_robot_description' for CMake module files
[1.134s] Level 1:colcon.colcon_core.environment:checking '/home/abanoub/delivery_bot_ws/install/my_robot_description' for CMake config files
[1.136s] Level 1:colcon.colcon_core.shell:create_environment_hook('my_robot_description', 'cmake_prefix_path')
[1.137s] INFO:colcon.colcon_core.shell:Creating environment hook '/home/abanoub/delivery_bot_ws/install/my_robot_description/share/my_robot_description/hook/cmake_prefix_path.ps1'
[1.138s] DEBUG:colcon.colcon_core.event_handler.log_command:Invoked command in '/home/abanoub/delivery_bot_ws/build/my_robot_description' returned '0': CMAKE_PREFIX_PATH=${CMAKE_PREFIX_PATH}:/opt/ros/humble /usr/bin/cmake --install /home/abanoub/delivery_bot_ws/build/my_robot_description
[1.141s] INFO:colcon.colcon_core.shell:Creating environment descriptor '/home/abanoub/delivery_bot_ws/install/my_robot_description/share/my_robot_description/hook/cmake_prefix_path.dsv'
[1.143s] INFO:colcon.colcon_core.shell:Creating environment hook '/home/abanoub/delivery_bot_ws/install/my_robot_description/share/my_robot_description/hook/cmake_prefix_path.sh'
[1.146s] Level 1:colcon.colcon_core.environment:checking '/home/abanoub/delivery_bot_ws/install/my_robot_description/bin'
[1.147s] Level 1:colcon.colcon_core.environment:checking '/home/abanoub/delivery_bot_ws/install/my_robot_description/lib/pkgconfig/my_robot_description.pc'
[1.148s] Level 1:colcon.colcon_core.environment:checking '/home/abanoub/delivery_bot_ws/install/my_robot_description/lib/python3.10/site-packages'
[1.149s] Level 1:colcon.colcon_core.environment:checking '/home/abanoub/delivery_bot_ws/install/my_robot_description/bin'
[1.151s] INFO:colcon.colcon_core.shell:Creating package script '/home/abanoub/delivery_bot_ws/install/my_robot_description/share/my_robot_description/package.ps1'
[1.155s] INFO:colcon.colcon_core.shell:Creating package descriptor '/home/abanoub/delivery_bot_ws/install/my_robot_description/share/my_robot_description/package.dsv'
[1.157s] INFO:colcon.colcon_core.shell:Creating package script '/home/abanoub/delivery_bot_ws/install/my_robot_description/share/my_robot_description/package.sh'
[1.158s] INFO:colcon.colcon_core.shell:Creating package script '/home/abanoub/delivery_bot_ws/install/my_robot_description/share/my_robot_description/package.bash'
[1.160s] INFO:colcon.colcon_core.shell:Creating package script '/home/abanoub/delivery_bot_ws/install/my_robot_description/share/my_robot_description/package.zsh'
[1.161s] Level 1:colcon.colcon_core.environment:create_file_with_runtime_dependencies(/home/abanoub/delivery_bot_ws/install/my_robot_description/share/colcon-core/packages/my_robot_description)
[1.164s] Level 1:colcon.colcon_core.environment:create_environment_scripts_only(my_robot_description)
[1.165s] Level 1:colcon.colcon_core.environment:checking '/home/abanoub/delivery_bot_ws/install/my_robot_description' for CMake module files
[1.167s] Level 1:colcon.colcon_core.environment:checking '/home/abanoub/delivery_bot_ws/install/my_robot_description' for CMake config files
[1.168s] Level 1:colcon.colcon_core.shell:create_environment_hook('my_robot_description', 'cmake_prefix_path')
[1.169s] INFO:colcon.colcon_core.shell:Creating environment hook '/home/abanoub/delivery_bot_ws/install/my_robot_description/share/my_robot_description/hook/cmake_prefix_path.ps1'
[1.171s] INFO:colcon.colcon_core.shell:Creating environment descriptor '/home/abanoub/delivery_bot_ws/install/my_robot_description/share/my_robot_description/hook/cmake_prefix_path.dsv'
[1.173s] INFO:colcon.colcon_core.shell:Creating environment hook '/home/abanoub/delivery_bot_ws/install/my_robot_description/share/my_robot_description/hook/cmake_prefix_path.sh'
[1.175s] Level 1:colcon.colcon_core.environment:checking '/home/abanoub/delivery_bot_ws/install/my_robot_description/bin'
[1.176s] Level 1:colcon.colcon_core.environment:checking '/home/abanoub/delivery_bot_ws/install/my_robot_description/lib/pkgconfig/my_robot_description.pc'
[1.176s] Level 1:colcon.colcon_core.environment:checking '/home/abanoub/delivery_bot_ws/install/my_robot_description/lib/python3.10/site-packages'
[1.177s] Level 1:colcon.colcon_core.environment:checking '/home/abanoub/delivery_bot_ws/install/my_robot_description/bin'
[1.178s] INFO:colcon.colcon_core.shell:Creating package script '/home/abanoub/delivery_bot_ws/install/my_robot_description/share/my_robot_description/package.ps1'
[1.181s] INFO:colcon.colcon_core.shell:Creating package descriptor '/home/abanoub/delivery_bot_ws/install/my_robot_description/share/my_robot_description/package.dsv'
[1.183s] INFO:colcon.colcon_core.shell:Creating package script '/home/abanoub/delivery_bot_ws/install/my_robot_description/share/my_robot_description/package.sh'
[1.185s] INFO:colcon.colcon_core.shell:Creating package script '/home/abanoub/delivery_bot_ws/install/my_robot_description/share/my_robot_description/package.bash'
[1.186s] INFO:colcon.colcon_core.shell:Creating package script '/home/abanoub/delivery_bot_ws/install/my_robot_description/share/my_robot_description/package.zsh'
[1.189s] Level 1:colcon.colcon_core.environment:create_file_with_runtime_dependencies(/home/abanoub/delivery_bot_ws/install/my_robot_description/share/colcon-core/packages/my_robot_description)
[1.190s] DEBUG:colcon.colcon_parallel_executor.executor.parallel:closing loop
[1.190s] DEBUG:colcon.colcon_parallel_executor.executor.parallel:loop closed
[1.192s] DEBUG:colcon.colcon_parallel_executor.executor.parallel:run_until_complete finished with '0'
[1.192s] DEBUG:colcon.colcon_core.event_reactor:joining thread
[1.211s] INFO:colcon.colcon_core.plugin_system:Skipping extension 'colcon_notification.desktop_notification.terminal_notifier': Not used on non-Darwin systems
[1.212s] INFO:colcon.colcon_core.plugin_system:Skipping extension 'colcon_notification.desktop_notification.win32': Not used on non-Windows systems
[1.212s] INFO:colcon.colcon_notification.desktop_notification:Sending desktop notification using 'notify2'
[1.253s] DEBUG:colcon.colcon_core.event_reactor:joined thread
[1.255s] INFO:colcon.colcon_core.shell:Creating prefix script '/home/abanoub/delivery_bot_ws/install/local_setup.ps1'
[1.260s] INFO:colcon.colcon_core.shell:Creating prefix util module '/home/abanoub/delivery_bot_ws/install/_local_setup_util_ps1.py'
[1.264s] INFO:colcon.colcon_core.shell:Creating prefix chain script '/home/abanoub/delivery_bot_ws/install/setup.ps1'
[1.268s] INFO:colcon.colcon_core.shell:Creating prefix script '/home/abanoub/delivery_bot_ws/install/local_setup.sh'
[1.270s] INFO:colcon.colcon_core.shell:Creating prefix util module '/home/abanoub/delivery_bot_ws/install/_local_setup_util_sh.py'
[1.272s] INFO:colcon.colcon_core.shell:Creating prefix chain script '/home/abanoub/delivery_bot_ws/install/setup.sh'
[1.277s] INFO:colcon.colcon_core.shell:Creating prefix script '/home/abanoub/delivery_bot_ws/install/local_setup.bash'
[1.278s] INFO:colcon.colcon_core.shell:Creating prefix chain script '/home/abanoub/delivery_bot_ws/install/setup.bash'
[1.284s] INFO:colcon.colcon_core.shell:Creating prefix script '/home/abanoub/delivery_bot_ws/install/local_setup.zsh'
[1.286s] INFO:colcon.colcon_core.shell:Creating prefix chain script '/home/abanoub/delivery_bot_ws/install/setup.zsh'
