[0.184s] Invoking command in '/home/abanoub/delivery_bot_ws/build/servo_control': CMAKE_PREFIX_PATH=${CMAKE_PREFIX_PATH}:/opt/ros/humble /usr/bin/cmake --build /home/abanoub/delivery_bot_ws/build/servo_control -- -j20 -l20
[0.495s] Invoked command in '/home/abanoub/delivery_bot_ws/build/servo_control' returned '0': CMAKE_PREFIX_PATH=${CMAKE_PREFIX_PATH}:/opt/ros/humble /usr/bin/cmake --build /home/abanoub/delivery_bot_ws/build/servo_control -- -j20 -l20
[0.500s] Invoking command in '/home/abanoub/delivery_bot_ws/build/servo_control': CMAKE_PREFIX_PATH=${CMAKE_PREFIX_PATH}:/opt/ros/humble /usr/bin/cmake --install /home/abanoub/delivery_bot_ws/build/servo_control
[0.582s] -- Install configuration: ""
[0.585s] -- Up-to-date: /home/abanoub/delivery_bot_ws/install/servo_control/share/ament_index/resource_index/package_run_dependencies/servo_control
[0.588s] -- Up-to-date: /home/abanoub/delivery_bot_ws/install/servo_control/share/ament_index/resource_index/parent_prefix_path/servo_control
[0.591s] -- Up-to-date: /home/abanoub/delivery_bot_ws/install/servo_control/share/servo_control/environment/ament_prefix_path.sh
[0.593s] -- Up-to-date: /home/abanoub/delivery_bot_ws/install/servo_control/share/servo_control/environment/ament_prefix_path.dsv
[0.593s] -- Up-to-date: /home/abanoub/delivery_bot_ws/install/servo_control/share/servo_control/environment/path.sh
[0.594s] -- Up-to-date: /home/abanoub/delivery_bot_ws/install/servo_control/share/servo_control/environment/path.dsv
[0.594s] -- Up-to-date: /home/abanoub/delivery_bot_ws/install/servo_control/share/servo_control/local_setup.bash
[0.595s] -- Up-to-date: /home/abanoub/delivery_bot_ws/install/servo_control/share/servo_control/local_setup.sh
[0.596s] -- Up-to-date: /home/abanoub/delivery_bot_ws/install/servo_control/share/servo_control/local_setup.zsh
[0.598s] -- Up-to-date: /home/abanoub/delivery_bot_ws/install/servo_control/share/servo_control/local_setup.dsv
[0.599s] -- Installing: /home/abanoub/delivery_bot_ws/install/servo_control/share/servo_control/package.dsv
[0.600s] -- Up-to-date: /home/abanoub/delivery_bot_ws/install/servo_control/share/ament_index/resource_index/packages/servo_control
[0.600s] -- Up-to-date: /home/abanoub/delivery_bot_ws/install/servo_control/share/servo_control/cmake/servo_controlConfig.cmake
[0.600s] -- Up-to-date: /home/abanoub/delivery_bot_ws/install/servo_control/share/servo_control/cmake/servo_controlConfig-version.cmake
[0.601s] -- Up-to-date: /home/abanoub/delivery_bot_ws/install/servo_control/share/servo_control/package.xml
[0.655s] Invoked command in '/home/abanoub/delivery_bot_ws/build/servo_control' returned '0': CMAKE_PREFIX_PATH=${CMAKE_PREFIX_PATH}:/opt/ros/humble /usr/bin/cmake --install /home/abanoub/delivery_bot_ws/build/servo_control
