[0.069s] Invoking command in '/home/abanoub/delivery_bot_ws/build/delivery_launch': CMAKE_PREFIX_PATH=${CMAKE_PREFIX_PATH}:/opt/ros/humble /usr/bin/cmake --build /home/abanoub/delivery_bot_ws/build/delivery_launch -- -j20 -l20
[0.207s] Invoked command in '/home/abanoub/delivery_bot_ws/build/delivery_launch' returned '0': CMAKE_PREFIX_PATH=${CMAKE_PREFIX_PATH}:/opt/ros/humble /usr/bin/cmake --build /home/abanoub/delivery_bot_ws/build/delivery_launch -- -j20 -l20
[0.223s] Invoking command in '/home/abanoub/delivery_bot_ws/build/delivery_launch': CMAKE_PREFIX_PATH=${CMAKE_PREFIX_PATH}:/opt/ros/humble /usr/bin/cmake --install /home/abanoub/delivery_bot_ws/build/delivery_launch
[0.236s] -- Install configuration: ""
[0.237s] -- Up-to-date: /home/abanoub/delivery_bot_ws/install/delivery_launch/share/ament_index/resource_index/package_run_dependencies/delivery_launch
[0.237s] -- Up-to-date: /home/abanoub/delivery_bot_ws/install/delivery_launch/share/ament_index/resource_index/parent_prefix_path/delivery_launch
[0.238s] -- Up-to-date: /home/abanoub/delivery_bot_ws/install/delivery_launch/share/delivery_launch/environment/ament_prefix_path.sh
[0.239s] -- Up-to-date: /home/abanoub/delivery_bot_ws/install/delivery_launch/share/delivery_launch/environment/ament_prefix_path.dsv
[0.240s] -- Up-to-date: /home/abanoub/delivery_bot_ws/install/delivery_launch/share/delivery_launch/environment/path.sh
[0.240s] -- Up-to-date: /home/abanoub/delivery_bot_ws/install/delivery_launch/share/delivery_launch/environment/path.dsv
[0.241s] -- Up-to-date: /home/abanoub/delivery_bot_ws/install/delivery_launch/share/delivery_launch/local_setup.bash
[0.243s] -- Up-to-date: /home/abanoub/delivery_bot_ws/install/delivery_launch/share/delivery_launch/local_setup.sh
[0.246s] -- Up-to-date: /home/abanoub/delivery_bot_ws/install/delivery_launch/share/delivery_launch/local_setup.zsh
[0.246s] -- Up-to-date: /home/abanoub/delivery_bot_ws/install/delivery_launch/share/delivery_launch/local_setup.dsv
[0.246s] -- Installing: /home/abanoub/delivery_bot_ws/install/delivery_launch/share/delivery_launch/package.dsv
[0.247s] -- Up-to-date: /home/abanoub/delivery_bot_ws/install/delivery_launch/share/ament_index/resource_index/packages/delivery_launch
[0.247s] -- Up-to-date: /home/abanoub/delivery_bot_ws/install/delivery_launch/share/delivery_launch/cmake/delivery_launchConfig.cmake
[0.247s] -- Up-to-date: /home/abanoub/delivery_bot_ws/install/delivery_launch/share/delivery_launch/cmake/delivery_launchConfig-version.cmake
[0.248s] -- Up-to-date: /home/abanoub/delivery_bot_ws/install/delivery_launch/share/delivery_launch/package.xml
[0.357s] Invoked command in '/home/abanoub/delivery_bot_ws/build/delivery_launch' returned '0': CMAKE_PREFIX_PATH=${CMAKE_PREFIX_PATH}:/opt/ros/humble /usr/bin/cmake --install /home/abanoub/delivery_bot_ws/build/delivery_launch
