[0.127s] Invoking command in '/home/abanoub/delivery_bot_ws/build/my_robot_description': CMAKE_PREFIX_PATH=${CMAKE_PREFIX_PATH}:/opt/ros/humble /usr/bin/cmake /home/abanoub/delivery_bot_ws/src/my_robot_description -DCMAKE_INSTALL_PREFIX=/home/abanoub/delivery_bot_ws/install/my_robot_description
[0.291s] -- The C compiler identification is GNU 11.4.0
[0.371s] -- The CXX compiler identification is GNU 11.4.0
[0.377s] -- Detecting C compiler ABI info
[0.439s] -- Detecting C compiler ABI info - done
[0.445s] -- Check for working C compiler: /usr/bin/cc - skipped
[0.445s] -- Detecting C compile features
[0.445s] -- Detecting C compile features - done
[0.447s] -- Detecting CXX compiler ABI info
[0.541s] -- Detecting CXX compiler ABI info - done
[0.546s] -- Check for working CXX compiler: /usr/bin/c++ - skipped
[0.546s] -- Detecting CXX compile features
[0.546s] -- Detecting CXX compile features - done
[0.548s] -- Found ament_cmake: 1.3.11 (/opt/ros/humble/share/ament_cmake/cmake)
[0.685s] -- Found Python3: /usr/bin/python3 (found version "3.10.12") found components: Interpreter 
[0.817s] -- Configuring done
[0.818s] -- Generating done
[0.978s] -- Build files have been written to: /home/abanoub/delivery_bot_ws/build/my_robot_description
[0.990s] Invoked command in '/home/abanoub/delivery_bot_ws/build/my_robot_description' returned '0': CMAKE_PREFIX_PATH=${CMAKE_PREFIX_PATH}:/opt/ros/humble /usr/bin/cmake /home/abanoub/delivery_bot_ws/src/my_robot_description -DCMAKE_INSTALL_PREFIX=/home/abanoub/delivery_bot_ws/install/my_robot_description
[0.994s] Invoking command in '/home/abanoub/delivery_bot_ws/build/my_robot_description': CMAKE_PREFIX_PATH=${CMAKE_PREFIX_PATH}:/opt/ros/humble /usr/bin/cmake --build /home/abanoub/delivery_bot_ws/build/my_robot_description -- -j20 -l20
[1.067s] Invoked command in '/home/abanoub/delivery_bot_ws/build/my_robot_description' returned '0': CMAKE_PREFIX_PATH=${CMAKE_PREFIX_PATH}:/opt/ros/humble /usr/bin/cmake --build /home/abanoub/delivery_bot_ws/build/my_robot_description -- -j20 -l20
[1.068s] Invoking command in '/home/abanoub/delivery_bot_ws/build/my_robot_description': CMAKE_PREFIX_PATH=${CMAKE_PREFIX_PATH}:/opt/ros/humble /usr/bin/cmake --install /home/abanoub/delivery_bot_ws/build/my_robot_description
[1.078s] -- Install configuration: ""
[1.078s] -- Installing: /home/abanoub/delivery_bot_ws/install/my_robot_description/share/my_robot_description/urdf
[1.078s] -- Installing: /home/abanoub/delivery_bot_ws/install/my_robot_description/share/my_robot_description/urdf/robot.urdf
[1.078s] -- Installing: /home/abanoub/delivery_bot_ws/install/my_robot_description/share/my_robot_description/assets
[1.078s] -- Installing: /home/abanoub/delivery_bot_ws/install/my_robot_description/share/my_robot_description/assets/part_14.stl
[1.080s] -- Installing: /home/abanoub/delivery_bot_ws/install/my_robot_description/share/my_robot_description/assets/wheel.stl
[1.081s] -- Installing: /home/abanoub/delivery_bot_ws/install/my_robot_description/share/my_robot_description/assets/part_2.stl
[1.084s] -- Installing: /home/abanoub/delivery_bot_ws/install/my_robot_description/share/my_robot_description/assets/top_plate.stl
[1.085s] -- Installing: /home/abanoub/delivery_bot_ws/install/my_robot_description/share/my_robot_description/assets/part_17.stl
[1.086s] -- Installing: /home/abanoub/delivery_bot_ws/install/my_robot_description/share/my_robot_description/assets/part_4.stl
[1.086s] -- Installing: /home/abanoub/delivery_bot_ws/install/my_robot_description/share/my_robot_description/assets/part_9.stl
[1.086s] -- Installing: /home/abanoub/delivery_bot_ws/install/my_robot_description/share/my_robot_description/assets/l298n_h_driver.stl
[1.086s] -- Installing: /home/abanoub/delivery_bot_ws/install/my_robot_description/share/my_robot_description/assets/part_15.stl
[1.086s] -- Installing: /home/abanoub/delivery_bot_ws/install/my_robot_description/share/my_robot_description/assets/part_7.stl
[1.088s] -- Installing: /home/abanoub/delivery_bot_ws/install/my_robot_description/share/my_robot_description/assets/part_1__2.stl
[1.088s] -- Installing: /home/abanoub/delivery_bot_ws/install/my_robot_description/share/my_robot_description/assets/motor_mount.stl
[1.088s] -- Installing: /home/abanoub/delivery_bot_ws/install/my_robot_description/share/my_robot_description/assets/part_8.stl
[1.088s] -- Installing: /home/abanoub/delivery_bot_ws/install/my_robot_description/share/my_robot_description/assets/rasberry_pi_4_b.stl
[1.091s] -- Installing: /home/abanoub/delivery_bot_ws/install/my_robot_description/share/my_robot_description/assets/part_12.stl
[1.091s] -- Installing: /home/abanoub/delivery_bot_ws/install/my_robot_description/share/my_robot_description/assets/part_16.stl
[1.091s] -- Installing: /home/abanoub/delivery_bot_ws/install/my_robot_description/share/my_robot_description/assets/part_13.stl
[1.091s] -- Installing: /home/abanoub/delivery_bot_ws/install/my_robot_description/share/my_robot_description/assets/part_11.stl
[1.091s] -- Installing: /home/abanoub/delivery_bot_ws/install/my_robot_description/share/my_robot_description/assets/base_link.stl
[1.093s] -- Installing: /home/abanoub/delivery_bot_ws/install/my_robot_description/share/my_robot_description/assets/part_10.stl
[1.093s] -- Installing: /home/abanoub/delivery_bot_ws/install/my_robot_description/share/my_robot_description/assets/part_5.stl
[1.093s] -- Installing: /home/abanoub/delivery_bot_ws/install/my_robot_description/share/my_robot_description/assets/geared_dc_motor_with_encoder___ts_25ga370h.stl
[1.093s] -- Installing: /home/abanoub/delivery_bot_ws/install/my_robot_description/share/my_robot_description/assets/part_18.stl
[1.094s] -- Installing: /home/abanoub/delivery_bot_ws/install/my_robot_description/share/my_robot_description/assets/part_1.stl
[1.097s] -- Installing: /home/abanoub/delivery_bot_ws/install/my_robot_description/share/my_robot_description/assets/part_6.stl
[1.097s] -- Installing: /home/abanoub/delivery_bot_ws/install/my_robot_description/share/my_robot_description/assets/column_support.stl
[1.097s] -- Installing: /home/abanoub/delivery_bot_ws/install/my_robot_description/share/my_robot_description/assets/part_20.stl
[1.098s] -- Installing: /home/abanoub/delivery_bot_ws/install/my_robot_description/share/my_robot_description/assets/part_3.stl
[1.099s] -- Installing: /home/abanoub/delivery_bot_ws/install/my_robot_description/share/my_robot_description/assets/part_19.stl
[1.099s] -- Installing: /home/abanoub/delivery_bot_ws/install/my_robot_description/share/my_robot_description/launch
[1.099s] -- Installing: /home/abanoub/delivery_bot_ws/install/my_robot_description/share/my_robot_description/launch/gazebo_launch.py
[1.099s] -- Installing: /home/abanoub/delivery_bot_ws/install/my_robot_description/share/ament_index/resource_index/package_run_dependencies/my_robot_description
[1.099s] -- Installing: /home/abanoub/delivery_bot_ws/install/my_robot_description/share/ament_index/resource_index/parent_prefix_path/my_robot_description
[1.099s] -- Installing: /home/abanoub/delivery_bot_ws/install/my_robot_description/share/my_robot_description/environment/ament_prefix_path.sh
[1.099s] -- Installing: /home/abanoub/delivery_bot_ws/install/my_robot_description/share/my_robot_description/environment/ament_prefix_path.dsv
[1.099s] -- Installing: /home/abanoub/delivery_bot_ws/install/my_robot_description/share/my_robot_description/environment/path.sh
[1.099s] -- Installing: /home/abanoub/delivery_bot_ws/install/my_robot_description/share/my_robot_description/environment/path.dsv
[1.100s] -- Installing: /home/abanoub/delivery_bot_ws/install/my_robot_description/share/my_robot_description/local_setup.bash
[1.100s] -- Installing: /home/abanoub/delivery_bot_ws/install/my_robot_description/share/my_robot_description/local_setup.sh
[1.100s] -- Installing: /home/abanoub/delivery_bot_ws/install/my_robot_description/share/my_robot_description/local_setup.zsh
[1.100s] -- Installing: /home/abanoub/delivery_bot_ws/install/my_robot_description/share/my_robot_description/local_setup.dsv
[1.100s] -- Installing: /home/abanoub/delivery_bot_ws/install/my_robot_description/share/my_robot_description/package.dsv
[1.100s] -- Installing: /home/abanoub/delivery_bot_ws/install/my_robot_description/share/ament_index/resource_index/packages/my_robot_description
[1.100s] -- Installing: /home/abanoub/delivery_bot_ws/install/my_robot_description/share/my_robot_description/cmake/my_robot_descriptionConfig.cmake
[1.100s] -- Installing: /home/abanoub/delivery_bot_ws/install/my_robot_description/share/my_robot_description/cmake/my_robot_descriptionConfig-version.cmake
[1.100s] -- Installing: /home/abanoub/delivery_bot_ws/install/my_robot_description/share/my_robot_description/package.xml
[1.585s] Invoked command in '/home/abanoub/delivery_bot_ws/build/my_robot_description' returned '0': CMAKE_PREFIX_PATH=${CMAKE_PREFIX_PATH}:/opt/ros/humble /usr/bin/cmake --install /home/abanoub/delivery_bot_ws/build/my_robot_description
