[0.132s] DEBUG:colcon:Command line arguments: ['/usr/bin/colcon', 'build']
[0.132s] DEBUG:colcon:Parsed command line arguments: Namespace(log_base=None, log_level=None, verb_name='build', build_base='build', install_base='install', merge_install=False, symlink_install=False, test_result_base=None, continue_on_error=False, executor='parallel', parallel_workers=20, event_handlers=None, ignore_user_meta=False, metas=['./colcon.meta'], base_paths=['.'], packages_ignore=None, packages_ignore_regex=None, paths=None, packages_up_to=None, packages_up_to_regex=None, packages_above=None, packages_above_and_dependencies=None, packages_above_depth=None, packages_select_by_dep=None, packages_skip_by_dep=None, packages_skip_up_to=None, packages_select_build_failed=False, packages_skip_build_finished=False, packages_select_test_failures=False, packages_skip_test_passed=False, packages_select=None, packages_skip=None, packages_select_regex=None, packages_skip_regex=None, packages_start=None, packages_end=None, allow_overriding=[], cmake_args=None, cmake_target=None, cmake_target_skip_unavailable=False, cmake_clean_cache=False, cmake_clean_first=False, cmake_force_configure=False, ament_cmake_args=None, catkin_cmake_args=None, catkin_skip_building_tests=False, mixin_files=None, mixin=None, verb_parser=<colcon_mixin.mixin.mixin_argument.MixinArgumentDecorator object at 0x7ef947ea08f0>, verb_extension=<colcon_core.verb.build.BuildVerb object at 0x7ef947ea0590>, main=<bound method BuildVerb.main of <colcon_core.verb.build.BuildVerb object at 0x7ef947ea0590>>, mixin_verb=('build',))
[0.179s] Level 1:colcon.colcon_core.package_discovery:discover_packages(colcon_meta) check parameters
[0.179s] Level 1:colcon.colcon_core.package_discovery:discover_packages(recursive) check parameters
[0.179s] Level 1:colcon.colcon_core.package_discovery:discover_packages(ignore) check parameters
[0.179s] Level 1:colcon.colcon_core.package_discovery:discover_packages(path) check parameters
[0.179s] Level 1:colcon.colcon_core.package_discovery:discover_packages(colcon_meta) discover
[0.179s] Level 1:colcon.colcon_core.package_discovery:discover_packages(recursive) discover
[0.179s] INFO:colcon.colcon_core.package_discovery:Crawling recursively for packages in '/home/abanoub/delivery_bot_ws'
[0.179s] Level 1:colcon.colcon_core.package_identification:_identify(.) by extensions ['ignore', 'ignore_ament_install']
[0.179s] Level 1:colcon.colcon_core.package_identification:_identify(.) by extension 'ignore'
[0.179s] Level 1:colcon.colcon_core.package_identification:_identify(.) by extension 'ignore_ament_install'
[0.179s] Level 1:colcon.colcon_core.package_identification:_identify(.) by extensions ['colcon_pkg']
[0.179s] Level 1:colcon.colcon_core.package_identification:_identify(.) by extension 'colcon_pkg'
[0.180s] Level 1:colcon.colcon_core.package_identification:_identify(.) by extensions ['colcon_meta']
[0.180s] Level 1:colcon.colcon_core.package_identification:_identify(.) by extension 'colcon_meta'
[0.180s] Level 1:colcon.colcon_core.package_identification:_identify(.) by extensions ['ros']
[0.180s] Level 1:colcon.colcon_core.package_identification:_identify(.) by extension 'ros'
[0.215s] Level 1:colcon.colcon_core.package_identification:_identify(.) by extensions ['cmake', 'python']
[0.216s] Level 1:colcon.colcon_core.package_identification:_identify(.) by extension 'cmake'
[0.216s] Level 1:colcon.colcon_core.package_identification:_identify(.) by extension 'python'
[0.216s] Level 1:colcon.colcon_core.package_identification:_identify(.) by extensions ['python_setup_py']
[0.216s] Level 1:colcon.colcon_core.package_identification:_identify(.) by extension 'python_setup_py'
[0.216s] Level 1:colcon.colcon_core.package_identification:_identify(build) by extensions ['ignore', 'ignore_ament_install']
[0.216s] Level 1:colcon.colcon_core.package_identification:_identify(build) by extension 'ignore'
[0.216s] Level 1:colcon.colcon_core.package_identification:_identify(build) ignored
[0.216s] Level 1:colcon.colcon_core.package_identification:_identify(install) by extensions ['ignore', 'ignore_ament_install']
[0.216s] Level 1:colcon.colcon_core.package_identification:_identify(install) by extension 'ignore'
[0.216s] Level 1:colcon.colcon_core.package_identification:_identify(install) ignored
[0.217s] Level 1:colcon.colcon_core.package_identification:_identify(log) by extensions ['ignore', 'ignore_ament_install']
[0.217s] Level 1:colcon.colcon_core.package_identification:_identify(log) by extension 'ignore'
[0.217s] Level 1:colcon.colcon_core.package_identification:_identify(log) ignored
[0.217s] Level 1:colcon.colcon_core.package_identification:_identify(src) by extensions ['ignore', 'ignore_ament_install']
[0.218s] Level 1:colcon.colcon_core.package_identification:_identify(src) by extension 'ignore'
[0.218s] Level 1:colcon.colcon_core.package_identification:_identify(src) by extension 'ignore_ament_install'
[0.218s] Level 1:colcon.colcon_core.package_identification:_identify(src) by extensions ['colcon_pkg']
[0.218s] Level 1:colcon.colcon_core.package_identification:_identify(src) by extension 'colcon_pkg'
[0.218s] Level 1:colcon.colcon_core.package_identification:_identify(src) by extensions ['colcon_meta']
[0.218s] Level 1:colcon.colcon_core.package_identification:_identify(src) by extension 'colcon_meta'
[0.218s] Level 1:colcon.colcon_core.package_identification:_identify(src) by extensions ['ros']
[0.218s] Level 1:colcon.colcon_core.package_identification:_identify(src) by extension 'ros'
[0.218s] Level 1:colcon.colcon_core.package_identification:_identify(src) by extensions ['cmake', 'python']
[0.218s] Level 1:colcon.colcon_core.package_identification:_identify(src) by extension 'cmake'
[0.218s] Level 1:colcon.colcon_core.package_identification:_identify(src) by extension 'python'
[0.219s] Level 1:colcon.colcon_core.package_identification:_identify(src) by extensions ['python_setup_py']
[0.219s] Level 1:colcon.colcon_core.package_identification:_identify(src) by extension 'python_setup_py'
[0.219s] Level 1:colcon.colcon_core.package_identification:_identify(src/delivery_bot_control) by extensions ['ignore', 'ignore_ament_install']
[0.219s] Level 1:colcon.colcon_core.package_identification:_identify(src/delivery_bot_control) by extension 'ignore'
[0.219s] Level 1:colcon.colcon_core.package_identification:_identify(src/delivery_bot_control) by extension 'ignore_ament_install'
[0.219s] Level 1:colcon.colcon_core.package_identification:_identify(src/delivery_bot_control) by extensions ['colcon_pkg']
[0.219s] Level 1:colcon.colcon_core.package_identification:_identify(src/delivery_bot_control) by extension 'colcon_pkg'
[0.219s] Level 1:colcon.colcon_core.package_identification:_identify(src/delivery_bot_control) by extensions ['colcon_meta']
[0.219s] Level 1:colcon.colcon_core.package_identification:_identify(src/delivery_bot_control) by extension 'colcon_meta'
[0.219s] Level 1:colcon.colcon_core.package_identification:_identify(src/delivery_bot_control) by extensions ['ros']
[0.219s] Level 1:colcon.colcon_core.package_identification:_identify(src/delivery_bot_control) by extension 'ros'
[0.223s] DEBUG:colcon.colcon_core.package_identification:Package 'src/delivery_bot_control' with type 'ros.ament_cmake' and name 'delivery_bot_control'
[0.224s] Level 1:colcon.colcon_core.package_identification:_identify(src/delivery_bot_description) by extensions ['ignore', 'ignore_ament_install']
[0.224s] Level 1:colcon.colcon_core.package_identification:_identify(src/delivery_bot_description) by extension 'ignore'
[0.224s] Level 1:colcon.colcon_core.package_identification:_identify(src/delivery_bot_description) by extension 'ignore_ament_install'
[0.224s] Level 1:colcon.colcon_core.package_identification:_identify(src/delivery_bot_description) by extensions ['colcon_pkg']
[0.224s] Level 1:colcon.colcon_core.package_identification:_identify(src/delivery_bot_description) by extension 'colcon_pkg'
[0.224s] Level 1:colcon.colcon_core.package_identification:_identify(src/delivery_bot_description) by extensions ['colcon_meta']
[0.224s] Level 1:colcon.colcon_core.package_identification:_identify(src/delivery_bot_description) by extension 'colcon_meta'
[0.224s] Level 1:colcon.colcon_core.package_identification:_identify(src/delivery_bot_description) by extensions ['ros']
[0.225s] Level 1:colcon.colcon_core.package_identification:_identify(src/delivery_bot_description) by extension 'ros'
[0.226s] DEBUG:colcon.colcon_core.package_identification:Package 'src/delivery_bot_description' with type 'ros.ament_cmake' and name 'delivery_bot_description'
[0.226s] Level 1:colcon.colcon_core.package_identification:_identify(src/delivery_bot_nav) by extensions ['ignore', 'ignore_ament_install']
[0.226s] Level 1:colcon.colcon_core.package_identification:_identify(src/delivery_bot_nav) by extension 'ignore'
[0.226s] Level 1:colcon.colcon_core.package_identification:_identify(src/delivery_bot_nav) by extension 'ignore_ament_install'
[0.226s] Level 1:colcon.colcon_core.package_identification:_identify(src/delivery_bot_nav) by extensions ['colcon_pkg']
[0.226s] Level 1:colcon.colcon_core.package_identification:_identify(src/delivery_bot_nav) by extension 'colcon_pkg'
[0.226s] Level 1:colcon.colcon_core.package_identification:_identify(src/delivery_bot_nav) by extensions ['colcon_meta']
[0.226s] Level 1:colcon.colcon_core.package_identification:_identify(src/delivery_bot_nav) by extension 'colcon_meta'
[0.226s] Level 1:colcon.colcon_core.package_identification:_identify(src/delivery_bot_nav) by extensions ['ros']
[0.226s] Level 1:colcon.colcon_core.package_identification:_identify(src/delivery_bot_nav) by extension 'ros'
[0.227s] DEBUG:colcon.colcon_core.package_identification:Package 'src/delivery_bot_nav' with type 'ros.ament_cmake' and name 'delivery_bot_nav'
[0.227s] Level 1:colcon.colcon_core.package_identification:_identify(src/delivery_bot_slam) by extensions ['ignore', 'ignore_ament_install']
[0.227s] Level 1:colcon.colcon_core.package_identification:_identify(src/delivery_bot_slam) by extension 'ignore'
[0.228s] Level 1:colcon.colcon_core.package_identification:_identify(src/delivery_bot_slam) by extension 'ignore_ament_install'
[0.228s] Level 1:colcon.colcon_core.package_identification:_identify(src/delivery_bot_slam) by extensions ['colcon_pkg']
[0.228s] Level 1:colcon.colcon_core.package_identification:_identify(src/delivery_bot_slam) by extension 'colcon_pkg'
[0.228s] Level 1:colcon.colcon_core.package_identification:_identify(src/delivery_bot_slam) by extensions ['colcon_meta']
[0.228s] Level 1:colcon.colcon_core.package_identification:_identify(src/delivery_bot_slam) by extension 'colcon_meta'
[0.228s] Level 1:colcon.colcon_core.package_identification:_identify(src/delivery_bot_slam) by extensions ['ros']
[0.228s] Level 1:colcon.colcon_core.package_identification:_identify(src/delivery_bot_slam) by extension 'ros'
[0.229s] DEBUG:colcon.colcon_core.package_identification:Package 'src/delivery_bot_slam' with type 'ros.ament_cmake' and name 'delivery_bot_slam'
[0.229s] Level 1:colcon.colcon_core.package_identification:_identify(src/my_worlds) by extensions ['ignore', 'ignore_ament_install']
[0.229s] Level 1:colcon.colcon_core.package_identification:_identify(src/my_worlds) by extension 'ignore'
[0.229s] Level 1:colcon.colcon_core.package_identification:_identify(src/my_worlds) by extension 'ignore_ament_install'
[0.229s] Level 1:colcon.colcon_core.package_identification:_identify(src/my_worlds) by extensions ['colcon_pkg']
[0.229s] Level 1:colcon.colcon_core.package_identification:_identify(src/my_worlds) by extension 'colcon_pkg'
[0.229s] Level 1:colcon.colcon_core.package_identification:_identify(src/my_worlds) by extensions ['colcon_meta']
[0.229s] Level 1:colcon.colcon_core.package_identification:_identify(src/my_worlds) by extension 'colcon_meta'
[0.229s] Level 1:colcon.colcon_core.package_identification:_identify(src/my_worlds) by extensions ['ros']
[0.229s] Level 1:colcon.colcon_core.package_identification:_identify(src/my_worlds) by extension 'ros'
[0.229s] Level 1:colcon.colcon_core.package_identification:_identify(src/my_worlds) by extensions ['cmake', 'python']
[0.229s] Level 1:colcon.colcon_core.package_identification:_identify(src/my_worlds) by extension 'cmake'
[0.229s] Level 1:colcon.colcon_core.package_identification:_identify(src/my_worlds) by extension 'python'
[0.229s] Level 1:colcon.colcon_core.package_identification:_identify(src/my_worlds) by extensions ['python_setup_py']
[0.229s] Level 1:colcon.colcon_core.package_identification:_identify(src/my_worlds) by extension 'python_setup_py'
[0.229s] Level 1:colcon.colcon_core.package_identification:_identify(src/my_worlds/worlds) by extensions ['ignore', 'ignore_ament_install']
[0.230s] Level 1:colcon.colcon_core.package_identification:_identify(src/my_worlds/worlds) by extension 'ignore'
[0.230s] Level 1:colcon.colcon_core.package_identification:_identify(src/my_worlds/worlds) by extension 'ignore_ament_install'
[0.230s] Level 1:colcon.colcon_core.package_identification:_identify(src/my_worlds/worlds) by extensions ['colcon_pkg']
[0.230s] Level 1:colcon.colcon_core.package_identification:_identify(src/my_worlds/worlds) by extension 'colcon_pkg'
[0.230s] Level 1:colcon.colcon_core.package_identification:_identify(src/my_worlds/worlds) by extensions ['colcon_meta']
[0.230s] Level 1:colcon.colcon_core.package_identification:_identify(src/my_worlds/worlds) by extension 'colcon_meta'
[0.230s] Level 1:colcon.colcon_core.package_identification:_identify(src/my_worlds/worlds) by extensions ['ros']
[0.230s] Level 1:colcon.colcon_core.package_identification:_identify(src/my_worlds/worlds) by extension 'ros'
[0.230s] Level 1:colcon.colcon_core.package_identification:_identify(src/my_worlds/worlds) by extensions ['cmake', 'python']
[0.230s] Level 1:colcon.colcon_core.package_identification:_identify(src/my_worlds/worlds) by extension 'cmake'
[0.230s] Level 1:colcon.colcon_core.package_identification:_identify(src/my_worlds/worlds) by extension 'python'
[0.230s] Level 1:colcon.colcon_core.package_identification:_identify(src/my_worlds/worlds) by extensions ['python_setup_py']
[0.230s] Level 1:colcon.colcon_core.package_identification:_identify(src/my_worlds/worlds) by extension 'python_setup_py'
[0.230s] Level 1:colcon.colcon_core.package_discovery:discover_packages(recursive) using defaults
[0.230s] Level 1:colcon.colcon_core.package_discovery:discover_packages(ignore) discover
[0.230s] Level 1:colcon.colcon_core.package_discovery:discover_packages(ignore) using defaults
[0.230s] Level 1:colcon.colcon_core.package_discovery:discover_packages(path) discover
[0.230s] Level 1:colcon.colcon_core.package_discovery:discover_packages(path) using defaults
[0.253s] Level 1:colcon.colcon_core.package_discovery:discover_packages(prefix_path) check parameters
[0.253s] Level 1:colcon.colcon_core.package_discovery:discover_packages(prefix_path) discover
[0.255s] DEBUG:colcon.colcon_installed_package_information.package_discovery:Found 7 installed packages in /home/abanoub/delivery_bot_ws/install
[0.257s] DEBUG:colcon.colcon_installed_package_information.package_discovery:Found 422 installed packages in /opt/ros/jazzy
[0.259s] Level 1:colcon.colcon_core.package_discovery:discover_packages(prefix_path) using defaults
[0.314s] Level 5:colcon.colcon_core.verb:set package 'delivery_bot_control' build argument 'cmake_args' from command line to 'None'
[0.315s] Level 5:colcon.colcon_core.verb:set package 'delivery_bot_control' build argument 'cmake_target' from command line to 'None'
[0.315s] Level 5:colcon.colcon_core.verb:set package 'delivery_bot_control' build argument 'cmake_target_skip_unavailable' from command line to 'False'
[0.315s] Level 5:colcon.colcon_core.verb:set package 'delivery_bot_control' build argument 'cmake_clean_cache' from command line to 'False'
[0.315s] Level 5:colcon.colcon_core.verb:set package 'delivery_bot_control' build argument 'cmake_clean_first' from command line to 'False'
[0.315s] Level 5:colcon.colcon_core.verb:set package 'delivery_bot_control' build argument 'cmake_force_configure' from command line to 'False'
[0.315s] Level 5:colcon.colcon_core.verb:set package 'delivery_bot_control' build argument 'ament_cmake_args' from command line to 'None'
[0.315s] Level 5:colcon.colcon_core.verb:set package 'delivery_bot_control' build argument 'catkin_cmake_args' from command line to 'None'
[0.315s] Level 5:colcon.colcon_core.verb:set package 'delivery_bot_control' build argument 'catkin_skip_building_tests' from command line to 'False'
[0.315s] DEBUG:colcon.colcon_core.verb:Building package 'delivery_bot_control' with the following arguments: {'ament_cmake_args': None, 'build_base': '/home/abanoub/delivery_bot_ws/build/delivery_bot_control', 'catkin_cmake_args': None, 'catkin_skip_building_tests': False, 'cmake_args': None, 'cmake_clean_cache': False, 'cmake_clean_first': False, 'cmake_force_configure': False, 'cmake_target': None, 'cmake_target_skip_unavailable': False, 'install_base': '/home/abanoub/delivery_bot_ws/install/delivery_bot_control', 'merge_install': False, 'path': '/home/abanoub/delivery_bot_ws/src/delivery_bot_control', 'symlink_install': False, 'test_result_base': None}
[0.315s] Level 5:colcon.colcon_core.verb:set package 'delivery_bot_description' build argument 'cmake_args' from command line to 'None'
[0.315s] Level 5:colcon.colcon_core.verb:set package 'delivery_bot_description' build argument 'cmake_target' from command line to 'None'
[0.315s] Level 5:colcon.colcon_core.verb:set package 'delivery_bot_description' build argument 'cmake_target_skip_unavailable' from command line to 'False'
[0.315s] Level 5:colcon.colcon_core.verb:set package 'delivery_bot_description' build argument 'cmake_clean_cache' from command line to 'False'
[0.315s] Level 5:colcon.colcon_core.verb:set package 'delivery_bot_description' build argument 'cmake_clean_first' from command line to 'False'
[0.315s] Level 5:colcon.colcon_core.verb:set package 'delivery_bot_description' build argument 'cmake_force_configure' from command line to 'False'
[0.315s] Level 5:colcon.colcon_core.verb:set package 'delivery_bot_description' build argument 'ament_cmake_args' from command line to 'None'
[0.315s] Level 5:colcon.colcon_core.verb:set package 'delivery_bot_description' build argument 'catkin_cmake_args' from command line to 'None'
[0.315s] Level 5:colcon.colcon_core.verb:set package 'delivery_bot_description' build argument 'catkin_skip_building_tests' from command line to 'False'
[0.315s] DEBUG:colcon.colcon_core.verb:Building package 'delivery_bot_description' with the following arguments: {'ament_cmake_args': None, 'build_base': '/home/abanoub/delivery_bot_ws/build/delivery_bot_description', 'catkin_cmake_args': None, 'catkin_skip_building_tests': False, 'cmake_args': None, 'cmake_clean_cache': False, 'cmake_clean_first': False, 'cmake_force_configure': False, 'cmake_target': None, 'cmake_target_skip_unavailable': False, 'install_base': '/home/abanoub/delivery_bot_ws/install/delivery_bot_description', 'merge_install': False, 'path': '/home/abanoub/delivery_bot_ws/src/delivery_bot_description', 'symlink_install': False, 'test_result_base': None}
[0.316s] Level 5:colcon.colcon_core.verb:set package 'delivery_bot_nav' build argument 'cmake_args' from command line to 'None'
[0.316s] Level 5:colcon.colcon_core.verb:set package 'delivery_bot_nav' build argument 'cmake_target' from command line to 'None'
[0.316s] Level 5:colcon.colcon_core.verb:set package 'delivery_bot_nav' build argument 'cmake_target_skip_unavailable' from command line to 'False'
[0.316s] Level 5:colcon.colcon_core.verb:set package 'delivery_bot_nav' build argument 'cmake_clean_cache' from command line to 'False'
[0.316s] Level 5:colcon.colcon_core.verb:set package 'delivery_bot_nav' build argument 'cmake_clean_first' from command line to 'False'
[0.316s] Level 5:colcon.colcon_core.verb:set package 'delivery_bot_nav' build argument 'cmake_force_configure' from command line to 'False'
[0.316s] Level 5:colcon.colcon_core.verb:set package 'delivery_bot_nav' build argument 'ament_cmake_args' from command line to 'None'
[0.316s] Level 5:colcon.colcon_core.verb:set package 'delivery_bot_nav' build argument 'catkin_cmake_args' from command line to 'None'
[0.316s] Level 5:colcon.colcon_core.verb:set package 'delivery_bot_nav' build argument 'catkin_skip_building_tests' from command line to 'False'
[0.316s] DEBUG:colcon.colcon_core.verb:Building package 'delivery_bot_nav' with the following arguments: {'ament_cmake_args': None, 'build_base': '/home/abanoub/delivery_bot_ws/build/delivery_bot_nav', 'catkin_cmake_args': None, 'catkin_skip_building_tests': False, 'cmake_args': None, 'cmake_clean_cache': False, 'cmake_clean_first': False, 'cmake_force_configure': False, 'cmake_target': None, 'cmake_target_skip_unavailable': False, 'install_base': '/home/abanoub/delivery_bot_ws/install/delivery_bot_nav', 'merge_install': False, 'path': '/home/abanoub/delivery_bot_ws/src/delivery_bot_nav', 'symlink_install': False, 'test_result_base': None}
[0.316s] Level 5:colcon.colcon_core.verb:set package 'delivery_bot_slam' build argument 'cmake_args' from command line to 'None'
[0.316s] Level 5:colcon.colcon_core.verb:set package 'delivery_bot_slam' build argument 'cmake_target' from command line to 'None'
[0.316s] Level 5:colcon.colcon_core.verb:set package 'delivery_bot_slam' build argument 'cmake_target_skip_unavailable' from command line to 'False'
[0.316s] Level 5:colcon.colcon_core.verb:set package 'delivery_bot_slam' build argument 'cmake_clean_cache' from command line to 'False'
[0.316s] Level 5:colcon.colcon_core.verb:set package 'delivery_bot_slam' build argument 'cmake_clean_first' from command line to 'False'
[0.316s] Level 5:colcon.colcon_core.verb:set package 'delivery_bot_slam' build argument 'cmake_force_configure' from command line to 'False'
[0.316s] Level 5:colcon.colcon_core.verb:set package 'delivery_bot_slam' build argument 'ament_cmake_args' from command line to 'None'
[0.316s] Level 5:colcon.colcon_core.verb:set package 'delivery_bot_slam' build argument 'catkin_cmake_args' from command line to 'None'
[0.316s] Level 5:colcon.colcon_core.verb:set package 'delivery_bot_slam' build argument 'catkin_skip_building_tests' from command line to 'False'
[0.316s] DEBUG:colcon.colcon_core.verb:Building package 'delivery_bot_slam' with the following arguments: {'ament_cmake_args': None, 'build_base': '/home/abanoub/delivery_bot_ws/build/delivery_bot_slam', 'catkin_cmake_args': None, 'catkin_skip_building_tests': False, 'cmake_args': None, 'cmake_clean_cache': False, 'cmake_clean_first': False, 'cmake_force_configure': False, 'cmake_target': None, 'cmake_target_skip_unavailable': False, 'install_base': '/home/abanoub/delivery_bot_ws/install/delivery_bot_slam', 'merge_install': False, 'path': '/home/abanoub/delivery_bot_ws/src/delivery_bot_slam', 'symlink_install': False, 'test_result_base': None}
[0.316s] INFO:colcon.colcon_core.executor:Executing jobs using 'parallel' executor
[0.317s] DEBUG:colcon.colcon_parallel_executor.executor.parallel:run_until_complete
[0.318s] INFO:colcon.colcon_ros.task.ament_cmake.build:Building ROS package in '/home/abanoub/delivery_bot_ws/src/delivery_bot_control' with build type 'ament_cmake'
[0.318s] INFO:colcon.colcon_cmake.task.cmake.build:Building CMake package in '/home/abanoub/delivery_bot_ws/src/delivery_bot_control'
[0.320s] INFO:colcon.colcon_core.plugin_system:Skipping extension 'colcon_core.shell.bat': Not used on non-Windows systems
[0.320s] INFO:colcon.colcon_core.shell:Skip shell extension 'powershell' for command environment: Not usable outside of PowerShell
[0.320s] DEBUG:colcon.colcon_core.shell:Skip shell extension 'dsv' for command environment
[0.324s] INFO:colcon.colcon_ros.task.ament_cmake.build:Building ROS package in '/home/abanoub/delivery_bot_ws/src/delivery_bot_description' with build type 'ament_cmake'
[0.324s] INFO:colcon.colcon_cmake.task.cmake.build:Building CMake package in '/home/abanoub/delivery_bot_ws/src/delivery_bot_description'
[0.324s] INFO:colcon.colcon_core.shell:Skip shell extension 'powershell' for command environment: Not usable outside of PowerShell
[0.324s] DEBUG:colcon.colcon_core.shell:Skip shell extension 'dsv' for command environment
[0.329s] INFO:colcon.colcon_ros.task.ament_cmake.build:Building ROS package in '/home/abanoub/delivery_bot_ws/src/delivery_bot_nav' with build type 'ament_cmake'
[0.330s] INFO:colcon.colcon_cmake.task.cmake.build:Building CMake package in '/home/abanoub/delivery_bot_ws/src/delivery_bot_nav'
[0.330s] INFO:colcon.colcon_core.shell:Skip shell extension 'powershell' for command environment: Not usable outside of PowerShell
[0.330s] DEBUG:colcon.colcon_core.shell:Skip shell extension 'dsv' for command environment
[0.334s] INFO:colcon.colcon_ros.task.ament_cmake.build:Building ROS package in '/home/abanoub/delivery_bot_ws/src/delivery_bot_slam' with build type 'ament_cmake'
[0.335s] INFO:colcon.colcon_cmake.task.cmake.build:Building CMake package in '/home/abanoub/delivery_bot_ws/src/delivery_bot_slam'
[0.335s] INFO:colcon.colcon_core.shell:Skip shell extension 'powershell' for command environment: Not usable outside of PowerShell
[0.335s] DEBUG:colcon.colcon_core.shell:Skip shell extension 'dsv' for command environment
[0.346s] DEBUG:colcon.colcon_core.event_handler.log_command:Invoking command in '/home/abanoub/delivery_bot_ws/build/delivery_bot_control': CMAKE_PREFIX_PATH=${CMAKE_PREFIX_PATH}:/home/abanoub/delivery_bot_ws/install/twist_to_stamped:/opt/ros/jazzy DEBUGINFOD_URLS=https://debuginfod.ubuntu.com /usr/bin/cmake --build /home/abanoub/delivery_bot_ws/build/delivery_bot_control -- -j20 -l20
[0.351s] DEBUG:colcon.colcon_core.event_handler.log_command:Invoking command in '/home/abanoub/delivery_bot_ws/build/delivery_bot_description': CMAKE_PREFIX_PATH=${CMAKE_PREFIX_PATH}:/home/abanoub/delivery_bot_ws/install/twist_to_stamped:/opt/ros/jazzy DEBUGINFOD_URLS=https://debuginfod.ubuntu.com /usr/bin/cmake --build /home/abanoub/delivery_bot_ws/build/delivery_bot_description -- -j20 -l20
[0.357s] DEBUG:colcon.colcon_core.event_handler.log_command:Invoking command in '/home/abanoub/delivery_bot_ws/build/delivery_bot_nav': CMAKE_PREFIX_PATH=${CMAKE_PREFIX_PATH}:/home/abanoub/delivery_bot_ws/install/twist_to_stamped:/opt/ros/jazzy DEBUGINFOD_URLS=https://debuginfod.ubuntu.com /usr/bin/cmake --build /home/abanoub/delivery_bot_ws/build/delivery_bot_nav -- -j20 -l20
[0.370s] DEBUG:colcon.colcon_core.event_handler.log_command:Invoking command in '/home/abanoub/delivery_bot_ws/build/delivery_bot_slam': CMAKE_PREFIX_PATH=${CMAKE_PREFIX_PATH}:/home/abanoub/delivery_bot_ws/install/twist_to_stamped:/opt/ros/jazzy DEBUGINFOD_URLS=https://debuginfod.ubuntu.com /usr/bin/cmake --build /home/abanoub/delivery_bot_ws/build/delivery_bot_slam -- -j20 -l20
[0.411s] DEBUG:colcon.colcon_core.event_handler.log_command:Invoked command in '/home/abanoub/delivery_bot_ws/build/delivery_bot_description' returned '0': CMAKE_PREFIX_PATH=${CMAKE_PREFIX_PATH}:/home/abanoub/delivery_bot_ws/install/twist_to_stamped:/opt/ros/jazzy DEBUGINFOD_URLS=https://debuginfod.ubuntu.com /usr/bin/cmake --build /home/abanoub/delivery_bot_ws/build/delivery_bot_description -- -j20 -l20
[0.424s] DEBUG:colcon.colcon_core.event_handler.log_command:Invoking command in '/home/abanoub/delivery_bot_ws/build/delivery_bot_description': CMAKE_PREFIX_PATH=${CMAKE_PREFIX_PATH}:/home/abanoub/delivery_bot_ws/install/twist_to_stamped:/opt/ros/jazzy DEBUGINFOD_URLS=https://debuginfod.ubuntu.com /usr/bin/cmake --install /home/abanoub/delivery_bot_ws/build/delivery_bot_description
[0.426s] DEBUG:colcon.colcon_core.event_handler.log_command:Invoked command in '/home/abanoub/delivery_bot_ws/build/delivery_bot_nav' returned '0': CMAKE_PREFIX_PATH=${CMAKE_PREFIX_PATH}:/home/abanoub/delivery_bot_ws/install/twist_to_stamped:/opt/ros/jazzy DEBUGINFOD_URLS=https://debuginfod.ubuntu.com /usr/bin/cmake --build /home/abanoub/delivery_bot_ws/build/delivery_bot_nav -- -j20 -l20
[0.428s] DEBUG:colcon.colcon_core.event_handler.log_command:Invoking command in '/home/abanoub/delivery_bot_ws/build/delivery_bot_nav': CMAKE_PREFIX_PATH=${CMAKE_PREFIX_PATH}:/home/abanoub/delivery_bot_ws/install/twist_to_stamped:/opt/ros/jazzy DEBUGINFOD_URLS=https://debuginfod.ubuntu.com /usr/bin/cmake --install /home/abanoub/delivery_bot_ws/build/delivery_bot_nav
[0.448s] Level 1:colcon.colcon_core.environment:create_environment_scripts_only(delivery_bot_description)
[0.459s] DEBUG:colcon.colcon_core.event_handler.log_command:Invoked command in '/home/abanoub/delivery_bot_ws/build/delivery_bot_slam' returned '0': CMAKE_PREFIX_PATH=${CMAKE_PREFIX_PATH}:/home/abanoub/delivery_bot_ws/install/twist_to_stamped:/opt/ros/jazzy DEBUGINFOD_URLS=https://debuginfod.ubuntu.com /usr/bin/cmake --build /home/abanoub/delivery_bot_ws/build/delivery_bot_slam -- -j20 -l20
[0.460s] DEBUG:colcon.colcon_core.event_handler.log_command:Invoking command in '/home/abanoub/delivery_bot_ws/build/delivery_bot_slam': CMAKE_PREFIX_PATH=${CMAKE_PREFIX_PATH}:/home/abanoub/delivery_bot_ws/install/twist_to_stamped:/opt/ros/jazzy DEBUGINFOD_URLS=https://debuginfod.ubuntu.com /usr/bin/cmake --install /home/abanoub/delivery_bot_ws/build/delivery_bot_slam
[0.463s] DEBUG:colcon.colcon_core.event_handler.log_command:Invoked command in '/home/abanoub/delivery_bot_ws/build/delivery_bot_description' returned '0': CMAKE_PREFIX_PATH=${CMAKE_PREFIX_PATH}:/home/abanoub/delivery_bot_ws/install/twist_to_stamped:/opt/ros/jazzy DEBUGINFOD_URLS=https://debuginfod.ubuntu.com /usr/bin/cmake --install /home/abanoub/delivery_bot_ws/build/delivery_bot_description
[0.464s] Level 1:colcon.colcon_core.environment:checking '/home/abanoub/delivery_bot_ws/install/delivery_bot_description' for CMake module files
[0.466s] Level 1:colcon.colcon_core.environment:checking '/home/abanoub/delivery_bot_ws/install/delivery_bot_description' for CMake config files
[0.467s] Level 1:colcon.colcon_core.shell:create_environment_hook('delivery_bot_description', 'cmake_prefix_path')
[0.468s] INFO:colcon.colcon_core.shell:Creating environment hook '/home/abanoub/delivery_bot_ws/install/delivery_bot_description/share/delivery_bot_description/hook/cmake_prefix_path.ps1'
[0.468s] INFO:colcon.colcon_core.shell:Creating environment descriptor '/home/abanoub/delivery_bot_ws/install/delivery_bot_description/share/delivery_bot_description/hook/cmake_prefix_path.dsv'
[0.469s] INFO:colcon.colcon_core.shell:Creating environment hook '/home/abanoub/delivery_bot_ws/install/delivery_bot_description/share/delivery_bot_description/hook/cmake_prefix_path.sh'
[0.470s] Level 1:colcon.colcon_core.environment:checking '/home/abanoub/delivery_bot_ws/install/delivery_bot_description/bin'
[0.471s] Level 1:colcon.colcon_core.environment:checking '/home/abanoub/delivery_bot_ws/install/delivery_bot_description/lib/pkgconfig/delivery_bot_description.pc'
[0.471s] Level 1:colcon.colcon_core.environment:checking '/home/abanoub/delivery_bot_ws/install/delivery_bot_description/lib/python3.12/site-packages'
[0.471s] Level 1:colcon.colcon_core.environment:checking '/home/abanoub/delivery_bot_ws/install/delivery_bot_description/bin'
[0.472s] INFO:colcon.colcon_core.shell:Creating package script '/home/abanoub/delivery_bot_ws/install/delivery_bot_description/share/delivery_bot_description/package.ps1'
[0.473s] INFO:colcon.colcon_core.shell:Creating package descriptor '/home/abanoub/delivery_bot_ws/install/delivery_bot_description/share/delivery_bot_description/package.dsv'
[0.474s] INFO:colcon.colcon_core.shell:Creating package script '/home/abanoub/delivery_bot_ws/install/delivery_bot_description/share/delivery_bot_description/package.sh'
[0.475s] INFO:colcon.colcon_core.shell:Creating package script '/home/abanoub/delivery_bot_ws/install/delivery_bot_description/share/delivery_bot_description/package.bash'
[0.476s] INFO:colcon.colcon_core.shell:Creating package script '/home/abanoub/delivery_bot_ws/install/delivery_bot_description/share/delivery_bot_description/package.zsh'
[0.477s] Level 1:colcon.colcon_core.environment:create_file_with_runtime_dependencies(/home/abanoub/delivery_bot_ws/install/delivery_bot_description/share/colcon-core/packages/delivery_bot_description)
[0.478s] Level 1:colcon.colcon_core.environment:create_environment_scripts_only(delivery_bot_description)
[0.478s] Level 1:colcon.colcon_core.environment:checking '/home/abanoub/delivery_bot_ws/install/delivery_bot_description' for CMake module files
[0.479s] Level 1:colcon.colcon_core.environment:checking '/home/abanoub/delivery_bot_ws/install/delivery_bot_description' for CMake config files
[0.480s] Level 1:colcon.colcon_core.shell:create_environment_hook('delivery_bot_description', 'cmake_prefix_path')
[0.480s] INFO:colcon.colcon_core.shell:Creating environment hook '/home/abanoub/delivery_bot_ws/install/delivery_bot_description/share/delivery_bot_description/hook/cmake_prefix_path.ps1'
[0.481s] INFO:colcon.colcon_core.shell:Creating environment descriptor '/home/abanoub/delivery_bot_ws/install/delivery_bot_description/share/delivery_bot_description/hook/cmake_prefix_path.dsv'
[0.481s] INFO:colcon.colcon_core.shell:Creating environment hook '/home/abanoub/delivery_bot_ws/install/delivery_bot_description/share/delivery_bot_description/hook/cmake_prefix_path.sh'
[0.482s] Level 1:colcon.colcon_core.environment:checking '/home/abanoub/delivery_bot_ws/install/delivery_bot_description/bin'
[0.482s] Level 1:colcon.colcon_core.environment:checking '/home/abanoub/delivery_bot_ws/install/delivery_bot_description/lib/pkgconfig/delivery_bot_description.pc'
[0.483s] Level 1:colcon.colcon_core.environment:checking '/home/abanoub/delivery_bot_ws/install/delivery_bot_description/lib/python3.12/site-packages'
[0.483s] Level 1:colcon.colcon_core.environment:checking '/home/abanoub/delivery_bot_ws/install/delivery_bot_description/bin'
[0.483s] INFO:colcon.colcon_core.shell:Creating package script '/home/abanoub/delivery_bot_ws/install/delivery_bot_description/share/delivery_bot_description/package.ps1'
[0.484s] INFO:colcon.colcon_core.shell:Creating package descriptor '/home/abanoub/delivery_bot_ws/install/delivery_bot_description/share/delivery_bot_description/package.dsv'
[0.485s] INFO:colcon.colcon_core.shell:Creating package script '/home/abanoub/delivery_bot_ws/install/delivery_bot_description/share/delivery_bot_description/package.sh'
[0.485s] INFO:colcon.colcon_core.shell:Creating package script '/home/abanoub/delivery_bot_ws/install/delivery_bot_description/share/delivery_bot_description/package.bash'
[0.486s] INFO:colcon.colcon_core.shell:Creating package script '/home/abanoub/delivery_bot_ws/install/delivery_bot_description/share/delivery_bot_description/package.zsh'
[0.487s] Level 1:colcon.colcon_core.environment:create_file_with_runtime_dependencies(/home/abanoub/delivery_bot_ws/install/delivery_bot_description/share/colcon-core/packages/delivery_bot_description)
[0.489s] DEBUG:colcon.colcon_core.event_handler.log_command:Invoked command in '/home/abanoub/delivery_bot_ws/build/delivery_bot_control' returned '0': CMAKE_PREFIX_PATH=${CMAKE_PREFIX_PATH}:/home/abanoub/delivery_bot_ws/install/twist_to_stamped:/opt/ros/jazzy DEBUGINFOD_URLS=https://debuginfod.ubuntu.com /usr/bin/cmake --build /home/abanoub/delivery_bot_ws/build/delivery_bot_control -- -j20 -l20
[0.491s] DEBUG:colcon.colcon_core.event_handler.log_command:Invoking command in '/home/abanoub/delivery_bot_ws/build/delivery_bot_control': CMAKE_PREFIX_PATH=${CMAKE_PREFIX_PATH}:/home/abanoub/delivery_bot_ws/install/twist_to_stamped:/opt/ros/jazzy DEBUGINFOD_URLS=https://debuginfod.ubuntu.com /usr/bin/cmake --install /home/abanoub/delivery_bot_ws/build/delivery_bot_control
[0.491s] Level 1:colcon.colcon_core.environment:create_environment_scripts_only(delivery_bot_slam)
[0.491s] Level 1:colcon.colcon_core.environment:checking '/home/abanoub/delivery_bot_ws/install/delivery_bot_slam' for CMake module files
[0.492s] DEBUG:colcon.colcon_core.event_handler.log_command:Invoked command in '/home/abanoub/delivery_bot_ws/build/delivery_bot_slam' returned '0': CMAKE_PREFIX_PATH=${CMAKE_PREFIX_PATH}:/home/abanoub/delivery_bot_ws/install/twist_to_stamped:/opt/ros/jazzy DEBUGINFOD_URLS=https://debuginfod.ubuntu.com /usr/bin/cmake --install /home/abanoub/delivery_bot_ws/build/delivery_bot_slam
[0.492s] Level 1:colcon.colcon_core.environment:checking '/home/abanoub/delivery_bot_ws/install/delivery_bot_slam' for CMake config files
[0.493s] Level 1:colcon.colcon_core.shell:create_environment_hook('delivery_bot_slam', 'cmake_prefix_path')
[0.493s] INFO:colcon.colcon_core.shell:Creating environment hook '/home/abanoub/delivery_bot_ws/install/delivery_bot_slam/share/delivery_bot_slam/hook/cmake_prefix_path.ps1'
[0.494s] INFO:colcon.colcon_core.shell:Creating environment descriptor '/home/abanoub/delivery_bot_ws/install/delivery_bot_slam/share/delivery_bot_slam/hook/cmake_prefix_path.dsv'
[0.495s] INFO:colcon.colcon_core.shell:Creating environment hook '/home/abanoub/delivery_bot_ws/install/delivery_bot_slam/share/delivery_bot_slam/hook/cmake_prefix_path.sh'
[0.497s] Level 1:colcon.colcon_core.environment:checking '/home/abanoub/delivery_bot_ws/install/delivery_bot_slam/bin'
[0.497s] Level 1:colcon.colcon_core.environment:checking '/home/abanoub/delivery_bot_ws/install/delivery_bot_slam/lib/pkgconfig/delivery_bot_slam.pc'
[0.497s] Level 1:colcon.colcon_core.environment:checking '/home/abanoub/delivery_bot_ws/install/delivery_bot_slam/lib/python3.12/site-packages'
[0.497s] Level 1:colcon.colcon_core.environment:checking '/home/abanoub/delivery_bot_ws/install/delivery_bot_slam/bin'
[0.498s] INFO:colcon.colcon_core.shell:Creating package script '/home/abanoub/delivery_bot_ws/install/delivery_bot_slam/share/delivery_bot_slam/package.ps1'
[0.499s] INFO:colcon.colcon_core.shell:Creating package descriptor '/home/abanoub/delivery_bot_ws/install/delivery_bot_slam/share/delivery_bot_slam/package.dsv'
[0.499s] INFO:colcon.colcon_core.shell:Creating package script '/home/abanoub/delivery_bot_ws/install/delivery_bot_slam/share/delivery_bot_slam/package.sh'
[0.500s] INFO:colcon.colcon_core.shell:Creating package script '/home/abanoub/delivery_bot_ws/install/delivery_bot_slam/share/delivery_bot_slam/package.bash'
[0.500s] INFO:colcon.colcon_core.shell:Creating package script '/home/abanoub/delivery_bot_ws/install/delivery_bot_slam/share/delivery_bot_slam/package.zsh'
[0.501s] Level 1:colcon.colcon_core.environment:create_file_with_runtime_dependencies(/home/abanoub/delivery_bot_ws/install/delivery_bot_slam/share/colcon-core/packages/delivery_bot_slam)
[0.501s] Level 1:colcon.colcon_core.environment:create_environment_scripts_only(delivery_bot_slam)
[0.501s] Level 1:colcon.colcon_core.environment:checking '/home/abanoub/delivery_bot_ws/install/delivery_bot_slam' for CMake module files
[0.502s] Level 1:colcon.colcon_core.environment:checking '/home/abanoub/delivery_bot_ws/install/delivery_bot_slam' for CMake config files
[0.502s] Level 1:colcon.colcon_core.shell:create_environment_hook('delivery_bot_slam', 'cmake_prefix_path')
[0.502s] INFO:colcon.colcon_core.shell:Creating environment hook '/home/abanoub/delivery_bot_ws/install/delivery_bot_slam/share/delivery_bot_slam/hook/cmake_prefix_path.ps1'
[0.503s] INFO:colcon.colcon_core.shell:Creating environment descriptor '/home/abanoub/delivery_bot_ws/install/delivery_bot_slam/share/delivery_bot_slam/hook/cmake_prefix_path.dsv'
[0.503s] INFO:colcon.colcon_core.shell:Creating environment hook '/home/abanoub/delivery_bot_ws/install/delivery_bot_slam/share/delivery_bot_slam/hook/cmake_prefix_path.sh'
[0.504s] Level 1:colcon.colcon_core.environment:checking '/home/abanoub/delivery_bot_ws/install/delivery_bot_slam/bin'
[0.504s] Level 1:colcon.colcon_core.environment:checking '/home/abanoub/delivery_bot_ws/install/delivery_bot_slam/lib/pkgconfig/delivery_bot_slam.pc'
[0.504s] Level 1:colcon.colcon_core.environment:checking '/home/abanoub/delivery_bot_ws/install/delivery_bot_slam/lib/python3.12/site-packages'
[0.505s] Level 1:colcon.colcon_core.environment:checking '/home/abanoub/delivery_bot_ws/install/delivery_bot_slam/bin'
[0.505s] INFO:colcon.colcon_core.shell:Creating package script '/home/abanoub/delivery_bot_ws/install/delivery_bot_slam/share/delivery_bot_slam/package.ps1'
[0.509s] INFO:colcon.colcon_core.shell:Creating package descriptor '/home/abanoub/delivery_bot_ws/install/delivery_bot_slam/share/delivery_bot_slam/package.dsv'
[0.510s] INFO:colcon.colcon_core.shell:Creating package script '/home/abanoub/delivery_bot_ws/install/delivery_bot_slam/share/delivery_bot_slam/package.sh'
[0.511s] INFO:colcon.colcon_core.shell:Creating package script '/home/abanoub/delivery_bot_ws/install/delivery_bot_slam/share/delivery_bot_slam/package.bash'
[0.511s] INFO:colcon.colcon_core.shell:Creating package script '/home/abanoub/delivery_bot_ws/install/delivery_bot_slam/share/delivery_bot_slam/package.zsh'
[0.511s] Level 1:colcon.colcon_core.environment:create_file_with_runtime_dependencies(/home/abanoub/delivery_bot_ws/install/delivery_bot_slam/share/colcon-core/packages/delivery_bot_slam)
[0.512s] Level 1:colcon.colcon_core.environment:create_environment_scripts_only(delivery_bot_nav)
[0.513s] Level 1:colcon.colcon_core.environment:checking '/home/abanoub/delivery_bot_ws/install/delivery_bot_nav' for CMake module files
[0.514s] Level 1:colcon.colcon_core.environment:checking '/home/abanoub/delivery_bot_ws/install/delivery_bot_nav' for CMake config files
[0.514s] DEBUG:colcon.colcon_core.event_handler.log_command:Invoked command in '/home/abanoub/delivery_bot_ws/build/delivery_bot_nav' returned '0': CMAKE_PREFIX_PATH=${CMAKE_PREFIX_PATH}:/home/abanoub/delivery_bot_ws/install/twist_to_stamped:/opt/ros/jazzy DEBUGINFOD_URLS=https://debuginfod.ubuntu.com /usr/bin/cmake --install /home/abanoub/delivery_bot_ws/build/delivery_bot_nav
[0.517s] Level 1:colcon.colcon_core.shell:create_environment_hook('delivery_bot_nav', 'cmake_prefix_path')
[0.518s] INFO:colcon.colcon_core.shell:Creating environment hook '/home/abanoub/delivery_bot_ws/install/delivery_bot_nav/share/delivery_bot_nav/hook/cmake_prefix_path.ps1'
[0.518s] INFO:colcon.colcon_core.shell:Creating environment descriptor '/home/abanoub/delivery_bot_ws/install/delivery_bot_nav/share/delivery_bot_nav/hook/cmake_prefix_path.dsv'
[0.519s] INFO:colcon.colcon_core.shell:Creating environment hook '/home/abanoub/delivery_bot_ws/install/delivery_bot_nav/share/delivery_bot_nav/hook/cmake_prefix_path.sh'
[0.519s] Level 1:colcon.colcon_core.environment:checking '/home/abanoub/delivery_bot_ws/install/delivery_bot_nav/bin'
[0.519s] Level 1:colcon.colcon_core.environment:checking '/home/abanoub/delivery_bot_ws/install/delivery_bot_nav/lib/pkgconfig/delivery_bot_nav.pc'
[0.520s] Level 1:colcon.colcon_core.environment:checking '/home/abanoub/delivery_bot_ws/install/delivery_bot_nav/lib/python3.12/site-packages'
[0.520s] Level 1:colcon.colcon_core.environment:checking '/home/abanoub/delivery_bot_ws/install/delivery_bot_nav/bin'
[0.520s] INFO:colcon.colcon_core.shell:Creating package script '/home/abanoub/delivery_bot_ws/install/delivery_bot_nav/share/delivery_bot_nav/package.ps1'
[0.521s] INFO:colcon.colcon_core.shell:Creating package descriptor '/home/abanoub/delivery_bot_ws/install/delivery_bot_nav/share/delivery_bot_nav/package.dsv'
[0.521s] INFO:colcon.colcon_core.shell:Creating package script '/home/abanoub/delivery_bot_ws/install/delivery_bot_nav/share/delivery_bot_nav/package.sh'
[0.522s] INFO:colcon.colcon_core.shell:Creating package script '/home/abanoub/delivery_bot_ws/install/delivery_bot_nav/share/delivery_bot_nav/package.bash'
[0.522s] INFO:colcon.colcon_core.shell:Creating package script '/home/abanoub/delivery_bot_ws/install/delivery_bot_nav/share/delivery_bot_nav/package.zsh'
[0.523s] Level 1:colcon.colcon_core.environment:create_file_with_runtime_dependencies(/home/abanoub/delivery_bot_ws/install/delivery_bot_nav/share/colcon-core/packages/delivery_bot_nav)
[0.524s] Level 1:colcon.colcon_core.environment:create_environment_scripts_only(delivery_bot_nav)
[0.524s] Level 1:colcon.colcon_core.environment:checking '/home/abanoub/delivery_bot_ws/install/delivery_bot_nav' for CMake module files
[0.524s] Level 1:colcon.colcon_core.environment:checking '/home/abanoub/delivery_bot_ws/install/delivery_bot_nav' for CMake config files
[0.525s] Level 1:colcon.colcon_core.shell:create_environment_hook('delivery_bot_nav', 'cmake_prefix_path')
[0.526s] INFO:colcon.colcon_core.shell:Creating environment hook '/home/abanoub/delivery_bot_ws/install/delivery_bot_nav/share/delivery_bot_nav/hook/cmake_prefix_path.ps1'
[0.529s] INFO:colcon.colcon_core.shell:Creating environment descriptor '/home/abanoub/delivery_bot_ws/install/delivery_bot_nav/share/delivery_bot_nav/hook/cmake_prefix_path.dsv'
[0.530s] INFO:colcon.colcon_core.shell:Creating environment hook '/home/abanoub/delivery_bot_ws/install/delivery_bot_nav/share/delivery_bot_nav/hook/cmake_prefix_path.sh'
[0.530s] Level 1:colcon.colcon_core.environment:checking '/home/abanoub/delivery_bot_ws/install/delivery_bot_nav/bin'
[0.531s] Level 1:colcon.colcon_core.environment:checking '/home/abanoub/delivery_bot_ws/install/delivery_bot_nav/lib/pkgconfig/delivery_bot_nav.pc'
[0.531s] Level 1:colcon.colcon_core.environment:checking '/home/abanoub/delivery_bot_ws/install/delivery_bot_nav/lib/python3.12/site-packages'
[0.531s] Level 1:colcon.colcon_core.environment:checking '/home/abanoub/delivery_bot_ws/install/delivery_bot_nav/bin'
[0.531s] INFO:colcon.colcon_core.shell:Creating package script '/home/abanoub/delivery_bot_ws/install/delivery_bot_nav/share/delivery_bot_nav/package.ps1'
[0.532s] INFO:colcon.colcon_core.shell:Creating package descriptor '/home/abanoub/delivery_bot_ws/install/delivery_bot_nav/share/delivery_bot_nav/package.dsv'
[0.533s] INFO:colcon.colcon_core.shell:Creating package script '/home/abanoub/delivery_bot_ws/install/delivery_bot_nav/share/delivery_bot_nav/package.sh'
[0.533s] INFO:colcon.colcon_core.shell:Creating package script '/home/abanoub/delivery_bot_ws/install/delivery_bot_nav/share/delivery_bot_nav/package.bash'
[0.534s] INFO:colcon.colcon_core.shell:Creating package script '/home/abanoub/delivery_bot_ws/install/delivery_bot_nav/share/delivery_bot_nav/package.zsh'
[0.534s] Level 1:colcon.colcon_core.environment:create_file_with_runtime_dependencies(/home/abanoub/delivery_bot_ws/install/delivery_bot_nav/share/colcon-core/packages/delivery_bot_nav)
[0.535s] Level 1:colcon.colcon_core.environment:create_environment_scripts_only(delivery_bot_control)
[0.535s] Level 1:colcon.colcon_core.environment:checking '/home/abanoub/delivery_bot_ws/install/delivery_bot_control' for CMake module files
[0.536s] DEBUG:colcon.colcon_core.event_handler.log_command:Invoked command in '/home/abanoub/delivery_bot_ws/build/delivery_bot_control' returned '0': CMAKE_PREFIX_PATH=${CMAKE_PREFIX_PATH}:/home/abanoub/delivery_bot_ws/install/twist_to_stamped:/opt/ros/jazzy DEBUGINFOD_URLS=https://debuginfod.ubuntu.com /usr/bin/cmake --install /home/abanoub/delivery_bot_ws/build/delivery_bot_control
[0.537s] Level 1:colcon.colcon_core.environment:checking '/home/abanoub/delivery_bot_ws/install/delivery_bot_control' for CMake config files
[0.537s] Level 1:colcon.colcon_core.shell:create_environment_hook('delivery_bot_control', 'cmake_prefix_path')
[0.537s] INFO:colcon.colcon_core.shell:Creating environment hook '/home/abanoub/delivery_bot_ws/install/delivery_bot_control/share/delivery_bot_control/hook/cmake_prefix_path.ps1'
[0.538s] INFO:colcon.colcon_core.shell:Creating environment descriptor '/home/abanoub/delivery_bot_ws/install/delivery_bot_control/share/delivery_bot_control/hook/cmake_prefix_path.dsv'
[0.538s] INFO:colcon.colcon_core.shell:Creating environment hook '/home/abanoub/delivery_bot_ws/install/delivery_bot_control/share/delivery_bot_control/hook/cmake_prefix_path.sh'
[0.539s] Level 1:colcon.colcon_core.environment:checking '/home/abanoub/delivery_bot_ws/install/delivery_bot_control/lib'
[0.539s] Level 1:colcon.colcon_core.environment:checking '/home/abanoub/delivery_bot_ws/install/delivery_bot_control/bin'
[0.539s] Level 1:colcon.colcon_core.environment:checking '/home/abanoub/delivery_bot_ws/install/delivery_bot_control/lib/pkgconfig/delivery_bot_control.pc'
[0.539s] Level 1:colcon.colcon_core.environment:checking '/home/abanoub/delivery_bot_ws/install/delivery_bot_control/lib/python3.12/site-packages'
[0.539s] Level 1:colcon.colcon_core.environment:checking '/home/abanoub/delivery_bot_ws/install/delivery_bot_control/bin'
[0.540s] INFO:colcon.colcon_core.shell:Creating package script '/home/abanoub/delivery_bot_ws/install/delivery_bot_control/share/delivery_bot_control/package.ps1'
[0.541s] INFO:colcon.colcon_core.shell:Creating package descriptor '/home/abanoub/delivery_bot_ws/install/delivery_bot_control/share/delivery_bot_control/package.dsv'
[0.545s] INFO:colcon.colcon_core.shell:Creating package script '/home/abanoub/delivery_bot_ws/install/delivery_bot_control/share/delivery_bot_control/package.sh'
[0.546s] INFO:colcon.colcon_core.shell:Creating package script '/home/abanoub/delivery_bot_ws/install/delivery_bot_control/share/delivery_bot_control/package.bash'
[0.547s] INFO:colcon.colcon_core.shell:Creating package script '/home/abanoub/delivery_bot_ws/install/delivery_bot_control/share/delivery_bot_control/package.zsh'
[0.548s] Level 1:colcon.colcon_core.environment:create_file_with_runtime_dependencies(/home/abanoub/delivery_bot_ws/install/delivery_bot_control/share/colcon-core/packages/delivery_bot_control)
[0.549s] Level 1:colcon.colcon_core.environment:create_environment_scripts_only(delivery_bot_control)
[0.549s] Level 1:colcon.colcon_core.environment:checking '/home/abanoub/delivery_bot_ws/install/delivery_bot_control' for CMake module files
[0.550s] Level 1:colcon.colcon_core.environment:checking '/home/abanoub/delivery_bot_ws/install/delivery_bot_control' for CMake config files
[0.550s] Level 1:colcon.colcon_core.shell:create_environment_hook('delivery_bot_control', 'cmake_prefix_path')
[0.551s] INFO:colcon.colcon_core.shell:Creating environment hook '/home/abanoub/delivery_bot_ws/install/delivery_bot_control/share/delivery_bot_control/hook/cmake_prefix_path.ps1'
[0.551s] INFO:colcon.colcon_core.shell:Creating environment descriptor '/home/abanoub/delivery_bot_ws/install/delivery_bot_control/share/delivery_bot_control/hook/cmake_prefix_path.dsv'
[0.552s] INFO:colcon.colcon_core.shell:Creating environment hook '/home/abanoub/delivery_bot_ws/install/delivery_bot_control/share/delivery_bot_control/hook/cmake_prefix_path.sh'
[0.553s] Level 1:colcon.colcon_core.environment:checking '/home/abanoub/delivery_bot_ws/install/delivery_bot_control/lib'
[0.553s] Level 1:colcon.colcon_core.environment:checking '/home/abanoub/delivery_bot_ws/install/delivery_bot_control/bin'
[0.553s] Level 1:colcon.colcon_core.environment:checking '/home/abanoub/delivery_bot_ws/install/delivery_bot_control/lib/pkgconfig/delivery_bot_control.pc'
[0.554s] Level 1:colcon.colcon_core.environment:checking '/home/abanoub/delivery_bot_ws/install/delivery_bot_control/lib/python3.12/site-packages'
[0.554s] Level 1:colcon.colcon_core.environment:checking '/home/abanoub/delivery_bot_ws/install/delivery_bot_control/bin'
[0.554s] INFO:colcon.colcon_core.shell:Creating package script '/home/abanoub/delivery_bot_ws/install/delivery_bot_control/share/delivery_bot_control/package.ps1'
[0.555s] INFO:colcon.colcon_core.shell:Creating package descriptor '/home/abanoub/delivery_bot_ws/install/delivery_bot_control/share/delivery_bot_control/package.dsv'
[0.555s] INFO:colcon.colcon_core.shell:Creating package script '/home/abanoub/delivery_bot_ws/install/delivery_bot_control/share/delivery_bot_control/package.sh'
[0.557s] INFO:colcon.colcon_core.shell:Creating package script '/home/abanoub/delivery_bot_ws/install/delivery_bot_control/share/delivery_bot_control/package.bash'
[0.558s] INFO:colcon.colcon_core.shell:Creating package script '/home/abanoub/delivery_bot_ws/install/delivery_bot_control/share/delivery_bot_control/package.zsh'
[0.558s] Level 1:colcon.colcon_core.environment:create_file_with_runtime_dependencies(/home/abanoub/delivery_bot_ws/install/delivery_bot_control/share/colcon-core/packages/delivery_bot_control)
[0.559s] DEBUG:colcon.colcon_parallel_executor.executor.parallel:closing loop
[0.559s] DEBUG:colcon.colcon_parallel_executor.executor.parallel:loop closed
[0.559s] DEBUG:colcon.colcon_parallel_executor.executor.parallel:run_until_complete finished with '0'
[0.560s] DEBUG:colcon.colcon_core.event_reactor:joining thread
[0.567s] INFO:colcon.colcon_core.plugin_system:Skipping extension 'colcon_notification.desktop_notification.terminal_notifier': Not used on non-Darwin systems
[0.567s] INFO:colcon.colcon_core.plugin_system:Skipping extension 'colcon_notification.desktop_notification.win32': Not used on non-Windows systems
[0.567s] INFO:colcon.colcon_notification.desktop_notification:Sending desktop notification using 'notify2'
[0.587s] DEBUG:colcon.colcon_core.event_reactor:joined thread
[0.587s] INFO:colcon.colcon_core.shell:Creating prefix script '/home/abanoub/delivery_bot_ws/install/local_setup.ps1'
[0.588s] INFO:colcon.colcon_core.shell:Creating prefix util module '/home/abanoub/delivery_bot_ws/install/_local_setup_util_ps1.py'
[0.589s] INFO:colcon.colcon_core.shell:Creating prefix chain script '/home/abanoub/delivery_bot_ws/install/setup.ps1'
[0.590s] INFO:colcon.colcon_core.shell:Creating prefix script '/home/abanoub/delivery_bot_ws/install/local_setup.sh'
[0.590s] INFO:colcon.colcon_core.shell:Creating prefix util module '/home/abanoub/delivery_bot_ws/install/_local_setup_util_sh.py'
[0.591s] INFO:colcon.colcon_core.shell:Creating prefix chain script '/home/abanoub/delivery_bot_ws/install/setup.sh'
[0.592s] INFO:colcon.colcon_core.shell:Creating prefix script '/home/abanoub/delivery_bot_ws/install/local_setup.bash'
[0.592s] INFO:colcon.colcon_core.shell:Creating prefix chain script '/home/abanoub/delivery_bot_ws/install/setup.bash'
[0.612s] INFO:colcon.colcon_core.shell:Creating prefix script '/home/abanoub/delivery_bot_ws/install/local_setup.zsh'
[0.612s] INFO:colcon.colcon_core.shell:Creating prefix chain script '/home/abanoub/delivery_bot_ws/install/setup.zsh'
