[0.023s] Invoking command in '/home/abanoub/delivery_bot_ws/build/my_robot_description': CMAKE_PREFIX_PATH=${CMAKE_PREFIX_PATH}:/opt/ros/humble /usr/bin/cmake --build /home/abanoub/delivery_bot_ws/build/my_robot_description -- -j20 -l20
[0.387s] -- Found ament_cmake: 1.3.12 (/opt/ros/humble/share/ament_cmake/cmake)
[0.857s] -- Override CMake install command with custom implementation using symlinks instead of copying resources
[1.078s] -- Configuring done
[1.142s] -- Generating done
[1.144s] -- Build files have been written to: /home/abanoub/delivery_bot_ws/build/my_robot_description
[1.171s] Invoked command in '/home/abanoub/delivery_bot_ws/build/my_robot_description' returned '0': CMAKE_PREFIX_PATH=${CMAKE_PREFIX_PATH}:/opt/ros/humble /usr/bin/cmake --build /home/abanoub/delivery_bot_ws/build/my_robot_description -- -j20 -l20
[1.172s] Invoking command in '/home/abanoub/delivery_bot_ws/build/my_robot_description': CMAKE_PREFIX_PATH=${CMAKE_PREFIX_PATH}:/opt/ros/humble /usr/bin/cmake --install /home/abanoub/delivery_bot_ws/build/my_robot_description
[1.181s] -- Install configuration: ""
[1.182s] -- Execute custom install script
[1.183s] -- Up-to-date symlink: /home/abanoub/delivery_bot_ws/install/my_robot_description/share/my_robot_description/models/delivery_bot/meshes/base_link.part
[1.183s] -- Up-to-date symlink: /home/abanoub/delivery_bot_ws/install/my_robot_description/share/my_robot_description/models/delivery_bot/meshes/base_link.stl
[1.183s] -- Up-to-date symlink: /home/abanoub/delivery_bot_ws/install/my_robot_description/share/my_robot_description/models/delivery_bot/meshes/column_support.part
[1.183s] -- Up-to-date symlink: /home/abanoub/delivery_bot_ws/install/my_robot_description/share/my_robot_description/models/delivery_bot/meshes/column_support.stl
[1.184s] -- Up-to-date symlink: /home/abanoub/delivery_bot_ws/install/my_robot_description/share/my_robot_description/models/delivery_bot/meshes/geared_dc_motor_with_encoder___ts_25ga370h.part
[1.184s] -- Up-to-date symlink: /home/abanoub/delivery_bot_ws/install/my_robot_description/share/my_robot_description/models/delivery_bot/meshes/geared_dc_motor_with_encoder___ts_25ga370h.stl
[1.184s] -- Up-to-date symlink: /home/abanoub/delivery_bot_ws/install/my_robot_description/share/my_robot_description/models/delivery_bot/meshes/motor_mount.part
[1.184s] -- Up-to-date symlink: /home/abanoub/delivery_bot_ws/install/my_robot_description/share/my_robot_description/models/delivery_bot/meshes/motor_mount.stl
[1.184s] -- Up-to-date symlink: /home/abanoub/delivery_bot_ws/install/my_robot_description/share/my_robot_description/models/delivery_bot/meshes/part_1.part
[1.185s] -- Up-to-date symlink: /home/abanoub/delivery_bot_ws/install/my_robot_description/share/my_robot_description/models/delivery_bot/meshes/part_1.stl
[1.185s] -- Up-to-date symlink: /home/abanoub/delivery_bot_ws/install/my_robot_description/share/my_robot_description/models/delivery_bot/meshes/part_10.part
[1.185s] -- Up-to-date symlink: /home/abanoub/delivery_bot_ws/install/my_robot_description/share/my_robot_description/models/delivery_bot/meshes/part_10.stl
[1.185s] -- Up-to-date symlink: /home/abanoub/delivery_bot_ws/install/my_robot_description/share/my_robot_description/models/delivery_bot/meshes/part_11.part
[1.186s] -- Up-to-date symlink: /home/abanoub/delivery_bot_ws/install/my_robot_description/share/my_robot_description/models/delivery_bot/meshes/part_11.stl
[1.186s] -- Up-to-date symlink: /home/abanoub/delivery_bot_ws/install/my_robot_description/share/my_robot_description/models/delivery_bot/meshes/part_12.part
[1.186s] -- Up-to-date symlink: /home/abanoub/delivery_bot_ws/install/my_robot_description/share/my_robot_description/models/delivery_bot/meshes/part_12.stl
[1.186s] -- Up-to-date symlink: /home/abanoub/delivery_bot_ws/install/my_robot_description/share/my_robot_description/models/delivery_bot/meshes/part_13.part
[1.186s] -- Up-to-date symlink: /home/abanoub/delivery_bot_ws/install/my_robot_description/share/my_robot_description/models/delivery_bot/meshes/part_13.stl
[1.186s] -- Up-to-date symlink: /home/abanoub/delivery_bot_ws/install/my_robot_description/share/my_robot_description/models/delivery_bot/meshes/part_14.part
[1.187s] -- Up-to-date symlink: /home/abanoub/delivery_bot_ws/install/my_robot_description/share/my_robot_description/models/delivery_bot/meshes/part_14.stl
[1.187s] -- Up-to-date symlink: /home/abanoub/delivery_bot_ws/install/my_robot_description/share/my_robot_description/models/delivery_bot/meshes/part_15.part
[1.187s] -- Up-to-date symlink: /home/abanoub/delivery_bot_ws/install/my_robot_description/share/my_robot_description/models/delivery_bot/meshes/part_15.stl
[1.187s] -- Up-to-date symlink: /home/abanoub/delivery_bot_ws/install/my_robot_description/share/my_robot_description/models/delivery_bot/meshes/part_16.part
[1.187s] -- Up-to-date symlink: /home/abanoub/delivery_bot_ws/install/my_robot_description/share/my_robot_description/models/delivery_bot/meshes/part_16.stl
[1.187s] -- Up-to-date symlink: /home/abanoub/delivery_bot_ws/install/my_robot_description/share/my_robot_description/models/delivery_bot/meshes/part_17.part
[1.187s] -- Up-to-date symlink: /home/abanoub/delivery_bot_ws/install/my_robot_description/share/my_robot_description/models/delivery_bot/meshes/part_17.stl
[1.187s] -- Up-to-date symlink: /home/abanoub/delivery_bot_ws/install/my_robot_description/share/my_robot_description/models/delivery_bot/meshes/part_18.part
[1.187s] -- Up-to-date symlink: /home/abanoub/delivery_bot_ws/install/my_robot_description/share/my_robot_description/models/delivery_bot/meshes/part_18.stl
[1.188s] -- Up-to-date symlink: /home/abanoub/delivery_bot_ws/install/my_robot_description/share/my_robot_description/models/delivery_bot/meshes/part_19.part
[1.188s] -- Up-to-date symlink: /home/abanoub/delivery_bot_ws/install/my_robot_description/share/my_robot_description/models/delivery_bot/meshes/part_19.stl
[1.188s] -- Up-to-date symlink: /home/abanoub/delivery_bot_ws/install/my_robot_description/share/my_robot_description/models/delivery_bot/meshes/part_1__2.part
[1.188s] -- Up-to-date symlink: /home/abanoub/delivery_bot_ws/install/my_robot_description/share/my_robot_description/models/delivery_bot/meshes/part_1__2.stl
[1.188s] -- Up-to-date symlink: /home/abanoub/delivery_bot_ws/install/my_robot_description/share/my_robot_description/models/delivery_bot/meshes/part_2.part
[1.188s] -- Up-to-date symlink: /home/abanoub/delivery_bot_ws/install/my_robot_description/share/my_robot_description/models/delivery_bot/meshes/part_2.stl
[1.188s] -- Up-to-date symlink: /home/abanoub/delivery_bot_ws/install/my_robot_description/share/my_robot_description/models/delivery_bot/meshes/part_20.part
[1.188s] -- Up-to-date symlink: /home/abanoub/delivery_bot_ws/install/my_robot_description/share/my_robot_description/models/delivery_bot/meshes/part_20.stl
[1.188s] -- Up-to-date symlink: /home/abanoub/delivery_bot_ws/install/my_robot_description/share/my_robot_description/models/delivery_bot/meshes/part_3.part
[1.188s] -- Up-to-date symlink: /home/abanoub/delivery_bot_ws/install/my_robot_description/share/my_robot_description/models/delivery_bot/meshes/part_3.stl
[1.188s] -- Up-to-date symlink: /home/abanoub/delivery_bot_ws/install/my_robot_description/share/my_robot_description/models/delivery_bot/meshes/part_4.part
[1.188s] -- Up-to-date symlink: /home/abanoub/delivery_bot_ws/install/my_robot_description/share/my_robot_description/models/delivery_bot/meshes/part_4.stl
[1.188s] -- Up-to-date symlink: /home/abanoub/delivery_bot_ws/install/my_robot_description/share/my_robot_description/models/delivery_bot/meshes/part_5.part
[1.188s] -- Up-to-date symlink: /home/abanoub/delivery_bot_ws/install/my_robot_description/share/my_robot_description/models/delivery_bot/meshes/part_5.stl
[1.188s] -- Up-to-date symlink: /home/abanoub/delivery_bot_ws/install/my_robot_description/share/my_robot_description/models/delivery_bot/meshes/part_6.part
[1.188s] -- Up-to-date symlink: /home/abanoub/delivery_bot_ws/install/my_robot_description/share/my_robot_description/models/delivery_bot/meshes/part_6.stl
[1.188s] -- Up-to-date symlink: /home/abanoub/delivery_bot_ws/install/my_robot_description/share/my_robot_description/models/delivery_bot/meshes/part_7.part
[1.188s] -- Up-to-date symlink: /home/abanoub/delivery_bot_ws/install/my_robot_description/share/my_robot_description/models/delivery_bot/meshes/part_7.stl
[1.188s] -- Up-to-date symlink: /home/abanoub/delivery_bot_ws/install/my_robot_description/share/my_robot_description/models/delivery_bot/meshes/part_8.part
[1.188s] -- Up-to-date symlink: /home/abanoub/delivery_bot_ws/install/my_robot_description/share/my_robot_description/models/delivery_bot/meshes/part_8.stl
[1.189s] -- Up-to-date symlink: /home/abanoub/delivery_bot_ws/install/my_robot_description/share/my_robot_description/models/delivery_bot/meshes/part_9.part
[1.189s] -- Up-to-date symlink: /home/abanoub/delivery_bot_ws/install/my_robot_description/share/my_robot_description/models/delivery_bot/meshes/part_9.stl
[1.189s] -- Up-to-date symlink: /home/abanoub/delivery_bot_ws/install/my_robot_description/share/my_robot_description/models/delivery_bot/meshes/top_plate.part
[1.189s] -- Up-to-date symlink: /home/abanoub/delivery_bot_ws/install/my_robot_description/share/my_robot_description/models/delivery_bot/meshes/top_plate.stl
[1.189s] -- Up-to-date symlink: /home/abanoub/delivery_bot_ws/install/my_robot_description/share/my_robot_description/models/delivery_bot/meshes/wheel.part
[1.189s] -- Up-to-date symlink: /home/abanoub/delivery_bot_ws/install/my_robot_description/share/my_robot_description/models/delivery_bot/meshes/wheel.stl
[1.189s] -- Up-to-date symlink: /home/abanoub/delivery_bot_ws/install/my_robot_description/share/my_robot_description/models/delivery_bot/model.config
[1.189s] -- Up-to-date symlink: /home/abanoub/delivery_bot_ws/install/my_robot_description/share/my_robot_description/urdf/config.json
[1.189s] -- Up-to-date symlink: /home/abanoub/delivery_bot_ws/install/my_robot_description/share/my_robot_description/urdf/robot_v2.xacro
[1.189s] -- Up-to-date symlink: /home/abanoub/delivery_bot_ws/install/my_robot_description/share/my_robot_description/urdf/robot_v3.xacro
[1.189s] -- Up-to-date symlink: /home/abanoub/delivery_bot_ws/install/my_robot_description/share/my_robot_description/launch/gazebo.launch.py
[1.189s] -- Up-to-date symlink: /home/abanoub/delivery_bot_ws/install/my_robot_description/share/my_robot_description/launch/gazebo_v2.launch.py
[1.189s] -- Up-to-date symlink: /home/abanoub/delivery_bot_ws/install/my_robot_description/share/ament_index/resource_index/package_run_dependencies/my_robot_description
[1.190s] -- Up-to-date symlink: /home/abanoub/delivery_bot_ws/install/my_robot_description/share/ament_index/resource_index/parent_prefix_path/my_robot_description
[1.190s] -- Up-to-date symlink: /home/abanoub/delivery_bot_ws/install/my_robot_description/share/my_robot_description/environment/ament_prefix_path.sh
[1.190s] -- Up-to-date symlink: /home/abanoub/delivery_bot_ws/install/my_robot_description/share/my_robot_description/environment/ament_prefix_path.dsv
[1.190s] -- Up-to-date symlink: /home/abanoub/delivery_bot_ws/install/my_robot_description/share/my_robot_description/environment/path.sh
[1.190s] -- Up-to-date symlink: /home/abanoub/delivery_bot_ws/install/my_robot_description/share/my_robot_description/environment/path.dsv
[1.190s] -- Up-to-date symlink: /home/abanoub/delivery_bot_ws/install/my_robot_description/share/my_robot_description/local_setup.bash
[1.190s] -- Up-to-date symlink: /home/abanoub/delivery_bot_ws/install/my_robot_description/share/my_robot_description/local_setup.sh
[1.190s] -- Up-to-date symlink: /home/abanoub/delivery_bot_ws/install/my_robot_description/share/my_robot_description/local_setup.zsh
[1.190s] -- Up-to-date symlink: /home/abanoub/delivery_bot_ws/install/my_robot_description/share/my_robot_description/local_setup.dsv
[1.190s] -- Symlinking: /home/abanoub/delivery_bot_ws/install/my_robot_description/share/my_robot_description/package.dsv
[1.204s] -- Up-to-date symlink: /home/abanoub/delivery_bot_ws/install/my_robot_description/share/ament_index/resource_index/packages/my_robot_description
[1.204s] -- Up-to-date symlink: /home/abanoub/delivery_bot_ws/install/my_robot_description/share/my_robot_description/cmake/my_robot_descriptionConfig.cmake
[1.204s] -- Up-to-date symlink: /home/abanoub/delivery_bot_ws/install/my_robot_description/share/my_robot_description/cmake/my_robot_descriptionConfig-version.cmake
[1.204s] -- Up-to-date symlink: /home/abanoub/delivery_bot_ws/install/my_robot_description/share/my_robot_description/package.xml
[1.207s] Invoked command in '/home/abanoub/delivery_bot_ws/build/my_robot_description' returned '0': CMAKE_PREFIX_PATH=${CMAKE_PREFIX_PATH}:/opt/ros/humble /usr/bin/cmake --install /home/abanoub/delivery_bot_ws/build/my_robot_description
