[0.177s] DEBUG:colcon:Command line arguments: ['/usr/bin/colcon', 'build']
[0.177s] DEBUG:colcon:Parsed command line arguments: Namespace(log_base=None, log_level=None, verb_name='build', build_base='build', install_base='install', merge_install=False, symlink_install=False, test_result_base=None, continue_on_error=False, executor='parallel', parallel_workers=20, event_handlers=None, ignore_user_meta=False, metas=['./colcon.meta'], base_paths=['.'], packages_ignore=None, packages_ignore_regex=None, paths=None, packages_up_to=None, packages_up_to_regex=None, packages_above=None, packages_above_and_dependencies=None, packages_above_depth=None, packages_select_by_dep=None, packages_skip_by_dep=None, packages_skip_up_to=None, packages_select_build_failed=False, packages_skip_build_finished=False, packages_select_test_failures=False, packages_skip_test_passed=False, packages_select=None, packages_skip=None, packages_select_regex=None, packages_skip_regex=None, packages_start=None, packages_end=None, allow_overriding=[], cmake_args=None, cmake_target=None, cmake_target_skip_unavailable=False, cmake_clean_cache=False, cmake_clean_first=False, cmake_force_configure=False, ament_cmake_args=None, catkin_cmake_args=None, catkin_skip_building_tests=False, verb_parser=<colcon_defaults.argument_parser.defaults.DefaultArgumentsDecorator object at 0x7e949de45930>, verb_extension=<colcon_core.verb.build.BuildVerb object at 0x7e949df62da0>, main=<bound method BuildVerb.main of <colcon_core.verb.build.BuildVerb object at 0x7e949df62da0>>)
[0.371s] Level 1:colcon.colcon_core.package_discovery:discover_packages(colcon_meta) check parameters
[0.371s] Level 1:colcon.colcon_core.package_discovery:discover_packages(recursive) check parameters
[0.371s] Level 1:colcon.colcon_core.package_discovery:discover_packages(ignore) check parameters
[0.371s] Level 1:colcon.colcon_core.package_discovery:discover_packages(path) check parameters
[0.371s] Level 1:colcon.colcon_core.package_discovery:discover_packages(colcon_meta) discover
[0.371s] Level 1:colcon.colcon_core.package_discovery:discover_packages(recursive) discover
[0.371s] INFO:colcon.colcon_core.package_discovery:Crawling recursively for packages in '/home/abanoub/delivery_bot_ws'
[0.371s] Level 1:colcon.colcon_core.package_identification:_identify(.) by extensions ['ignore', 'ignore_ament_install']
[0.371s] Level 1:colcon.colcon_core.package_identification:_identify(.) by extension 'ignore'
[0.371s] Level 1:colcon.colcon_core.package_identification:_identify(.) by extension 'ignore_ament_install'
[0.372s] Level 1:colcon.colcon_core.package_identification:_identify(.) by extensions ['colcon_pkg']
[0.372s] Level 1:colcon.colcon_core.package_identification:_identify(.) by extension 'colcon_pkg'
[0.372s] Level 1:colcon.colcon_core.package_identification:_identify(.) by extensions ['colcon_meta']
[0.372s] Level 1:colcon.colcon_core.package_identification:_identify(.) by extension 'colcon_meta'
[0.372s] Level 1:colcon.colcon_core.package_identification:_identify(.) by extensions ['ros']
[0.372s] Level 1:colcon.colcon_core.package_identification:_identify(.) by extension 'ros'
[0.386s] Level 1:colcon.colcon_core.package_identification:_identify(.) by extensions ['cmake', 'python']
[0.386s] Level 1:colcon.colcon_core.package_identification:_identify(.) by extension 'cmake'
[0.386s] Level 1:colcon.colcon_core.package_identification:_identify(.) by extension 'python'
[0.386s] Level 1:colcon.colcon_core.package_identification:_identify(.) by extensions ['python_setup_py']
[0.386s] Level 1:colcon.colcon_core.package_identification:_identify(.) by extension 'python_setup_py'
[0.386s] Level 1:colcon.colcon_core.package_identification:_identify(build) by extensions ['ignore', 'ignore_ament_install']
[0.387s] Level 1:colcon.colcon_core.package_identification:_identify(build) by extension 'ignore'
[0.387s] Level 1:colcon.colcon_core.package_identification:_identify(build) ignored
[0.387s] Level 1:colcon.colcon_core.package_identification:_identify(install) by extensions ['ignore', 'ignore_ament_install']
[0.387s] Level 1:colcon.colcon_core.package_identification:_identify(install) by extension 'ignore'
[0.387s] Level 1:colcon.colcon_core.package_identification:_identify(install) ignored
[0.387s] Level 1:colcon.colcon_core.package_identification:_identify(log) by extensions ['ignore', 'ignore_ament_install']
[0.388s] Level 1:colcon.colcon_core.package_identification:_identify(log) by extension 'ignore'
[0.388s] Level 1:colcon.colcon_core.package_identification:_identify(log) ignored
[0.388s] Level 1:colcon.colcon_core.package_identification:_identify(src) by extensions ['ignore', 'ignore_ament_install']
[0.388s] Level 1:colcon.colcon_core.package_identification:_identify(src) by extension 'ignore'
[0.388s] Level 1:colcon.colcon_core.package_identification:_identify(src) by extension 'ignore_ament_install'
[0.388s] Level 1:colcon.colcon_core.package_identification:_identify(src) by extensions ['colcon_pkg']
[0.388s] Level 1:colcon.colcon_core.package_identification:_identify(src) by extension 'colcon_pkg'
[0.388s] Level 1:colcon.colcon_core.package_identification:_identify(src) by extensions ['colcon_meta']
[0.388s] Level 1:colcon.colcon_core.package_identification:_identify(src) by extension 'colcon_meta'
[0.388s] Level 1:colcon.colcon_core.package_identification:_identify(src) by extensions ['ros']
[0.388s] Level 1:colcon.colcon_core.package_identification:_identify(src) by extension 'ros'
[0.388s] Level 1:colcon.colcon_core.package_identification:_identify(src) by extensions ['cmake', 'python']
[0.388s] Level 1:colcon.colcon_core.package_identification:_identify(src) by extension 'cmake'
[0.388s] Level 1:colcon.colcon_core.package_identification:_identify(src) by extension 'python'
[0.388s] Level 1:colcon.colcon_core.package_identification:_identify(src) by extensions ['python_setup_py']
[0.388s] Level 1:colcon.colcon_core.package_identification:_identify(src) by extension 'python_setup_py'
[0.389s] Level 1:colcon.colcon_core.package_identification:_identify(src/delivery_bot_behaviours) by extensions ['ignore', 'ignore_ament_install']
[0.389s] Level 1:colcon.colcon_core.package_identification:_identify(src/delivery_bot_behaviours) by extension 'ignore'
[0.389s] Level 1:colcon.colcon_core.package_identification:_identify(src/delivery_bot_behaviours) by extension 'ignore_ament_install'
[0.389s] Level 1:colcon.colcon_core.package_identification:_identify(src/delivery_bot_behaviours) by extensions ['colcon_pkg']
[0.389s] Level 1:colcon.colcon_core.package_identification:_identify(src/delivery_bot_behaviours) by extension 'colcon_pkg'
[0.389s] Level 1:colcon.colcon_core.package_identification:_identify(src/delivery_bot_behaviours) by extensions ['colcon_meta']
[0.389s] Level 1:colcon.colcon_core.package_identification:_identify(src/delivery_bot_behaviours) by extension 'colcon_meta'
[0.389s] Level 1:colcon.colcon_core.package_identification:_identify(src/delivery_bot_behaviours) by extensions ['ros']
[0.389s] Level 1:colcon.colcon_core.package_identification:_identify(src/delivery_bot_behaviours) by extension 'ros'
[0.390s] DEBUG:colcon.colcon_core.package_identification:Failed to parse potential ROS package manifest in'src/delivery_bot_behaviours': Error(s) in package 'src/delivery_bot_behaviours/package.xml':
The manifest contains invalid XML:
no element found: line 1, column 0
[0.391s] Level 1:colcon.colcon_core.package_identification:_identify(src/delivery_bot_behaviours) by extensions ['cmake', 'python']
[0.391s] Level 1:colcon.colcon_core.package_identification:_identify(src/delivery_bot_behaviours) by extension 'cmake'
[0.392s] Level 1:colcon.colcon_core.package_identification:_identify(src/delivery_bot_behaviours) by extension 'python'
[0.392s] DEBUG:colcon.colcon_core.package_identification:Package 'src/delivery_bot_behaviours' with type 'cmake' and name 'delivery_bot_behaviours'
[0.393s] Level 1:colcon.colcon_core.package_identification:_identify(src/delivery_bot_control) by extensions ['ignore', 'ignore_ament_install']
[0.393s] Level 1:colcon.colcon_core.package_identification:_identify(src/delivery_bot_control) by extension 'ignore'
[0.393s] Level 1:colcon.colcon_core.package_identification:_identify(src/delivery_bot_control) by extension 'ignore_ament_install'
[0.393s] Level 1:colcon.colcon_core.package_identification:_identify(src/delivery_bot_control) by extensions ['colcon_pkg']
[0.393s] Level 1:colcon.colcon_core.package_identification:_identify(src/delivery_bot_control) by extension 'colcon_pkg'
[0.393s] Level 1:colcon.colcon_core.package_identification:_identify(src/delivery_bot_control) by extensions ['colcon_meta']
[0.393s] Level 1:colcon.colcon_core.package_identification:_identify(src/delivery_bot_control) by extension 'colcon_meta'
[0.393s] Level 1:colcon.colcon_core.package_identification:_identify(src/delivery_bot_control) by extensions ['ros']
[0.393s] Level 1:colcon.colcon_core.package_identification:_identify(src/delivery_bot_control) by extension 'ros'
[0.396s] DEBUG:colcon.colcon_core.package_identification:Package 'src/delivery_bot_control' with type 'ros.ament_cmake' and name 'delivery_bot_control'
[0.396s] Level 1:colcon.colcon_core.package_identification:_identify(src/delivery_bot_nav) by extensions ['ignore', 'ignore_ament_install']
[0.397s] Level 1:colcon.colcon_core.package_identification:_identify(src/delivery_bot_nav) by extension 'ignore'
[0.397s] Level 1:colcon.colcon_core.package_identification:_identify(src/delivery_bot_nav) by extension 'ignore_ament_install'
[0.397s] Level 1:colcon.colcon_core.package_identification:_identify(src/delivery_bot_nav) by extensions ['colcon_pkg']
[0.397s] Level 1:colcon.colcon_core.package_identification:_identify(src/delivery_bot_nav) by extension 'colcon_pkg'
[0.397s] Level 1:colcon.colcon_core.package_identification:_identify(src/delivery_bot_nav) by extensions ['colcon_meta']
[0.397s] Level 1:colcon.colcon_core.package_identification:_identify(src/delivery_bot_nav) by extension 'colcon_meta'
[0.397s] Level 1:colcon.colcon_core.package_identification:_identify(src/delivery_bot_nav) by extensions ['ros']
[0.397s] Level 1:colcon.colcon_core.package_identification:_identify(src/delivery_bot_nav) by extension 'ros'
[0.398s] DEBUG:colcon.colcon_core.package_identification:Package 'src/delivery_bot_nav' with type 'ros.ament_cmake' and name 'delivery_bot_nav'
[0.400s] Level 1:colcon.colcon_core.package_identification:_identify(src/my_robot_description) by extensions ['ignore', 'ignore_ament_install']
[0.402s] Level 1:colcon.colcon_core.package_identification:_identify(src/my_robot_description) by extension 'ignore'
[0.403s] Level 1:colcon.colcon_core.package_identification:_identify(src/my_robot_description) by extension 'ignore_ament_install'
[0.403s] Level 1:colcon.colcon_core.package_identification:_identify(src/my_robot_description) by extensions ['colcon_pkg']
[0.403s] Level 1:colcon.colcon_core.package_identification:_identify(src/my_robot_description) by extension 'colcon_pkg'
[0.403s] Level 1:colcon.colcon_core.package_identification:_identify(src/my_robot_description) by extensions ['colcon_meta']
[0.403s] Level 1:colcon.colcon_core.package_identification:_identify(src/my_robot_description) by extension 'colcon_meta'
[0.403s] Level 1:colcon.colcon_core.package_identification:_identify(src/my_robot_description) by extensions ['ros']
[0.403s] Level 1:colcon.colcon_core.package_identification:_identify(src/my_robot_description) by extension 'ros'
[0.404s] DEBUG:colcon.colcon_core.package_identification:Package 'src/my_robot_description' with type 'ros.ament_cmake' and name 'my_robot_description'
[0.404s] Level 1:colcon.colcon_core.package_discovery:discover_packages(recursive) using defaults
[0.404s] Level 1:colcon.colcon_core.package_discovery:discover_packages(ignore) discover
[0.404s] Level 1:colcon.colcon_core.package_discovery:discover_packages(ignore) using defaults
[0.405s] Level 1:colcon.colcon_core.package_discovery:discover_packages(path) discover
[0.405s] Level 1:colcon.colcon_core.package_discovery:discover_packages(path) using defaults
[0.448s] Level 1:colcon.colcon_core.package_discovery:discover_packages(prefix_path) check parameters
[0.448s] Level 1:colcon.colcon_core.package_discovery:discover_packages(prefix_path) discover
[0.450s] DEBUG:colcon.colcon_installed_package_information.package_discovery:Found 4 installed packages in /home/abanoub/delivery_bot_ws/install
[0.451s] DEBUG:colcon.colcon_installed_package_information.package_discovery:Found 0 installed packages in /home/abanoub/ros2_ws/install
[0.453s] DEBUG:colcon.colcon_installed_package_information.package_discovery:Found 437 installed packages in /opt/ros/humble
[0.455s] Level 1:colcon.colcon_core.package_discovery:discover_packages(prefix_path) using defaults
[0.518s] Level 5:colcon.colcon_core.verb:set package 'delivery_bot_behaviours' build argument 'cmake_args' from command line to 'None'
[0.518s] Level 5:colcon.colcon_core.verb:set package 'delivery_bot_behaviours' build argument 'cmake_target' from command line to 'None'
[0.518s] Level 5:colcon.colcon_core.verb:set package 'delivery_bot_behaviours' build argument 'cmake_target_skip_unavailable' from command line to 'False'
[0.519s] Level 5:colcon.colcon_core.verb:set package 'delivery_bot_behaviours' build argument 'cmake_clean_cache' from command line to 'False'
[0.519s] Level 5:colcon.colcon_core.verb:set package 'delivery_bot_behaviours' build argument 'cmake_clean_first' from command line to 'False'
[0.519s] Level 5:colcon.colcon_core.verb:set package 'delivery_bot_behaviours' build argument 'cmake_force_configure' from command line to 'False'
[0.519s] Level 5:colcon.colcon_core.verb:set package 'delivery_bot_behaviours' build argument 'ament_cmake_args' from command line to 'None'
[0.519s] Level 5:colcon.colcon_core.verb:set package 'delivery_bot_behaviours' build argument 'catkin_cmake_args' from command line to 'None'
[0.519s] Level 5:colcon.colcon_core.verb:set package 'delivery_bot_behaviours' build argument 'catkin_skip_building_tests' from command line to 'False'
[0.519s] DEBUG:colcon.colcon_core.verb:Building package 'delivery_bot_behaviours' with the following arguments: {'ament_cmake_args': None, 'build_base': '/home/abanoub/delivery_bot_ws/build/delivery_bot_behaviours', 'catkin_cmake_args': None, 'catkin_skip_building_tests': False, 'cmake_args': None, 'cmake_clean_cache': False, 'cmake_clean_first': False, 'cmake_force_configure': False, 'cmake_target': None, 'cmake_target_skip_unavailable': False, 'install_base': '/home/abanoub/delivery_bot_ws/install/delivery_bot_behaviours', 'merge_install': False, 'path': '/home/abanoub/delivery_bot_ws/src/delivery_bot_behaviours', 'symlink_install': False, 'test_result_base': None}
[0.519s] Level 5:colcon.colcon_core.verb:set package 'delivery_bot_control' build argument 'cmake_args' from command line to 'None'
[0.519s] Level 5:colcon.colcon_core.verb:set package 'delivery_bot_control' build argument 'cmake_target' from command line to 'None'
[0.519s] Level 5:colcon.colcon_core.verb:set package 'delivery_bot_control' build argument 'cmake_target_skip_unavailable' from command line to 'False'
[0.519s] Level 5:colcon.colcon_core.verb:set package 'delivery_bot_control' build argument 'cmake_clean_cache' from command line to 'False'
[0.519s] Level 5:colcon.colcon_core.verb:set package 'delivery_bot_control' build argument 'cmake_clean_first' from command line to 'False'
[0.519s] Level 5:colcon.colcon_core.verb:set package 'delivery_bot_control' build argument 'cmake_force_configure' from command line to 'False'
[0.519s] Level 5:colcon.colcon_core.verb:set package 'delivery_bot_control' build argument 'ament_cmake_args' from command line to 'None'
[0.519s] Level 5:colcon.colcon_core.verb:set package 'delivery_bot_control' build argument 'catkin_cmake_args' from command line to 'None'
[0.519s] Level 5:colcon.colcon_core.verb:set package 'delivery_bot_control' build argument 'catkin_skip_building_tests' from command line to 'False'
[0.519s] DEBUG:colcon.colcon_core.verb:Building package 'delivery_bot_control' with the following arguments: {'ament_cmake_args': None, 'build_base': '/home/abanoub/delivery_bot_ws/build/delivery_bot_control', 'catkin_cmake_args': None, 'catkin_skip_building_tests': False, 'cmake_args': None, 'cmake_clean_cache': False, 'cmake_clean_first': False, 'cmake_force_configure': False, 'cmake_target': None, 'cmake_target_skip_unavailable': False, 'install_base': '/home/abanoub/delivery_bot_ws/install/delivery_bot_control', 'merge_install': False, 'path': '/home/abanoub/delivery_bot_ws/src/delivery_bot_control', 'symlink_install': False, 'test_result_base': None}
[0.520s] Level 5:colcon.colcon_core.verb:set package 'delivery_bot_nav' build argument 'cmake_args' from command line to 'None'
[0.520s] Level 5:colcon.colcon_core.verb:set package 'delivery_bot_nav' build argument 'cmake_target' from command line to 'None'
[0.520s] Level 5:colcon.colcon_core.verb:set package 'delivery_bot_nav' build argument 'cmake_target_skip_unavailable' from command line to 'False'
[0.520s] Level 5:colcon.colcon_core.verb:set package 'delivery_bot_nav' build argument 'cmake_clean_cache' from command line to 'False'
[0.520s] Level 5:colcon.colcon_core.verb:set package 'delivery_bot_nav' build argument 'cmake_clean_first' from command line to 'False'
[0.520s] Level 5:colcon.colcon_core.verb:set package 'delivery_bot_nav' build argument 'cmake_force_configure' from command line to 'False'
[0.520s] Level 5:colcon.colcon_core.verb:set package 'delivery_bot_nav' build argument 'ament_cmake_args' from command line to 'None'
[0.520s] Level 5:colcon.colcon_core.verb:set package 'delivery_bot_nav' build argument 'catkin_cmake_args' from command line to 'None'
[0.520s] Level 5:colcon.colcon_core.verb:set package 'delivery_bot_nav' build argument 'catkin_skip_building_tests' from command line to 'False'
[0.520s] DEBUG:colcon.colcon_core.verb:Building package 'delivery_bot_nav' with the following arguments: {'ament_cmake_args': None, 'build_base': '/home/abanoub/delivery_bot_ws/build/delivery_bot_nav', 'catkin_cmake_args': None, 'catkin_skip_building_tests': False, 'cmake_args': None, 'cmake_clean_cache': False, 'cmake_clean_first': False, 'cmake_force_configure': False, 'cmake_target': None, 'cmake_target_skip_unavailable': False, 'install_base': '/home/abanoub/delivery_bot_ws/install/delivery_bot_nav', 'merge_install': False, 'path': '/home/abanoub/delivery_bot_ws/src/delivery_bot_nav', 'symlink_install': False, 'test_result_base': None}
[0.520s] Level 5:colcon.colcon_core.verb:set package 'my_robot_description' build argument 'cmake_args' from command line to 'None'
[0.520s] Level 5:colcon.colcon_core.verb:set package 'my_robot_description' build argument 'cmake_target' from command line to 'None'
[0.520s] Level 5:colcon.colcon_core.verb:set package 'my_robot_description' build argument 'cmake_target_skip_unavailable' from command line to 'False'
[0.520s] Level 5:colcon.colcon_core.verb:set package 'my_robot_description' build argument 'cmake_clean_cache' from command line to 'False'
[0.520s] Level 5:colcon.colcon_core.verb:set package 'my_robot_description' build argument 'cmake_clean_first' from command line to 'False'
[0.520s] Level 5:colcon.colcon_core.verb:set package 'my_robot_description' build argument 'cmake_force_configure' from command line to 'False'
[0.520s] Level 5:colcon.colcon_core.verb:set package 'my_robot_description' build argument 'ament_cmake_args' from command line to 'None'
[0.521s] Level 5:colcon.colcon_core.verb:set package 'my_robot_description' build argument 'catkin_cmake_args' from command line to 'None'
[0.521s] Level 5:colcon.colcon_core.verb:set package 'my_robot_description' build argument 'catkin_skip_building_tests' from command line to 'False'
[0.521s] DEBUG:colcon.colcon_core.verb:Building package 'my_robot_description' with the following arguments: {'ament_cmake_args': None, 'build_base': '/home/abanoub/delivery_bot_ws/build/my_robot_description', 'catkin_cmake_args': None, 'catkin_skip_building_tests': False, 'cmake_args': None, 'cmake_clean_cache': False, 'cmake_clean_first': False, 'cmake_force_configure': False, 'cmake_target': None, 'cmake_target_skip_unavailable': False, 'install_base': '/home/abanoub/delivery_bot_ws/install/my_robot_description', 'merge_install': False, 'path': '/home/abanoub/delivery_bot_ws/src/my_robot_description', 'symlink_install': False, 'test_result_base': None}
[0.521s] INFO:colcon.colcon_core.executor:Executing jobs using 'parallel' executor
[0.522s] DEBUG:colcon.colcon_parallel_executor.executor.parallel:run_until_complete
[0.522s] INFO:colcon.colcon_cmake.task.cmake.build:Building CMake package in '/home/abanoub/delivery_bot_ws/src/delivery_bot_behaviours'
[0.525s] INFO:colcon.colcon_core.plugin_system:Skipping extension 'colcon_core.shell.bat': Not used on non-Windows systems
[0.525s] INFO:colcon.colcon_core.shell:Skip shell extension 'powershell' for command environment: Not usable outside of PowerShell
[0.525s] DEBUG:colcon.colcon_core.shell:Skip shell extension 'dsv' for command environment
[0.555s] INFO:colcon.colcon_ros.task.ament_cmake.build:Building ROS package in '/home/abanoub/delivery_bot_ws/src/delivery_bot_control' with build type 'ament_cmake'
[0.556s] INFO:colcon.colcon_cmake.task.cmake.build:Building CMake package in '/home/abanoub/delivery_bot_ws/src/delivery_bot_control'
[0.556s] INFO:colcon.colcon_core.shell:Skip shell extension 'powershell' for command environment: Not usable outside of PowerShell
[0.556s] DEBUG:colcon.colcon_core.shell:Skip shell extension 'dsv' for command environment
[0.652s] INFO:colcon.colcon_ros.task.ament_cmake.build:Building ROS package in '/home/abanoub/delivery_bot_ws/src/delivery_bot_nav' with build type 'ament_cmake'
[0.653s] INFO:colcon.colcon_cmake.task.cmake.build:Building CMake package in '/home/abanoub/delivery_bot_ws/src/delivery_bot_nav'
[0.653s] INFO:colcon.colcon_core.shell:Skip shell extension 'powershell' for command environment: Not usable outside of PowerShell
[0.654s] DEBUG:colcon.colcon_core.shell:Skip shell extension 'dsv' for command environment
[0.730s] INFO:colcon.colcon_ros.task.ament_cmake.build:Building ROS package in '/home/abanoub/delivery_bot_ws/src/my_robot_description' with build type 'ament_cmake'
[0.731s] INFO:colcon.colcon_cmake.task.cmake.build:Building CMake package in '/home/abanoub/delivery_bot_ws/src/my_robot_description'
[0.731s] INFO:colcon.colcon_core.shell:Skip shell extension 'powershell' for command environment: Not usable outside of PowerShell
[0.732s] DEBUG:colcon.colcon_core.shell:Skip shell extension 'dsv' for command environment
[0.953s] DEBUG:colcon.colcon_core.event_handler.log_command:Invoking command in '/home/abanoub/delivery_bot_ws/build/delivery_bot_behaviours': /usr/bin/cmake --build /home/abanoub/delivery_bot_ws/build/delivery_bot_behaviours -- -j20 -l20
[1.058s] DEBUG:colcon.colcon_core.event_handler.log_command:Invoking command in '/home/abanoub/delivery_bot_ws/build/delivery_bot_control': CMAKE_PREFIX_PATH=${CMAKE_PREFIX_PATH}:/opt/ros/humble /usr/bin/cmake --build /home/abanoub/delivery_bot_ws/build/delivery_bot_control -- -j20 -l20
[1.150s] DEBUG:colcon.colcon_core.event_handler.log_command:Invoking command in '/home/abanoub/delivery_bot_ws/build/delivery_bot_nav': CMAKE_PREFIX_PATH=${CMAKE_PREFIX_PATH}:/opt/ros/humble /usr/bin/cmake --build /home/abanoub/delivery_bot_ws/build/delivery_bot_nav -- -j20 -l20
[1.205s] WARNING:colcon.colcon_cmake.task.cmake.build:Could not run installation step for package 'delivery_bot_behaviours' because it has no 'install' target
[1.206s] Level 1:colcon.colcon_core.environment:create_environment_scripts_only(delivery_bot_behaviours)
[1.209s] DEBUG:colcon.colcon_core.event_handler.log_command:Invoking command in '/home/abanoub/delivery_bot_ws/build/my_robot_description': CMAKE_PREFIX_PATH=${CMAKE_PREFIX_PATH}:/opt/ros/humble /usr/bin/cmake --build /home/abanoub/delivery_bot_ws/build/my_robot_description -- -j20 -l20
[1.210s] DEBUG:colcon.colcon_core.event_handler.log_command:Invoked command in '/home/abanoub/delivery_bot_ws/build/delivery_bot_behaviours' returned '0': /usr/bin/cmake --build /home/abanoub/delivery_bot_ws/build/delivery_bot_behaviours -- -j20 -l20
[1.212s] Level 1:colcon.colcon_core.environment:checking '/home/abanoub/delivery_bot_ws/install/delivery_bot_behaviours' for CMake module files
[1.213s] Level 1:colcon.colcon_core.environment:checking '/home/abanoub/delivery_bot_ws/install/delivery_bot_behaviours' for CMake config files
[1.214s] Level 1:colcon.colcon_core.environment:checking '/home/abanoub/delivery_bot_ws/install/delivery_bot_behaviours/bin'
[1.214s] Level 1:colcon.colcon_core.environment:checking '/home/abanoub/delivery_bot_ws/install/delivery_bot_behaviours/lib/pkgconfig/delivery_bot_behaviours.pc'
[1.214s] Level 1:colcon.colcon_core.environment:checking '/home/abanoub/delivery_bot_ws/install/delivery_bot_behaviours/lib/python3.10/site-packages'
[1.214s] Level 1:colcon.colcon_core.environment:checking '/home/abanoub/delivery_bot_ws/install/delivery_bot_behaviours/bin'
[1.215s] INFO:colcon.colcon_core.shell:Creating package script '/home/abanoub/delivery_bot_ws/install/delivery_bot_behaviours/share/delivery_bot_behaviours/package.ps1'
[1.225s] INFO:colcon.colcon_core.shell:Creating package descriptor '/home/abanoub/delivery_bot_ws/install/delivery_bot_behaviours/share/delivery_bot_behaviours/package.dsv'
[1.226s] INFO:colcon.colcon_core.shell:Creating package script '/home/abanoub/delivery_bot_ws/install/delivery_bot_behaviours/share/delivery_bot_behaviours/package.sh'
[1.280s] INFO:colcon.colcon_core.shell:Creating package script '/home/abanoub/delivery_bot_ws/install/delivery_bot_behaviours/share/delivery_bot_behaviours/package.bash'
[1.326s] INFO:colcon.colcon_core.shell:Creating package script '/home/abanoub/delivery_bot_ws/install/delivery_bot_behaviours/share/delivery_bot_behaviours/package.zsh'
[1.330s] Level 1:colcon.colcon_core.environment:create_file_with_runtime_dependencies(/home/abanoub/delivery_bot_ws/install/delivery_bot_behaviours/share/colcon-core/packages/delivery_bot_behaviours)
[1.405s] Level 1:colcon.colcon_core.environment:create_environment_scripts_only(delivery_bot_nav)
[1.406s] Level 1:colcon.colcon_core.environment:checking '/home/abanoub/delivery_bot_ws/install/delivery_bot_nav' for CMake module files
[1.407s] Level 1:colcon.colcon_core.environment:checking '/home/abanoub/delivery_bot_ws/install/delivery_bot_nav' for CMake config files
[1.408s] Level 1:colcon.colcon_core.shell:create_environment_hook('delivery_bot_nav', 'cmake_prefix_path')
[1.408s] INFO:colcon.colcon_core.shell:Creating environment hook '/home/abanoub/delivery_bot_ws/install/delivery_bot_nav/share/delivery_bot_nav/hook/cmake_prefix_path.ps1'
[1.442s] INFO:colcon.colcon_core.shell:Creating environment descriptor '/home/abanoub/delivery_bot_ws/install/delivery_bot_nav/share/delivery_bot_nav/hook/cmake_prefix_path.dsv'
[1.451s] DEBUG:colcon.colcon_core.event_handler.log_command:Invoked command in '/home/abanoub/delivery_bot_ws/build/delivery_bot_control' returned '0': CMAKE_PREFIX_PATH=${CMAKE_PREFIX_PATH}:/opt/ros/humble /usr/bin/cmake --build /home/abanoub/delivery_bot_ws/build/delivery_bot_control -- -j20 -l20
[1.452s] DEBUG:colcon.colcon_core.event_handler.log_command:Invoking command in '/home/abanoub/delivery_bot_ws/build/delivery_bot_control': CMAKE_PREFIX_PATH=${CMAKE_PREFIX_PATH}:/opt/ros/humble /usr/bin/cmake --install /home/abanoub/delivery_bot_ws/build/delivery_bot_control
[1.453s] DEBUG:colcon.colcon_core.event_handler.log_command:Invoked command in '/home/abanoub/delivery_bot_ws/build/delivery_bot_nav' returned '0': CMAKE_PREFIX_PATH=${CMAKE_PREFIX_PATH}:/opt/ros/humble /usr/bin/cmake --build /home/abanoub/delivery_bot_ws/build/delivery_bot_nav -- -j20 -l20
[1.453s] DEBUG:colcon.colcon_core.event_handler.log_command:Invoking command in '/home/abanoub/delivery_bot_ws/build/delivery_bot_nav': CMAKE_PREFIX_PATH=${CMAKE_PREFIX_PATH}:/opt/ros/humble /usr/bin/cmake --install /home/abanoub/delivery_bot_ws/build/delivery_bot_nav
[1.454s] DEBUG:colcon.colcon_core.event_handler.log_command:Invoked command in '/home/abanoub/delivery_bot_ws/build/my_robot_description' returned '0': CMAKE_PREFIX_PATH=${CMAKE_PREFIX_PATH}:/opt/ros/humble /usr/bin/cmake --build /home/abanoub/delivery_bot_ws/build/my_robot_description -- -j20 -l20
[1.454s] DEBUG:colcon.colcon_core.event_handler.log_command:Invoking command in '/home/abanoub/delivery_bot_ws/build/my_robot_description': CMAKE_PREFIX_PATH=${CMAKE_PREFIX_PATH}:/opt/ros/humble /usr/bin/cmake --install /home/abanoub/delivery_bot_ws/build/my_robot_description
[1.469s] DEBUG:colcon.colcon_core.event_handler.log_command:Invoked command in '/home/abanoub/delivery_bot_ws/build/delivery_bot_nav' returned '0': CMAKE_PREFIX_PATH=${CMAKE_PREFIX_PATH}:/opt/ros/humble /usr/bin/cmake --install /home/abanoub/delivery_bot_ws/build/delivery_bot_nav
[1.522s] INFO:colcon.colcon_core.shell:Creating environment hook '/home/abanoub/delivery_bot_ws/install/delivery_bot_nav/share/delivery_bot_nav/hook/cmake_prefix_path.sh'
[1.539s] Level 1:colcon.colcon_core.environment:checking '/home/abanoub/delivery_bot_ws/install/delivery_bot_nav/bin'
[1.539s] Level 1:colcon.colcon_core.environment:checking '/home/abanoub/delivery_bot_ws/install/delivery_bot_nav/lib/pkgconfig/delivery_bot_nav.pc'
[1.540s] Level 1:colcon.colcon_core.environment:checking '/home/abanoub/delivery_bot_ws/install/delivery_bot_nav/lib/python3.10/site-packages'
[1.541s] Level 1:colcon.colcon_core.environment:checking '/home/abanoub/delivery_bot_ws/install/delivery_bot_nav/bin'
[1.541s] INFO:colcon.colcon_core.shell:Creating package script '/home/abanoub/delivery_bot_ws/install/delivery_bot_nav/share/delivery_bot_nav/package.ps1'
[1.637s] INFO:colcon.colcon_core.shell:Creating package descriptor '/home/abanoub/delivery_bot_ws/install/delivery_bot_nav/share/delivery_bot_nav/package.dsv'
[1.639s] INFO:colcon.colcon_core.shell:Creating package script '/home/abanoub/delivery_bot_ws/install/delivery_bot_nav/share/delivery_bot_nav/package.sh'
[1.717s] INFO:colcon.colcon_core.shell:Creating package script '/home/abanoub/delivery_bot_ws/install/delivery_bot_nav/share/delivery_bot_nav/package.bash'
[1.722s] INFO:colcon.colcon_core.shell:Creating package script '/home/abanoub/delivery_bot_ws/install/delivery_bot_nav/share/delivery_bot_nav/package.zsh'
[1.784s] Level 1:colcon.colcon_core.environment:create_file_with_runtime_dependencies(/home/abanoub/delivery_bot_ws/install/delivery_bot_nav/share/colcon-core/packages/delivery_bot_nav)
[1.822s] Level 1:colcon.colcon_core.environment:create_environment_scripts_only(delivery_bot_nav)
[1.823s] Level 1:colcon.colcon_core.environment:checking '/home/abanoub/delivery_bot_ws/install/delivery_bot_nav' for CMake module files
[1.824s] Level 1:colcon.colcon_core.environment:checking '/home/abanoub/delivery_bot_ws/install/delivery_bot_nav' for CMake config files
[1.824s] Level 1:colcon.colcon_core.shell:create_environment_hook('delivery_bot_nav', 'cmake_prefix_path')
[1.825s] INFO:colcon.colcon_core.shell:Creating environment hook '/home/abanoub/delivery_bot_ws/install/delivery_bot_nav/share/delivery_bot_nav/hook/cmake_prefix_path.ps1'
[1.958s] INFO:colcon.colcon_core.shell:Creating environment descriptor '/home/abanoub/delivery_bot_ws/install/delivery_bot_nav/share/delivery_bot_nav/hook/cmake_prefix_path.dsv'
[1.978s] INFO:colcon.colcon_core.shell:Creating environment hook '/home/abanoub/delivery_bot_ws/install/delivery_bot_nav/share/delivery_bot_nav/hook/cmake_prefix_path.sh'
[1.995s] Level 1:colcon.colcon_core.environment:checking '/home/abanoub/delivery_bot_ws/install/delivery_bot_nav/bin'
[1.995s] Level 1:colcon.colcon_core.environment:checking '/home/abanoub/delivery_bot_ws/install/delivery_bot_nav/lib/pkgconfig/delivery_bot_nav.pc'
[1.996s] Level 1:colcon.colcon_core.environment:checking '/home/abanoub/delivery_bot_ws/install/delivery_bot_nav/lib/python3.10/site-packages'
[1.996s] Level 1:colcon.colcon_core.environment:checking '/home/abanoub/delivery_bot_ws/install/delivery_bot_nav/bin'
[1.997s] INFO:colcon.colcon_core.shell:Creating package script '/home/abanoub/delivery_bot_ws/install/delivery_bot_nav/share/delivery_bot_nav/package.ps1'
[2.058s] INFO:colcon.colcon_core.shell:Creating package descriptor '/home/abanoub/delivery_bot_ws/install/delivery_bot_nav/share/delivery_bot_nav/package.dsv'
[2.075s] INFO:colcon.colcon_core.shell:Creating package script '/home/abanoub/delivery_bot_ws/install/delivery_bot_nav/share/delivery_bot_nav/package.sh'
[2.078s] INFO:colcon.colcon_core.shell:Creating package script '/home/abanoub/delivery_bot_ws/install/delivery_bot_nav/share/delivery_bot_nav/package.bash'
[2.158s] INFO:colcon.colcon_core.shell:Creating package script '/home/abanoub/delivery_bot_ws/install/delivery_bot_nav/share/delivery_bot_nav/package.zsh'
[2.163s] Level 1:colcon.colcon_core.environment:create_file_with_runtime_dependencies(/home/abanoub/delivery_bot_ws/install/delivery_bot_nav/share/colcon-core/packages/delivery_bot_nav)
[2.234s] Level 1:colcon.colcon_core.environment:create_environment_scripts_only(my_robot_description)
[2.235s] Level 1:colcon.colcon_core.environment:checking '/home/abanoub/delivery_bot_ws/install/my_robot_description' for CMake module files
[2.237s] DEBUG:colcon.colcon_core.event_handler.log_command:Invoked command in '/home/abanoub/delivery_bot_ws/build/my_robot_description' returned '0': CMAKE_PREFIX_PATH=${CMAKE_PREFIX_PATH}:/opt/ros/humble /usr/bin/cmake --install /home/abanoub/delivery_bot_ws/build/my_robot_description
[2.237s] Level 1:colcon.colcon_core.environment:checking '/home/abanoub/delivery_bot_ws/install/my_robot_description' for CMake config files
[2.238s] Level 1:colcon.colcon_core.shell:create_environment_hook('my_robot_description', 'cmake_prefix_path')
[2.238s] INFO:colcon.colcon_core.shell:Creating environment hook '/home/abanoub/delivery_bot_ws/install/my_robot_description/share/my_robot_description/hook/cmake_prefix_path.ps1'
[2.360s] INFO:colcon.colcon_core.shell:Creating environment descriptor '/home/abanoub/delivery_bot_ws/install/my_robot_description/share/my_robot_description/hook/cmake_prefix_path.dsv'
[2.463s] INFO:colcon.colcon_core.shell:Creating environment hook '/home/abanoub/delivery_bot_ws/install/my_robot_description/share/my_robot_description/hook/cmake_prefix_path.sh'
[2.474s] Level 1:colcon.colcon_core.environment:checking '/home/abanoub/delivery_bot_ws/install/my_robot_description/bin'
[2.474s] Level 1:colcon.colcon_core.environment:checking '/home/abanoub/delivery_bot_ws/install/my_robot_description/lib/pkgconfig/my_robot_description.pc'
[2.475s] Level 1:colcon.colcon_core.environment:checking '/home/abanoub/delivery_bot_ws/install/my_robot_description/lib/python3.10/site-packages'
[2.475s] Level 1:colcon.colcon_core.environment:checking '/home/abanoub/delivery_bot_ws/install/my_robot_description/bin'
[2.476s] INFO:colcon.colcon_core.shell:Creating package script '/home/abanoub/delivery_bot_ws/install/my_robot_description/share/my_robot_description/package.ps1'
[2.537s] INFO:colcon.colcon_core.shell:Creating package descriptor '/home/abanoub/delivery_bot_ws/install/my_robot_description/share/my_robot_description/package.dsv'
[2.539s] INFO:colcon.colcon_core.shell:Creating package script '/home/abanoub/delivery_bot_ws/install/my_robot_description/share/my_robot_description/package.sh'
[2.642s] INFO:colcon.colcon_core.shell:Creating package script '/home/abanoub/delivery_bot_ws/install/my_robot_description/share/my_robot_description/package.bash'
[2.672s] INFO:colcon.colcon_core.shell:Creating package script '/home/abanoub/delivery_bot_ws/install/my_robot_description/share/my_robot_description/package.zsh'
[2.813s] Level 1:colcon.colcon_core.environment:create_file_with_runtime_dependencies(/home/abanoub/delivery_bot_ws/install/my_robot_description/share/colcon-core/packages/my_robot_description)
[2.819s] Level 1:colcon.colcon_core.environment:create_environment_scripts_only(my_robot_description)
[2.819s] Level 1:colcon.colcon_core.environment:checking '/home/abanoub/delivery_bot_ws/install/my_robot_description' for CMake module files
[2.820s] Level 1:colcon.colcon_core.environment:checking '/home/abanoub/delivery_bot_ws/install/my_robot_description' for CMake config files
[2.821s] Level 1:colcon.colcon_core.shell:create_environment_hook('my_robot_description', 'cmake_prefix_path')
[2.821s] INFO:colcon.colcon_core.shell:Creating environment hook '/home/abanoub/delivery_bot_ws/install/my_robot_description/share/my_robot_description/hook/cmake_prefix_path.ps1'
[2.887s] INFO:colcon.colcon_core.shell:Creating environment descriptor '/home/abanoub/delivery_bot_ws/install/my_robot_description/share/my_robot_description/hook/cmake_prefix_path.dsv'
[2.889s] INFO:colcon.colcon_core.shell:Creating environment hook '/home/abanoub/delivery_bot_ws/install/my_robot_description/share/my_robot_description/hook/cmake_prefix_path.sh'
[2.947s] Level 1:colcon.colcon_core.environment:checking '/home/abanoub/delivery_bot_ws/install/my_robot_description/bin'
[2.948s] Level 1:colcon.colcon_core.environment:checking '/home/abanoub/delivery_bot_ws/install/my_robot_description/lib/pkgconfig/my_robot_description.pc'
[2.948s] Level 1:colcon.colcon_core.environment:checking '/home/abanoub/delivery_bot_ws/install/my_robot_description/lib/python3.10/site-packages'
[2.948s] Level 1:colcon.colcon_core.environment:checking '/home/abanoub/delivery_bot_ws/install/my_robot_description/bin'
[2.949s] INFO:colcon.colcon_core.shell:Creating package script '/home/abanoub/delivery_bot_ws/install/my_robot_description/share/my_robot_description/package.ps1'
[2.987s] INFO:colcon.colcon_core.shell:Creating package descriptor '/home/abanoub/delivery_bot_ws/install/my_robot_description/share/my_robot_description/package.dsv'
[2.989s] INFO:colcon.colcon_core.shell:Creating package script '/home/abanoub/delivery_bot_ws/install/my_robot_description/share/my_robot_description/package.sh'
[2.991s] INFO:colcon.colcon_core.shell:Creating package script '/home/abanoub/delivery_bot_ws/install/my_robot_description/share/my_robot_description/package.bash'
[2.993s] INFO:colcon.colcon_core.shell:Creating package script '/home/abanoub/delivery_bot_ws/install/my_robot_description/share/my_robot_description/package.zsh'
[2.995s] Level 1:colcon.colcon_core.environment:create_file_with_runtime_dependencies(/home/abanoub/delivery_bot_ws/install/my_robot_description/share/colcon-core/packages/my_robot_description)
[2.997s] Level 1:colcon.colcon_core.environment:create_environment_scripts_only(delivery_bot_control)
[2.998s] Level 1:colcon.colcon_core.environment:checking '/home/abanoub/delivery_bot_ws/install/delivery_bot_control' for CMake module files
[3.000s] Level 1:colcon.colcon_core.environment:checking '/home/abanoub/delivery_bot_ws/install/delivery_bot_control' for CMake config files
[3.000s] Level 1:colcon.colcon_core.shell:create_environment_hook('delivery_bot_control', 'cmake_prefix_path')
[3.001s] INFO:colcon.colcon_core.shell:Creating environment hook '/home/abanoub/delivery_bot_ws/install/delivery_bot_control/share/delivery_bot_control/hook/cmake_prefix_path.ps1'
[3.125s] INFO:colcon.colcon_core.shell:Creating environment descriptor '/home/abanoub/delivery_bot_ws/install/delivery_bot_control/share/delivery_bot_control/hook/cmake_prefix_path.dsv'
[3.129s] DEBUG:colcon.colcon_core.event_handler.log_command:Invoked command in '/home/abanoub/delivery_bot_ws/build/delivery_bot_control' returned '0': CMAKE_PREFIX_PATH=${CMAKE_PREFIX_PATH}:/opt/ros/humble /usr/bin/cmake --install /home/abanoub/delivery_bot_ws/build/delivery_bot_control
[3.250s] INFO:colcon.colcon_core.shell:Creating environment hook '/home/abanoub/delivery_bot_ws/install/delivery_bot_control/share/delivery_bot_control/hook/cmake_prefix_path.sh'
[3.321s] Level 1:colcon.colcon_core.environment:checking '/home/abanoub/delivery_bot_ws/install/delivery_bot_control/lib'
[3.322s] Level 1:colcon.colcon_core.environment:checking '/home/abanoub/delivery_bot_ws/install/delivery_bot_control/bin'
[3.322s] Level 1:colcon.colcon_core.environment:checking '/home/abanoub/delivery_bot_ws/install/delivery_bot_control/lib/pkgconfig/delivery_bot_control.pc'
[3.323s] Level 1:colcon.colcon_core.environment:checking '/home/abanoub/delivery_bot_ws/install/delivery_bot_control/lib/python3.10/site-packages'
[3.323s] Level 1:colcon.colcon_core.environment:checking '/home/abanoub/delivery_bot_ws/install/delivery_bot_control/bin'
[3.324s] INFO:colcon.colcon_core.shell:Creating package script '/home/abanoub/delivery_bot_ws/install/delivery_bot_control/share/delivery_bot_control/package.ps1'
[3.374s] INFO:colcon.colcon_core.shell:Creating package descriptor '/home/abanoub/delivery_bot_ws/install/delivery_bot_control/share/delivery_bot_control/package.dsv'
[3.432s] INFO:colcon.colcon_core.shell:Creating package script '/home/abanoub/delivery_bot_ws/install/delivery_bot_control/share/delivery_bot_control/package.sh'
[3.488s] INFO:colcon.colcon_core.shell:Creating package script '/home/abanoub/delivery_bot_ws/install/delivery_bot_control/share/delivery_bot_control/package.bash'
[3.521s] INFO:colcon.colcon_core.shell:Creating package script '/home/abanoub/delivery_bot_ws/install/delivery_bot_control/share/delivery_bot_control/package.zsh'
[3.539s] Level 1:colcon.colcon_core.environment:create_file_with_runtime_dependencies(/home/abanoub/delivery_bot_ws/install/delivery_bot_control/share/colcon-core/packages/delivery_bot_control)
[3.541s] Level 1:colcon.colcon_core.environment:create_environment_scripts_only(delivery_bot_control)
[3.542s] Level 1:colcon.colcon_core.environment:checking '/home/abanoub/delivery_bot_ws/install/delivery_bot_control' for CMake module files
[3.543s] Level 1:colcon.colcon_core.environment:checking '/home/abanoub/delivery_bot_ws/install/delivery_bot_control' for CMake config files
[3.543s] Level 1:colcon.colcon_core.shell:create_environment_hook('delivery_bot_control', 'cmake_prefix_path')
[3.543s] INFO:colcon.colcon_core.shell:Creating environment hook '/home/abanoub/delivery_bot_ws/install/delivery_bot_control/share/delivery_bot_control/hook/cmake_prefix_path.ps1'
[3.546s] INFO:colcon.colcon_core.shell:Creating environment descriptor '/home/abanoub/delivery_bot_ws/install/delivery_bot_control/share/delivery_bot_control/hook/cmake_prefix_path.dsv'
[3.624s] INFO:colcon.colcon_core.shell:Creating environment hook '/home/abanoub/delivery_bot_ws/install/delivery_bot_control/share/delivery_bot_control/hook/cmake_prefix_path.sh'
[3.628s] Level 1:colcon.colcon_core.environment:checking '/home/abanoub/delivery_bot_ws/install/delivery_bot_control/lib'
[3.629s] Level 1:colcon.colcon_core.environment:checking '/home/abanoub/delivery_bot_ws/install/delivery_bot_control/bin'
[3.629s] Level 1:colcon.colcon_core.environment:checking '/home/abanoub/delivery_bot_ws/install/delivery_bot_control/lib/pkgconfig/delivery_bot_control.pc'
[3.629s] Level 1:colcon.colcon_core.environment:checking '/home/abanoub/delivery_bot_ws/install/delivery_bot_control/lib/python3.10/site-packages'
[3.630s] Level 1:colcon.colcon_core.environment:checking '/home/abanoub/delivery_bot_ws/install/delivery_bot_control/bin'
[3.630s] INFO:colcon.colcon_core.shell:Creating package script '/home/abanoub/delivery_bot_ws/install/delivery_bot_control/share/delivery_bot_control/package.ps1'
[3.701s] INFO:colcon.colcon_core.shell:Creating package descriptor '/home/abanoub/delivery_bot_ws/install/delivery_bot_control/share/delivery_bot_control/package.dsv'
[3.704s] INFO:colcon.colcon_core.shell:Creating package script '/home/abanoub/delivery_bot_ws/install/delivery_bot_control/share/delivery_bot_control/package.sh'
[3.789s] INFO:colcon.colcon_core.shell:Creating package script '/home/abanoub/delivery_bot_ws/install/delivery_bot_control/share/delivery_bot_control/package.bash'
[3.793s] INFO:colcon.colcon_core.shell:Creating package script '/home/abanoub/delivery_bot_ws/install/delivery_bot_control/share/delivery_bot_control/package.zsh'
[3.797s] Level 1:colcon.colcon_core.environment:create_file_with_runtime_dependencies(/home/abanoub/delivery_bot_ws/install/delivery_bot_control/share/colcon-core/packages/delivery_bot_control)
[3.879s] DEBUG:colcon.colcon_parallel_executor.executor.parallel:closing loop
[3.880s] DEBUG:colcon.colcon_parallel_executor.executor.parallel:loop closed
[3.880s] DEBUG:colcon.colcon_parallel_executor.executor.parallel:run_until_complete finished with '0'
[3.880s] DEBUG:colcon.colcon_core.event_reactor:joining thread
[3.966s] INFO:colcon.colcon_core.plugin_system:Skipping extension 'colcon_notification.desktop_notification.terminal_notifier': Not used on non-Darwin systems
[3.966s] INFO:colcon.colcon_core.plugin_system:Skipping extension 'colcon_notification.desktop_notification.win32': Not used on non-Windows systems
[3.966s] INFO:colcon.colcon_notification.desktop_notification:Sending desktop notification using 'notify2'
[3.982s] DEBUG:colcon.colcon_core.event_reactor:joined thread
[3.983s] INFO:colcon.colcon_core.shell:Creating prefix script '/home/abanoub/delivery_bot_ws/install/local_setup.ps1'
[4.012s] INFO:colcon.colcon_core.shell:Creating prefix util module '/home/abanoub/delivery_bot_ws/install/_local_setup_util_ps1.py'
[4.017s] INFO:colcon.colcon_core.shell:Creating prefix chain script '/home/abanoub/delivery_bot_ws/install/setup.ps1'
[4.021s] INFO:colcon.colcon_core.shell:Creating prefix script '/home/abanoub/delivery_bot_ws/install/local_setup.sh'
[4.121s] INFO:colcon.colcon_core.shell:Creating prefix util module '/home/abanoub/delivery_bot_ws/install/_local_setup_util_sh.py'
[4.147s] INFO:colcon.colcon_core.shell:Creating prefix chain script '/home/abanoub/delivery_bot_ws/install/setup.sh'
[4.227s] INFO:colcon.colcon_core.shell:Creating prefix script '/home/abanoub/delivery_bot_ws/install/local_setup.bash'
[4.325s] INFO:colcon.colcon_core.shell:Creating prefix chain script '/home/abanoub/delivery_bot_ws/install/setup.bash'
[4.333s] INFO:colcon.colcon_core.shell:Creating prefix script '/home/abanoub/delivery_bot_ws/install/local_setup.zsh'
[4.452s] INFO:colcon.colcon_core.shell:Creating prefix chain script '/home/abanoub/delivery_bot_ws/install/setup.zsh'
