[0.157s] Invoking command in '/home/abanoub/delivery_bot_ws/build/nav_system': CMAKE_PREFIX_PATH=${CMAKE_PREFIX_PATH}:/opt/ros/humble /usr/bin/cmake --build /home/abanoub/delivery_bot_ws/build/nav_system -- -j20 -l20
[0.289s] Invoked command in '/home/abanoub/delivery_bot_ws/build/nav_system' returned '0': CMAKE_PREFIX_PATH=${CMAKE_PREFIX_PATH}:/opt/ros/humble /usr/bin/cmake --build /home/abanoub/delivery_bot_ws/build/nav_system -- -j20 -l20
[0.295s] Invoking command in '/home/abanoub/delivery_bot_ws/build/nav_system': CMAKE_PREFIX_PATH=${CMAKE_PREFIX_PATH}:/opt/ros/humble /usr/bin/cmake --install /home/abanoub/delivery_bot_ws/build/nav_system
[0.316s] -- Install configuration: ""
[0.316s] -- Up-to-date: /home/abanoub/delivery_bot_ws/install/nav_system/share/nav_system/launch
[0.317s] -- Up-to-date: /home/abanoub/delivery_bot_ws/install/nav_system/share/nav_system/launch/slam_sim.launch.py
[0.319s] -- Up-to-date: /home/abanoub/delivery_bot_ws/install/nav_system/share/nav_system/urdf
[0.320s] -- Up-to-date: /home/abanoub/delivery_bot_ws/install/nav_system/share/nav_system/urdf/robot.urdf
[0.322s] -- Up-to-date: /home/abanoub/delivery_bot_ws/install/nav_system/share/nav_system/maps
[0.322s] -- Up-to-date: /home/abanoub/delivery_bot_ws/install/nav_system/share/nav_system/maps/empty.yaml
[0.323s] -- Up-to-date: /home/abanoub/delivery_bot_ws/install/nav_system/share/ament_index/resource_index/package_run_dependencies/nav_system
[0.324s] -- Up-to-date: /home/abanoub/delivery_bot_ws/install/nav_system/share/ament_index/resource_index/parent_prefix_path/nav_system
[0.324s] -- Up-to-date: /home/abanoub/delivery_bot_ws/install/nav_system/share/nav_system/environment/ament_prefix_path.sh
[0.325s] -- Up-to-date: /home/abanoub/delivery_bot_ws/install/nav_system/share/nav_system/environment/ament_prefix_path.dsv
[0.326s] -- Up-to-date: /home/abanoub/delivery_bot_ws/install/nav_system/share/nav_system/environment/path.sh
[0.329s] -- Up-to-date: /home/abanoub/delivery_bot_ws/install/nav_system/share/nav_system/environment/path.dsv
[0.330s] -- Up-to-date: /home/abanoub/delivery_bot_ws/install/nav_system/share/nav_system/local_setup.bash
[0.333s] -- Up-to-date: /home/abanoub/delivery_bot_ws/install/nav_system/share/nav_system/local_setup.sh
[0.333s] -- Up-to-date: /home/abanoub/delivery_bot_ws/install/nav_system/share/nav_system/local_setup.zsh
[0.337s] -- Up-to-date: /home/abanoub/delivery_bot_ws/install/nav_system/share/nav_system/local_setup.dsv
[0.342s] -- Installing: /home/abanoub/delivery_bot_ws/install/nav_system/share/nav_system/package.dsv
[0.343s] -- Up-to-date: /home/abanoub/delivery_bot_ws/install/nav_system/share/ament_index/resource_index/packages/nav_system
[0.344s] -- Up-to-date: /home/abanoub/delivery_bot_ws/install/nav_system/share/nav_system/cmake/nav_systemConfig.cmake
[0.345s] -- Up-to-date: /home/abanoub/delivery_bot_ws/install/nav_system/share/nav_system/cmake/nav_systemConfig-version.cmake
[0.345s] -- Up-to-date: /home/abanoub/delivery_bot_ws/install/nav_system/share/nav_system/package.xml
[0.473s] Invoked command in '/home/abanoub/delivery_bot_ws/build/nav_system' returned '0': CMAKE_PREFIX_PATH=${CMAKE_PREFIX_PATH}:/opt/ros/humble /usr/bin/cmake --install /home/abanoub/delivery_bot_ws/build/nav_system
