[0.183s] Invoking command in '/home/abanoub/delivery_bot_ws/build/robot_description': CMAKE_PREFIX_PATH=${CMAKE_PREFIX_PATH}:/opt/ros/humble /usr/bin/cmake --build /home/abanoub/delivery_bot_ws/build/robot_description -- -j20 -l20
[0.303s] Invoked command in '/home/abanoub/delivery_bot_ws/build/robot_description' returned '0': CMAKE_PREFIX_PATH=${CMAKE_PREFIX_PATH}:/opt/ros/humble /usr/bin/cmake --build /home/abanoub/delivery_bot_ws/build/robot_description -- -j20 -l20
[0.368s] Invoking command in '/home/abanoub/delivery_bot_ws/build/robot_description': CMAKE_PREFIX_PATH=${CMAKE_PREFIX_PATH}:/opt/ros/humble /usr/bin/cmake --install /home/abanoub/delivery_bot_ws/build/robot_description
[0.373s] -- Install configuration: ""
[0.376s] -- Up-to-date: /home/abanoub/delivery_bot_ws/install/robot_description/share/robot_description/launch
[0.377s] -- Installing: /home/abanoub/delivery_bot_ws/install/robot_description/share/robot_description/launch/spawn_and_rviz.launch.py
[0.377s] -- Up-to-date: /home/abanoub/delivery_bot_ws/install/robot_description/share/robot_description/urdf
[0.378s] -- Up-to-date: /home/abanoub/delivery_bot_ws/install/robot_description/share/robot_description/urdf/delivery_bot.xacro
[0.378s] -- Up-to-date: /home/abanoub/delivery_bot_ws/install/robot_description/share/robot_description/config
[0.378s] -- Up-to-date: /home/abanoub/delivery_bot_ws/install/robot_description/share/robot_description/config/controller_config.yaml
[0.379s] -- Up-to-date: /home/abanoub/delivery_bot_ws/install/robot_description/share/ament_index/resource_index/package_run_dependencies/robot_description
[0.380s] -- Up-to-date: /home/abanoub/delivery_bot_ws/install/robot_description/share/ament_index/resource_index/parent_prefix_path/robot_description
[0.380s] -- Up-to-date: /home/abanoub/delivery_bot_ws/install/robot_description/share/robot_description/environment/ament_prefix_path.sh
[0.381s] -- Up-to-date: /home/abanoub/delivery_bot_ws/install/robot_description/share/robot_description/environment/ament_prefix_path.dsv
[0.382s] -- Up-to-date: /home/abanoub/delivery_bot_ws/install/robot_description/share/robot_description/environment/path.sh
[0.382s] -- Up-to-date: /home/abanoub/delivery_bot_ws/install/robot_description/share/robot_description/environment/path.dsv
[0.383s] -- Up-to-date: /home/abanoub/delivery_bot_ws/install/robot_description/share/robot_description/local_setup.bash
[0.383s] -- Up-to-date: /home/abanoub/delivery_bot_ws/install/robot_description/share/robot_description/local_setup.sh
[0.383s] -- Up-to-date: /home/abanoub/delivery_bot_ws/install/robot_description/share/robot_description/local_setup.zsh
[0.384s] -- Up-to-date: /home/abanoub/delivery_bot_ws/install/robot_description/share/robot_description/local_setup.dsv
[0.385s] -- Installing: /home/abanoub/delivery_bot_ws/install/robot_description/share/robot_description/package.dsv
[0.385s] -- Up-to-date: /home/abanoub/delivery_bot_ws/install/robot_description/share/ament_index/resource_index/packages/robot_description
[0.385s] -- Up-to-date: /home/abanoub/delivery_bot_ws/install/robot_description/share/robot_description/cmake/robot_descriptionConfig.cmake
[0.386s] -- Up-to-date: /home/abanoub/delivery_bot_ws/install/robot_description/share/robot_description/cmake/robot_descriptionConfig-version.cmake
[0.388s] -- Up-to-date: /home/abanoub/delivery_bot_ws/install/robot_description/share/robot_description/package.xml
[0.599s] Invoked command in '/home/abanoub/delivery_bot_ws/build/robot_description' returned '0': CMAKE_PREFIX_PATH=${CMAKE_PREFIX_PATH}:/opt/ros/humble /usr/bin/cmake --install /home/abanoub/delivery_bot_ws/build/robot_description
