[0.081s] Invoking command in '/home/abanoub/delivery_bot_ws/build/robot_description': CMAKE_PREFIX_PATH=/opt/ros/humble /usr/bin/cmake /home/abanoub/delivery_bot_ws/src/robot_description -DCMAKE_INSTALL_PREFIX=/home/abanoub/delivery_bot_ws/install/robot_description
[0.448s] -- The C compiler identification is GNU 11.4.0
[1.316s] -- The CXX compiler identification is GNU 11.4.0
[1.873s] -- Detecting C compiler ABI info
[2.128s] -- Detecting C compiler ABI info - done
[2.149s] -- Check for working C compiler: /usr/bin/cc - skipped
[2.150s] -- Detecting C compile features
[2.150s] -- Detecting C compile features - done
[2.158s] -- Detecting CXX compiler ABI info
[2.368s] -- Detecting CXX compiler ABI info - done
[2.378s] -- Check for working CXX compiler: /usr/bin/c++ - skipped
[2.378s] -- Detecting CXX compile features
[2.379s] -- Detecting CXX compile features - done
[2.382s] -- Found ament_cmake: 1.3.11 (/opt/ros/humble/share/ament_cmake/cmake)
[2.560s] -- Found Python3: /usr/bin/python3 (found version "3.10.12") found components: Interpreter 
[2.662s] -- Found ament_lint_auto: 0.12.12 (/opt/ros/humble/share/ament_lint_auto/cmake)
[2.771s] -- Added test 'lint_cmake' to check CMake code style
[2.773s] -- Added test 'xmllint' to check XML markup files
[2.776s] -- Configuring done
[2.784s] -- Generating done
[2.788s] -- Build files have been written to: /home/abanoub/delivery_bot_ws/build/robot_description
[2.794s] Invoked command in '/home/abanoub/delivery_bot_ws/build/robot_description' returned '0': CMAKE_PREFIX_PATH=/opt/ros/humble /usr/bin/cmake /home/abanoub/delivery_bot_ws/src/robot_description -DCMAKE_INSTALL_PREFIX=/home/abanoub/delivery_bot_ws/install/robot_description
[2.796s] Invoking command in '/home/abanoub/delivery_bot_ws/build/robot_description': CMAKE_PREFIX_PATH=/opt/ros/humble /usr/bin/cmake --build /home/abanoub/delivery_bot_ws/build/robot_description -- -j20 -l20
[2.842s] Invoked command in '/home/abanoub/delivery_bot_ws/build/robot_description' returned '0': CMAKE_PREFIX_PATH=/opt/ros/humble /usr/bin/cmake --build /home/abanoub/delivery_bot_ws/build/robot_description -- -j20 -l20
[2.853s] Invoking command in '/home/abanoub/delivery_bot_ws/build/robot_description': CMAKE_PREFIX_PATH=/opt/ros/humble /usr/bin/cmake --install /home/abanoub/delivery_bot_ws/build/robot_description
[2.861s] -- Install configuration: ""
[2.863s] -- Installing: /home/abanoub/delivery_bot_ws/install/robot_description/share/ament_index/resource_index/package_run_dependencies/robot_description
[2.864s] -- Installing: /home/abanoub/delivery_bot_ws/install/robot_description/share/ament_index/resource_index/parent_prefix_path/robot_description
[2.864s] -- Installing: /home/abanoub/delivery_bot_ws/install/robot_description/share/robot_description/environment/ament_prefix_path.sh
[2.864s] -- Installing: /home/abanoub/delivery_bot_ws/install/robot_description/share/robot_description/environment/ament_prefix_path.dsv
[2.864s] -- Installing: /home/abanoub/delivery_bot_ws/install/robot_description/share/robot_description/environment/path.sh
[2.865s] -- Installing: /home/abanoub/delivery_bot_ws/install/robot_description/share/robot_description/environment/path.dsv
[2.865s] -- Installing: /home/abanoub/delivery_bot_ws/install/robot_description/share/robot_description/local_setup.bash
[2.866s] -- Installing: /home/abanoub/delivery_bot_ws/install/robot_description/share/robot_description/local_setup.sh
[2.867s] -- Installing: /home/abanoub/delivery_bot_ws/install/robot_description/share/robot_description/local_setup.zsh
[2.867s] -- Installing: /home/abanoub/delivery_bot_ws/install/robot_description/share/robot_description/local_setup.dsv
[2.868s] -- Installing: /home/abanoub/delivery_bot_ws/install/robot_description/share/robot_description/package.dsv
[2.868s] -- Installing: /home/abanoub/delivery_bot_ws/install/robot_description/share/ament_index/resource_index/packages/robot_description
[2.868s] -- Installing: /home/abanoub/delivery_bot_ws/install/robot_description/share/robot_description/cmake/robot_descriptionConfig.cmake
[2.868s] -- Installing: /home/abanoub/delivery_bot_ws/install/robot_description/share/robot_description/cmake/robot_descriptionConfig-version.cmake
[2.868s] -- Installing: /home/abanoub/delivery_bot_ws/install/robot_description/share/robot_description/package.xml
[2.871s] Invoked command in '/home/abanoub/delivery_bot_ws/build/robot_description' returned '0': CMAKE_PREFIX_PATH=/opt/ros/humble /usr/bin/cmake --install /home/abanoub/delivery_bot_ws/build/robot_description
