[0.219s] Invoking command in '/home/abanoub/delivery_bot_ws/build/delivery_bot_control': CMAKE_PREFIX_PATH=${CMAKE_PREFIX_PATH}:/opt/ros/jazzy DEBUGINFOD_URLS=https://debuginfod.ubuntu.com /usr/bin/cmake --build /home/abanoub/delivery_bot_ws/build/delivery_bot_control -- -j20 -l20
[3.209s] -- The C compiler identification is GNU 13.3.0
[5.171s] -- The CXX compiler identification is GNU 13.3.0
[5.522s] -- Detecting C compiler ABI info
[5.945s] -- Detecting C compiler ABI info - done
[5.963s] -- Check for working C compiler: /usr/bin/cc - skipped
[5.963s] -- Detecting C compile features
[5.983s] -- Detecting C compile features - done
[6.092s] -- Detecting CXX compiler ABI info
[6.347s] -- Detecting CXX compiler ABI info - done
[6.362s] -- Check for working CXX compiler: /usr/bin/c++ - skipped
[6.362s] -- Detecting CXX compile features
[6.363s] -- Detecting CXX compile features - done
[6.892s] -- Found ament_cmake: 2.5.4 (/opt/ros/jazzy/share/ament_cmake/cmake)
[7.351s] -- Found Python3: /usr/bin/python3 (found version "3.12.3") found components: Interpreter 
[8.427s] -- Found rclcpp: 28.1.11 (/opt/ros/jazzy/share/rclcpp/cmake)
[9.407s] -- Found rosidl_generator_c: 4.6.6 (/opt/ros/jazzy/share/rosidl_generator_c/cmake)
[9.683s] -- Found rosidl_generator_cpp: 4.6.6 (/opt/ros/jazzy/share/rosidl_generator_cpp/cmake)
[10.026s] -- Using all available rosidl_typesupport_c: rosidl_typesupport_fastrtps_c;rosidl_typesupport_introspection_c
[10.323s] -- Using all available rosidl_typesupport_cpp: rosidl_typesupport_fastrtps_cpp;rosidl_typesupport_introspection_cpp
[11.595s] -- Found rmw_implementation_cmake: 7.3.2 (/opt/ros/jazzy/share/rmw_implementation_cmake/cmake)
[11.646s] [31mCMake Error at /opt/ros/jazzy/share/rmw_implementation_cmake/cmake/get_default_rmw_implementation.cmake:60 (message):
[11.646s]   Could not find ROS middleware implementation 'rmw_cyclonedds_cpp'.  Choose
[11.646s]   one of the following: rmw_fastrtps_cpp
[11.646s] Call Stack (most recent call first):
[11.646s]   /opt/ros/jazzy/share/rmw_implementation/cmake/rmw_implementation-extras.cmake:19 (get_default_rmw_implementation)
[11.647s]   /opt/ros/jazzy/share/rmw_implementation/cmake/rmw_implementationConfig.cmake:41 (include)
[11.647s]   /opt/ros/jazzy/share/rcl/cmake/ament_cmake_export_dependencies-extras.cmake:21 (find_package)
[11.647s]   /opt/ros/jazzy/share/rcl/cmake/rclConfig.cmake:41 (include)
[11.647s]   /opt/ros/jazzy/share/libstatistics_collector/cmake/ament_cmake_export_dependencies-extras.cmake:21 (find_package)
[11.647s]   /opt/ros/jazzy/share/libstatistics_collector/cmake/libstatistics_collectorConfig.cmake:41 (include)
[11.647s]   /opt/ros/jazzy/share/rclcpp/cmake/ament_cmake_export_dependencies-extras.cmake:21 (find_package)
[11.647s]   /opt/ros/jazzy/share/rclcpp/cmake/rclcppConfig.cmake:41 (include)
[11.647s]   CMakeLists.txt:5 (find_package)
[11.648s] 
[11.648s] [0m
[11.648s] -- Configuring incomplete, errors occurred!
[11.653s] gmake: *** [Makefile:267: cmake_check_build_system] Error 1
