-- Install configuration: ""
-- Execute custom install script
-- Up-to-date symlink: /home/abanoub/delivery_bot_ws/install/delivery_bot_nav/share/delivery_bot_nav/config/amcl_params.yaml
-- Up-to-date symlink: /home/abanoub/delivery_bot_ws/install/delivery_bot_nav/share/delivery_bot_nav/config/behaviour_trees/navigate_through_poses_w_replanning_and_recovery.xml
-- Up-to-date symlink: /home/abanoub/delivery_bot_ws/install/delivery_bot_nav/share/delivery_bot_nav/config/behaviour_trees/navigate_to_pose_w_replanning_and_recovery.xml
-- Up-to-date symlink: /home/abanoub/delivery_bot_ws/install/delivery_bot_nav/share/delivery_bot_nav/config/costmap_common.yaml
-- Up-to-date symlink: /home/abanoub/delivery_bot_ws/install/delivery_bot_nav/share/delivery_bot_nav/config/global_costmap.yaml
-- Up-to-date symlink: /home/abanoub/delivery_bot_ws/install/delivery_bot_nav/share/delivery_bot_nav/config/local_costmap.yaml
-- Up-to-date symlink: /home/abanoub/delivery_bot_ws/install/delivery_bot_nav/share/delivery_bot_nav/config/nav2_params.yaml
-- Up-to-date symlink: /home/abanoub/delivery_bot_ws/install/delivery_bot_nav/share/delivery_bot_nav/config/slam.params.yaml
-- Symlinking: /home/abanoub/delivery_bot_ws/install/delivery_bot_nav/share/delivery_bot_nav/maps/my_map.data
-- Symlinking: /home/abanoub/delivery_bot_ws/install/delivery_bot_nav/share/delivery_bot_nav/maps/my_map.pgm
-- Symlinking: /home/abanoub/delivery_bot_ws/install/delivery_bot_nav/share/delivery_bot_nav/maps/my_map.posegraph
-- Symlinking: /home/abanoub/delivery_bot_ws/install/delivery_bot_nav/share/delivery_bot_nav/maps/my_map.yaml
-- Up-to-date symlink: /home/abanoub/delivery_bot_ws/install/delivery_bot_nav/share/ament_index/resource_index/package_run_dependencies/delivery_bot_nav
-- Up-to-date symlink: /home/abanoub/delivery_bot_ws/install/delivery_bot_nav/share/ament_index/resource_index/parent_prefix_path/delivery_bot_nav
-- Up-to-date symlink: /home/abanoub/delivery_bot_ws/install/delivery_bot_nav/share/delivery_bot_nav/environment/ament_prefix_path.sh
-- Up-to-date symlink: /home/abanoub/delivery_bot_ws/install/delivery_bot_nav/share/delivery_bot_nav/environment/ament_prefix_path.dsv
-- Up-to-date symlink: /home/abanoub/delivery_bot_ws/install/delivery_bot_nav/share/delivery_bot_nav/environment/path.sh
-- Up-to-date symlink: /home/abanoub/delivery_bot_ws/install/delivery_bot_nav/share/delivery_bot_nav/environment/path.dsv
-- Up-to-date symlink: /home/abanoub/delivery_bot_ws/install/delivery_bot_nav/share/delivery_bot_nav/local_setup.bash
-- Up-to-date symlink: /home/abanoub/delivery_bot_ws/install/delivery_bot_nav/share/delivery_bot_nav/local_setup.sh
-- Up-to-date symlink: /home/abanoub/delivery_bot_ws/install/delivery_bot_nav/share/delivery_bot_nav/local_setup.zsh
-- Up-to-date symlink: /home/abanoub/delivery_bot_ws/install/delivery_bot_nav/share/delivery_bot_nav/local_setup.dsv
-- Symlinking: /home/abanoub/delivery_bot_ws/install/delivery_bot_nav/share/delivery_bot_nav/package.dsv
-- Up-to-date symlink: /home/abanoub/delivery_bot_ws/install/delivery_bot_nav/share/ament_index/resource_index/packages/delivery_bot_nav
-- Up-to-date symlink: /home/abanoub/delivery_bot_ws/install/delivery_bot_nav/share/delivery_bot_nav/cmake/delivery_bot_navConfig.cmake
-- Up-to-date symlink: /home/abanoub/delivery_bot_ws/install/delivery_bot_nav/share/delivery_bot_nav/cmake/delivery_bot_navConfig-version.cmake
-- Up-to-date symlink: /home/abanoub/delivery_bot_ws/install/delivery_bot_nav/share/delivery_bot_nav/package.xml
