[0.024s] Invoking command in '/home/abanoub/delivery_bot_ws/build/delivery_bot_nav': CMAKE_PREFIX_PATH=${CMAKE_PREFIX_PATH}:/opt/ros/jazzy DEBUGINFOD_URLS=https://debuginfod.ubuntu.com /usr/bin/cmake --build /home/abanoub/delivery_bot_ws/build/delivery_bot_nav -- -j20 -l20
[0.097s] -- Found ament_cmake: 2.5.4 (/opt/ros/jazzy/share/ament_cmake/cmake)
[0.537s] -- Override CMake install command with custom implementation using symlinks instead of copying resources
[0.879s] -- Configuring done (0.8s)
[0.985s] -- Generating done (0.1s)
[1.000s] -- Build files have been written to: /home/abanoub/delivery_bot_ws/build/delivery_bot_nav
[1.052s] Invoked command in '/home/abanoub/delivery_bot_ws/build/delivery_bot_nav' returned '0': CMAKE_PREFIX_PATH=${CMAKE_PREFIX_PATH}:/opt/ros/jazzy DEBUGINFOD_URLS=https://debuginfod.ubuntu.com /usr/bin/cmake --build /home/abanoub/delivery_bot_ws/build/delivery_bot_nav -- -j20 -l20
[1.055s] Invoking command in '/home/abanoub/delivery_bot_ws/build/delivery_bot_nav': CMAKE_PREFIX_PATH=${CMAKE_PREFIX_PATH}:/opt/ros/jazzy DEBUGINFOD_URLS=https://debuginfod.ubuntu.com /usr/bin/cmake --install /home/abanoub/delivery_bot_ws/build/delivery_bot_nav
[1.070s] -- Install configuration: ""
[1.071s] -- Execute custom install script
[1.072s] -- Up-to-date symlink: /home/abanoub/delivery_bot_ws/install/delivery_bot_nav/share/delivery_bot_nav/config/nav2_params.yaml
[1.072s] -- Up-to-date symlink: /home/abanoub/delivery_bot_ws/install/delivery_bot_nav/share/delivery_bot_nav/config/nav_config/amcl_params.yaml
[1.072s] -- Up-to-date symlink: /home/abanoub/delivery_bot_ws/install/delivery_bot_nav/share/delivery_bot_nav/config/nav_config/controller_params.yaml
[1.072s] -- Up-to-date symlink: /home/abanoub/delivery_bot_ws/install/delivery_bot_nav/share/delivery_bot_nav/config/nav_config/costmap_params.yaml
[1.072s] -- Up-to-date symlink: /home/abanoub/delivery_bot_ws/install/delivery_bot_nav/share/delivery_bot_nav/config/nav_config/nav2_params.yaml
[1.072s] -- Up-to-date symlink: /home/abanoub/delivery_bot_ws/install/delivery_bot_nav/share/delivery_bot_nav/config/nav_config/planner_params.yaml
[1.073s] -- Up-to-date symlink: /home/abanoub/delivery_bot_ws/install/delivery_bot_nav/share/delivery_bot_nav/config/nav_config/recovery_params.yaml
[1.073s] -- Up-to-date symlink: /home/abanoub/delivery_bot_ws/install/delivery_bot_nav/share/delivery_bot_nav/config/voice_interface/speech_params.yaml
[1.073s] -- Up-to-date symlink: /home/abanoub/delivery_bot_ws/install/delivery_bot_nav/share/delivery_bot_nav/config/voice_interface/voice_commands.yaml
[1.073s] -- Up-to-date symlink: /home/abanoub/delivery_bot_ws/install/delivery_bot_nav/share/delivery_bot_nav/config/waypoint_mng/waypoint_manager_params.yaml
[1.073s] -- Up-to-date symlink: /home/abanoub/delivery_bot_ws/install/delivery_bot_nav/share/delivery_bot_nav/config/waypoint_mng/waypoints.yaml
[1.073s] -- Up-to-date symlink: /home/abanoub/delivery_bot_ws/install/delivery_bot_nav/share/delivery_bot_nav/launch/delivery_system.launch.py
[1.074s] -- Up-to-date symlink: /home/abanoub/delivery_bot_ws/install/delivery_bot_nav/share/delivery_bot_nav/launch/localization.launch.py
[1.074s] -- Up-to-date symlink: /home/abanoub/delivery_bot_ws/install/delivery_bot_nav/share/delivery_bot_nav/launch/navigation.launch.py
[1.074s] -- Up-to-date symlink: /home/abanoub/delivery_bot_ws/install/delivery_bot_nav/share/delivery_bot_nav/launch/voice_navigation.launch.py
[1.074s] -- Up-to-date symlink: /home/abanoub/delivery_bot_ws/install/delivery_bot_nav/share/delivery_bot_nav/launch/waypoint_manager.launch.py
[1.075s] -- Up-to-date symlink: /home/abanoub/delivery_bot_ws/install/delivery_bot_nav/share/delivery_bot_nav/maps/my_map.data
[1.075s] -- Up-to-date symlink: /home/abanoub/delivery_bot_ws/install/delivery_bot_nav/share/delivery_bot_nav/maps/my_map.pgm
[1.075s] -- Up-to-date symlink: /home/abanoub/delivery_bot_ws/install/delivery_bot_nav/share/delivery_bot_nav/maps/my_map.posegraph
[1.076s] -- Up-to-date symlink: /home/abanoub/delivery_bot_ws/install/delivery_bot_nav/share/delivery_bot_nav/maps/my_map.yaml
[1.076s] [31mCMake Error at ament_cmake_symlink_install/ament_cmake_symlink_install.cmake:100 (message):
[1.076s]   ament_cmake_symlink_install_directory() can't find
[1.076s]   '/home/abanoub/delivery_bot_ws/src/delivery_bot_nav/behavior_trees'
[1.076s] Call Stack (most recent call first):
[1.076s]   ament_cmake_symlink_install/ament_cmake_symlink_install.cmake:314 (ament_cmake_symlink_install_directory)
[1.076s]   cmake_install.cmake:46 (include)
[1.076s] 
[1.076s] [0m
[1.078s] Invoked command in '/home/abanoub/delivery_bot_ws/build/delivery_bot_nav' returned '1': CMAKE_PREFIX_PATH=${CMAKE_PREFIX_PATH}:/opt/ros/jazzy DEBUGINFOD_URLS=https://debuginfod.ubuntu.com /usr/bin/cmake --install /home/abanoub/delivery_bot_ws/build/delivery_bot_nav
