[0.075s] Invoking command in '/home/abanoub/delivery_bot_ws/build/face_recognition': CMAKE_PREFIX_PATH=${CMAKE_PREFIX_PATH}:/opt/ros/humble /usr/bin/cmake --build /home/abanoub/delivery_bot_ws/build/face_recognition -- -j20 -l20
[0.173s] Invoked command in '/home/abanoub/delivery_bot_ws/build/face_recognition' returned '0': CMAKE_PREFIX_PATH=${CMAKE_PREFIX_PATH}:/opt/ros/humble /usr/bin/cmake --build /home/abanoub/delivery_bot_ws/build/face_recognition -- -j20 -l20
[0.185s] Invoking command in '/home/abanoub/delivery_bot_ws/build/face_recognition': CMAKE_PREFIX_PATH=${CMAKE_PREFIX_PATH}:/opt/ros/humble /usr/bin/cmake --install /home/abanoub/delivery_bot_ws/build/face_recognition
[0.206s] -- Install configuration: ""
[0.209s] -- Up-to-date: /home/abanoub/delivery_bot_ws/install/face_recognition/share/ament_index/resource_index/package_run_dependencies/face_recognition
[0.209s] -- Up-to-date: /home/abanoub/delivery_bot_ws/install/face_recognition/share/ament_index/resource_index/parent_prefix_path/face_recognition
[0.209s] -- Up-to-date: /home/abanoub/delivery_bot_ws/install/face_recognition/share/face_recognition/environment/ament_prefix_path.sh
[0.209s] -- Up-to-date: /home/abanoub/delivery_bot_ws/install/face_recognition/share/face_recognition/environment/ament_prefix_path.dsv
[0.210s] -- Up-to-date: /home/abanoub/delivery_bot_ws/install/face_recognition/share/face_recognition/environment/path.sh
[0.210s] -- Up-to-date: /home/abanoub/delivery_bot_ws/install/face_recognition/share/face_recognition/environment/path.dsv
[0.210s] -- Up-to-date: /home/abanoub/delivery_bot_ws/install/face_recognition/share/face_recognition/local_setup.bash
[0.210s] -- Up-to-date: /home/abanoub/delivery_bot_ws/install/face_recognition/share/face_recognition/local_setup.sh
[0.210s] -- Up-to-date: /home/abanoub/delivery_bot_ws/install/face_recognition/share/face_recognition/local_setup.zsh
[0.211s] -- Up-to-date: /home/abanoub/delivery_bot_ws/install/face_recognition/share/face_recognition/local_setup.dsv
[0.211s] -- Installing: /home/abanoub/delivery_bot_ws/install/face_recognition/share/face_recognition/package.dsv
[0.211s] -- Up-to-date: /home/abanoub/delivery_bot_ws/install/face_recognition/share/ament_index/resource_index/packages/face_recognition
[0.211s] -- Up-to-date: /home/abanoub/delivery_bot_ws/install/face_recognition/share/face_recognition/cmake/face_recognitionConfig.cmake
[0.211s] -- Up-to-date: /home/abanoub/delivery_bot_ws/install/face_recognition/share/face_recognition/cmake/face_recognitionConfig-version.cmake
[0.212s] -- Up-to-date: /home/abanoub/delivery_bot_ws/install/face_recognition/share/face_recognition/package.xml
[0.302s] Invoked command in '/home/abanoub/delivery_bot_ws/build/face_recognition' returned '0': CMAKE_PREFIX_PATH=${CMAKE_PREFIX_PATH}:/opt/ros/humble /usr/bin/cmake --install /home/abanoub/delivery_bot_ws/build/face_recognition
