[0.148s] Invoking command in '/home/abanoub/delivery_bot_ws/build/face_recognition': CMAKE_PREFIX_PATH=${CMAKE_PREFIX_PATH}:/opt/ros/humble /usr/bin/cmake --build /home/abanoub/delivery_bot_ws/build/face_recognition -- -j20 -l20
[0.305s] Invoked command in '/home/abanoub/delivery_bot_ws/build/face_recognition' returned '0': CMAKE_PREFIX_PATH=${CMAKE_PREFIX_PATH}:/opt/ros/humble /usr/bin/cmake --build /home/abanoub/delivery_bot_ws/build/face_recognition -- -j20 -l20
[0.310s] Invoking command in '/home/abanoub/delivery_bot_ws/build/face_recognition': CMAKE_PREFIX_PATH=${CMAKE_PREFIX_PATH}:/opt/ros/humble /usr/bin/cmake --install /home/abanoub/delivery_bot_ws/build/face_recognition
[0.368s] -- Install configuration: ""
[0.369s] -- Up-to-date: /home/abanoub/delivery_bot_ws/install/face_recognition/share/ament_index/resource_index/package_run_dependencies/face_recognition
[0.370s] -- Up-to-date: /home/abanoub/delivery_bot_ws/install/face_recognition/share/ament_index/resource_index/parent_prefix_path/face_recognition
[0.371s] -- Up-to-date: /home/abanoub/delivery_bot_ws/install/face_recognition/share/face_recognition/environment/ament_prefix_path.sh
[0.371s] -- Up-to-date: /home/abanoub/delivery_bot_ws/install/face_recognition/share/face_recognition/environment/ament_prefix_path.dsv
[0.373s] -- Up-to-date: /home/abanoub/delivery_bot_ws/install/face_recognition/share/face_recognition/environment/path.sh
[0.375s] -- Up-to-date: /home/abanoub/delivery_bot_ws/install/face_recognition/share/face_recognition/environment/path.dsv
[0.376s] -- Up-to-date: /home/abanoub/delivery_bot_ws/install/face_recognition/share/face_recognition/local_setup.bash
[0.378s] -- Up-to-date: /home/abanoub/delivery_bot_ws/install/face_recognition/share/face_recognition/local_setup.sh
[0.380s] -- Up-to-date: /home/abanoub/delivery_bot_ws/install/face_recognition/share/face_recognition/local_setup.zsh
[0.381s] -- Up-to-date: /home/abanoub/delivery_bot_ws/install/face_recognition/share/face_recognition/local_setup.dsv
[0.381s] -- Installing: /home/abanoub/delivery_bot_ws/install/face_recognition/share/face_recognition/package.dsv
[0.381s] -- Up-to-date: /home/abanoub/delivery_bot_ws/install/face_recognition/share/ament_index/resource_index/packages/face_recognition
[0.382s] -- Up-to-date: /home/abanoub/delivery_bot_ws/install/face_recognition/share/face_recognition/cmake/face_recognitionConfig.cmake
[0.384s] -- Up-to-date: /home/abanoub/delivery_bot_ws/install/face_recognition/share/face_recognition/cmake/face_recognitionConfig-version.cmake
[0.385s] -- Up-to-date: /home/abanoub/delivery_bot_ws/install/face_recognition/share/face_recognition/package.xml
[0.542s] Invoked command in '/home/abanoub/delivery_bot_ws/build/face_recognition' returned '0': CMAKE_PREFIX_PATH=${CMAKE_PREFIX_PATH}:/opt/ros/humble /usr/bin/cmake --install /home/abanoub/delivery_bot_ws/build/face_recognition
