[0.333s] DEBUG:colcon:Command line arguments: ['/usr/bin/colcon', 'list', '-p', '--base-paths', '/home/abanoub/delivery_bot_ws', '--log-base', '/dev/null']
[0.334s] DEBUG:colcon:Parsed command line arguments: Namespace(log_base=None, log_level=None, verb_name='list', build_base='build', ignore_user_meta=False, metas=['./colcon.meta'], base_paths=['/home/abanoub/delivery_bot_ws', '--log-base', '/dev/null'], packages_ignore=None, packages_ignore_regex=None, paths=None, packages_up_to=None, packages_up_to_regex=None, packages_above=None, packages_above_and_dependencies=None, packages_above_depth=None, packages_select_by_dep=None, packages_skip_by_dep=None, packages_skip_up_to=None, packages_select_build_failed=False, packages_skip_build_finished=False, packages_select_test_failures=False, packages_skip_test_passed=False, packages_select=None, packages_skip=None, packages_select_regex=None, packages_skip_regex=None, packages_start=None, packages_end=None, allow_overriding=[], topological_order=False, names_only=False, paths_only=True, topological_graph=False, topological_graph_dot=False, topological_graph_density=False, topological_graph_legend=False, topological_graph_dot_cluster=False, topological_graph_dot_include_skipped=False, mixin_files=None, mixin=None, verb_parser=<colcon_mixin.mixin.mixin_argument.MixinArgumentDecorator object at 0x7142071acbf0>, verb_extension=<colcon_package_information.verb.list.ListVerb object at 0x71420718bf20>, main=<bound method ListVerb.main of <colcon_package_information.verb.list.ListVerb object at 0x71420718bf20>>, mixin_verb=('list',))
[0.440s] Level 1:colcon.colcon_core.package_discovery:discover_packages(colcon_meta) check parameters
[0.440s] Level 1:colcon.colcon_core.package_discovery:discover_packages(recursive) check parameters
[0.440s] Level 1:colcon.colcon_core.package_discovery:discover_packages(ignore) check parameters
[0.440s] Level 1:colcon.colcon_core.package_discovery:discover_packages(path) check parameters
[0.441s] Level 1:colcon.colcon_core.package_discovery:discover_packages(recursive) discover
[0.441s] INFO:colcon.colcon_core.package_discovery:Crawling recursively for packages in '/home/abanoub/delivery_bot_ws', '/home/abanoub/delivery_bot_ws/--log-base', '/dev/null'
[0.441s] Level 1:colcon.colcon_core.package_identification:_identify(/home/abanoub/delivery_bot_ws) by extensions ['ignore', 'ignore_ament_install']
[0.441s] Level 1:colcon.colcon_core.package_identification:_identify(/home/abanoub/delivery_bot_ws) by extension 'ignore'
[0.442s] Level 1:colcon.colcon_core.package_identification:_identify(/home/abanoub/delivery_bot_ws) by extension 'ignore_ament_install'
[0.442s] Level 1:colcon.colcon_core.package_identification:_identify(/home/abanoub/delivery_bot_ws) by extensions ['colcon_pkg']
[0.442s] Level 1:colcon.colcon_core.package_identification:_identify(/home/abanoub/delivery_bot_ws) by extension 'colcon_pkg'
[0.442s] Level 1:colcon.colcon_core.package_identification:_identify(/home/abanoub/delivery_bot_ws) by extensions ['colcon_meta']
[0.442s] Level 1:colcon.colcon_core.package_identification:_identify(/home/abanoub/delivery_bot_ws) by extension 'colcon_meta'
[0.442s] Level 1:colcon.colcon_core.package_identification:_identify(/home/abanoub/delivery_bot_ws) by extensions ['ros']
[0.442s] Level 1:colcon.colcon_core.package_identification:_identify(/home/abanoub/delivery_bot_ws) by extension 'ros'
[0.512s] Level 1:colcon.colcon_core.package_identification:_identify(/home/abanoub/delivery_bot_ws) by extensions ['cmake', 'python']
[0.513s] Level 1:colcon.colcon_core.package_identification:_identify(/home/abanoub/delivery_bot_ws) by extension 'cmake'
[0.513s] Level 1:colcon.colcon_core.package_identification:_identify(/home/abanoub/delivery_bot_ws) by extension 'python'
[0.513s] Level 1:colcon.colcon_core.package_identification:_identify(/home/abanoub/delivery_bot_ws) by extensions ['python_setup_py']
[0.513s] Level 1:colcon.colcon_core.package_identification:_identify(/home/abanoub/delivery_bot_ws) by extension 'python_setup_py'
[0.513s] Level 1:colcon.colcon_core.package_identification:_identify(/home/abanoub/delivery_bot_ws/build) by extensions ['ignore', 'ignore_ament_install']
[0.514s] Level 1:colcon.colcon_core.package_identification:_identify(/home/abanoub/delivery_bot_ws/build) by extension 'ignore'
[0.514s] Level 1:colcon.colcon_core.package_identification:_identify(/home/abanoub/delivery_bot_ws/build) ignored
[0.514s] Level 1:colcon.colcon_core.package_identification:_identify(/home/abanoub/delivery_bot_ws/install) by extensions ['ignore', 'ignore_ament_install']
[0.515s] Level 1:colcon.colcon_core.package_identification:_identify(/home/abanoub/delivery_bot_ws/install) by extension 'ignore'
[0.515s] Level 1:colcon.colcon_core.package_identification:_identify(/home/abanoub/delivery_bot_ws/install) ignored
[0.516s] Level 1:colcon.colcon_core.package_identification:_identify(/home/abanoub/delivery_bot_ws/log) by extensions ['ignore', 'ignore_ament_install']
[0.516s] Level 1:colcon.colcon_core.package_identification:_identify(/home/abanoub/delivery_bot_ws/log) by extension 'ignore'
[0.516s] Level 1:colcon.colcon_core.package_identification:_identify(/home/abanoub/delivery_bot_ws/log) ignored
[0.516s] Level 1:colcon.colcon_core.package_identification:_identify(/home/abanoub/delivery_bot_ws/src) by extensions ['ignore', 'ignore_ament_install']
[0.517s] Level 1:colcon.colcon_core.package_identification:_identify(/home/abanoub/delivery_bot_ws/src) by extension 'ignore'
[0.517s] Level 1:colcon.colcon_core.package_identification:_identify(/home/abanoub/delivery_bot_ws/src) by extension 'ignore_ament_install'
[0.517s] Level 1:colcon.colcon_core.package_identification:_identify(/home/abanoub/delivery_bot_ws/src) by extensions ['colcon_pkg']
[0.517s] Level 1:colcon.colcon_core.package_identification:_identify(/home/abanoub/delivery_bot_ws/src) by extension 'colcon_pkg'
[0.517s] Level 1:colcon.colcon_core.package_identification:_identify(/home/abanoub/delivery_bot_ws/src) by extensions ['colcon_meta']
[0.517s] Level 1:colcon.colcon_core.package_identification:_identify(/home/abanoub/delivery_bot_ws/src) by extension 'colcon_meta'
[0.517s] Level 1:colcon.colcon_core.package_identification:_identify(/home/abanoub/delivery_bot_ws/src) by extensions ['ros']
[0.517s] Level 1:colcon.colcon_core.package_identification:_identify(/home/abanoub/delivery_bot_ws/src) by extension 'ros'
[0.517s] Level 1:colcon.colcon_core.package_identification:_identify(/home/abanoub/delivery_bot_ws/src) by extensions ['cmake', 'python']
[0.517s] Level 1:colcon.colcon_core.package_identification:_identify(/home/abanoub/delivery_bot_ws/src) by extension 'cmake'
[0.518s] Level 1:colcon.colcon_core.package_identification:_identify(/home/abanoub/delivery_bot_ws/src) by extension 'python'
[0.518s] Level 1:colcon.colcon_core.package_identification:_identify(/home/abanoub/delivery_bot_ws/src) by extensions ['python_setup_py']
[0.518s] Level 1:colcon.colcon_core.package_identification:_identify(/home/abanoub/delivery_bot_ws/src) by extension 'python_setup_py'
[0.518s] Level 1:colcon.colcon_core.package_identification:_identify(/home/abanoub/delivery_bot_ws/src/build) by extensions ['ignore', 'ignore_ament_install']
[0.518s] Level 1:colcon.colcon_core.package_identification:_identify(/home/abanoub/delivery_bot_ws/src/build) by extension 'ignore'
[0.518s] Level 1:colcon.colcon_core.package_identification:_identify(/home/abanoub/delivery_bot_ws/src/build) ignored
[0.518s] Level 1:colcon.colcon_core.package_identification:_identify(/home/abanoub/delivery_bot_ws/src/delivery_bot_behaviours) by extensions ['ignore', 'ignore_ament_install']
[0.519s] Level 1:colcon.colcon_core.package_identification:_identify(/home/abanoub/delivery_bot_ws/src/delivery_bot_behaviours) by extension 'ignore'
[0.519s] Level 1:colcon.colcon_core.package_identification:_identify(/home/abanoub/delivery_bot_ws/src/delivery_bot_behaviours) by extension 'ignore_ament_install'
[0.519s] Level 1:colcon.colcon_core.package_identification:_identify(/home/abanoub/delivery_bot_ws/src/delivery_bot_behaviours) by extensions ['colcon_pkg']
[0.519s] Level 1:colcon.colcon_core.package_identification:_identify(/home/abanoub/delivery_bot_ws/src/delivery_bot_behaviours) by extension 'colcon_pkg'
[0.519s] Level 1:colcon.colcon_core.package_identification:_identify(/home/abanoub/delivery_bot_ws/src/delivery_bot_behaviours) by extensions ['colcon_meta']
[0.519s] Level 1:colcon.colcon_core.package_identification:_identify(/home/abanoub/delivery_bot_ws/src/delivery_bot_behaviours) by extension 'colcon_meta'
[0.520s] Level 1:colcon.colcon_core.package_identification:_identify(/home/abanoub/delivery_bot_ws/src/delivery_bot_behaviours) by extensions ['ros']
[0.520s] Level 1:colcon.colcon_core.package_identification:_identify(/home/abanoub/delivery_bot_ws/src/delivery_bot_behaviours) by extension 'ros'
[0.524s] DEBUG:colcon.colcon_core.package_identification:Failed to parse potential ROS package manifest in'/home/abanoub/delivery_bot_ws/src/delivery_bot_behaviours': Error(s) in package '/home/abanoub/delivery_bot_ws/src/delivery_bot_behaviours/package.xml':
The manifest contains invalid XML:
no element found: line 1, column 0
[0.524s] Level 1:colcon.colcon_core.package_identification:_identify(/home/abanoub/delivery_bot_ws/src/delivery_bot_behaviours) by extensions ['cmake', 'python']
[0.524s] Level 1:colcon.colcon_core.package_identification:_identify(/home/abanoub/delivery_bot_ws/src/delivery_bot_behaviours) by extension 'cmake'
[0.527s] Level 1:colcon.colcon_core.package_identification:_identify(/home/abanoub/delivery_bot_ws/src/delivery_bot_behaviours) by extension 'python'
[0.527s] DEBUG:colcon.colcon_core.package_identification:Package '/home/abanoub/delivery_bot_ws/src/delivery_bot_behaviours' with type 'cmake' and name 'delivery_bot_behaviours'
[0.527s] Level 1:colcon.colcon_core.package_identification:_identify(/home/abanoub/delivery_bot_ws/src/delivery_bot_control) by extensions ['ignore', 'ignore_ament_install']
[0.527s] Level 1:colcon.colcon_core.package_identification:_identify(/home/abanoub/delivery_bot_ws/src/delivery_bot_control) by extension 'ignore'
[0.527s] Level 1:colcon.colcon_core.package_identification:_identify(/home/abanoub/delivery_bot_ws/src/delivery_bot_control) by extension 'ignore_ament_install'
[0.528s] Level 1:colcon.colcon_core.package_identification:_identify(/home/abanoub/delivery_bot_ws/src/delivery_bot_control) by extensions ['colcon_pkg']
[0.528s] Level 1:colcon.colcon_core.package_identification:_identify(/home/abanoub/delivery_bot_ws/src/delivery_bot_control) by extension 'colcon_pkg'
[0.528s] Level 1:colcon.colcon_core.package_identification:_identify(/home/abanoub/delivery_bot_ws/src/delivery_bot_control) by extensions ['colcon_meta']
[0.528s] Level 1:colcon.colcon_core.package_identification:_identify(/home/abanoub/delivery_bot_ws/src/delivery_bot_control) by extension 'colcon_meta'
[0.528s] Level 1:colcon.colcon_core.package_identification:_identify(/home/abanoub/delivery_bot_ws/src/delivery_bot_control) by extensions ['ros']
[0.528s] Level 1:colcon.colcon_core.package_identification:_identify(/home/abanoub/delivery_bot_ws/src/delivery_bot_control) by extension 'ros'
[0.533s] DEBUG:colcon.colcon_core.package_identification:Package '/home/abanoub/delivery_bot_ws/src/delivery_bot_control' with type 'ros.ament_cmake' and name 'delivery_bot_control'
[0.534s] Level 1:colcon.colcon_core.package_identification:_identify(/home/abanoub/delivery_bot_ws/src/delivery_bot_nav) by extensions ['ignore', 'ignore_ament_install']
[0.534s] Level 1:colcon.colcon_core.package_identification:_identify(/home/abanoub/delivery_bot_ws/src/delivery_bot_nav) by extension 'ignore'
[0.534s] Level 1:colcon.colcon_core.package_identification:_identify(/home/abanoub/delivery_bot_ws/src/delivery_bot_nav) by extension 'ignore_ament_install'
[0.534s] Level 1:colcon.colcon_core.package_identification:_identify(/home/abanoub/delivery_bot_ws/src/delivery_bot_nav) by extensions ['colcon_pkg']
[0.534s] Level 1:colcon.colcon_core.package_identification:_identify(/home/abanoub/delivery_bot_ws/src/delivery_bot_nav) by extension 'colcon_pkg'
[0.534s] Level 1:colcon.colcon_core.package_identification:_identify(/home/abanoub/delivery_bot_ws/src/delivery_bot_nav) by extensions ['colcon_meta']
[0.535s] Level 1:colcon.colcon_core.package_identification:_identify(/home/abanoub/delivery_bot_ws/src/delivery_bot_nav) by extension 'colcon_meta'
[0.535s] Level 1:colcon.colcon_core.package_identification:_identify(/home/abanoub/delivery_bot_ws/src/delivery_bot_nav) by extensions ['ros']
[0.535s] Level 1:colcon.colcon_core.package_identification:_identify(/home/abanoub/delivery_bot_ws/src/delivery_bot_nav) by extension 'ros'
[0.537s] DEBUG:colcon.colcon_core.package_identification:Package '/home/abanoub/delivery_bot_ws/src/delivery_bot_nav' with type 'ros.ament_cmake' and name 'delivery_bot_nav'
[0.537s] Level 1:colcon.colcon_core.package_identification:_identify(/home/abanoub/delivery_bot_ws/src/my_robot_description) by extensions ['ignore', 'ignore_ament_install']
[0.538s] Level 1:colcon.colcon_core.package_identification:_identify(/home/abanoub/delivery_bot_ws/src/my_robot_description) by extension 'ignore'
[0.538s] Level 1:colcon.colcon_core.package_identification:_identify(/home/abanoub/delivery_bot_ws/src/my_robot_description) by extension 'ignore_ament_install'
[0.538s] Level 1:colcon.colcon_core.package_identification:_identify(/home/abanoub/delivery_bot_ws/src/my_robot_description) by extensions ['colcon_pkg']
[0.538s] Level 1:colcon.colcon_core.package_identification:_identify(/home/abanoub/delivery_bot_ws/src/my_robot_description) by extension 'colcon_pkg'
[0.538s] Level 1:colcon.colcon_core.package_identification:_identify(/home/abanoub/delivery_bot_ws/src/my_robot_description) by extensions ['colcon_meta']
[0.538s] Level 1:colcon.colcon_core.package_identification:_identify(/home/abanoub/delivery_bot_ws/src/my_robot_description) by extension 'colcon_meta'
[0.539s] Level 1:colcon.colcon_core.package_identification:_identify(/home/abanoub/delivery_bot_ws/src/my_robot_description) by extensions ['ros']
[0.539s] Level 1:colcon.colcon_core.package_identification:_identify(/home/abanoub/delivery_bot_ws/src/my_robot_description) by extension 'ros'
[0.541s] DEBUG:colcon.colcon_core.package_identification:Package '/home/abanoub/delivery_bot_ws/src/my_robot_description' with type 'ros.ament_cmake' and name 'my_robot_description'
[0.542s] Level 1:colcon.colcon_core.package_identification:_identify(/home/abanoub/delivery_bot_ws/src/my_worlds) by extensions ['ignore', 'ignore_ament_install']
[0.542s] Level 1:colcon.colcon_core.package_identification:_identify(/home/abanoub/delivery_bot_ws/src/my_worlds) by extension 'ignore'
[0.542s] Level 1:colcon.colcon_core.package_identification:_identify(/home/abanoub/delivery_bot_ws/src/my_worlds) by extension 'ignore_ament_install'
[0.543s] Level 1:colcon.colcon_core.package_identification:_identify(/home/abanoub/delivery_bot_ws/src/my_worlds) by extensions ['colcon_pkg']
[0.543s] Level 1:colcon.colcon_core.package_identification:_identify(/home/abanoub/delivery_bot_ws/src/my_worlds) by extension 'colcon_pkg'
[0.543s] Level 1:colcon.colcon_core.package_identification:_identify(/home/abanoub/delivery_bot_ws/src/my_worlds) by extensions ['colcon_meta']
[0.543s] Level 1:colcon.colcon_core.package_identification:_identify(/home/abanoub/delivery_bot_ws/src/my_worlds) by extension 'colcon_meta'
[0.543s] Level 1:colcon.colcon_core.package_identification:_identify(/home/abanoub/delivery_bot_ws/src/my_worlds) by extensions ['ros']
[0.543s] Level 1:colcon.colcon_core.package_identification:_identify(/home/abanoub/delivery_bot_ws/src/my_worlds) by extension 'ros'
[0.543s] Level 1:colcon.colcon_core.package_identification:_identify(/home/abanoub/delivery_bot_ws/src/my_worlds) by extensions ['cmake', 'python']
[0.543s] Level 1:colcon.colcon_core.package_identification:_identify(/home/abanoub/delivery_bot_ws/src/my_worlds) by extension 'cmake'
[0.544s] Level 1:colcon.colcon_core.package_identification:_identify(/home/abanoub/delivery_bot_ws/src/my_worlds) by extension 'python'
[0.544s] Level 1:colcon.colcon_core.package_identification:_identify(/home/abanoub/delivery_bot_ws/src/my_worlds) by extensions ['python_setup_py']
[0.544s] Level 1:colcon.colcon_core.package_identification:_identify(/home/abanoub/delivery_bot_ws/src/my_worlds) by extension 'python_setup_py'
[0.544s] Level 1:colcon.colcon_core.package_identification:_identify(/home/abanoub/delivery_bot_ws/src/my_worlds/worlds) by extensions ['ignore', 'ignore_ament_install']
[0.544s] Level 1:colcon.colcon_core.package_identification:_identify(/home/abanoub/delivery_bot_ws/src/my_worlds/worlds) by extension 'ignore'
[0.545s] Level 1:colcon.colcon_core.package_identification:_identify(/home/abanoub/delivery_bot_ws/src/my_worlds/worlds) by extension 'ignore_ament_install'
[0.545s] Level 1:colcon.colcon_core.package_identification:_identify(/home/abanoub/delivery_bot_ws/src/my_worlds/worlds) by extensions ['colcon_pkg']
[0.545s] Level 1:colcon.colcon_core.package_identification:_identify(/home/abanoub/delivery_bot_ws/src/my_worlds/worlds) by extension 'colcon_pkg'
[0.545s] Level 1:colcon.colcon_core.package_identification:_identify(/home/abanoub/delivery_bot_ws/src/my_worlds/worlds) by extensions ['colcon_meta']
[0.545s] Level 1:colcon.colcon_core.package_identification:_identify(/home/abanoub/delivery_bot_ws/src/my_worlds/worlds) by extension 'colcon_meta'
[0.545s] Level 1:colcon.colcon_core.package_identification:_identify(/home/abanoub/delivery_bot_ws/src/my_worlds/worlds) by extensions ['ros']
[0.545s] Level 1:colcon.colcon_core.package_identification:_identify(/home/abanoub/delivery_bot_ws/src/my_worlds/worlds) by extension 'ros'
[0.546s] Level 1:colcon.colcon_core.package_identification:_identify(/home/abanoub/delivery_bot_ws/src/my_worlds/worlds) by extensions ['cmake', 'python']
[0.546s] Level 1:colcon.colcon_core.package_identification:_identify(/home/abanoub/delivery_bot_ws/src/my_worlds/worlds) by extension 'cmake'
[0.546s] Level 1:colcon.colcon_core.package_identification:_identify(/home/abanoub/delivery_bot_ws/src/my_worlds/worlds) by extension 'python'
[0.546s] Level 1:colcon.colcon_core.package_identification:_identify(/home/abanoub/delivery_bot_ws/src/my_worlds/worlds) by extensions ['python_setup_py']
[0.546s] Level 1:colcon.colcon_core.package_identification:_identify(/home/abanoub/delivery_bot_ws/src/my_worlds/worlds) by extension 'python_setup_py'
[0.546s] Level 1:colcon.colcon_core.package_discovery:discover_packages(recursive) using defaults
