[0.700s] DEBUG:colcon:Command line arguments: ['/usr/bin/colcon', 'build']
[0.700s] DEBUG:colcon:Parsed command line arguments: Namespace(log_base=None, log_level=None, verb_name='build', build_base='build', install_base='install', merge_install=False, symlink_install=False, test_result_base=None, continue_on_error=False, executor='parallel', parallel_workers=20, event_handlers=None, ignore_user_meta=False, metas=['./colcon.meta'], base_paths=['.'], packages_ignore=None, packages_ignore_regex=None, paths=None, packages_up_to=None, packages_up_to_regex=None, packages_above=None, packages_above_and_dependencies=None, packages_above_depth=None, packages_select_by_dep=None, packages_skip_by_dep=None, packages_skip_up_to=None, packages_select_build_failed=False, packages_skip_build_finished=False, packages_select_test_failures=False, packages_skip_test_passed=False, packages_select=None, packages_skip=None, packages_select_regex=None, packages_skip_regex=None, packages_start=None, packages_end=None, allow_overriding=[], cmake_args=None, cmake_target=None, cmake_target_skip_unavailable=False, cmake_clean_cache=False, cmake_clean_first=False, cmake_force_configure=False, ament_cmake_args=None, catkin_cmake_args=None, catkin_skip_building_tests=False, verb_parser=<colcon_defaults.argument_parser.defaults.DefaultArgumentsDecorator object at 0x77ef5281d930>, verb_extension=<colcon_core.verb.build.BuildVerb object at 0x77ef5295ada0>, main=<bound method BuildVerb.main of <colcon_core.verb.build.BuildVerb object at 0x77ef5295ada0>>)
[0.885s] Level 1:colcon.colcon_core.package_discovery:discover_packages(colcon_meta) check parameters
[0.886s] Level 1:colcon.colcon_core.package_discovery:discover_packages(recursive) check parameters
[0.886s] Level 1:colcon.colcon_core.package_discovery:discover_packages(ignore) check parameters
[0.886s] Level 1:colcon.colcon_core.package_discovery:discover_packages(path) check parameters
[0.886s] Level 1:colcon.colcon_core.package_discovery:discover_packages(colcon_meta) discover
[0.886s] Level 1:colcon.colcon_core.package_discovery:discover_packages(recursive) discover
[0.886s] INFO:colcon.colcon_core.package_discovery:Crawling recursively for packages in '/home/abanoub/delivery_bot_ws'
[0.886s] Level 1:colcon.colcon_core.package_identification:_identify(.) by extensions ['ignore', 'ignore_ament_install']
[0.886s] Level 1:colcon.colcon_core.package_identification:_identify(.) by extension 'ignore'
[0.886s] Level 1:colcon.colcon_core.package_identification:_identify(.) by extension 'ignore_ament_install'
[0.886s] Level 1:colcon.colcon_core.package_identification:_identify(.) by extensions ['colcon_pkg']
[0.886s] Level 1:colcon.colcon_core.package_identification:_identify(.) by extension 'colcon_pkg'
[0.886s] Level 1:colcon.colcon_core.package_identification:_identify(.) by extensions ['colcon_meta']
[0.886s] Level 1:colcon.colcon_core.package_identification:_identify(.) by extension 'colcon_meta'
[0.886s] Level 1:colcon.colcon_core.package_identification:_identify(.) by extensions ['ros']
[0.886s] Level 1:colcon.colcon_core.package_identification:_identify(.) by extension 'ros'
[0.894s] Level 1:colcon.colcon_core.package_identification:_identify(.) by extensions ['cmake', 'python']
[0.894s] Level 1:colcon.colcon_core.package_identification:_identify(.) by extension 'cmake'
[0.894s] Level 1:colcon.colcon_core.package_identification:_identify(.) by extension 'python'
[0.894s] Level 1:colcon.colcon_core.package_identification:_identify(.) by extensions ['python_setup_py']
[0.894s] Level 1:colcon.colcon_core.package_identification:_identify(.) by extension 'python_setup_py'
[0.895s] Level 1:colcon.colcon_core.package_identification:_identify(build) by extensions ['ignore', 'ignore_ament_install']
[0.895s] Level 1:colcon.colcon_core.package_identification:_identify(build) by extension 'ignore'
[0.895s] Level 1:colcon.colcon_core.package_identification:_identify(build) ignored
[0.895s] Level 1:colcon.colcon_core.package_identification:_identify(install) by extensions ['ignore', 'ignore_ament_install']
[0.895s] Level 1:colcon.colcon_core.package_identification:_identify(install) by extension 'ignore'
[0.895s] Level 1:colcon.colcon_core.package_identification:_identify(install) ignored
[0.895s] Level 1:colcon.colcon_core.package_identification:_identify(log) by extensions ['ignore', 'ignore_ament_install']
[0.895s] Level 1:colcon.colcon_core.package_identification:_identify(log) by extension 'ignore'
[0.895s] Level 1:colcon.colcon_core.package_identification:_identify(log) ignored
[0.895s] Level 1:colcon.colcon_core.package_identification:_identify(src) by extensions ['ignore', 'ignore_ament_install']
[0.895s] Level 1:colcon.colcon_core.package_identification:_identify(src) by extension 'ignore'
[0.895s] Level 1:colcon.colcon_core.package_identification:_identify(src) by extension 'ignore_ament_install'
[0.895s] Level 1:colcon.colcon_core.package_identification:_identify(src) by extensions ['colcon_pkg']
[0.895s] Level 1:colcon.colcon_core.package_identification:_identify(src) by extension 'colcon_pkg'
[0.895s] Level 1:colcon.colcon_core.package_identification:_identify(src) by extensions ['colcon_meta']
[0.895s] Level 1:colcon.colcon_core.package_identification:_identify(src) by extension 'colcon_meta'
[0.895s] Level 1:colcon.colcon_core.package_identification:_identify(src) by extensions ['ros']
[0.895s] Level 1:colcon.colcon_core.package_identification:_identify(src) by extension 'ros'
[0.895s] Level 1:colcon.colcon_core.package_identification:_identify(src) by extensions ['cmake', 'python']
[0.895s] Level 1:colcon.colcon_core.package_identification:_identify(src) by extension 'cmake'
[0.896s] Level 1:colcon.colcon_core.package_identification:_identify(src) by extension 'python'
[0.896s] Level 1:colcon.colcon_core.package_identification:_identify(src) by extensions ['python_setup_py']
[0.896s] Level 1:colcon.colcon_core.package_identification:_identify(src) by extension 'python_setup_py'
[0.896s] Level 1:colcon.colcon_core.package_identification:_identify(src/delivery_bot_behaviours) by extensions ['ignore', 'ignore_ament_install']
[0.896s] Level 1:colcon.colcon_core.package_identification:_identify(src/delivery_bot_behaviours) by extension 'ignore'
[0.896s] Level 1:colcon.colcon_core.package_identification:_identify(src/delivery_bot_behaviours) by extension 'ignore_ament_install'
[0.896s] Level 1:colcon.colcon_core.package_identification:_identify(src/delivery_bot_behaviours) by extensions ['colcon_pkg']
[0.896s] Level 1:colcon.colcon_core.package_identification:_identify(src/delivery_bot_behaviours) by extension 'colcon_pkg'
[0.896s] Level 1:colcon.colcon_core.package_identification:_identify(src/delivery_bot_behaviours) by extensions ['colcon_meta']
[0.896s] Level 1:colcon.colcon_core.package_identification:_identify(src/delivery_bot_behaviours) by extension 'colcon_meta'
[0.896s] Level 1:colcon.colcon_core.package_identification:_identify(src/delivery_bot_behaviours) by extensions ['ros']
[0.896s] Level 1:colcon.colcon_core.package_identification:_identify(src/delivery_bot_behaviours) by extension 'ros'
[0.897s] DEBUG:colcon.colcon_core.package_identification:Failed to parse potential ROS package manifest in'src/delivery_bot_behaviours': Error(s) in package 'src/delivery_bot_behaviours/package.xml':
The manifest contains invalid XML:
no element found: line 1, column 0
[0.897s] Level 1:colcon.colcon_core.package_identification:_identify(src/delivery_bot_behaviours) by extensions ['cmake', 'python']
[0.897s] Level 1:colcon.colcon_core.package_identification:_identify(src/delivery_bot_behaviours) by extension 'cmake'
[0.897s] Level 1:colcon.colcon_core.package_identification:_identify(src/delivery_bot_behaviours) by extension 'python'
[0.898s] DEBUG:colcon.colcon_core.package_identification:Package 'src/delivery_bot_behaviours' with type 'cmake' and name 'delivery_bot_behaviours'
[0.898s] Level 1:colcon.colcon_core.package_identification:_identify(src/delivery_bot_control) by extensions ['ignore', 'ignore_ament_install']
[0.898s] Level 1:colcon.colcon_core.package_identification:_identify(src/delivery_bot_control) by extension 'ignore'
[0.898s] Level 1:colcon.colcon_core.package_identification:_identify(src/delivery_bot_control) by extension 'ignore_ament_install'
[0.898s] Level 1:colcon.colcon_core.package_identification:_identify(src/delivery_bot_control) by extensions ['colcon_pkg']
[0.898s] Level 1:colcon.colcon_core.package_identification:_identify(src/delivery_bot_control) by extension 'colcon_pkg'
[0.898s] Level 1:colcon.colcon_core.package_identification:_identify(src/delivery_bot_control) by extensions ['colcon_meta']
[0.898s] Level 1:colcon.colcon_core.package_identification:_identify(src/delivery_bot_control) by extension 'colcon_meta'
[0.898s] Level 1:colcon.colcon_core.package_identification:_identify(src/delivery_bot_control) by extensions ['ros']
[0.898s] Level 1:colcon.colcon_core.package_identification:_identify(src/delivery_bot_control) by extension 'ros'
[0.899s] DEBUG:colcon.colcon_core.package_identification:Package 'src/delivery_bot_control' with type 'ros.ament_cmake' and name 'delivery_bot_control'
[0.900s] Level 1:colcon.colcon_core.package_identification:_identify(src/delivery_bot_nav) by extensions ['ignore', 'ignore_ament_install']
[0.900s] Level 1:colcon.colcon_core.package_identification:_identify(src/delivery_bot_nav) by extension 'ignore'
[0.900s] Level 1:colcon.colcon_core.package_identification:_identify(src/delivery_bot_nav) by extension 'ignore_ament_install'
[0.900s] Level 1:colcon.colcon_core.package_identification:_identify(src/delivery_bot_nav) by extensions ['colcon_pkg']
[0.900s] Level 1:colcon.colcon_core.package_identification:_identify(src/delivery_bot_nav) by extension 'colcon_pkg'
[0.900s] Level 1:colcon.colcon_core.package_identification:_identify(src/delivery_bot_nav) by extensions ['colcon_meta']
[0.900s] Level 1:colcon.colcon_core.package_identification:_identify(src/delivery_bot_nav) by extension 'colcon_meta'
[0.900s] Level 1:colcon.colcon_core.package_identification:_identify(src/delivery_bot_nav) by extensions ['ros']
[0.900s] Level 1:colcon.colcon_core.package_identification:_identify(src/delivery_bot_nav) by extension 'ros'
[0.900s] DEBUG:colcon.colcon_core.package_identification:Package 'src/delivery_bot_nav' with type 'ros.ament_cmake' and name 'delivery_bot_nav'
[0.900s] Level 1:colcon.colcon_core.package_identification:_identify(src/my_robot_description) by extensions ['ignore', 'ignore_ament_install']
[0.900s] Level 1:colcon.colcon_core.package_identification:_identify(src/my_robot_description) by extension 'ignore'
[0.900s] Level 1:colcon.colcon_core.package_identification:_identify(src/my_robot_description) by extension 'ignore_ament_install'
[0.901s] Level 1:colcon.colcon_core.package_identification:_identify(src/my_robot_description) by extensions ['colcon_pkg']
[0.901s] Level 1:colcon.colcon_core.package_identification:_identify(src/my_robot_description) by extension 'colcon_pkg'
[0.901s] Level 1:colcon.colcon_core.package_identification:_identify(src/my_robot_description) by extensions ['colcon_meta']
[0.901s] Level 1:colcon.colcon_core.package_identification:_identify(src/my_robot_description) by extension 'colcon_meta'
[0.901s] Level 1:colcon.colcon_core.package_identification:_identify(src/my_robot_description) by extensions ['ros']
[0.901s] Level 1:colcon.colcon_core.package_identification:_identify(src/my_robot_description) by extension 'ros'
[0.902s] DEBUG:colcon.colcon_core.package_identification:Package 'src/my_robot_description' with type 'ros.ament_cmake' and name 'my_robot_description'
[0.902s] Level 1:colcon.colcon_core.package_discovery:discover_packages(recursive) using defaults
[0.902s] Level 1:colcon.colcon_core.package_discovery:discover_packages(ignore) discover
[0.902s] Level 1:colcon.colcon_core.package_discovery:discover_packages(ignore) using defaults
[0.902s] Level 1:colcon.colcon_core.package_discovery:discover_packages(path) discover
[0.902s] Level 1:colcon.colcon_core.package_discovery:discover_packages(path) using defaults
[1.004s] Level 1:colcon.colcon_core.package_discovery:discover_packages(prefix_path) check parameters
[1.004s] Level 1:colcon.colcon_core.package_discovery:discover_packages(prefix_path) discover
[1.117s] DEBUG:colcon.colcon_installed_package_information.package_discovery:Found 4 installed packages in /home/abanoub/delivery_bot_ws/install
[1.154s] DEBUG:colcon.colcon_installed_package_information.package_discovery:Found 0 installed packages in /home/abanoub/ros2_ws/install
[1.157s] DEBUG:colcon.colcon_installed_package_information.package_discovery:Found 437 installed packages in /opt/ros/humble
[1.162s] Level 1:colcon.colcon_core.package_discovery:discover_packages(prefix_path) using defaults
[3.923s] Level 5:colcon.colcon_core.verb:set package 'delivery_bot_behaviours' build argument 'cmake_args' from command line to 'None'
[3.923s] Level 5:colcon.colcon_core.verb:set package 'delivery_bot_behaviours' build argument 'cmake_target' from command line to 'None'
[3.923s] Level 5:colcon.colcon_core.verb:set package 'delivery_bot_behaviours' build argument 'cmake_target_skip_unavailable' from command line to 'False'
[3.923s] Level 5:colcon.colcon_core.verb:set package 'delivery_bot_behaviours' build argument 'cmake_clean_cache' from command line to 'False'
[3.923s] Level 5:colcon.colcon_core.verb:set package 'delivery_bot_behaviours' build argument 'cmake_clean_first' from command line to 'False'
[3.923s] Level 5:colcon.colcon_core.verb:set package 'delivery_bot_behaviours' build argument 'cmake_force_configure' from command line to 'False'
[3.923s] Level 5:colcon.colcon_core.verb:set package 'delivery_bot_behaviours' build argument 'ament_cmake_args' from command line to 'None'
[3.923s] Level 5:colcon.colcon_core.verb:set package 'delivery_bot_behaviours' build argument 'catkin_cmake_args' from command line to 'None'
[3.923s] Level 5:colcon.colcon_core.verb:set package 'delivery_bot_behaviours' build argument 'catkin_skip_building_tests' from command line to 'False'
[3.923s] DEBUG:colcon.colcon_core.verb:Building package 'delivery_bot_behaviours' with the following arguments: {'ament_cmake_args': None, 'build_base': '/home/abanoub/delivery_bot_ws/build/delivery_bot_behaviours', 'catkin_cmake_args': None, 'catkin_skip_building_tests': False, 'cmake_args': None, 'cmake_clean_cache': False, 'cmake_clean_first': False, 'cmake_force_configure': False, 'cmake_target': None, 'cmake_target_skip_unavailable': False, 'install_base': '/home/abanoub/delivery_bot_ws/install/delivery_bot_behaviours', 'merge_install': False, 'path': '/home/abanoub/delivery_bot_ws/src/delivery_bot_behaviours', 'symlink_install': False, 'test_result_base': None}
[3.923s] Level 5:colcon.colcon_core.verb:set package 'delivery_bot_control' build argument 'cmake_args' from command line to 'None'
[3.923s] Level 5:colcon.colcon_core.verb:set package 'delivery_bot_control' build argument 'cmake_target' from command line to 'None'
[3.923s] Level 5:colcon.colcon_core.verb:set package 'delivery_bot_control' build argument 'cmake_target_skip_unavailable' from command line to 'False'
[3.923s] Level 5:colcon.colcon_core.verb:set package 'delivery_bot_control' build argument 'cmake_clean_cache' from command line to 'False'
[3.923s] Level 5:colcon.colcon_core.verb:set package 'delivery_bot_control' build argument 'cmake_clean_first' from command line to 'False'
[3.923s] Level 5:colcon.colcon_core.verb:set package 'delivery_bot_control' build argument 'cmake_force_configure' from command line to 'False'
[3.923s] Level 5:colcon.colcon_core.verb:set package 'delivery_bot_control' build argument 'ament_cmake_args' from command line to 'None'
[3.923s] Level 5:colcon.colcon_core.verb:set package 'delivery_bot_control' build argument 'catkin_cmake_args' from command line to 'None'
[3.923s] Level 5:colcon.colcon_core.verb:set package 'delivery_bot_control' build argument 'catkin_skip_building_tests' from command line to 'False'
[3.923s] DEBUG:colcon.colcon_core.verb:Building package 'delivery_bot_control' with the following arguments: {'ament_cmake_args': None, 'build_base': '/home/abanoub/delivery_bot_ws/build/delivery_bot_control', 'catkin_cmake_args': None, 'catkin_skip_building_tests': False, 'cmake_args': None, 'cmake_clean_cache': False, 'cmake_clean_first': False, 'cmake_force_configure': False, 'cmake_target': None, 'cmake_target_skip_unavailable': False, 'install_base': '/home/abanoub/delivery_bot_ws/install/delivery_bot_control', 'merge_install': False, 'path': '/home/abanoub/delivery_bot_ws/src/delivery_bot_control', 'symlink_install': False, 'test_result_base': None}
[3.924s] Level 5:colcon.colcon_core.verb:set package 'delivery_bot_nav' build argument 'cmake_args' from command line to 'None'
[3.924s] Level 5:colcon.colcon_core.verb:set package 'delivery_bot_nav' build argument 'cmake_target' from command line to 'None'
[3.924s] Level 5:colcon.colcon_core.verb:set package 'delivery_bot_nav' build argument 'cmake_target_skip_unavailable' from command line to 'False'
[3.924s] Level 5:colcon.colcon_core.verb:set package 'delivery_bot_nav' build argument 'cmake_clean_cache' from command line to 'False'
[3.924s] Level 5:colcon.colcon_core.verb:set package 'delivery_bot_nav' build argument 'cmake_clean_first' from command line to 'False'
[3.924s] Level 5:colcon.colcon_core.verb:set package 'delivery_bot_nav' build argument 'cmake_force_configure' from command line to 'False'
[3.924s] Level 5:colcon.colcon_core.verb:set package 'delivery_bot_nav' build argument 'ament_cmake_args' from command line to 'None'
[3.924s] Level 5:colcon.colcon_core.verb:set package 'delivery_bot_nav' build argument 'catkin_cmake_args' from command line to 'None'
[3.924s] Level 5:colcon.colcon_core.verb:set package 'delivery_bot_nav' build argument 'catkin_skip_building_tests' from command line to 'False'
[3.924s] DEBUG:colcon.colcon_core.verb:Building package 'delivery_bot_nav' with the following arguments: {'ament_cmake_args': None, 'build_base': '/home/abanoub/delivery_bot_ws/build/delivery_bot_nav', 'catkin_cmake_args': None, 'catkin_skip_building_tests': False, 'cmake_args': None, 'cmake_clean_cache': False, 'cmake_clean_first': False, 'cmake_force_configure': False, 'cmake_target': None, 'cmake_target_skip_unavailable': False, 'install_base': '/home/abanoub/delivery_bot_ws/install/delivery_bot_nav', 'merge_install': False, 'path': '/home/abanoub/delivery_bot_ws/src/delivery_bot_nav', 'symlink_install': False, 'test_result_base': None}
[3.924s] Level 5:colcon.colcon_core.verb:set package 'my_robot_description' build argument 'cmake_args' from command line to 'None'
[3.924s] Level 5:colcon.colcon_core.verb:set package 'my_robot_description' build argument 'cmake_target' from command line to 'None'
[3.924s] Level 5:colcon.colcon_core.verb:set package 'my_robot_description' build argument 'cmake_target_skip_unavailable' from command line to 'False'
[3.924s] Level 5:colcon.colcon_core.verb:set package 'my_robot_description' build argument 'cmake_clean_cache' from command line to 'False'
[3.924s] Level 5:colcon.colcon_core.verb:set package 'my_robot_description' build argument 'cmake_clean_first' from command line to 'False'
[3.924s] Level 5:colcon.colcon_core.verb:set package 'my_robot_description' build argument 'cmake_force_configure' from command line to 'False'
[3.924s] Level 5:colcon.colcon_core.verb:set package 'my_robot_description' build argument 'ament_cmake_args' from command line to 'None'
[3.924s] Level 5:colcon.colcon_core.verb:set package 'my_robot_description' build argument 'catkin_cmake_args' from command line to 'None'
[3.924s] Level 5:colcon.colcon_core.verb:set package 'my_robot_description' build argument 'catkin_skip_building_tests' from command line to 'False'
[3.924s] DEBUG:colcon.colcon_core.verb:Building package 'my_robot_description' with the following arguments: {'ament_cmake_args': None, 'build_base': '/home/abanoub/delivery_bot_ws/build/my_robot_description', 'catkin_cmake_args': None, 'catkin_skip_building_tests': False, 'cmake_args': None, 'cmake_clean_cache': False, 'cmake_clean_first': False, 'cmake_force_configure': False, 'cmake_target': None, 'cmake_target_skip_unavailable': False, 'install_base': '/home/abanoub/delivery_bot_ws/install/my_robot_description', 'merge_install': False, 'path': '/home/abanoub/delivery_bot_ws/src/my_robot_description', 'symlink_install': False, 'test_result_base': None}
[3.924s] INFO:colcon.colcon_core.executor:Executing jobs using 'parallel' executor
[3.925s] DEBUG:colcon.colcon_parallel_executor.executor.parallel:run_until_complete
[3.925s] INFO:colcon.colcon_cmake.task.cmake.build:Building CMake package in '/home/abanoub/delivery_bot_ws/src/delivery_bot_behaviours'
[3.996s] INFO:colcon.colcon_core.plugin_system:Skipping extension 'colcon_core.shell.bat': Not used on non-Windows systems
[3.996s] INFO:colcon.colcon_core.shell:Skip shell extension 'powershell' for command environment: Not usable outside of PowerShell
[3.996s] DEBUG:colcon.colcon_core.shell:Skip shell extension 'dsv' for command environment
[4.026s] INFO:colcon.colcon_ros.task.ament_cmake.build:Building ROS package in '/home/abanoub/delivery_bot_ws/src/delivery_bot_control' with build type 'ament_cmake'
[4.026s] INFO:colcon.colcon_cmake.task.cmake.build:Building CMake package in '/home/abanoub/delivery_bot_ws/src/delivery_bot_control'
[4.027s] INFO:colcon.colcon_core.shell:Skip shell extension 'powershell' for command environment: Not usable outside of PowerShell
[4.027s] DEBUG:colcon.colcon_core.shell:Skip shell extension 'dsv' for command environment
[4.033s] INFO:colcon.colcon_ros.task.ament_cmake.build:Building ROS package in '/home/abanoub/delivery_bot_ws/src/delivery_bot_nav' with build type 'ament_cmake'
[4.034s] INFO:colcon.colcon_cmake.task.cmake.build:Building CMake package in '/home/abanoub/delivery_bot_ws/src/delivery_bot_nav'
[4.034s] INFO:colcon.colcon_core.shell:Skip shell extension 'powershell' for command environment: Not usable outside of PowerShell
[4.034s] DEBUG:colcon.colcon_core.shell:Skip shell extension 'dsv' for command environment
[4.039s] INFO:colcon.colcon_ros.task.ament_cmake.build:Building ROS package in '/home/abanoub/delivery_bot_ws/src/my_robot_description' with build type 'ament_cmake'
[4.039s] INFO:colcon.colcon_cmake.task.cmake.build:Building CMake package in '/home/abanoub/delivery_bot_ws/src/my_robot_description'
[4.039s] INFO:colcon.colcon_core.shell:Skip shell extension 'powershell' for command environment: Not usable outside of PowerShell
[4.039s] DEBUG:colcon.colcon_core.shell:Skip shell extension 'dsv' for command environment
[4.087s] DEBUG:colcon.colcon_core.event_handler.log_command:Invoking command in '/home/abanoub/delivery_bot_ws/build/delivery_bot_behaviours': /usr/bin/cmake --build /home/abanoub/delivery_bot_ws/build/delivery_bot_behaviours -- -j20 -l20
[4.258s] DEBUG:colcon.colcon_core.event_handler.log_command:Invoking command in '/home/abanoub/delivery_bot_ws/build/delivery_bot_control': CMAKE_PREFIX_PATH=${CMAKE_PREFIX_PATH}:/opt/ros/humble /usr/bin/cmake --build /home/abanoub/delivery_bot_ws/build/delivery_bot_control -- -j20 -l20
[4.292s] DEBUG:colcon.colcon_core.event_handler.log_command:Invoking command in '/home/abanoub/delivery_bot_ws/build/my_robot_description': CMAKE_PREFIX_PATH=${CMAKE_PREFIX_PATH}:/opt/ros/humble /usr/bin/cmake --build /home/abanoub/delivery_bot_ws/build/my_robot_description -- -j20 -l20
[4.331s] DEBUG:colcon.colcon_core.event_handler.log_command:Invoking command in '/home/abanoub/delivery_bot_ws/build/delivery_bot_nav': CMAKE_PREFIX_PATH=${CMAKE_PREFIX_PATH}:/opt/ros/humble /usr/bin/cmake --build /home/abanoub/delivery_bot_ws/build/delivery_bot_nav -- -j20 -l20
[5.275s] DEBUG:colcon.colcon_core.event_handler.log_command:Invoked command in '/home/abanoub/delivery_bot_ws/build/delivery_bot_nav' returned '0': CMAKE_PREFIX_PATH=${CMAKE_PREFIX_PATH}:/opt/ros/humble /usr/bin/cmake --build /home/abanoub/delivery_bot_ws/build/delivery_bot_nav -- -j20 -l20
[5.292s] DEBUG:colcon.colcon_core.event_handler.log_command:Invoking command in '/home/abanoub/delivery_bot_ws/build/delivery_bot_nav': CMAKE_PREFIX_PATH=${CMAKE_PREFIX_PATH}:/opt/ros/humble /usr/bin/cmake --install /home/abanoub/delivery_bot_ws/build/delivery_bot_nav
[5.407s] DEBUG:colcon.colcon_core.event_handler.log_command:Invoked command in '/home/abanoub/delivery_bot_ws/build/my_robot_description' returned '0': CMAKE_PREFIX_PATH=${CMAKE_PREFIX_PATH}:/opt/ros/humble /usr/bin/cmake --build /home/abanoub/delivery_bot_ws/build/my_robot_description -- -j20 -l20
[5.507s] DEBUG:colcon.colcon_core.event_handler.log_command:Invoking command in '/home/abanoub/delivery_bot_ws/build/my_robot_description': CMAKE_PREFIX_PATH=${CMAKE_PREFIX_PATH}:/opt/ros/humble /usr/bin/cmake --install /home/abanoub/delivery_bot_ws/build/my_robot_description
[5.511s] DEBUG:colcon.colcon_core.event_handler.log_command:Invoked command in '/home/abanoub/delivery_bot_ws/build/delivery_bot_behaviours' returned '0': /usr/bin/cmake --build /home/abanoub/delivery_bot_ws/build/delivery_bot_behaviours -- -j20 -l20
[5.618s] WARNING:colcon.colcon_cmake.task.cmake.build:Could not run installation step for package 'delivery_bot_behaviours' because it has no 'install' target
[5.619s] Level 1:colcon.colcon_core.environment:create_environment_scripts_only(delivery_bot_behaviours)
[5.984s] Level 1:colcon.colcon_core.environment:checking '/home/abanoub/delivery_bot_ws/install/delivery_bot_behaviours' for CMake module files
[5.985s] Level 1:colcon.colcon_core.environment:checking '/home/abanoub/delivery_bot_ws/install/delivery_bot_behaviours' for CMake config files
[5.987s] Level 1:colcon.colcon_core.environment:checking '/home/abanoub/delivery_bot_ws/install/delivery_bot_behaviours/bin'
[5.987s] Level 1:colcon.colcon_core.environment:checking '/home/abanoub/delivery_bot_ws/install/delivery_bot_behaviours/lib/pkgconfig/delivery_bot_behaviours.pc'
[5.987s] Level 1:colcon.colcon_core.environment:checking '/home/abanoub/delivery_bot_ws/install/delivery_bot_behaviours/lib/python3.10/site-packages'
[5.988s] Level 1:colcon.colcon_core.environment:checking '/home/abanoub/delivery_bot_ws/install/delivery_bot_behaviours/bin'
[5.988s] INFO:colcon.colcon_core.shell:Creating package script '/home/abanoub/delivery_bot_ws/install/delivery_bot_behaviours/share/delivery_bot_behaviours/package.ps1'
[6.011s] INFO:colcon.colcon_core.shell:Creating package descriptor '/home/abanoub/delivery_bot_ws/install/delivery_bot_behaviours/share/delivery_bot_behaviours/package.dsv'
[6.039s] INFO:colcon.colcon_core.shell:Creating package script '/home/abanoub/delivery_bot_ws/install/delivery_bot_behaviours/share/delivery_bot_behaviours/package.sh'
[6.049s] INFO:colcon.colcon_core.shell:Creating package script '/home/abanoub/delivery_bot_ws/install/delivery_bot_behaviours/share/delivery_bot_behaviours/package.bash'
[6.079s] INFO:colcon.colcon_core.shell:Creating package script '/home/abanoub/delivery_bot_ws/install/delivery_bot_behaviours/share/delivery_bot_behaviours/package.zsh'
[6.099s] Level 1:colcon.colcon_core.environment:create_file_with_runtime_dependencies(/home/abanoub/delivery_bot_ws/install/delivery_bot_behaviours/share/colcon-core/packages/delivery_bot_behaviours)
[6.101s] Level 1:colcon.colcon_core.environment:create_environment_scripts_only(delivery_bot_nav)
[6.102s] Level 1:colcon.colcon_core.environment:checking '/home/abanoub/delivery_bot_ws/install/delivery_bot_nav' for CMake module files
[6.104s] DEBUG:colcon.colcon_core.event_handler.log_command:Invoked command in '/home/abanoub/delivery_bot_ws/build/delivery_bot_nav' returned '0': CMAKE_PREFIX_PATH=${CMAKE_PREFIX_PATH}:/opt/ros/humble /usr/bin/cmake --install /home/abanoub/delivery_bot_ws/build/delivery_bot_nav
[6.104s] Level 1:colcon.colcon_core.environment:checking '/home/abanoub/delivery_bot_ws/install/delivery_bot_nav' for CMake config files
[6.104s] Level 1:colcon.colcon_core.shell:create_environment_hook('delivery_bot_nav', 'cmake_prefix_path')
[6.105s] INFO:colcon.colcon_core.shell:Creating environment hook '/home/abanoub/delivery_bot_ws/install/delivery_bot_nav/share/delivery_bot_nav/hook/cmake_prefix_path.ps1'
[6.133s] INFO:colcon.colcon_core.shell:Creating environment descriptor '/home/abanoub/delivery_bot_ws/install/delivery_bot_nav/share/delivery_bot_nav/hook/cmake_prefix_path.dsv'
[6.157s] INFO:colcon.colcon_core.shell:Creating environment hook '/home/abanoub/delivery_bot_ws/install/delivery_bot_nav/share/delivery_bot_nav/hook/cmake_prefix_path.sh'
[6.169s] Level 1:colcon.colcon_core.environment:checking '/home/abanoub/delivery_bot_ws/install/delivery_bot_nav/bin'
[6.170s] Level 1:colcon.colcon_core.environment:checking '/home/abanoub/delivery_bot_ws/install/delivery_bot_nav/lib/pkgconfig/delivery_bot_nav.pc'
[6.170s] Level 1:colcon.colcon_core.environment:checking '/home/abanoub/delivery_bot_ws/install/delivery_bot_nav/lib/python3.10/site-packages'
[6.170s] Level 1:colcon.colcon_core.environment:checking '/home/abanoub/delivery_bot_ws/install/delivery_bot_nav/bin'
[6.171s] INFO:colcon.colcon_core.shell:Creating package script '/home/abanoub/delivery_bot_ws/install/delivery_bot_nav/share/delivery_bot_nav/package.ps1'
[6.172s] INFO:colcon.colcon_core.shell:Creating package descriptor '/home/abanoub/delivery_bot_ws/install/delivery_bot_nav/share/delivery_bot_nav/package.dsv'
[6.173s] INFO:colcon.colcon_core.shell:Creating package script '/home/abanoub/delivery_bot_ws/install/delivery_bot_nav/share/delivery_bot_nav/package.sh'
[6.174s] INFO:colcon.colcon_core.shell:Creating package script '/home/abanoub/delivery_bot_ws/install/delivery_bot_nav/share/delivery_bot_nav/package.bash'
[6.174s] INFO:colcon.colcon_core.shell:Creating package script '/home/abanoub/delivery_bot_ws/install/delivery_bot_nav/share/delivery_bot_nav/package.zsh'
[6.175s] Level 1:colcon.colcon_core.environment:create_file_with_runtime_dependencies(/home/abanoub/delivery_bot_ws/install/delivery_bot_nav/share/colcon-core/packages/delivery_bot_nav)
[6.176s] Level 1:colcon.colcon_core.environment:create_environment_scripts_only(delivery_bot_nav)
[6.176s] Level 1:colcon.colcon_core.environment:checking '/home/abanoub/delivery_bot_ws/install/delivery_bot_nav' for CMake module files
[6.177s] Level 1:colcon.colcon_core.environment:checking '/home/abanoub/delivery_bot_ws/install/delivery_bot_nav' for CMake config files
[6.177s] Level 1:colcon.colcon_core.shell:create_environment_hook('delivery_bot_nav', 'cmake_prefix_path')
[6.177s] INFO:colcon.colcon_core.shell:Creating environment hook '/home/abanoub/delivery_bot_ws/install/delivery_bot_nav/share/delivery_bot_nav/hook/cmake_prefix_path.ps1'
[6.181s] INFO:colcon.colcon_core.shell:Creating environment descriptor '/home/abanoub/delivery_bot_ws/install/delivery_bot_nav/share/delivery_bot_nav/hook/cmake_prefix_path.dsv'
[6.182s] INFO:colcon.colcon_core.shell:Creating environment hook '/home/abanoub/delivery_bot_ws/install/delivery_bot_nav/share/delivery_bot_nav/hook/cmake_prefix_path.sh'
[6.182s] Level 1:colcon.colcon_core.environment:checking '/home/abanoub/delivery_bot_ws/install/delivery_bot_nav/bin'
[6.183s] Level 1:colcon.colcon_core.environment:checking '/home/abanoub/delivery_bot_ws/install/delivery_bot_nav/lib/pkgconfig/delivery_bot_nav.pc'
[6.183s] Level 1:colcon.colcon_core.environment:checking '/home/abanoub/delivery_bot_ws/install/delivery_bot_nav/lib/python3.10/site-packages'
[6.183s] Level 1:colcon.colcon_core.environment:checking '/home/abanoub/delivery_bot_ws/install/delivery_bot_nav/bin'
[6.184s] INFO:colcon.colcon_core.shell:Creating package script '/home/abanoub/delivery_bot_ws/install/delivery_bot_nav/share/delivery_bot_nav/package.ps1'
[6.184s] INFO:colcon.colcon_core.shell:Creating package descriptor '/home/abanoub/delivery_bot_ws/install/delivery_bot_nav/share/delivery_bot_nav/package.dsv'
[6.185s] INFO:colcon.colcon_core.shell:Creating package script '/home/abanoub/delivery_bot_ws/install/delivery_bot_nav/share/delivery_bot_nav/package.sh'
[6.185s] INFO:colcon.colcon_core.shell:Creating package script '/home/abanoub/delivery_bot_ws/install/delivery_bot_nav/share/delivery_bot_nav/package.bash'
[6.186s] INFO:colcon.colcon_core.shell:Creating package script '/home/abanoub/delivery_bot_ws/install/delivery_bot_nav/share/delivery_bot_nav/package.zsh'
[6.187s] Level 1:colcon.colcon_core.environment:create_file_with_runtime_dependencies(/home/abanoub/delivery_bot_ws/install/delivery_bot_nav/share/colcon-core/packages/delivery_bot_nav)
[6.189s] Level 1:colcon.colcon_core.environment:create_environment_scripts_only(my_robot_description)
[6.189s] Level 1:colcon.colcon_core.environment:checking '/home/abanoub/delivery_bot_ws/install/my_robot_description' for CMake module files
[6.190s] Level 1:colcon.colcon_core.environment:checking '/home/abanoub/delivery_bot_ws/install/my_robot_description' for CMake config files
[6.191s] Level 1:colcon.colcon_core.shell:create_environment_hook('my_robot_description', 'cmake_prefix_path')
[6.191s] INFO:colcon.colcon_core.shell:Creating environment hook '/home/abanoub/delivery_bot_ws/install/my_robot_description/share/my_robot_description/hook/cmake_prefix_path.ps1'
[6.196s] INFO:colcon.colcon_core.shell:Creating environment descriptor '/home/abanoub/delivery_bot_ws/install/my_robot_description/share/my_robot_description/hook/cmake_prefix_path.dsv'
[6.197s] DEBUG:colcon.colcon_core.event_handler.log_command:Invoked command in '/home/abanoub/delivery_bot_ws/build/my_robot_description' returned '0': CMAKE_PREFIX_PATH=${CMAKE_PREFIX_PATH}:/opt/ros/humble /usr/bin/cmake --install /home/abanoub/delivery_bot_ws/build/my_robot_description
[6.198s] INFO:colcon.colcon_core.shell:Creating environment hook '/home/abanoub/delivery_bot_ws/install/my_robot_description/share/my_robot_description/hook/cmake_prefix_path.sh'
[6.199s] Level 1:colcon.colcon_core.environment:checking '/home/abanoub/delivery_bot_ws/install/my_robot_description/bin'
[6.199s] Level 1:colcon.colcon_core.environment:checking '/home/abanoub/delivery_bot_ws/install/my_robot_description/lib/pkgconfig/my_robot_description.pc'
[6.200s] Level 1:colcon.colcon_core.environment:checking '/home/abanoub/delivery_bot_ws/install/my_robot_description/lib/python3.10/site-packages'
[6.200s] Level 1:colcon.colcon_core.environment:checking '/home/abanoub/delivery_bot_ws/install/my_robot_description/bin'
[6.200s] INFO:colcon.colcon_core.shell:Creating package script '/home/abanoub/delivery_bot_ws/install/my_robot_description/share/my_robot_description/package.ps1'
[6.201s] INFO:colcon.colcon_core.shell:Creating package descriptor '/home/abanoub/delivery_bot_ws/install/my_robot_description/share/my_robot_description/package.dsv'
[6.202s] INFO:colcon.colcon_core.shell:Creating package script '/home/abanoub/delivery_bot_ws/install/my_robot_description/share/my_robot_description/package.sh'
[6.203s] INFO:colcon.colcon_core.shell:Creating package script '/home/abanoub/delivery_bot_ws/install/my_robot_description/share/my_robot_description/package.bash'
[6.203s] INFO:colcon.colcon_core.shell:Creating package script '/home/abanoub/delivery_bot_ws/install/my_robot_description/share/my_robot_description/package.zsh'
[6.204s] Level 1:colcon.colcon_core.environment:create_file_with_runtime_dependencies(/home/abanoub/delivery_bot_ws/install/my_robot_description/share/colcon-core/packages/my_robot_description)
[6.210s] Level 1:colcon.colcon_core.environment:create_environment_scripts_only(my_robot_description)
[6.210s] Level 1:colcon.colcon_core.environment:checking '/home/abanoub/delivery_bot_ws/install/my_robot_description' for CMake module files
[6.210s] Level 1:colcon.colcon_core.environment:checking '/home/abanoub/delivery_bot_ws/install/my_robot_description' for CMake config files
[6.211s] Level 1:colcon.colcon_core.shell:create_environment_hook('my_robot_description', 'cmake_prefix_path')
[6.211s] INFO:colcon.colcon_core.shell:Creating environment hook '/home/abanoub/delivery_bot_ws/install/my_robot_description/share/my_robot_description/hook/cmake_prefix_path.ps1'
[6.211s] INFO:colcon.colcon_core.shell:Creating environment descriptor '/home/abanoub/delivery_bot_ws/install/my_robot_description/share/my_robot_description/hook/cmake_prefix_path.dsv'
[6.211s] INFO:colcon.colcon_core.shell:Creating environment hook '/home/abanoub/delivery_bot_ws/install/my_robot_description/share/my_robot_description/hook/cmake_prefix_path.sh'
[6.212s] Level 1:colcon.colcon_core.environment:checking '/home/abanoub/delivery_bot_ws/install/my_robot_description/bin'
[6.212s] Level 1:colcon.colcon_core.environment:checking '/home/abanoub/delivery_bot_ws/install/my_robot_description/lib/pkgconfig/my_robot_description.pc'
[6.212s] Level 1:colcon.colcon_core.environment:checking '/home/abanoub/delivery_bot_ws/install/my_robot_description/lib/python3.10/site-packages'
[6.212s] Level 1:colcon.colcon_core.environment:checking '/home/abanoub/delivery_bot_ws/install/my_robot_description/bin'
[6.212s] INFO:colcon.colcon_core.shell:Creating package script '/home/abanoub/delivery_bot_ws/install/my_robot_description/share/my_robot_description/package.ps1'
[6.213s] INFO:colcon.colcon_core.shell:Creating package descriptor '/home/abanoub/delivery_bot_ws/install/my_robot_description/share/my_robot_description/package.dsv'
[6.213s] INFO:colcon.colcon_core.shell:Creating package script '/home/abanoub/delivery_bot_ws/install/my_robot_description/share/my_robot_description/package.sh'
[6.213s] INFO:colcon.colcon_core.shell:Creating package script '/home/abanoub/delivery_bot_ws/install/my_robot_description/share/my_robot_description/package.bash'
[6.223s] INFO:colcon.colcon_core.shell:Creating package script '/home/abanoub/delivery_bot_ws/install/my_robot_description/share/my_robot_description/package.zsh'
[6.224s] Level 1:colcon.colcon_core.environment:create_file_with_runtime_dependencies(/home/abanoub/delivery_bot_ws/install/my_robot_description/share/colcon-core/packages/my_robot_description)
[6.393s] DEBUG:colcon.colcon_core.event_handler.log_command:Invoked command in '/home/abanoub/delivery_bot_ws/build/delivery_bot_control' returned '0': CMAKE_PREFIX_PATH=${CMAKE_PREFIX_PATH}:/opt/ros/humble /usr/bin/cmake --build /home/abanoub/delivery_bot_ws/build/delivery_bot_control -- -j20 -l20
[6.415s] DEBUG:colcon.colcon_core.event_handler.log_command:Invoking command in '/home/abanoub/delivery_bot_ws/build/delivery_bot_control': CMAKE_PREFIX_PATH=${CMAKE_PREFIX_PATH}:/opt/ros/humble /usr/bin/cmake --install /home/abanoub/delivery_bot_ws/build/delivery_bot_control
[6.458s] Level 1:colcon.colcon_core.environment:create_environment_scripts_only(delivery_bot_control)
[6.459s] Level 1:colcon.colcon_core.environment:checking '/home/abanoub/delivery_bot_ws/install/delivery_bot_control' for CMake module files
[6.459s] DEBUG:colcon.colcon_core.event_handler.log_command:Invoked command in '/home/abanoub/delivery_bot_ws/build/delivery_bot_control' returned '0': CMAKE_PREFIX_PATH=${CMAKE_PREFIX_PATH}:/opt/ros/humble /usr/bin/cmake --install /home/abanoub/delivery_bot_ws/build/delivery_bot_control
[6.460s] Level 1:colcon.colcon_core.environment:checking '/home/abanoub/delivery_bot_ws/install/delivery_bot_control' for CMake config files
[6.460s] Level 1:colcon.colcon_core.shell:create_environment_hook('delivery_bot_control', 'cmake_prefix_path')
[6.461s] INFO:colcon.colcon_core.shell:Creating environment hook '/home/abanoub/delivery_bot_ws/install/delivery_bot_control/share/delivery_bot_control/hook/cmake_prefix_path.ps1'
[6.462s] INFO:colcon.colcon_core.shell:Creating environment descriptor '/home/abanoub/delivery_bot_ws/install/delivery_bot_control/share/delivery_bot_control/hook/cmake_prefix_path.dsv'
[6.463s] INFO:colcon.colcon_core.shell:Creating environment hook '/home/abanoub/delivery_bot_ws/install/delivery_bot_control/share/delivery_bot_control/hook/cmake_prefix_path.sh'
[6.464s] Level 1:colcon.colcon_core.environment:checking '/home/abanoub/delivery_bot_ws/install/delivery_bot_control/lib'
[6.464s] Level 1:colcon.colcon_core.environment:checking '/home/abanoub/delivery_bot_ws/install/delivery_bot_control/bin'
[6.465s] Level 1:colcon.colcon_core.environment:checking '/home/abanoub/delivery_bot_ws/install/delivery_bot_control/lib/pkgconfig/delivery_bot_control.pc'
[6.465s] Level 1:colcon.colcon_core.environment:checking '/home/abanoub/delivery_bot_ws/install/delivery_bot_control/lib/python3.10/site-packages'
[6.466s] Level 1:colcon.colcon_core.environment:checking '/home/abanoub/delivery_bot_ws/install/delivery_bot_control/bin'
[6.466s] INFO:colcon.colcon_core.shell:Creating package script '/home/abanoub/delivery_bot_ws/install/delivery_bot_control/share/delivery_bot_control/package.ps1'
[6.467s] INFO:colcon.colcon_core.shell:Creating package descriptor '/home/abanoub/delivery_bot_ws/install/delivery_bot_control/share/delivery_bot_control/package.dsv'
[6.468s] INFO:colcon.colcon_core.shell:Creating package script '/home/abanoub/delivery_bot_ws/install/delivery_bot_control/share/delivery_bot_control/package.sh'
[6.469s] INFO:colcon.colcon_core.shell:Creating package script '/home/abanoub/delivery_bot_ws/install/delivery_bot_control/share/delivery_bot_control/package.bash'
[6.470s] INFO:colcon.colcon_core.shell:Creating package script '/home/abanoub/delivery_bot_ws/install/delivery_bot_control/share/delivery_bot_control/package.zsh'
[6.470s] Level 1:colcon.colcon_core.environment:create_file_with_runtime_dependencies(/home/abanoub/delivery_bot_ws/install/delivery_bot_control/share/colcon-core/packages/delivery_bot_control)
[6.471s] Level 1:colcon.colcon_core.environment:create_environment_scripts_only(delivery_bot_control)
[6.471s] Level 1:colcon.colcon_core.environment:checking '/home/abanoub/delivery_bot_ws/install/delivery_bot_control' for CMake module files
[6.472s] Level 1:colcon.colcon_core.environment:checking '/home/abanoub/delivery_bot_ws/install/delivery_bot_control' for CMake config files
[6.472s] Level 1:colcon.colcon_core.shell:create_environment_hook('delivery_bot_control', 'cmake_prefix_path')
[6.472s] INFO:colcon.colcon_core.shell:Creating environment hook '/home/abanoub/delivery_bot_ws/install/delivery_bot_control/share/delivery_bot_control/hook/cmake_prefix_path.ps1'
[6.473s] INFO:colcon.colcon_core.shell:Creating environment descriptor '/home/abanoub/delivery_bot_ws/install/delivery_bot_control/share/delivery_bot_control/hook/cmake_prefix_path.dsv'
[6.474s] INFO:colcon.colcon_core.shell:Creating environment hook '/home/abanoub/delivery_bot_ws/install/delivery_bot_control/share/delivery_bot_control/hook/cmake_prefix_path.sh'
[6.474s] Level 1:colcon.colcon_core.environment:checking '/home/abanoub/delivery_bot_ws/install/delivery_bot_control/lib'
[6.475s] Level 1:colcon.colcon_core.environment:checking '/home/abanoub/delivery_bot_ws/install/delivery_bot_control/bin'
[6.475s] Level 1:colcon.colcon_core.environment:checking '/home/abanoub/delivery_bot_ws/install/delivery_bot_control/lib/pkgconfig/delivery_bot_control.pc'
[6.475s] Level 1:colcon.colcon_core.environment:checking '/home/abanoub/delivery_bot_ws/install/delivery_bot_control/lib/python3.10/site-packages'
[6.475s] Level 1:colcon.colcon_core.environment:checking '/home/abanoub/delivery_bot_ws/install/delivery_bot_control/bin'
[6.476s] INFO:colcon.colcon_core.shell:Creating package script '/home/abanoub/delivery_bot_ws/install/delivery_bot_control/share/delivery_bot_control/package.ps1'
[6.477s] INFO:colcon.colcon_core.shell:Creating package descriptor '/home/abanoub/delivery_bot_ws/install/delivery_bot_control/share/delivery_bot_control/package.dsv'
[6.478s] INFO:colcon.colcon_core.shell:Creating package script '/home/abanoub/delivery_bot_ws/install/delivery_bot_control/share/delivery_bot_control/package.sh'
[6.478s] INFO:colcon.colcon_core.shell:Creating package script '/home/abanoub/delivery_bot_ws/install/delivery_bot_control/share/delivery_bot_control/package.bash'
[6.485s] INFO:colcon.colcon_core.shell:Creating package script '/home/abanoub/delivery_bot_ws/install/delivery_bot_control/share/delivery_bot_control/package.zsh'
[6.486s] Level 1:colcon.colcon_core.environment:create_file_with_runtime_dependencies(/home/abanoub/delivery_bot_ws/install/delivery_bot_control/share/colcon-core/packages/delivery_bot_control)
[6.486s] DEBUG:colcon.colcon_parallel_executor.executor.parallel:closing loop
[6.487s] DEBUG:colcon.colcon_parallel_executor.executor.parallel:loop closed
[6.487s] DEBUG:colcon.colcon_parallel_executor.executor.parallel:run_until_complete finished with '0'
[6.487s] DEBUG:colcon.colcon_core.event_reactor:joining thread
[6.737s] INFO:colcon.colcon_core.plugin_system:Skipping extension 'colcon_notification.desktop_notification.terminal_notifier': Not used on non-Darwin systems
[6.737s] INFO:colcon.colcon_core.plugin_system:Skipping extension 'colcon_notification.desktop_notification.win32': Not used on non-Windows systems
[6.737s] INFO:colcon.colcon_notification.desktop_notification:Sending desktop notification using 'notify2'
[6.757s] DEBUG:colcon.colcon_core.event_reactor:joined thread
[6.758s] INFO:colcon.colcon_core.shell:Creating prefix script '/home/abanoub/delivery_bot_ws/install/local_setup.ps1'
[6.779s] INFO:colcon.colcon_core.shell:Creating prefix util module '/home/abanoub/delivery_bot_ws/install/_local_setup_util_ps1.py'
[6.805s] INFO:colcon.colcon_core.shell:Creating prefix chain script '/home/abanoub/delivery_bot_ws/install/setup.ps1'
[6.817s] INFO:colcon.colcon_core.shell:Creating prefix script '/home/abanoub/delivery_bot_ws/install/local_setup.sh'
[6.829s] INFO:colcon.colcon_core.shell:Creating prefix util module '/home/abanoub/delivery_bot_ws/install/_local_setup_util_sh.py'
[6.831s] INFO:colcon.colcon_core.shell:Creating prefix chain script '/home/abanoub/delivery_bot_ws/install/setup.sh'
[6.841s] INFO:colcon.colcon_core.shell:Creating prefix script '/home/abanoub/delivery_bot_ws/install/local_setup.bash'
[6.878s] INFO:colcon.colcon_core.shell:Creating prefix chain script '/home/abanoub/delivery_bot_ws/install/setup.bash'
[6.890s] INFO:colcon.colcon_core.shell:Creating prefix script '/home/abanoub/delivery_bot_ws/install/local_setup.zsh'
[6.932s] INFO:colcon.colcon_core.shell:Creating prefix chain script '/home/abanoub/delivery_bot_ws/install/setup.zsh'
