-- Install configuration: ""
-- Up-to-date: /home/abanoub/delivery_bot_ws/install/my_robot_description/share/my_robot_description/urdf
-- Up-to-date: /home/abanoub/delivery_bot_ws/install/my_robot_description/share/my_robot_description/urdf/config.json
-- Up-to-date: /home/abanoub/delivery_bot_ws/install/my_robot_description/share/my_robot_description/urdf/robot_v2.urdf
-- Up-to-date: /home/abanoub/delivery_bot_ws/install/my_robot_description/share/my_robot_description/assets
-- Up-to-date: /home/abanoub/delivery_bot_ws/install/my_robot_description/share/my_robot_description/assets/part_14.stl
-- Up-to-date: /home/abanoub/delivery_bot_ws/install/my_robot_description/share/my_robot_description/assets/part_1.part
-- Up-to-date: /home/abanoub/delivery_bot_ws/install/my_robot_description/share/my_robot_description/assets/wheel.stl
-- Up-to-date: /home/abanoub/delivery_bot_ws/install/my_robot_description/share/my_robot_description/assets/part_2.stl
-- Up-to-date: /home/abanoub/delivery_bot_ws/install/my_robot_description/share/my_robot_description/assets/part_10.part
-- Up-to-date: /home/abanoub/delivery_bot_ws/install/my_robot_description/share/my_robot_description/assets/column_support.part
-- Up-to-date: /home/abanoub/delivery_bot_ws/install/my_robot_description/share/my_robot_description/assets/top_plate.stl
-- Up-to-date: /home/abanoub/delivery_bot_ws/install/my_robot_description/share/my_robot_description/assets/part_17.stl
-- Up-to-date: /home/abanoub/delivery_bot_ws/install/my_robot_description/share/my_robot_description/assets/part_4.stl
-- Up-to-date: /home/abanoub/delivery_bot_ws/install/my_robot_description/share/my_robot_description/assets/part_7.part
-- Up-to-date: /home/abanoub/delivery_bot_ws/install/my_robot_description/share/my_robot_description/assets/part_4.part
-- Up-to-date: /home/abanoub/delivery_bot_ws/install/my_robot_description/share/my_robot_description/assets/part_9.stl
-- Up-to-date: /home/abanoub/delivery_bot_ws/install/my_robot_description/share/my_robot_description/assets/part_9.part
-- Up-to-date: /home/abanoub/delivery_bot_ws/install/my_robot_description/share/my_robot_description/assets/part_1__2.part
-- Up-to-date: /home/abanoub/delivery_bot_ws/install/my_robot_description/share/my_robot_description/assets/part_15.stl
-- Up-to-date: /home/abanoub/delivery_bot_ws/install/my_robot_description/share/my_robot_description/assets/part_13.part
-- Up-to-date: /home/abanoub/delivery_bot_ws/install/my_robot_description/share/my_robot_description/assets/part_20.part
-- Up-to-date: /home/abanoub/delivery_bot_ws/install/my_robot_description/share/my_robot_description/assets/geared_dc_motor_with_encoder___ts_25ga370h.part
-- Up-to-date: /home/abanoub/delivery_bot_ws/install/my_robot_description/share/my_robot_description/assets/part_16.part
-- Up-to-date: /home/abanoub/delivery_bot_ws/install/my_robot_description/share/my_robot_description/assets/part_7.stl
-- Up-to-date: /home/abanoub/delivery_bot_ws/install/my_robot_description/share/my_robot_description/assets/part_1__2.stl
-- Up-to-date: /home/abanoub/delivery_bot_ws/install/my_robot_description/share/my_robot_description/assets/motor_mount.stl
-- Up-to-date: /home/abanoub/delivery_bot_ws/install/my_robot_description/share/my_robot_description/assets/part_8.stl
-- Up-to-date: /home/abanoub/delivery_bot_ws/install/my_robot_description/share/my_robot_description/assets/part_5.part
-- Up-to-date: /home/abanoub/delivery_bot_ws/install/my_robot_description/share/my_robot_description/assets/part_12.part
-- Up-to-date: /home/abanoub/delivery_bot_ws/install/my_robot_description/share/my_robot_description/assets/wheel.part
-- Up-to-date: /home/abanoub/delivery_bot_ws/install/my_robot_description/share/my_robot_description/assets/part_18.part
-- Up-to-date: /home/abanoub/delivery_bot_ws/install/my_robot_description/share/my_robot_description/assets/top_plate.part
-- Up-to-date: /home/abanoub/delivery_bot_ws/install/my_robot_description/share/my_robot_description/assets/part_12.stl
-- Up-to-date: /home/abanoub/delivery_bot_ws/install/my_robot_description/share/my_robot_description/assets/part_2.part
-- Up-to-date: /home/abanoub/delivery_bot_ws/install/my_robot_description/share/my_robot_description/assets/part_11.part
-- Up-to-date: /home/abanoub/delivery_bot_ws/install/my_robot_description/share/my_robot_description/assets/part_16.stl
-- Up-to-date: /home/abanoub/delivery_bot_ws/install/my_robot_description/share/my_robot_description/assets/part_13.stl
-- Up-to-date: /home/abanoub/delivery_bot_ws/install/my_robot_description/share/my_robot_description/assets/part_17.part
-- Up-to-date: /home/abanoub/delivery_bot_ws/install/my_robot_description/share/my_robot_description/assets/base_link.part
-- Up-to-date: /home/abanoub/delivery_bot_ws/install/my_robot_description/share/my_robot_description/assets/part_11.stl
-- Up-to-date: /home/abanoub/delivery_bot_ws/install/my_robot_description/share/my_robot_description/assets/base_link.stl
-- Up-to-date: /home/abanoub/delivery_bot_ws/install/my_robot_description/share/my_robot_description/assets/part_10.stl
-- Up-to-date: /home/abanoub/delivery_bot_ws/install/my_robot_description/share/my_robot_description/assets/part_8.part
-- Up-to-date: /home/abanoub/delivery_bot_ws/install/my_robot_description/share/my_robot_description/assets/motor_mount.part
-- Up-to-date: /home/abanoub/delivery_bot_ws/install/my_robot_description/share/my_robot_description/assets/part_3.part
-- Up-to-date: /home/abanoub/delivery_bot_ws/install/my_robot_description/share/my_robot_description/assets/part_15.part
-- Up-to-date: /home/abanoub/delivery_bot_ws/install/my_robot_description/share/my_robot_description/assets/part_6.part
-- Up-to-date: /home/abanoub/delivery_bot_ws/install/my_robot_description/share/my_robot_description/assets/part_14.part
-- Up-to-date: /home/abanoub/delivery_bot_ws/install/my_robot_description/share/my_robot_description/assets/part_5.stl
-- Up-to-date: /home/abanoub/delivery_bot_ws/install/my_robot_description/share/my_robot_description/assets/geared_dc_motor_with_encoder___ts_25ga370h.stl
-- Up-to-date: /home/abanoub/delivery_bot_ws/install/my_robot_description/share/my_robot_description/assets/part_18.stl
-- Up-to-date: /home/abanoub/delivery_bot_ws/install/my_robot_description/share/my_robot_description/assets/part_1.stl
-- Up-to-date: /home/abanoub/delivery_bot_ws/install/my_robot_description/share/my_robot_description/assets/part_6.stl
-- Up-to-date: /home/abanoub/delivery_bot_ws/install/my_robot_description/share/my_robot_description/assets/column_support.stl
-- Up-to-date: /home/abanoub/delivery_bot_ws/install/my_robot_description/share/my_robot_description/assets/part_20.stl
-- Up-to-date: /home/abanoub/delivery_bot_ws/install/my_robot_description/share/my_robot_description/assets/part_3.stl
-- Up-to-date: /home/abanoub/delivery_bot_ws/install/my_robot_description/share/my_robot_description/assets/part_19.stl
-- Up-to-date: /home/abanoub/delivery_bot_ws/install/my_robot_description/share/my_robot_description/assets/part_19.part
-- Up-to-date: /home/abanoub/delivery_bot_ws/install/my_robot_description/share/my_robot_description/launch
-- Up-to-date: /home/abanoub/delivery_bot_ws/install/my_robot_description/share/my_robot_description/launch/gazebo_launch.py
-- Up-to-date: /home/abanoub/delivery_bot_ws/install/my_robot_description/share/ament_index/resource_index/package_run_dependencies/my_robot_description
-- Up-to-date: /home/abanoub/delivery_bot_ws/install/my_robot_description/share/ament_index/resource_index/parent_prefix_path/my_robot_description
-- Up-to-date: /home/abanoub/delivery_bot_ws/install/my_robot_description/share/my_robot_description/environment/ament_prefix_path.sh
-- Up-to-date: /home/abanoub/delivery_bot_ws/install/my_robot_description/share/my_robot_description/environment/ament_prefix_path.dsv
-- Up-to-date: /home/abanoub/delivery_bot_ws/install/my_robot_description/share/my_robot_description/environment/path.sh
-- Up-to-date: /home/abanoub/delivery_bot_ws/install/my_robot_description/share/my_robot_description/environment/path.dsv
-- Up-to-date: /home/abanoub/delivery_bot_ws/install/my_robot_description/share/my_robot_description/local_setup.bash
-- Up-to-date: /home/abanoub/delivery_bot_ws/install/my_robot_description/share/my_robot_description/local_setup.sh
-- Up-to-date: /home/abanoub/delivery_bot_ws/install/my_robot_description/share/my_robot_description/local_setup.zsh
-- Up-to-date: /home/abanoub/delivery_bot_ws/install/my_robot_description/share/my_robot_description/local_setup.dsv
-- Installing: /home/abanoub/delivery_bot_ws/install/my_robot_description/share/my_robot_description/package.dsv
-- Up-to-date: /home/abanoub/delivery_bot_ws/install/my_robot_description/share/ament_index/resource_index/packages/my_robot_description
-- Up-to-date: /home/abanoub/delivery_bot_ws/install/my_robot_description/share/my_robot_description/cmake/my_robot_descriptionConfig.cmake
-- Up-to-date: /home/abanoub/delivery_bot_ws/install/my_robot_description/share/my_robot_description/cmake/my_robot_descriptionConfig-version.cmake
-- Up-to-date: /home/abanoub/delivery_bot_ws/install/my_robot_description/share/my_robot_description/package.xml
