[0.517s] Invoking command in '/home/abanoub/delivery_bot_ws/build/my_robot_description': CMAKE_PREFIX_PATH=${CMAKE_PREFIX_PATH}:/opt/ros/humble /usr/bin/cmake --build /home/abanoub/delivery_bot_ws/build/my_robot_description -- -j20 -l20
[2.836s] Invoked command in '/home/abanoub/delivery_bot_ws/build/my_robot_description' returned '0': CMAKE_PREFIX_PATH=${CMAKE_PREFIX_PATH}:/opt/ros/humble /usr/bin/cmake --build /home/abanoub/delivery_bot_ws/build/my_robot_description -- -j20 -l20
[3.882s] Invoking command in '/home/abanoub/delivery_bot_ws/build/my_robot_description': CMAKE_PREFIX_PATH=${CMAKE_PREFIX_PATH}:/opt/ros/humble /usr/bin/cmake --install /home/abanoub/delivery_bot_ws/build/my_robot_description
[4.179s] -- Install configuration: ""
[4.312s] -- Up-to-date: /home/abanoub/delivery_bot_ws/install/my_robot_description/share/my_robot_description/urdf
[4.312s] -- Up-to-date: /home/abanoub/delivery_bot_ws/install/my_robot_description/share/my_robot_description/urdf/config.json
[4.312s] -- Up-to-date: /home/abanoub/delivery_bot_ws/install/my_robot_description/share/my_robot_description/urdf/robot_v2.urdf
[4.312s] -- Up-to-date: /home/abanoub/delivery_bot_ws/install/my_robot_description/share/my_robot_description/assets
[4.313s] -- Up-to-date: /home/abanoub/delivery_bot_ws/install/my_robot_description/share/my_robot_description/assets/part_14.stl
[4.313s] -- Up-to-date: /home/abanoub/delivery_bot_ws/install/my_robot_description/share/my_robot_description/assets/part_1.part
[4.313s] -- Up-to-date: /home/abanoub/delivery_bot_ws/install/my_robot_description/share/my_robot_description/assets/wheel.stl
[4.313s] -- Up-to-date: /home/abanoub/delivery_bot_ws/install/my_robot_description/share/my_robot_description/assets/part_2.stl
[4.313s] -- Up-to-date: /home/abanoub/delivery_bot_ws/install/my_robot_description/share/my_robot_description/assets/part_10.part
[4.313s] -- Up-to-date: /home/abanoub/delivery_bot_ws/install/my_robot_description/share/my_robot_description/assets/column_support.part
[4.313s] -- Up-to-date: /home/abanoub/delivery_bot_ws/install/my_robot_description/share/my_robot_description/assets/top_plate.stl
[4.313s] -- Up-to-date: /home/abanoub/delivery_bot_ws/install/my_robot_description/share/my_robot_description/assets/part_17.stl
[4.313s] -- Up-to-date: /home/abanoub/delivery_bot_ws/install/my_robot_description/share/my_robot_description/assets/part_4.stl
[4.313s] -- Up-to-date: /home/abanoub/delivery_bot_ws/install/my_robot_description/share/my_robot_description/assets/part_7.part
[4.313s] -- Up-to-date: /home/abanoub/delivery_bot_ws/install/my_robot_description/share/my_robot_description/assets/part_4.part
[4.314s] -- Up-to-date: /home/abanoub/delivery_bot_ws/install/my_robot_description/share/my_robot_description/assets/part_9.stl
[4.314s] -- Up-to-date: /home/abanoub/delivery_bot_ws/install/my_robot_description/share/my_robot_description/assets/part_9.part
[4.314s] -- Up-to-date: /home/abanoub/delivery_bot_ws/install/my_robot_description/share/my_robot_description/assets/part_1__2.part
[4.314s] -- Up-to-date: /home/abanoub/delivery_bot_ws/install/my_robot_description/share/my_robot_description/assets/part_15.stl
[4.314s] -- Up-to-date: /home/abanoub/delivery_bot_ws/install/my_robot_description/share/my_robot_description/assets/part_13.part
[4.314s] -- Up-to-date: /home/abanoub/delivery_bot_ws/install/my_robot_description/share/my_robot_description/assets/part_20.part
[4.314s] -- Up-to-date: /home/abanoub/delivery_bot_ws/install/my_robot_description/share/my_robot_description/assets/geared_dc_motor_with_encoder___ts_25ga370h.part
[4.314s] -- Up-to-date: /home/abanoub/delivery_bot_ws/install/my_robot_description/share/my_robot_description/assets/part_16.part
[4.314s] -- Up-to-date: /home/abanoub/delivery_bot_ws/install/my_robot_description/share/my_robot_description/assets/part_7.stl
[4.315s] -- Up-to-date: /home/abanoub/delivery_bot_ws/install/my_robot_description/share/my_robot_description/assets/part_1__2.stl
[4.315s] -- Up-to-date: /home/abanoub/delivery_bot_ws/install/my_robot_description/share/my_robot_description/assets/motor_mount.stl
[4.315s] -- Up-to-date: /home/abanoub/delivery_bot_ws/install/my_robot_description/share/my_robot_description/assets/part_8.stl
[4.315s] -- Up-to-date: /home/abanoub/delivery_bot_ws/install/my_robot_description/share/my_robot_description/assets/part_5.part
[4.315s] -- Up-to-date: /home/abanoub/delivery_bot_ws/install/my_robot_description/share/my_robot_description/assets/part_12.part
[4.315s] -- Up-to-date: /home/abanoub/delivery_bot_ws/install/my_robot_description/share/my_robot_description/assets/wheel.part
[4.315s] -- Up-to-date: /home/abanoub/delivery_bot_ws/install/my_robot_description/share/my_robot_description/assets/part_18.part
[4.315s] -- Up-to-date: /home/abanoub/delivery_bot_ws/install/my_robot_description/share/my_robot_description/assets/top_plate.part
[4.315s] -- Up-to-date: /home/abanoub/delivery_bot_ws/install/my_robot_description/share/my_robot_description/assets/part_12.stl
[4.316s] -- Up-to-date: /home/abanoub/delivery_bot_ws/install/my_robot_description/share/my_robot_description/assets/part_2.part
[4.316s] -- Up-to-date: /home/abanoub/delivery_bot_ws/install/my_robot_description/share/my_robot_description/assets/part_11.part
[4.316s] -- Up-to-date: /home/abanoub/delivery_bot_ws/install/my_robot_description/share/my_robot_description/assets/part_16.stl
[4.316s] -- Up-to-date: /home/abanoub/delivery_bot_ws/install/my_robot_description/share/my_robot_description/assets/part_13.stl
[4.316s] -- Up-to-date: /home/abanoub/delivery_bot_ws/install/my_robot_description/share/my_robot_description/assets/part_17.part
[4.316s] -- Up-to-date: /home/abanoub/delivery_bot_ws/install/my_robot_description/share/my_robot_description/assets/base_link.part
[4.316s] -- Up-to-date: /home/abanoub/delivery_bot_ws/install/my_robot_description/share/my_robot_description/assets/part_11.stl
[4.316s] -- Up-to-date: /home/abanoub/delivery_bot_ws/install/my_robot_description/share/my_robot_description/assets/base_link.stl
[4.316s] -- Up-to-date: /home/abanoub/delivery_bot_ws/install/my_robot_description/share/my_robot_description/assets/part_10.stl
[4.316s] -- Up-to-date: /home/abanoub/delivery_bot_ws/install/my_robot_description/share/my_robot_description/assets/part_8.part
[4.316s] -- Up-to-date: /home/abanoub/delivery_bot_ws/install/my_robot_description/share/my_robot_description/assets/motor_mount.part
[4.316s] -- Up-to-date: /home/abanoub/delivery_bot_ws/install/my_robot_description/share/my_robot_description/assets/part_3.part
[4.316s] -- Up-to-date: /home/abanoub/delivery_bot_ws/install/my_robot_description/share/my_robot_description/assets/part_15.part
[4.316s] -- Up-to-date: /home/abanoub/delivery_bot_ws/install/my_robot_description/share/my_robot_description/assets/part_6.part
[4.317s] -- Up-to-date: /home/abanoub/delivery_bot_ws/install/my_robot_description/share/my_robot_description/assets/part_14.part
[4.317s] -- Up-to-date: /home/abanoub/delivery_bot_ws/install/my_robot_description/share/my_robot_description/assets/part_5.stl
[4.317s] -- Up-to-date: /home/abanoub/delivery_bot_ws/install/my_robot_description/share/my_robot_description/assets/geared_dc_motor_with_encoder___ts_25ga370h.stl
[4.317s] -- Up-to-date: /home/abanoub/delivery_bot_ws/install/my_robot_description/share/my_robot_description/assets/part_18.stl
[4.317s] -- Up-to-date: /home/abanoub/delivery_bot_ws/install/my_robot_description/share/my_robot_description/assets/part_1.stl
[4.317s] -- Up-to-date: /home/abanoub/delivery_bot_ws/install/my_robot_description/share/my_robot_description/assets/part_6.stl
[4.317s] -- Up-to-date: /home/abanoub/delivery_bot_ws/install/my_robot_description/share/my_robot_description/assets/column_support.stl
[4.317s] -- Up-to-date: /home/abanoub/delivery_bot_ws/install/my_robot_description/share/my_robot_description/assets/part_20.stl
[4.317s] -- Up-to-date: /home/abanoub/delivery_bot_ws/install/my_robot_description/share/my_robot_description/assets/part_3.stl
[4.317s] -- Up-to-date: /home/abanoub/delivery_bot_ws/install/my_robot_description/share/my_robot_description/assets/part_19.stl
[4.317s] -- Up-to-date: /home/abanoub/delivery_bot_ws/install/my_robot_description/share/my_robot_description/assets/part_19.part
[4.317s] -- Up-to-date: /home/abanoub/delivery_bot_ws/install/my_robot_description/share/my_robot_description/launch
[4.317s] -- Up-to-date: /home/abanoub/delivery_bot_ws/install/my_robot_description/share/my_robot_description/launch/gazebo_launch.py
[4.317s] -- Up-to-date: /home/abanoub/delivery_bot_ws/install/my_robot_description/share/ament_index/resource_index/package_run_dependencies/my_robot_description
[4.318s] -- Up-to-date: /home/abanoub/delivery_bot_ws/install/my_robot_description/share/ament_index/resource_index/parent_prefix_path/my_robot_description
[4.318s] -- Up-to-date: /home/abanoub/delivery_bot_ws/install/my_robot_description/share/my_robot_description/environment/ament_prefix_path.sh
[4.318s] -- Up-to-date: /home/abanoub/delivery_bot_ws/install/my_robot_description/share/my_robot_description/environment/ament_prefix_path.dsv
[4.318s] -- Up-to-date: /home/abanoub/delivery_bot_ws/install/my_robot_description/share/my_robot_description/environment/path.sh
[4.318s] -- Up-to-date: /home/abanoub/delivery_bot_ws/install/my_robot_description/share/my_robot_description/environment/path.dsv
[4.318s] -- Up-to-date: /home/abanoub/delivery_bot_ws/install/my_robot_description/share/my_robot_description/local_setup.bash
[4.318s] -- Up-to-date: /home/abanoub/delivery_bot_ws/install/my_robot_description/share/my_robot_description/local_setup.sh
[4.318s] -- Up-to-date: /home/abanoub/delivery_bot_ws/install/my_robot_description/share/my_robot_description/local_setup.zsh
[4.318s] -- Up-to-date: /home/abanoub/delivery_bot_ws/install/my_robot_description/share/my_robot_description/local_setup.dsv
[4.318s] -- Installing: /home/abanoub/delivery_bot_ws/install/my_robot_description/share/my_robot_description/package.dsv
[4.479s] -- Up-to-date: /home/abanoub/delivery_bot_ws/install/my_robot_description/share/ament_index/resource_index/packages/my_robot_description
[4.480s] -- Up-to-date: /home/abanoub/delivery_bot_ws/install/my_robot_description/share/my_robot_description/cmake/my_robot_descriptionConfig.cmake
[4.480s] -- Up-to-date: /home/abanoub/delivery_bot_ws/install/my_robot_description/share/my_robot_description/cmake/my_robot_descriptionConfig-version.cmake
[4.480s] -- Up-to-date: /home/abanoub/delivery_bot_ws/install/my_robot_description/share/my_robot_description/package.xml
[4.483s] Invoked command in '/home/abanoub/delivery_bot_ws/build/my_robot_description' returned '0': CMAKE_PREFIX_PATH=${CMAKE_PREFIX_PATH}:/opt/ros/humble /usr/bin/cmake --install /home/abanoub/delivery_bot_ws/build/my_robot_description
