[0.535s] Invoking command in '/home/abanoub/delivery_bot_ws/build/delivery_bot_control': CMAKE_PREFIX_PATH=${CMAKE_PREFIX_PATH}:/opt/ros/humble /usr/bin/cmake --build /home/abanoub/delivery_bot_ws/build/delivery_bot_control -- -j20 -l20
[14.792s] [100%] Built target hardware_bridge_node
[14.807s] Invoked command in '/home/abanoub/delivery_bot_ws/build/delivery_bot_control' returned '0': CMAKE_PREFIX_PATH=${CMAKE_PREFIX_PATH}:/opt/ros/humble /usr/bin/cmake --build /home/abanoub/delivery_bot_ws/build/delivery_bot_control -- -j20 -l20
[14.889s] Invoking command in '/home/abanoub/delivery_bot_ws/build/delivery_bot_control': CMAKE_PREFIX_PATH=${CMAKE_PREFIX_PATH}:/opt/ros/humble /usr/bin/cmake --install /home/abanoub/delivery_bot_ws/build/delivery_bot_control
[14.993s] -- Install configuration: ""
[14.994s] -- Up-to-date: /home/abanoub/delivery_bot_ws/install/delivery_bot_control/lib/delivery_bot_control/hardware_bridge_node
[14.994s] -- Up-to-date: /home/abanoub/delivery_bot_ws/install/delivery_bot_control/lib/delivery_bot_control/omni_kinematics_node.py
[14.995s] -- Up-to-date: /home/abanoub/delivery_bot_ws/install/delivery_bot_control/lib/delivery_bot_control/odometry_node.py
[14.995s] -- Up-to-date: /home/abanoub/delivery_bot_ws/install/delivery_bot_control/share/delivery_bot_control/config
[14.996s] -- Up-to-date: /home/abanoub/delivery_bot_ws/install/delivery_bot_control/share/delivery_bot_control/config/omni_drive_controller.params.yaml
[14.996s] -- Up-to-date: /home/abanoub/delivery_bot_ws/install/delivery_bot_control/share/delivery_bot_control/config/teleop_joy.yaml
[14.996s] -- Up-to-date: /home/abanoub/delivery_bot_ws/install/delivery_bot_control/share/delivery_bot_control/launch
[14.996s] -- Up-to-date: /home/abanoub/delivery_bot_ws/install/delivery_bot_control/share/delivery_bot_control/launch/controls.launch.py
[14.996s] -- Up-to-date: /home/abanoub/delivery_bot_ws/install/delivery_bot_control/share/delivery_bot_control/DefaultRobotHWSim.xml
[14.996s] -- Up-to-date: /home/abanoub/delivery_bot_ws/install/delivery_bot_control/share/ament_index/resource_index/package_run_dependencies/delivery_bot_control
[14.996s] -- Up-to-date: /home/abanoub/delivery_bot_ws/install/delivery_bot_control/share/ament_index/resource_index/parent_prefix_path/delivery_bot_control
[14.996s] -- Up-to-date: /home/abanoub/delivery_bot_ws/install/delivery_bot_control/share/delivery_bot_control/environment/ament_prefix_path.sh
[14.997s] -- Up-to-date: /home/abanoub/delivery_bot_ws/install/delivery_bot_control/share/delivery_bot_control/environment/ament_prefix_path.dsv
[14.997s] -- Up-to-date: /home/abanoub/delivery_bot_ws/install/delivery_bot_control/share/delivery_bot_control/environment/path.sh
[14.997s] -- Up-to-date: /home/abanoub/delivery_bot_ws/install/delivery_bot_control/share/delivery_bot_control/environment/path.dsv
[14.997s] -- Up-to-date: /home/abanoub/delivery_bot_ws/install/delivery_bot_control/share/delivery_bot_control/local_setup.bash
[14.997s] -- Up-to-date: /home/abanoub/delivery_bot_ws/install/delivery_bot_control/share/delivery_bot_control/local_setup.sh
[14.997s] -- Up-to-date: /home/abanoub/delivery_bot_ws/install/delivery_bot_control/share/delivery_bot_control/local_setup.zsh
[14.997s] -- Up-to-date: /home/abanoub/delivery_bot_ws/install/delivery_bot_control/share/delivery_bot_control/local_setup.dsv
[14.997s] -- Installing: /home/abanoub/delivery_bot_ws/install/delivery_bot_control/share/delivery_bot_control/package.dsv
[15.048s] -- Up-to-date: /home/abanoub/delivery_bot_ws/install/delivery_bot_control/share/ament_index/resource_index/packages/delivery_bot_control
[15.048s] -- Up-to-date: /home/abanoub/delivery_bot_ws/install/delivery_bot_control/share/ament_index/resource_index/hardware_interface__pluginlib__plugin/delivery_bot_control
[15.048s] -- Up-to-date: /home/abanoub/delivery_bot_ws/install/delivery_bot_control/share/delivery_bot_control/cmake/delivery_bot_controlConfig.cmake
[15.048s] -- Up-to-date: /home/abanoub/delivery_bot_ws/install/delivery_bot_control/share/delivery_bot_control/cmake/delivery_bot_controlConfig-version.cmake
[15.048s] -- Up-to-date: /home/abanoub/delivery_bot_ws/install/delivery_bot_control/share/delivery_bot_control/package.xml
[15.051s] Invoked command in '/home/abanoub/delivery_bot_ws/build/delivery_bot_control' returned '0': CMAKE_PREFIX_PATH=${CMAKE_PREFIX_PATH}:/opt/ros/humble /usr/bin/cmake --install /home/abanoub/delivery_bot_ws/build/delivery_bot_control
