[0.013s] Invoking command in '/home/abanoub/delivery_bot_ws/build/delivery_bot_control': CMAKE_PREFIX_PATH=${CMAKE_PREFIX_PATH}:/opt/ros/humble /usr/bin/cmake --build /home/abanoub/delivery_bot_ws/build/delivery_bot_control -- -j20 -l20
[0.063s] [ 50%] [32mBuilding CXX object CMakeFiles/hardware_bridge_node.dir/src/hardware_bridge_node.cpp.o[0m
[10.311s] [100%] [32m[1mLinking CXX executable hardware_bridge_node[0m
[11.430s] [100%] Built target hardware_bridge_node
[11.443s] Invoked command in '/home/abanoub/delivery_bot_ws/build/delivery_bot_control' returned '0': CMAKE_PREFIX_PATH=${CMAKE_PREFIX_PATH}:/opt/ros/humble /usr/bin/cmake --build /home/abanoub/delivery_bot_ws/build/delivery_bot_control -- -j20 -l20
[11.444s] Invoking command in '/home/abanoub/delivery_bot_ws/build/delivery_bot_control': CMAKE_PREFIX_PATH=${CMAKE_PREFIX_PATH}:/opt/ros/humble /usr/bin/cmake --install /home/abanoub/delivery_bot_ws/build/delivery_bot_control
[11.450s] -- Install configuration: ""
[11.450s] -- Installing: /home/abanoub/delivery_bot_ws/install/delivery_bot_control/lib/delivery_bot_control/hardware_bridge_node
[11.451s] -- Set runtime path of "/home/abanoub/delivery_bot_ws/install/delivery_bot_control/lib/delivery_bot_control/hardware_bridge_node" to ""
[11.451s] -- Up-to-date: /home/abanoub/delivery_bot_ws/install/delivery_bot_control/lib/delivery_bot_control/omni_kinematics_node.py
[11.451s] -- Up-to-date: /home/abanoub/delivery_bot_ws/install/delivery_bot_control/lib/delivery_bot_control/odometry_node.py
[11.451s] -- Up-to-date: /home/abanoub/delivery_bot_ws/install/delivery_bot_control/share/delivery_bot_control/config
[11.451s] -- Up-to-date: /home/abanoub/delivery_bot_ws/install/delivery_bot_control/share/delivery_bot_control/config/omni_controllers.yaml
[11.452s] -- Up-to-date: /home/abanoub/delivery_bot_ws/install/delivery_bot_control/share/delivery_bot_control/config/teleop_joy,yaml
[11.452s] -- Up-to-date: /home/abanoub/delivery_bot_ws/install/delivery_bot_control/share/delivery_bot_control/launch
[11.452s] -- Up-to-date: /home/abanoub/delivery_bot_ws/install/delivery_bot_control/share/delivery_bot_control/launch/controls.launch.py
[11.452s] -- Up-to-date: /home/abanoub/delivery_bot_ws/install/delivery_bot_control/share/ament_index/resource_index/package_run_dependencies/delivery_bot_control
[11.452s] -- Up-to-date: /home/abanoub/delivery_bot_ws/install/delivery_bot_control/share/ament_index/resource_index/parent_prefix_path/delivery_bot_control
[11.452s] -- Up-to-date: /home/abanoub/delivery_bot_ws/install/delivery_bot_control/share/delivery_bot_control/environment/ament_prefix_path.sh
[11.452s] -- Up-to-date: /home/abanoub/delivery_bot_ws/install/delivery_bot_control/share/delivery_bot_control/environment/ament_prefix_path.dsv
[11.452s] -- Up-to-date: /home/abanoub/delivery_bot_ws/install/delivery_bot_control/share/delivery_bot_control/environment/path.sh
[11.452s] -- Up-to-date: /home/abanoub/delivery_bot_ws/install/delivery_bot_control/share/delivery_bot_control/environment/path.dsv
[11.452s] -- Up-to-date: /home/abanoub/delivery_bot_ws/install/delivery_bot_control/share/delivery_bot_control/local_setup.bash
[11.452s] -- Up-to-date: /home/abanoub/delivery_bot_ws/install/delivery_bot_control/share/delivery_bot_control/local_setup.sh
[11.453s] -- Up-to-date: /home/abanoub/delivery_bot_ws/install/delivery_bot_control/share/delivery_bot_control/local_setup.zsh
[11.453s] -- Up-to-date: /home/abanoub/delivery_bot_ws/install/delivery_bot_control/share/delivery_bot_control/local_setup.dsv
[11.453s] -- Installing: /home/abanoub/delivery_bot_ws/install/delivery_bot_control/share/delivery_bot_control/package.dsv
[11.453s] -- Up-to-date: /home/abanoub/delivery_bot_ws/install/delivery_bot_control/share/ament_index/resource_index/packages/delivery_bot_control
[11.453s] -- Up-to-date: /home/abanoub/delivery_bot_ws/install/delivery_bot_control/share/delivery_bot_control/cmake/delivery_bot_controlConfig.cmake
[11.453s] -- Up-to-date: /home/abanoub/delivery_bot_ws/install/delivery_bot_control/share/delivery_bot_control/cmake/delivery_bot_controlConfig-version.cmake
[11.453s] -- Up-to-date: /home/abanoub/delivery_bot_ws/install/delivery_bot_control/share/delivery_bot_control/package.xml
[11.454s] Invoked command in '/home/abanoub/delivery_bot_ws/build/delivery_bot_control' returned '0': CMAKE_PREFIX_PATH=${CMAKE_PREFIX_PATH}:/opt/ros/humble /usr/bin/cmake --install /home/abanoub/delivery_bot_ws/build/delivery_bot_control
