[0.115s] Invoking command in '/home/abanoub/delivery_bot_ws/build/face_recognition': CMAKE_PREFIX_PATH=${CMAKE_PREFIX_PATH}:/opt/ros/humble /usr/bin/cmake --build /home/abanoub/delivery_bot_ws/build/face_recognition -- -j20 -l20
[0.359s] Invoked command in '/home/abanoub/delivery_bot_ws/build/face_recognition' returned '0': CMAKE_PREFIX_PATH=${CMAKE_PREFIX_PATH}:/opt/ros/humble /usr/bin/cmake --build /home/abanoub/delivery_bot_ws/build/face_recognition -- -j20 -l20
[0.364s] Invoking command in '/home/abanoub/delivery_bot_ws/build/face_recognition': CMAKE_PREFIX_PATH=${CMAKE_PREFIX_PATH}:/opt/ros/humble /usr/bin/cmake --install /home/abanoub/delivery_bot_ws/build/face_recognition
[0.394s] -- Install configuration: ""
[0.394s] -- Up-to-date: /home/abanoub/delivery_bot_ws/install/face_recognition/share/ament_index/resource_index/package_run_dependencies/face_recognition
[0.397s] -- Up-to-date: /home/abanoub/delivery_bot_ws/install/face_recognition/share/ament_index/resource_index/parent_prefix_path/face_recognition
[0.398s] -- Up-to-date: /home/abanoub/delivery_bot_ws/install/face_recognition/share/face_recognition/environment/ament_prefix_path.sh
[0.398s] -- Up-to-date: /home/abanoub/delivery_bot_ws/install/face_recognition/share/face_recognition/environment/ament_prefix_path.dsv
[0.398s] -- Up-to-date: /home/abanoub/delivery_bot_ws/install/face_recognition/share/face_recognition/environment/path.sh
[0.399s] -- Up-to-date: /home/abanoub/delivery_bot_ws/install/face_recognition/share/face_recognition/environment/path.dsv
[0.400s] -- Up-to-date: /home/abanoub/delivery_bot_ws/install/face_recognition/share/face_recognition/local_setup.bash
[0.400s] -- Up-to-date: /home/abanoub/delivery_bot_ws/install/face_recognition/share/face_recognition/local_setup.sh
[0.400s] -- Up-to-date: /home/abanoub/delivery_bot_ws/install/face_recognition/share/face_recognition/local_setup.zsh
[0.401s] -- Up-to-date: /home/abanoub/delivery_bot_ws/install/face_recognition/share/face_recognition/local_setup.dsv
[0.401s] -- Installing: /home/abanoub/delivery_bot_ws/install/face_recognition/share/face_recognition/package.dsv
[0.402s] -- Up-to-date: /home/abanoub/delivery_bot_ws/install/face_recognition/share/ament_index/resource_index/packages/face_recognition
[0.402s] -- Up-to-date: /home/abanoub/delivery_bot_ws/install/face_recognition/share/face_recognition/cmake/face_recognitionConfig.cmake
[0.402s] -- Up-to-date: /home/abanoub/delivery_bot_ws/install/face_recognition/share/face_recognition/cmake/face_recognitionConfig-version.cmake
[0.404s] -- Up-to-date: /home/abanoub/delivery_bot_ws/install/face_recognition/share/face_recognition/package.xml
[0.623s] Invoked command in '/home/abanoub/delivery_bot_ws/build/face_recognition' returned '0': CMAKE_PREFIX_PATH=${CMAKE_PREFIX_PATH}:/opt/ros/humble /usr/bin/cmake --install /home/abanoub/delivery_bot_ws/build/face_recognition
