[0.737s] Invoking command in '/home/abanoub/delivery_bot_ws/src/twist_to_stamped': DEBUGINFOD_URLS=https://debuginfod.ubuntu.com PYTHONPATH=/home/abanoub/delivery_bot_ws/build/twist_to_stamped/prefix_override:/usr/lib/python3/dist-packages/colcon_core/task/python/colcon_distutils_commands:/home/abanoub/delivery_bot_ws/install/twist_to_stamped/lib/python3.12/site-packages:${PYTHONPATH} /usr/bin/python3 -W ignore:setup.py install is deprecated -W ignore:easy_install command is deprecated setup.py egg_info --egg-base ../../build/twist_to_stamped build --build-base /home/abanoub/delivery_bot_ws/build/twist_to_stamped/build install --record /home/abanoub/delivery_bot_ws/build/twist_to_stamped/install.log --single-version-externally-managed
[0.932s] running egg_info
[0.948s] writing ../../build/twist_to_stamped/twist_to_stamped.egg-info/PKG-INFO
[0.948s] writing dependency_links to ../../build/twist_to_stamped/twist_to_stamped.egg-info/dependency_links.txt
[0.948s] writing entry points to ../../build/twist_to_stamped/twist_to_stamped.egg-info/entry_points.txt
[0.948s] writing requirements to ../../build/twist_to_stamped/twist_to_stamped.egg-info/requires.txt
[0.948s] writing top-level names to ../../build/twist_to_stamped/twist_to_stamped.egg-info/top_level.txt
[0.978s] reading manifest file '../../build/twist_to_stamped/twist_to_stamped.egg-info/SOURCES.txt'
[0.979s] writing manifest file '../../build/twist_to_stamped/twist_to_stamped.egg-info/SOURCES.txt'
[0.979s] running build
[0.979s] running build_py
[0.979s] running install
[0.984s] running install_lib
[0.999s] running install_egg_info
[1.014s] removing '/home/abanoub/delivery_bot_ws/install/twist_to_stamped/lib/python3.12/site-packages/twist_to_stamped-0.0.1-py3.12.egg-info' (and everything under it)
[1.014s] Copying ../../build/twist_to_stamped/twist_to_stamped.egg-info to /home/abanoub/delivery_bot_ws/install/twist_to_stamped/lib/python3.12/site-packages/twist_to_stamped-0.0.1-py3.12.egg-info
[1.014s] running install_scripts
[1.114s] Installing twist_to_stamped script to /home/abanoub/delivery_bot_ws/install/twist_to_stamped/bin
[1.114s] writing list of installed files to '/home/abanoub/delivery_bot_ws/build/twist_to_stamped/install.log'
[1.134s] Invoked command in '/home/abanoub/delivery_bot_ws/src/twist_to_stamped' returned '0': DEBUGINFOD_URLS=https://debuginfod.ubuntu.com PYTHONPATH=/home/abanoub/delivery_bot_ws/build/twist_to_stamped/prefix_override:/usr/lib/python3/dist-packages/colcon_core/task/python/colcon_distutils_commands:/home/abanoub/delivery_bot_ws/install/twist_to_stamped/lib/python3.12/site-packages:${PYTHONPATH} /usr/bin/python3 -W ignore:setup.py install is deprecated -W ignore:easy_install command is deprecated setup.py egg_info --egg-base ../../build/twist_to_stamped build --build-base /home/abanoub/delivery_bot_ws/build/twist_to_stamped/build install --record /home/abanoub/delivery_bot_ws/build/twist_to_stamped/install.log --single-version-externally-managed
