[0.100s] Invoking command in '/home/abanoub/delivery_bot_ws/build/delivery_bot_nav': CMAKE_PREFIX_PATH=${CMAKE_PREFIX_PATH}:/opt/ros/humble /usr/bin/cmake /home/abanoub/delivery_bot_ws/src/delivery_bot_nav -DCMAKE_INSTALL_PREFIX=/home/abanoub/delivery_bot_ws/install/delivery_bot_nav
[0.816s] -- Found ament_cmake: 1.3.11 (/opt/ros/humble/share/ament_cmake/cmake)
[2.518s] -- Override CMake install command with custom implementation using symlinks instead of copying resources
[4.438s] -- Found rclcpp: 16.0.12 (/opt/ros/humble/share/rclcpp/cmake)
[6.110s] -- Found rosidl_generator_c: 3.1.6 (/opt/ros/humble/share/rosidl_generator_c/cmake)
[6.247s] -- Found rosidl_adapter: 3.1.6 (/opt/ros/humble/share/rosidl_adapter/cmake)
[6.517s] -- Found rosidl_generator_cpp: 3.1.6 (/opt/ros/humble/share/rosidl_generator_cpp/cmake)
[6.954s] -- Using all available rosidl_typesupport_c: rosidl_typesupport_fastrtps_c;rosidl_typesupport_introspection_c
[7.526s] -- Using all available rosidl_typesupport_cpp: rosidl_typesupport_fastrtps_cpp;rosidl_typesupport_introspection_cpp
[8.522s] -- Found rmw_implementation_cmake: 6.1.2 (/opt/ros/humble/share/rmw_implementation_cmake/cmake)
[8.549s] -- Found rmw_fastrtps_cpp: 6.2.7 (/opt/ros/humble/share/rmw_fastrtps_cpp/cmake)
[9.823s] -- Using RMW implementation 'rmw_fastrtps_cpp' as default
[11.508s] -- Found sensor_msgs: 4.9.0 (/opt/ros/humble/share/sensor_msgs/cmake)
[11.805s] -- Found nav_msgs: 4.9.0 (/opt/ros/humble/share/nav_msgs/cmake)
[11.862s] -- Found ament_lint_auto: 0.12.12 (/opt/ros/humble/share/ament_lint_auto/cmake)
[12.550s] -- Added test 'flake8' to check Python code syntax and style conventions
[12.601s] -- Added test 'lint_cmake' to check CMake code style
[12.667s] -- Added test 'pep257' to check Python code against some of the docstring style conventions in PEP 257
[12.734s] -- Added test 'xmllint' to check XML markup files
[12.798s] -- Configuring done
[12.913s] -- Generating done
[12.916s] -- Build files have been written to: /home/abanoub/delivery_bot_ws/build/delivery_bot_nav
