[0.203s] Invoking command in '/home/abanoub/delivery_bot_ws/build/my_robot_description': CMAKE_PREFIX_PATH=${CMAKE_PREFIX_PATH}:/opt/ros/humble /usr/bin/cmake --build /home/abanoub/delivery_bot_ws/build/my_robot_description -- -j20 -l20
[0.905s] Invoked command in '/home/abanoub/delivery_bot_ws/build/my_robot_description' returned '0': CMAKE_PREFIX_PATH=${CMAKE_PREFIX_PATH}:/opt/ros/humble /usr/bin/cmake --build /home/abanoub/delivery_bot_ws/build/my_robot_description -- -j20 -l20
[0.906s] Invoking command in '/home/abanoub/delivery_bot_ws/build/my_robot_description': CMAKE_PREFIX_PATH=${CMAKE_PREFIX_PATH}:/opt/ros/humble /usr/bin/cmake --install /home/abanoub/delivery_bot_ws/build/my_robot_description
[0.923s] -- Install configuration: ""
[0.923s] -- Up-to-date: /home/abanoub/delivery_bot_ws/install/my_robot_description/share/my_robot_description/urdf
[0.923s] -- Up-to-date: /home/abanoub/delivery_bot_ws/install/my_robot_description/share/my_robot_description/urdf/robot.urdf
[0.923s] -- Up-to-date: /home/abanoub/delivery_bot_ws/install/my_robot_description/share/my_robot_description/assets
[0.923s] -- Up-to-date: /home/abanoub/delivery_bot_ws/install/my_robot_description/share/my_robot_description/assets/part_14.stl
[0.923s] -- Up-to-date: /home/abanoub/delivery_bot_ws/install/my_robot_description/share/my_robot_description/assets/wheel.stl
[0.924s] -- Up-to-date: /home/abanoub/delivery_bot_ws/install/my_robot_description/share/my_robot_description/assets/part_2.stl
[0.924s] -- Up-to-date: /home/abanoub/delivery_bot_ws/install/my_robot_description/share/my_robot_description/assets/top_plate.stl
[0.924s] -- Up-to-date: /home/abanoub/delivery_bot_ws/install/my_robot_description/share/my_robot_description/assets/part_17.stl
[0.924s] -- Up-to-date: /home/abanoub/delivery_bot_ws/install/my_robot_description/share/my_robot_description/assets/part_4.stl
[0.924s] -- Up-to-date: /home/abanoub/delivery_bot_ws/install/my_robot_description/share/my_robot_description/assets/part_9.stl
[0.924s] -- Up-to-date: /home/abanoub/delivery_bot_ws/install/my_robot_description/share/my_robot_description/assets/l298n_h_driver.stl
[0.924s] -- Up-to-date: /home/abanoub/delivery_bot_ws/install/my_robot_description/share/my_robot_description/assets/part_15.stl
[0.925s] -- Up-to-date: /home/abanoub/delivery_bot_ws/install/my_robot_description/share/my_robot_description/assets/part_7.stl
[0.925s] -- Up-to-date: /home/abanoub/delivery_bot_ws/install/my_robot_description/share/my_robot_description/assets/part_1__2.stl
[0.925s] -- Up-to-date: /home/abanoub/delivery_bot_ws/install/my_robot_description/share/my_robot_description/assets/motor_mount.stl
[0.925s] -- Up-to-date: /home/abanoub/delivery_bot_ws/install/my_robot_description/share/my_robot_description/assets/part_8.stl
[0.925s] -- Up-to-date: /home/abanoub/delivery_bot_ws/install/my_robot_description/share/my_robot_description/assets/rasberry_pi_4_b.stl
[0.925s] -- Up-to-date: /home/abanoub/delivery_bot_ws/install/my_robot_description/share/my_robot_description/assets/part_12.stl
[0.925s] -- Up-to-date: /home/abanoub/delivery_bot_ws/install/my_robot_description/share/my_robot_description/assets/part_16.stl
[0.925s] -- Up-to-date: /home/abanoub/delivery_bot_ws/install/my_robot_description/share/my_robot_description/assets/part_13.stl
[0.925s] -- Up-to-date: /home/abanoub/delivery_bot_ws/install/my_robot_description/share/my_robot_description/assets/part_11.stl
[0.926s] -- Up-to-date: /home/abanoub/delivery_bot_ws/install/my_robot_description/share/my_robot_description/assets/base_link.stl
[0.926s] -- Up-to-date: /home/abanoub/delivery_bot_ws/install/my_robot_description/share/my_robot_description/assets/part_10.stl
[0.926s] -- Up-to-date: /home/abanoub/delivery_bot_ws/install/my_robot_description/share/my_robot_description/assets/part_5.stl
[0.926s] -- Up-to-date: /home/abanoub/delivery_bot_ws/install/my_robot_description/share/my_robot_description/assets/geared_dc_motor_with_encoder___ts_25ga370h.stl
[0.926s] -- Up-to-date: /home/abanoub/delivery_bot_ws/install/my_robot_description/share/my_robot_description/assets/part_18.stl
[0.926s] -- Up-to-date: /home/abanoub/delivery_bot_ws/install/my_robot_description/share/my_robot_description/assets/part_1.stl
[0.926s] -- Up-to-date: /home/abanoub/delivery_bot_ws/install/my_robot_description/share/my_robot_description/assets/part_6.stl
[0.926s] -- Up-to-date: /home/abanoub/delivery_bot_ws/install/my_robot_description/share/my_robot_description/assets/column_support.stl
[0.926s] -- Up-to-date: /home/abanoub/delivery_bot_ws/install/my_robot_description/share/my_robot_description/assets/part_20.stl
[0.926s] -- Up-to-date: /home/abanoub/delivery_bot_ws/install/my_robot_description/share/my_robot_description/assets/part_3.stl
[0.926s] -- Up-to-date: /home/abanoub/delivery_bot_ws/install/my_robot_description/share/my_robot_description/assets/part_19.stl
[0.927s] -- Up-to-date: /home/abanoub/delivery_bot_ws/install/my_robot_description/share/my_robot_description/launch
[0.927s] -- Up-to-date: /home/abanoub/delivery_bot_ws/install/my_robot_description/share/my_robot_description/launch/gazebo_launch.py
[0.927s] -- Up-to-date: /home/abanoub/delivery_bot_ws/install/my_robot_description/share/ament_index/resource_index/package_run_dependencies/my_robot_description
[0.927s] -- Up-to-date: /home/abanoub/delivery_bot_ws/install/my_robot_description/share/ament_index/resource_index/parent_prefix_path/my_robot_description
[0.927s] -- Up-to-date: /home/abanoub/delivery_bot_ws/install/my_robot_description/share/my_robot_description/environment/ament_prefix_path.sh
[0.927s] -- Up-to-date: /home/abanoub/delivery_bot_ws/install/my_robot_description/share/my_robot_description/environment/ament_prefix_path.dsv
[0.927s] -- Up-to-date: /home/abanoub/delivery_bot_ws/install/my_robot_description/share/my_robot_description/environment/path.sh
[0.927s] -- Up-to-date: /home/abanoub/delivery_bot_ws/install/my_robot_description/share/my_robot_description/environment/path.dsv
[0.927s] -- Up-to-date: /home/abanoub/delivery_bot_ws/install/my_robot_description/share/my_robot_description/local_setup.bash
[0.927s] -- Up-to-date: /home/abanoub/delivery_bot_ws/install/my_robot_description/share/my_robot_description/local_setup.sh
[0.927s] -- Up-to-date: /home/abanoub/delivery_bot_ws/install/my_robot_description/share/my_robot_description/local_setup.zsh
[0.927s] -- Up-to-date: /home/abanoub/delivery_bot_ws/install/my_robot_description/share/my_robot_description/local_setup.dsv
[0.927s] -- Installing: /home/abanoub/delivery_bot_ws/install/my_robot_description/share/my_robot_description/package.dsv
[0.927s] -- Up-to-date: /home/abanoub/delivery_bot_ws/install/my_robot_description/share/ament_index/resource_index/packages/my_robot_description
[0.927s] -- Up-to-date: /home/abanoub/delivery_bot_ws/install/my_robot_description/share/my_robot_description/cmake/my_robot_descriptionConfig.cmake
[0.928s] -- Up-to-date: /home/abanoub/delivery_bot_ws/install/my_robot_description/share/my_robot_description/cmake/my_robot_descriptionConfig-version.cmake
[0.928s] -- Up-to-date: /home/abanoub/delivery_bot_ws/install/my_robot_description/share/my_robot_description/package.xml
[1.005s] Invoked command in '/home/abanoub/delivery_bot_ws/build/my_robot_description' returned '0': CMAKE_PREFIX_PATH=${CMAKE_PREFIX_PATH}:/opt/ros/humble /usr/bin/cmake --install /home/abanoub/delivery_bot_ws/build/my_robot_description
